2022-11-18 08:43:03,798 ; Gps1 ; ['$GPGGA', '084403.950', '', '', '', '', '0', '00', '', '', 'M', '0.0', 'M', '', '0000*51']
2022-11-18 08:43:04,792 ; Gps1 ; ['$GPGGA', '084404.953', '', '', '', '', '0', '00', '', '', 'M', '0.0', 'M', '', '0000*55']
2022-11-18 08:43:05,800 ; Gps1 ; ['$GPGGA', '084405.947', '', '', '', '', '0', '00', '', '', 'M', '0.0', 'M', '', '0000*51']
2022-11-18 08:43:06,800 ; Gps1 ; ['$GPGGA', '084406.953', '', '', '', '', '0', '00', '', '', 'M', '0.0', 'M', '', '0000*57']
2022-11-18 08:43:07,791 ; Gps1 ; ['$GPGGA', '084407.952', '', '', '', '', '0', '00', '', '', 'M', '0.0', 'M', '', '0000*57']
2022-11-18 08:43:08,796 ; Gps1 ; ['$GPGGA', '084408.957', '', '', '', '', '0', '00', '', '', 'M', '0.0', 'M', '', '0000*5D']
2022-11-18 08:43:09,799 ; Gps1 ; ['$GPGGA', '084409.944', '', '', '', '', '0', '00', '', '', 'M', '0.0', 'M', '', '0000*5E']
2022-11-18 08:43:10,787 ; Gps1 ; ['$GPGGA', '084410.949', '', '', '', '', '0', '00', '', '', 'M', '0.0', 'M', '', '0000*5B']
2022-11-18 08:43:11,790 ; Gps1 ; ['$GPGGA', '084411.951', '', '', '', '', '0', '00', '', '', 'M', '0.0', 'M', '', '0000*53']
2022-11-18 08:43:12,801 ; Gps1 ; ['$GPGGA', '084412.961', '', '', '', '', '0', '00', '', '', 'M', '0.0', 'M', '', '0000*53']
2022-11-18 08:43:13,800 ; Gps1 ; ['$GPGGA', '084413.960', '', '', '', '', '0', '00', '', '', 'M', '0.0', 'M', '', '0000*53']
2022-11-18 08:43:14,789 ; Gps1 ; ['$GPGGA', '084414.950', '', '', '', '', '0', '00', '', '', 'M', '0.0', 'M', '', '0000*57']
2022-11-18 08:43:15,789 ; Gps1 ; ['$GPGGA', '084415.951', '', '', '', '', '0', '00', '', '', 'M', '0.0', 'M', '', '0000*57']
2022-11-18 08:43:16,799 ; Gps1 ; ['$GPGGA', '084416.959', '', '', '', '', '0', '00', '', '', 'M', '0.0', 'M', '', '0000*5C']
2022-11-18 08:43:17,789 ; Gps1 ; ['$GPGGA', '084417.950', '', '', '', '', '0', '00', '', '', 'M', '0.0', 'M', '', '0000*54']
2022-11-18 08:43:18,802 ; Gps1 ; ['$GPGGA', '084418.963', '', '', '', '', '0', '00', '', '', 'M', '0.0', 'M', '', '0000*5B']
2022-11-18 08:43:19,792 ; Gps1 ; ['$GPGGA', '084419.953', '', '', '', '', '0', '00', '', '', 'M', '0.0', 'M', '', '0000*59']
2022-11-18 08:43:20,800 ; Gps1 ; ['$GPGGA', '084420.960', '', '', '', '', '0', '00', '', '', 'M', '0.0', 'M', '', '0000*53']
2022-11-18 08:43:21,788 ; Gps1 ; ['$GPGGA', '084421.949', '', '', '', '', '0', '00', '', '', 'M', '0.0', 'M', '', '0000*59']
2022-11-18 08:43:22,789 ; Gps1 ; ['$GPGGA', '084422.950', '', '', '', '', '0', '00', '', '', 'M', '0.0', 'M', '', '0000*52']
2022-11-18 08:43:23,801 ; Gps1 ; ['$GPGGA', '084423.961', '', '', '', '', '0', '00', '', '', 'M', '0.0', 'M', '', '0000*51']
2022-11-18 08:43:24,797 ; Gps1 ; ['$GPGGA', '084424.958', '', '', '', '', '0', '00', '', '', 'M', '0.0', 'M', '', '0000*5C']
2022-11-18 08:43:25,788 ; Gps1 ; ['$GPGGA', '084425.949', '', '', '', '', '0', '00', '', '', 'M', '0.0', 'M', '', '0000*5D']
2022-11-18 08:43:26,794 ; Gps1 ; ['$GPGGA', '084426.956', '', '', '', '', '0', '00', '', '', 'M', '0.0', 'M', '', '0000*50']
2022-11-18 08:43:27,791 ; Gps1 ; ['$GPGGA', '084427.952', '', '', '', '', '0', '00', '', '', 'M', '0.0', 'M', '', '0000*55']
2022-11-18 08:43:28,796 ; Gps1 ; ['$GPGGA', '084428.956', '', '', '', '', '0', '00', '', '', 'M', '0.0', 'M', '', '0000*5E']
2022-11-18 08:43:29,795 ; Gps1 ; ['$GPGGA', '084429.956', '', '', '', '', '0', '00', '', '', 'M', '0.0', 'M', '', '0000*5F']
2022-11-18 08:43:30,801 ; Gps1 ; ['$GPGGA', '084430.961', '', '', '', '', '0', '00', '', '', 'M', '0.0', 'M', '', '0000*53']
2022-11-18 08:43:31,786 ; Gps1 ; ['$GPGGA', '084431.948', '', '', '', '', '0', '00', '', '', 'M', '0.0', 'M', '', '0000*59']
2022-11-18 08:43:32,797 ; Gps1 ; ['$GPGGA', '084432.959', '', '', '', '', '0', '00', '', '', 'M', '0.0', 'M', '', '0000*5A']
2022-11-18 08:43:33,798 ; Gps1 ; ['$GPGGA', '084433.959', '', '', '', '', '0', '00', '', '', 'M', '0.0', 'M', '', '0000*5B']
2022-11-18 08:43:34,795 ; Gps1 ; ['$GPGGA', '084434.955', '', '', '', '', '0', '00', '', '', 'M', '0.0', 'M', '', '0000*50']
2022-11-18 08:43:35,792 ; Gps1 ; ['$GPGGA', '084435.953', '', '', '', '', '0', '00', '', '', 'M', '0.0', 'M', '', '0000*57']
2022-11-18 08:43:36,789 ; Gps1 ; ['$GPGGA', '084436.951', '', '', '', '', '0', '00', '', '', 'M', '0.0', 'M', '', '0000*56']
