2022-11-18 08:41:40,247 ; Gps1 ; ['$GPGGA', '084239.953', '', '', '', '', '0', '00', '', '', 'M', '0.0', 'M', '', '0000*5D']
2022-11-18 08:41:40,794 ; Gps1 ; ['$GPGGA', '084240.953', '', '', '', '', '0', '00', '', '', 'M', '0.0', 'M', '', '0000*53']
2022-11-18 08:41:41,797 ; Gps1 ; ['$GPGGA', '084241.954', '', '', '', '', '0', '00', '', '', 'M', '0.0', 'M', '', '0000*55']
2022-11-18 08:41:42,804 ; Gps1 ; ['$GPGGA', '084242.960', '', '', '', '', '0', '00', '', '', 'M', '0.0', 'M', '', '0000*51']
2022-11-18 08:41:43,802 ; Gps1 ; ['$GPGGA', '084243.951', '', '', '', '', '0', '00', '', '', 'M', '0.0', 'M', '', '0000*52']
2022-11-18 08:41:44,792 ; Gps1 ; ['$GPGGA', '084244.950', '', '', '', '', '0', '00', '', '', 'M', '0.0', 'M', '', '0000*54']
2022-11-18 08:41:45,797 ; Gps1 ; ['$GPGGA', '084245.955', '', '', '', '', '0', '00', '', '', 'M', '0.0', 'M', '', '0000*50']
2022-11-18 08:41:46,797 ; Gps1 ; ['$GPGGA', '084246.955', '', '', '', '', '0', '00', '', '', 'M', '0.0', 'M', '', '0000*53']
2022-11-18 08:41:47,808 ; Gps1 ; ['$GPGGA', '084247.966', '', '', '', '', '0', '00', '', '', 'M', '0.0', 'M', '', '0000*52']
2022-11-18 08:41:48,797 ; Gps1 ; ['$GPGGA', '084248.955', '', '', '', '', '0', '00', '', '', 'M', '0.0', 'M', '', '0000*5D']
2022-11-18 08:41:49,801 ; Gps1 ; ['$GPGGA', '084249.955', '', '', '', '', '0', '00', '', '', 'M', '0.0', 'M', '', '0000*5C']
2022-11-18 08:41:50,807 ; Gps1 ; ['$GPGGA', '084250.965', '', '', '', '', '0', '00', '', '', 'M', '0.0', 'M', '', '0000*57']
2022-11-18 08:41:51,801 ; Gps1 ; ['$GPGGA', '084251.959', '', '', '', '', '0', '00', '', '', 'M', '0.0', 'M', '', '0000*59']
2022-11-18 08:41:52,794 ; Gps1 ; ['$GPGGA', '084252.953', '', '', '', '', '0', '00', '', '', 'M', '0.0', 'M', '', '0000*50']
2022-11-18 08:41:53,799 ; Gps1 ; ['$GPGGA', '084253.957', '', '', '', '', '0', '00', '', '', 'M', '0.0', 'M', '', '0000*55']
2022-11-18 08:41:54,801 ; Gps1 ; ['$GPGGA', '084254.959', '', '', '', '', '0', '00', '', '', 'M', '0.0', 'M', '', '0000*5C']
2022-11-18 08:41:55,792 ; Gps1 ; ['$GPGGA', '084255.950', '', '', '', '', '0', '00', '', '', 'M', '0.0', 'M', '', '0000*54']
2022-11-18 08:41:56,806 ; Gps1 ; ['$GPGGA', '084256.964', '', '', '', '', '0', '00', '', '', 'M', '0.0', 'M', '', '0000*50']
2022-11-18 08:41:57,803 ; Gps1 ; ['$GPGGA', '084257.960', '', '', '', '', '0', '00', '', '', 'M', '0.0', 'M', '', '0000*55']
2022-11-18 08:41:58,789 ; Gps1 ; ['$GPGGA', '084258.948', '', '', '', '', '0', '00', '', '', 'M', '0.0', 'M', '', '0000*50']
2022-11-18 08:41:59,797 ; Gps1 ; ['$GPGGA', '084259.956', '', '', '', '', '0', '00', '', '', 'M', '0.0', 'M', '', '0000*5E']
2022-11-18 08:42:00,804 ; Gps1 ; ['$GPGGA', '084300.961', '', '', '', '', '0', '00', '', '', 'M', '0.0', 'M', '', '0000*57']
2022-11-18 08:42:01,793 ; Gps1 ; ['$GPGGA', '084301.951', '', '', '', '', '0', '00', '', '', 'M', '0.0', 'M', '', '0000*55']
2022-11-18 08:42:02,797 ; Gps1 ; ['$GPGGA', '084302.956', '', '', '', '', '0', '00', '', '', 'M', '0.0', 'M', '', '0000*51']
2022-11-18 08:42:03,800 ; Gps1 ; ['$GPGGA', '084303.958', '', '', '', '', '0', '00', '', '', 'M', '0.0', 'M', '', '0000*5E']
2022-11-18 08:42:04,793 ; Gps1 ; ['$GPGGA', '084304.951', '', '', '', '', '0', '00', '', '', 'M', '0.0', 'M', '', '0000*50']
2022-11-18 08:42:05,791 ; Gps1 ; ['$GPGGA', '084305.950', '', '', '', '', '0', '00', '', '', 'M', '0.0', 'M', '', '0000*50']
2022-11-18 08:42:06,801 ; Gps1 ; ['$GPGGA', '084306.959', '', '', '', '', '0', '00', '', '', 'M', '0.0', 'M', '', '0000*5A']
2022-11-18 08:42:07,795 ; Gps1 ; ['$GPGGA', '084307.953', '', '', '', '', '0', '00', '', '', 'M', '0.0', 'M', '', '0000*51']
2022-11-18 08:42:08,791 ; Gps1 ; ['$GPGGA', '084308.950', '', '', '', '', '0', '00', '', '', 'M', '0.0', 'M', '', '0000*5D']
2022-11-18 08:42:09,801 ; Gps1 ; ['$GPGGA', '084309.960', '', '', '', '', '0', '00', '', '', 'M', '0.0', 'M', '', '0000*5F']
2022-11-18 08:42:10,798 ; Gps1 ; ['$GPGGA', '084310.956', '', '', '', '', '0', '00', '', '', 'M', '0.0', 'M', '', '0000*52']
2022-11-18 08:42:11,802 ; Gps1 ; ['$GPGGA', '084311.960', '', '', '', '', '0', '00', '', '', 'M', '0.0', 'M', '', '0000*56']
2022-11-18 08:42:12,802 ; Gps1 ; ['$GPGGA', '084312.960', '', '', '', '', '0', '00', '', '', 'M', '0.0', 'M', '', '0000*55']
2022-11-18 08:42:13,789 ; Gps1 ; ['$GPGGA', '084313.948', '', '', '', '', '0', '00', '', '', 'M', '0.0', 'M', '', '0000*5E']
2022-11-18 08:42:14,792 ; Gps1 ; ['$GPGGA', '084314.951', '', '', '', '', '0', '00', '', '', 'M', '0.0', 'M', '', '0000*51']
2022-11-18 08:42:15,795 ; Gps1 ; ['$GPGGA', '084315.954', '', '', '', '', '0', '00', '', '', 'M', '0.0', 'M', '', '0000*55']
2022-11-18 08:42:16,801 ; Gps1 ; ['$GPGGA', '084316.960', '', '', '', '', '0', '00', '', '', 'M', '0.0', 'M', '', '0000*51']
2022-11-18 08:42:17,795 ; Gps1 ; ['$GPGGA', '084317.954', '', '', '', '', '0', '00', '', '', 'M', '0.0', 'M', '', '0000*57']
2022-11-18 08:42:18,800 ; Gps1 ; ['$GPGGA', '084318.959', '', '', '', '', '0', '00', '', '', 'M', '0.0', 'M', '', '0000*55']
2022-11-18 08:42:19,802 ; Gps1 ; ['$GPGGA', '084319.961', '', '', '', '', '0', '00', '', '', 'M', '0.0', 'M', '', '0000*5F']
2022-11-18 08:42:20,789 ; Gps1 ; ['$GPGGA', '084320.949', '', '', '', '', '0', '00', '', '', 'M', '0.0', 'M', '', '0000*5F']
2022-11-18 08:42:21,792 ; Gps1 ; ['$GPGGA', '084321.951', '', '', '', '', '0', '00', '', '', 'M', '0.0', 'M', '', '0000*57']
2022-11-18 08:42:22,801 ; Gps1 ; ['$GPGGA', '084322.943', '', '', '', '', '0', '00', '', '', 'M', '0.0', 'M', '', '0000*57']
2022-11-18 08:42:23,799 ; Gps1 ; ['$GPGGA', '084323.950', '', '', '', '', '0', '00', '', '', 'M', '0.0', 'M', '', '0000*54']
2022-11-18 08:42:24,790 ; Gps1 ; ['$GPGGA', '084324.950', '', '', '', '', '0', '00', '', '', 'M', '0.0', 'M', '', '0000*53']
2022-11-18 08:42:25,798 ; Gps1 ; ['$GPGGA', '084325.957', '', '', '', '', '0', '00', '', '', 'M', '0.0', 'M', '', '0000*55']
2022-11-18 08:42:26,793 ; Gps1 ; ['$GPGGA', '084326.952', '', '', '', '', '0', '00', '', '', 'M', '0.0', 'M', '', '0000*53']
2022-11-18 08:42:27,798 ; Gps1 ; ['$GPGGA', '084327.958', '', '', '', '', '0', '00', '', '', 'M', '0.0', 'M', '', '0000*58']
2022-11-18 08:42:28,798 ; Gps1 ; ['$GPGGA', '084328.958', '', '', '', '', '0', '00', '', '', 'M', '0.0', 'M', '', '0000*57']
2022-11-18 08:42:29,790 ; Gps1 ; ['$GPGGA', '084329.950', '', '', '', '', '0', '00', '', '', 'M', '0.0', 'M', '', '0000*5E']
2022-11-18 08:42:30,797 ; Gps1 ; ['$GPGGA', '084330.956', '', '', '', '', '0', '00', '', '', 'M', '0.0', 'M', '', '0000*50']
