2022-12-14 14:22:51,047 ; Ahrs1 ; 
2022-12-14 14:22:51,052 ; Ahrs1 ; 
2022-12-14 14:22:51,052 ; Ahrs1 ; 
2022-12-14 14:22:51,279 ; Ahrs1 ; 
2022-12-14 14:22:51,281 ; Ahrs1 ; 
2022-12-14 14:22:51,282 ; Ahrs1 ; 
2022-12-14 14:22:51,284 ; Ahrs1 ; 
2022-12-14 14:22:51,737 ; Ahrs1 ; 
2022-12-14 14:22:51,741 ; Ahrs1 ; 
2022-12-14 14:22:51,775 ; Ahrs1 ; 
2022-12-14 14:22:51,812 ; Ahrs1 ; -993.65,52.73,82.03,2.4,2.3,0.8,40.2,-3.3,-101.7,23.24,0.0,
2022-12-14 14:22:51,860 ; Ahrs1 ; -989.75,49.32,81.54,0.43,-2.04,-7.34,40.5,-2.55,-102.0,23.24,100.0,
2022-12-14 14:22:51,883 ; Ahrs1 ; -1000.0,43.46,83.01,4.47,-0.15,2.71,39.6,-3.15,-100.8,22.81,75.0,
2022-12-14 14:22:51,939 ; Ahrs1 ; -1006.84,48.83,90.82,4.05,1.95,-5.29,40.35,-3.9,-101.85,23.09,66.667,
2022-12-14 14:22:51,967 ; Ahrs1 ; -994.14,35.64,71.29,4.37,0.47,-4.28,38.7,-3.3,-102.45,23.29,62.5,
2022-12-14 14:22:51,995 ; Ahrs1 ; -995.12,48.83,77.64,4.11,0.83,-7.15,39.9,-3.9,-100.8,22.9,60.0,
2022-12-14 14:22:52,038 ; Ahrs1 ; -999.02,40.53,75.68,3.27,0.27,-1.42,39.9,-3.9,-101.85,23.29,58.333,
2022-12-14 14:22:52,124 ; Ahrs1 ; -994.63,45.41,78.61,3.47,2.27,-9.38,39.75,-4.8,-102.45,22.95,57.143,
2022-12-14 14:22:52,194 ; Ahrs1 ; -995.12,53.71,77.15,2.44,-1.34,-2.22,39.3,-4.65,-100.8,23.14,56.25,
2022-12-14 14:22:52,204 ; Ahrs1 ; -1005.37,62.99,84.47,-0.41,-1.28,-3.31,41.25,-3.3,-100.65,23.05,55.556,
2022-12-14 14:22:52,211 ; Ahrs1 ; -1012.7,59.57,82.03,2.91,-1.8,-3.99,39.3,-3.6,-102.3,23.09,55.0,
2022-12-14 14:22:52,216 ; Ahrs1 ; -995.12,56.15,94.73,-0.56,1.37,-3.4,39.3,-3.6,-102.3,23.09,54.545,
2022-12-14 14:22:52,220 ; Ahrs1 ; -989.75,46.39,86.43,3.29,-0.8,-4.49,39.0,-4.05,-101.4,22.95,54.167,
2022-12-14 14:22:52,225 ; Ahrs1 ; -1007.32,35.16,72.75,0.78,0.77,-1.43,39.0,-3.0,-102.0,23.14,53.846,
2022-12-14 14:22:52,231 ; Ahrs1 ; -991.21,46.88,83.5,3.69,0.07,-2.2,38.7,-3.3,-100.95,23.14,53.571,
2022-12-14 14:22:52,234 ; Ahrs1 ; -1008.79,44.43,83.98,0.01,-1.11,-4.05,39.0,-4.5,-100.2,23.33,53.333,
2022-12-14 14:22:52,238 ; Ahrs1 ; -994.14,46.88,81.05,3.24,-1.91,-5.44,38.85,-3.6,-101.55,23.14,53.125,
2022-12-14 14:22:52,246 ; Ahrs1 ; -1000.49,45.41,84.47,-0.91,0.26,-6.5,38.85,-4.35,-101.85,23.05,52.941,
2022-12-14 14:22:52,253 ; Ahrs1 ; -1001.46,52.73,92.29,3.92,-0.94,-1.94,38.55,-1.95,-101.85,23.24,52.778,
2022-12-14 14:22:52,259 ; Ahrs1 ; -989.75,42.97,87.4,0.73,0.59,-5.57,39.9,-1.2,-100.5,23.14,52.632,
2022-12-14 14:22:52,263 ; Ahrs1 ; -1001.46,52.73,83.01,3.4,-1.76,-3.5,40.2,-3.0,-102.0,22.9,52.5,
2022-12-14 14:22:52,272 ; Ahrs1 ; -1005.86,47.36,78.13,2.13,3.25,0.58,39.45,-4.5,-101.4,23.33,52.381,
2022-12-14 14:22:52,279 ; Ahrs1 ; -998.54,45.9,76.66,3.18,-2.76,-1.85,40.35,-3.6,-100.05,22.9,52.273,
2022-12-14 14:22:52,286 ; Ahrs1 ; -1001.95,56.15,80.57,1.92,1.49,-5.64,40.35,-3.6,-100.05,23.24,52.174,
2022-12-14 14:22:52,291 ; Ahrs1 ; -985.35,36.62,80.08,0.21,1.15,-4.85,40.5,-3.0,-100.65,23.29,52.083,
2022-12-14 14:22:52,300 ; Ahrs1 ; -1004.39,51.27,86.43,3.42,-2.44,-0.47,41.1,-4.65,-101.1,23.09,52.0,
2022-12-14 14:22:52,314 ; Ahrs1 ; -1000.98,59.08,85.45,1.31,3.77,-4.58,39.45,-3.3,-102.0,23.05,51.923,
2022-12-14 14:22:52,334 ; Ahrs1 ; -998.05,63.96,74.22,0.91,-1.82,-3.16,40.5,-3.3,-101.4,23.05,51.852,
2022-12-14 14:22:52,354 ; Ahrs1 ; -997.56,46.88,80.57,2.27,-0.26,-6.36,39.9,-4.35,-101.1,23.14,51.786,
2022-12-14 14:22:52,374 ; Ahrs1 ; -999.02,48.83,86.43,3.5,1.54,-4.47,39.9,-4.35,-101.1,23.33,51.724,
2022-12-14 14:22:52,393 ; Ahrs1 ; -1000.49,41.02,83.98,0.73,-0.49,-5.65,39.6,-4.65,-101.55,23.09,51.667,
2022-12-14 14:22:52,414 ; Ahrs1 ; -993.16,46.39,89.36,1.98,-2.89,-2.73,40.5,-3.3,-102.45,23.09,51.613,
2022-12-14 14:22:52,434 ; Ahrs1 ; -1010.25,41.02,68.85,2.17,1.54,-6.51,40.35,-2.7,-101.55,23.09,51.563,
2022-12-14 14:22:52,454 ; Ahrs1 ; -1002.44,43.46,77.64,1.38,0.45,0.22,39.45,-3.3,-101.4,23.33,51.515,
2022-12-14 14:22:52,473 ; Ahrs1 ; -999.51,51.76,83.01,-0.77,-0.39,-4.04,38.85,-3.9,-100.05,23.09,51.471,
2022-12-14 14:22:52,494 ; Ahrs1 ; -999.51,39.06,82.52,1.24,-1.23,-5.6,38.85,-3.9,-100.05,23.24,51.429,
2022-12-14 14:22:52,514 ; Ahrs1 ; -994.63,47.36,86.43,2.89,-1.73,-3.86,40.2,-4.5,-103.2,23.09,51.389,
2022-12-14 14:22:52,537 ; Ahrs1 ; -1014.16,42.48,84.47,1.98,1.35,-2.76,39.6,-4.65,-100.8,23.14,51.351,
2022-12-14 14:22:52,554 ; Ahrs1 ; -1006.35,56.64,79.1,2.67,2.76,-6.49,40.2,-3.75,-101.4,23.14,51.316,
2022-12-14 14:22:52,572 ; Ahrs1 ; -1006.84,44.92,82.52,2.11,-2.5,-2.5,40.95,-3.75,-101.4,22.95,51.282,
2022-12-14 14:22:52,592 ; Ahrs1 ; -1005.86,60.55,92.77,2.5,-1.27,-5.56,40.95,-3.75,-101.4,23.09,51.25,
2022-12-14 14:22:52,614 ; Ahrs1 ; -993.65,46.88,79.1,2.33,0.23,-5.23,39.0,-4.5,-102.0,22.95,51.22,
2022-12-14 14:22:52,634 ; Ahrs1 ; -994.14,52.73,78.61,3.03,-0.83,-7.88,40.2,-3.3,-102.75,23.24,51.19,
2022-12-14 14:22:52,655 ; Ahrs1 ; -1007.81,53.22,83.98,3.77,3.01,-2.66,41.1,-3.6,-100.8,23.14,51.163,
2022-12-14 14:22:52,674 ; Ahrs1 ; -988.28,42.48,88.38,2.75,1.52,-4.43,39.9,-3.9,-102.6,23.24,51.136,
2022-12-14 14:22:52,694 ; Ahrs1 ; -1004.88,36.13,83.5,3.59,0.88,-0.64,40.5,-3.75,-102.75,23.14,51.111,
2022-12-14 14:22:52,714 ; Ahrs1 ; -1005.86,48.83,84.96,2.05,-0.01,-3.21,40.5,-3.75,-102.75,22.81,51.087,
2022-12-14 14:22:52,734 ; Ahrs1 ; -990.23,46.39,86.91,4.05,-3.32,-2.67,40.5,-4.5,-100.65,23.09,51.064,
2022-12-14 14:22:52,754 ; Ahrs1 ; -1000.49,54.2,82.03,2.38,1.5,-5.11,40.65,-3.6,-101.85,23.09,51.042,
2022-12-14 14:22:52,774 ; Ahrs1 ; -1004.39,43.46,79.59,1.18,-1.07,-0.48,38.25,-4.05,-102.0,23.29,51.02,
2022-12-14 14:22:52,794 ; Ahrs1 ; -988.77,56.64,79.59,0.57,-0.5,-4.19,39.75,-3.75,-102.45,23.09,51.0,
2022-12-14 14:22:52,814 ; Ahrs1 ; -997.07,45.9,82.03,1.09,3.18,-5.82,40.2,-3.0,-100.95,22.9,50.98,
2022-12-14 14:22:52,834 ; Ahrs1 ; -993.65,46.39,82.52,4.09,-1.26,-1.28,40.95,-3.75,-100.65,23.24,50.962,
2022-12-14 14:22:52,854 ; Ahrs1 ; -991.7,54.69,79.1,1.96,-0.12,-3.08,40.2,-4.05,-100.65,23.05,50.943,
2022-12-14 14:22:52,874 ; Ahrs1 ; -991.21,37.11,75.68,2.02,-3.13,1.61,39.75,-4.5,-102.0,22.9,50.926,
2022-12-14 14:22:52,895 ; Ahrs1 ; -994.14,46.39,78.61,1.36,1.66,0.72,39.6,-3.6,-100.5,22.9,50.909,
2022-12-14 14:22:52,914 ; Ahrs1 ; -999.02,44.43,83.01,4.17,-1.92,-4.31,39.6,-3.9,-101.1,23.14,50.893,
2022-12-14 14:22:52,934 ; Ahrs1 ; -1008.3,47.36,90.82,-0.09,0.78,-1.72,39.9,-3.15,-101.85,23.14,50.877,
2022-12-14 14:22:52,955 ; Ahrs1 ; -1000.0,45.9,77.64,3.7,-4.95,-2.59,39.0,-4.8,-100.95,23.24,50.862,
2022-12-14 14:22:52,975 ; Ahrs1 ; -1008.3,37.11,84.47,1.75,2.83,-3.74,39.0,-4.8,-100.95,23.29,50.847,
2022-12-14 14:22:52,995 ; Ahrs1 ; -994.63,52.25,80.57,1.81,-0.38,-3.03,39.3,-3.9,-102.3,22.76,50.833,
2022-12-14 14:22:53,015 ; Ahrs1 ; -1007.81,62.99,80.57,1.67,0.78,-3.55,38.85,-3.9,-102.3,23.33,50.82,
2022-12-14 14:22:53,035 ; Ahrs1 ; -999.51,34.67,83.01,3.87,-0.44,-2.9,38.85,-4.65,-100.05,23.09,50.806,
2022-12-14 14:22:53,054 ; Ahrs1 ; -998.54,55.18,67.38,1.11,2.27,-5.27,39.75,-3.75,-101.4,23.14,50.794,
2022-12-14 14:22:53,081 ; Ahrs1 ; -995.61,42.97,92.29,2.69,-0.63,-2.57,39.75,-3.75,-101.4,23.29,50.781,
2022-12-14 14:22:53,094 ; Ahrs1 ; -995.61,53.22,84.96,1.24,2.08,-2.7,38.85,-3.9,-102.3,22.95,50.769,
2022-12-14 14:22:53,114 ; Ahrs1 ; -1000.98,50.78,78.13,2.31,3.17,-4.56,39.75,-3.0,-101.7,23.33,50.758,
2022-12-14 14:22:53,133 ; Ahrs1 ; -1007.32,54.2,91.8,4.24,-0.8,-4.24,41.1,-3.6,-101.55,23.09,50.746,
2022-12-14 14:22:53,154 ; Ahrs1 ; -1000.49,43.46,72.27,1.37,-0.02,-3.23,39.75,-4.05,-99.9,23.14,50.735,
2022-12-14 14:22:53,173 ; Ahrs1 ; -1003.91,38.09,85.94,4.75,-0.5,-0.41,40.2,-4.05,-101.7,22.95,50.725,
2022-12-14 14:22:53,195 ; Ahrs1 ; -997.07,42.97,94.73,1.18,1.01,-4.93,40.2,-4.05,-101.7,23.24,50.714,
2022-12-14 14:22:53,214 ; Ahrs1 ; -993.65,51.27,83.5,1.61,-0.51,1.75,39.3,-4.65,-102.3,23.33,50.704,
2022-12-14 14:22:53,614 ; Ahrs1 ; -996.58,43.95,65.92,3.6,2.28,-6.87,40.5,-2.25,-102.45,23.09,50.694,
2022-12-14 14:22:53,617 ; Ahrs1 ; -989.26,52.73,83.01,2.66,1.5,-4.76,39.75,-3.75,-102.0,23.24,50.685,
2022-12-14 14:22:53,624 ; Ahrs1 ; -1007.32,60.06,85.94,2.7,1.18,-5.34,39.0,-3.75,-100.95,22.95,50.676,
2022-12-14 14:22:53,627 ; Ahrs1 ; -998.05,49.8,89.84,2.98,-1.36,-4.08,40.65,-4.35,-101.55,23.33,50.667,
2022-12-14 14:22:53,634 ; Ahrs1 ; -1006.84,41.5,86.91,1.8,0.44,-2.04,38.7,-3.75,-102.45,23.09,50.658,
2022-12-14 14:22:53,640 ; Ahrs1 ; -984.38,43.95,83.5,2.78,1.04,-0.28,40.2,-3.75,-100.2,22.95,50.649,
2022-12-14 14:22:53,645 ; Ahrs1 ; -996.09,60.06,93.26,2.11,0.05,-7.3,39.9,-3.6,-101.1,23.05,50.641,
2022-12-14 14:22:53,652 ; Ahrs1 ; -997.56,39.06,81.54,0.93,0.57,-1.67,41.25,-4.05,-102.0,22.95,50.633,
2022-12-14 14:22:53,657 ; Ahrs1 ; -998.05,52.73,81.54,4.16,3.39,-7.57,39.6,-2.4,-100.5,23.14,50.625,
2022-12-14 14:22:53,662 ; Ahrs1 ; -1004.39,50.78,80.08,1.51,1.24,-1.99,39.0,-2.55,-101.7,23.09,50.617,
2022-12-14 14:22:53,666 ; Ahrs1 ; -1001.95,48.83,82.03,3.05,-1.25,-2.02,38.85,-3.9,-101.85,22.9,50.61,
2022-12-14 14:22:53,670 ; Ahrs1 ; -1007.81,44.43,83.01,1.5,1.08,-5.31,38.85,-3.9,-101.85,22.9,50.602,
2022-12-14 14:22:53,678 ; Ahrs1 ; -994.14,58.59,79.59,2.04,-1.0,0.63,39.45,-3.3,-101.4,23.09,50.595,
2022-12-14 14:22:53,682 ; Ahrs1 ; -1009.77,48.34,82.03,-1.02,1.23,-4.12,39.3,-2.4,-101.1,23.09,50.588,
2022-12-14 14:22:53,686 ; Ahrs1 ; -993.65,33.2,83.98,2.79,0.85,-3.48,38.7,-4.05,-102.0,23.33,50.581,
2022-12-14 14:22:53,692 ; Ahrs1 ; -996.09,45.9,82.03,2.5,0.17,-4.38,40.95,-4.05,-102.0,23.24,50.575,
2022-12-14 14:22:53,696 ; Ahrs1 ; -999.02,41.99,83.01,3.24,1.04,-0.23,40.95,-4.05,-102.0,22.81,50.568,
2022-12-14 14:22:53,700 ; Ahrs1 ; -1000.0,53.22,83.01,1.26,0.88,-6.28,40.35,-3.15,-101.85,23.09,50.562,
2022-12-14 14:22:53,705 ; Ahrs1 ; -1000.98,47.36,78.13,3.18,-1.52,-2.82,38.55,-4.35,-101.55,23.09,50.556,
2022-12-14 14:22:53,709 ; Ahrs1 ; -998.05,48.83,83.01,1.34,1.24,-4.63,39.6,-3.15,-100.8,23.09,50.549,
2022-12-14 14:22:53,717 ; Ahrs1 ; -995.61,36.62,83.5,1.84,-0.95,-0.11,38.55,-3.9,-100.05,23.33,50.543,
2022-12-14 14:22:53,721 ; Ahrs1 ; -1000.0,46.39,86.43,3.04,0.75,-3.3,39.45,-4.5,-100.65,22.76,50.538,
2022-12-14 14:22:53,725 ; Ahrs1 ; -990.72,48.83,81.54,3.92,1.71,-2.5,39.45,-4.5,-100.65,23.24,50.532,
2022-12-14 14:22:53,732 ; Ahrs1 ; -1002.93,52.25,86.43,1.47,2.44,-6.31,39.9,-3.15,-102.3,23.14,50.526,
2022-12-14 14:22:53,737 ; Ahrs1 ; -998.05,53.71,83.98,2.34,-2.42,-0.7,40.5,-3.3,-101.7,23.09,50.521,
2022-12-14 14:22:53,741 ; Ahrs1 ; -996.09,49.32,86.43,1.39,0.89,-3.17,39.0,-3.3,-101.7,23.43,50.515,
2022-12-14 14:22:53,756 ; Ahrs1 ; -1002.93,40.53,75.2,3.61,1.0,-5.28,40.65,-4.35,-101.85,22.81,50.51,
2022-12-14 14:22:53,776 ; Ahrs1 ; -992.68,41.99,90.33,2.14,1.79,-4.41,40.2,-4.5,-101.4,23.14,50.505,
2022-12-14 14:22:53,797 ; Ahrs1 ; -996.09,48.34,76.66,0.57,0.85,-5.79,40.2,-4.5,-101.4,23.43,50.5,
2022-12-14 14:22:53,816 ; Ahrs1 ; -1002.93,60.55,79.1,2.89,1.08,-1.69,38.85,-3.9,-100.5,23.09,50.495,
2022-12-14 14:22:53,836 ; Ahrs1 ; -1015.14,48.34,87.4,2.51,1.98,-5.0,39.3,-3.6,-101.85,22.95,50.49,
2022-12-14 14:22:53,854 ; Ahrs1 ; -1014.65,46.39,83.98,2.35,-0.89,-2.66,38.85,-3.6,-100.8,23.29,50.485,
2022-12-14 14:22:53,877 ; Ahrs1 ; -1008.3,51.76,75.68,1.37,0.27,-5.88,40.65,-3.15,-102.6,23.09,50.481,
2022-12-14 14:22:53,896 ; Ahrs1 ; -999.02,46.88,89.84,4.81,1.91,-2.32,39.0,-3.3,-100.65,23.29,50.476,
2022-12-14 14:22:53,914 ; Ahrs1 ; -1002.44,35.16,91.8,2.48,-0.42,-7.4,40.5,-4.5,-101.4,23.29,50.472,
2022-12-14 14:22:53,936 ; Ahrs1 ; -998.05,41.5,79.1,2.82,1.06,-3.56,40.5,-4.5,-101.4,22.9,50.467,
2022-12-14 14:22:53,957 ; Ahrs1 ; -993.65,57.13,84.96,2.6,0.54,-3.92,39.6,-5.1,-101.85,23.09,50.463,
2022-12-14 14:22:53,976 ; Ahrs1 ; -1009.77,42.48,82.52,4.6,-0.51,-6.56,39.3,-3.9,-100.8,23.33,50.459,
2022-12-14 14:22:53,997 ; Ahrs1 ; -1005.37,44.43,83.98,0.12,1.75,-2.65,39.9,-4.35,-100.95,23.29,50.455,
2022-12-14 14:22:54,017 ; Ahrs1 ; -1004.39,39.55,76.17,5.85,0.05,-2.6,40.2,-3.3,-102.0,23.09,50.45,
2022-12-14 14:22:54,037 ; Ahrs1 ; -996.09,51.27,81.54,1.68,0.57,-5.59,40.2,-3.3,-102.0,22.95,50.446,
2022-12-14 14:22:54,054 ; Ahrs1 ; -1002.93,46.88,79.1,2.69,-1.54,-0.98,40.2,-4.8,-100.2,23.29,50.442,
2022-12-14 14:22:54,076 ; Ahrs1 ; -1002.44,57.13,81.05,2.56,0.92,-5.32,39.0,-3.3,-101.7,23.09,50.439,
2022-12-14 14:22:54,096 ; Ahrs1 ; -993.16,43.46,81.54,1.61,-0.47,-0.71,40.35,-3.6,-101.1,23.24,50.435,
2022-12-14 14:22:54,116 ; Ahrs1 ; -996.58,41.99,84.47,1.5,0.64,-5.41,40.2,-4.05,-100.65,23.09,50.431,
2022-12-14 14:22:54,136 ; Ahrs1 ; -1000.49,49.8,86.91,2.63,0.64,-2.91,39.75,-3.75,-101.4,22.81,50.427,
2022-12-14 14:22:54,156 ; Ahrs1 ; -1007.32,52.25,83.01,2.05,2.66,-4.79,39.3,-4.35,-101.1,23.09,50.424,
2022-12-14 14:22:54,174 ; Ahrs1 ; -1002.93,37.6,84.47,0.21,-1.53,-7.82,39.3,-4.35,-101.1,22.95,50.42,
2022-12-14 14:22:54,196 ; Ahrs1 ; -1005.37,51.76,77.64,4.2,0.74,-4.27,39.75,-3.0,-100.95,23.24,50.417,
2022-12-14 14:22:54,216 ; Ahrs1 ; -993.16,50.78,81.54,1.95,2.66,-7.22,40.35,-3.15,-101.85,22.81,50.413,
2022-12-14 14:22:54,234 ; Ahrs1 ; -1008.3,48.34,82.52,1.65,-0.75,-0.89,40.65,-4.65,-101.1,23.05,50.41,
2022-12-14 14:22:54,257 ; Ahrs1 ; -1000.49,49.8,78.61,1.55,1.24,-6.83,40.5,-3.3,-100.95,23.09,50.407,
2022-12-14 14:22:54,276 ; Ahrs1 ; -997.07,45.9,90.82,3.24,-3.94,-2.43,39.6,-3.9,-100.8,23.14,50.403,
2022-12-14 14:22:54,296 ; Ahrs1 ; -997.56,34.67,76.17,0.58,1.34,-3.47,39.6,-3.9,-100.8,23.14,50.4,
2022-12-14 14:22:54,316 ; Ahrs1 ; -993.65,38.09,85.45,2.15,-0.66,-1.02,40.5,-3.75,-102.45,22.81,50.397,
2022-12-14 14:22:54,336 ; Ahrs1 ; -999.51,54.69,83.98,0.18,1.9,-2.33,38.55,-4.35,-100.8,23.24,50.394,
2022-12-14 14:22:54,356 ; Ahrs1 ; -1002.93,48.34,78.61,4.82,-0.19,-6.27,39.75,-3.0,-101.7,23.24,50.391,
2022-12-14 14:22:54,376 ; Ahrs1 ; -994.14,42.97,78.13,1.34,1.19,-3.39,39.6,-3.15,-102.3,23.33,50.388,
2022-12-14 14:22:54,396 ; Ahrs1 ; -1011.72,42.48,79.59,2.6,0.6,-4.8,39.45,-4.5,-101.4,23.33,50.385,
2022-12-14 14:22:54,416 ; Ahrs1 ; -1010.25,52.73,84.47,0.97,0.5,-5.26,39.45,-4.5,-101.4,22.95,50.382,
2022-12-14 14:22:54,436 ; Ahrs1 ; -998.54,44.43,81.05,2.01,-2.73,-4.38,38.55,-3.9,-101.55,23.14,50.379,
2022-12-14 14:22:54,456 ; Ahrs1 ; -1003.42,41.5,83.98,1.35,1.19,-4.83,40.5,-3.75,-100.95,23.09,50.376,
2022-12-14 14:22:54,476 ; Ahrs1 ; -993.65,50.78,73.73,2.1,-0.79,-2.11,38.7,-4.05,-101.4,23.09,50.373,
2022-12-14 14:22:54,494 ; Ahrs1 ; -1009.28,46.39,83.01,2.4,-1.28,-3.15,40.35,-3.6,-100.8,23.09,50.37,
2022-12-14 14:22:54,516 ; Ahrs1 ; -1000.0,45.9,91.8,3.79,-0.08,-3.54,39.3,-4.65,-101.85,23.09,50.368,
2022-12-14 14:22:54,536 ; Ahrs1 ; -990.23,45.41,80.08,0.91,1.44,-2.4,39.3,-4.65,-101.85,22.9,50.365,
2022-12-14 14:22:54,556 ; Ahrs1 ; -999.02,54.69,68.36,2.19,0.11,-3.05,40.65,-3.9,-101.85,23.33,50.362,
2022-12-14 14:22:54,576 ; Ahrs1 ; -1013.67,44.43,87.4,1.5,2.82,-4.81,39.9,-2.4,-100.8,23.09,50.36,
2022-12-14 14:22:54,596 ; Ahrs1 ; -991.7,42.97,78.61,5.44,0.85,-4.31,40.35,-3.15,-102.6,23.05,50.357,
2022-12-14 14:22:54,616 ; Ahrs1 ; -999.51,47.85,74.22,1.42,1.85,-5.57,40.65,-2.7,-100.8,23.14,50.355,
2022-12-14 14:22:54,638 ; Ahrs1 ; -995.61,48.83,77.64,1.21,-2.15,0.67,40.95,-2.55,-100.2,22.95,50.352,
2022-12-14 14:22:54,657 ; Ahrs1 ; -1004.88,44.43,82.52,3.98,-0.88,-7.53,40.95,-2.55,-100.2,23.14,50.35,
2022-12-14 14:22:54,678 ; Ahrs1 ; -986.82,40.53,78.61,2.31,1.15,-2.91,39.9,-3.15,-101.1,23.09,50.347,
2022-12-14 14:22:54,698 ; Ahrs1 ; -990.23,48.83,92.29,3.82,-2.17,-3.76,39.6,-3.6,-100.5,22.9,50.345,
2022-12-14 14:22:54,718 ; Ahrs1 ; -1000.98,41.99,79.59,2.8,2.31,-0.12,38.85,-3.15,-101.1,23.14,50.342,
2022-12-14 14:22:54,737 ; Ahrs1 ; -989.75,54.69,82.52,3.07,-4.19,-0.27,40.35,-3.15,-101.85,23.24,50.34,
2022-12-14 14:22:54,758 ; Ahrs1 ; -1000.49,44.43,80.08,1.18,2.78,-8.1,39.75,-4.05,-100.65,23.14,50.338,
2022-12-14 14:22:54,778 ; Ahrs1 ; -989.26,55.18,83.01,3.26,-0.88,-3.03,39.75,-4.05,-100.65,23.33,50.336,
2022-12-14 14:22:54,797 ; Ahrs1 ; -990.72,38.09,87.89,2.48,-0.38,-4.59,40.95,-3.3,-101.4,22.95,50.333,
2022-12-14 14:22:54,818 ; Ahrs1 ; -992.19,54.2,81.54,3.63,-0.55,-3.52,39.3,-4.65,-101.55,23.14,50.331,
2022-12-14 14:22:54,836 ; Ahrs1 ; -999.02,45.41,82.52,1.73,0.67,-4.16,40.65,-3.15,-100.8,23.24,50.329,
2022-12-14 14:22:54,857 ; Ahrs1 ; -992.68,40.53,86.91,5.21,-1.02,-1.74,40.5,-3.3,-101.7,23.09,50.327,
2022-12-14 14:22:54,878 ; Ahrs1 ; -985.35,52.73,83.98,0.8,0.04,-3.75,38.85,-3.9,-101.55,23.14,50.325,
2022-12-14 14:22:54,898 ; Ahrs1 ; -997.56,52.25,83.01,1.98,-3.52,-3.98,39.45,-4.5,-102.75,22.76,50.323,
2022-12-14 14:22:54,918 ; Ahrs1 ; -996.09,37.6,82.52,2.4,2.28,-5.5,41.4,-3.15,-100.5,23.05,50.321,
2022-12-14 14:22:54,938 ; Ahrs1 ; -994.14,51.76,94.73,3.64,-2.22,-2.34,39.6,-3.9,-102.3,23.09,50.318,
2022-12-14 14:22:54,957 ; Ahrs1 ; -1004.39,36.62,91.8,3.46,-3.56,-6.6,39.6,-3.15,-100.5,23.09,50.316,
2022-12-14 14:22:54,978 ; Ahrs1 ; -1001.95,32.71,83.5,4.37,-0.66,-0.03,39.0,-3.3,-101.7,23.09,50.314,
2022-12-14 14:22:54,997 ; Ahrs1 ; -1002.93,38.09,72.27,1.31,2.26,-4.17,41.25,-4.8,-103.2,22.81,50.313,
2022-12-14 14:22:55,018 ; Ahrs1 ; -1005.37,42.97,74.71,2.42,-1.52,-4.3,41.25,-4.8,-103.2,23.33,50.311,
2022-12-14 14:22:55,038 ; Ahrs1 ; -1006.84,44.43,88.87,-0.82,-1.66,-5.66,40.5,-4.05,-102.0,23.24,50.309,
2022-12-14 14:22:55,055 ; Ahrs1 ; -1003.91,57.13,86.91,1.82,-3.98,-4.24,39.3,-3.15,-101.1,23.24,50.307,
2022-12-14 14:22:55,077 ; Ahrs1 ; -992.68,50.29,80.57,1.98,0.53,-7.23,40.95,-3.75,-101.7,23.14,50.305,
2022-12-14 14:22:55,097 ; Ahrs1 ; -1012.21,50.29,95.21,4.41,-0.34,-6.15,39.0,-3.75,-102.0,22.9,50.303,
2022-12-14 14:22:55,115 ; Ahrs1 ; -1013.67,59.08,80.57,-0.86,1.05,-1.47,39.45,-4.05,-101.7,23.29,50.301,
2022-12-14 14:22:55,137 ; Ahrs1 ; -1002.93,50.29,85.45,1.69,-1.0,-6.5,39.45,-4.05,-101.7,23.29,50.299,
2022-12-14 14:22:55,155 ; Ahrs1 ; -1004.39,41.02,80.57,-0.4,1.27,-3.66,41.4,-3.9,-101.1,23.09,50.298,
2022-12-14 14:22:55,177 ; Ahrs1 ; -995.61,54.69,86.91,1.08,2.06,-4.8,39.3,-3.6,-101.55,23.09,50.296,
2022-12-14 14:22:55,197 ; Ahrs1 ; -1000.0,42.97,90.33,3.76,-1.08,-4.4,39.45,-3.3,-101.4,23.33,50.294,
2022-12-14 14:22:55,217 ; Ahrs1 ; -999.51,41.99,94.24,0.15,3.55,-2.23,41.1,-3.9,-101.85,23.05,50.292,
2022-12-14 14:22:55,236 ; Ahrs1 ; -989.26,39.06,77.64,2.75,-0.31,0.92,40.2,-3.75,-102.0,23.33,50.291,
2022-12-14 14:22:55,257 ; Ahrs1 ; -982.42,47.36,73.24,2.26,-1.6,-0.71,39.3,-4.65,-100.8,23.24,50.289,
2022-12-14 14:22:55,275 ; Ahrs1 ; -1000.49,44.92,88.87,3.72,-0.4,-1.89,39.6,-3.15,-100.05,22.95,50.287,
2022-12-14 14:22:55,297 ; Ahrs1 ; -993.65,38.09,83.01,0.12,-0.27,-5.14,38.85,-3.9,-100.8,23.09,50.286,
2022-12-14 14:22:55,317 ; Ahrs1 ; -986.82,45.41,80.57,0.57,-0.93,-3.19,39.75,-2.55,-101.7,23.33,50.284,
2022-12-14 14:22:55,337 ; Ahrs1 ; -997.07,47.85,89.36,1.84,3.47,-4.92,40.35,-3.6,-101.55,23.33,50.282,
2022-12-14 14:22:55,357 ; Ahrs1 ; -996.58,53.71,78.61,-0.14,0.02,-2.14,40.2,-3.3,-102.75,23.14,50.281,
2022-12-14 14:22:55,377 ; Ahrs1 ; -1003.91,52.73,83.98,1.31,1.21,-2.21,41.1,-4.35,-101.85,22.76,50.279,
2022-12-14 14:22:55,395 ; Ahrs1 ; -1006.84,54.69,90.82,3.69,-0.79,-4.89,41.1,-4.35,-101.85,22.9,50.278,
2022-12-14 14:22:55,417 ; Ahrs1 ; -987.3,52.73,76.66,1.6,0.45,-5.19,38.85,-3.6,-101.85,23.14,50.276,
2022-12-14 14:22:55,437 ; Ahrs1 ; -988.28,48.34,88.87,2.51,-2.11,-2.67,38.85,-3.9,-101.55,23.09,50.275,
2022-12-14 14:22:55,457 ; Ahrs1 ; -1005.86,43.46,87.4,2.33,1.36,-8.49,39.9,-3.15,-101.85,23.09,50.273,
2022-12-14 14:22:55,476 ; Ahrs1 ; -1000.98,37.6,86.43,3.31,-3.18,-3.73,40.2,-4.05,-101.7,23.05,50.272,
2022-12-14 14:22:55,507 ; Ahrs1 ; -1002.93,39.06,79.59,2.49,1.18,-6.11,39.6,-3.6,-101.55,23.24,50.27,
2022-12-14 14:22:55,515 ; Ahrs1 ; -1003.91,58.11,89.84,2.9,-1.95,-1.15,39.6,-3.6,-101.55,23.14,50.269,
2022-12-14 14:22:55,537 ; Ahrs1 ; -992.68,50.29,87.4,1.33,1.95,-2.64,39.0,-3.3,-102.0,23.33,50.267,
2022-12-14 14:22:55,555 ; Ahrs1 ; -1003.42,54.2,87.4,3.34,-1.99,-5.82,39.6,-3.15,-101.85,23.09,50.266,
2022-12-14 14:22:55,577 ; Ahrs1 ; -997.56,49.8,82.03,2.83,-0.43,-4.0,40.5,-2.55,-101.7,22.95,50.265,
2022-12-14 14:22:55,597 ; Ahrs1 ; -1006.84,30.27,72.27,1.22,1.05,-4.24,40.2,-3.0,-101.4,23.29,50.263,
2022-12-14 14:22:55,619 ; Ahrs1 ; -995.12,55.66,87.4,1.95,1.15,-2.42,40.35,-3.15,-100.8,23.29,50.262,
2022-12-14 14:22:55,640 ; Ahrs1 ; -989.26,55.18,79.1,2.37,-2.33,-3.08,40.35,-3.15,-100.8,23.09,50.26,
2022-12-14 14:22:55,659 ; Ahrs1 ; -1008.79,45.41,80.08,2.47,2.75,-5.18,40.35,-3.6,-102.3,23.05,50.259,
2022-12-14 14:22:55,679 ; Ahrs1 ; -997.07,47.36,85.45,5.08,-1.7,-2.89,39.3,-3.15,-100.8,22.9,50.258,
2022-12-14 14:22:55,699 ; Ahrs1 ; -1001.46,62.01,84.96,1.11,0.37,-3.76,38.1,-3.9,-100.05,23.09,50.256,
2022-12-14 14:22:55,717 ; Ahrs1 ; -993.16,59.57,82.03,2.49,0.31,-4.38,40.5,-3.75,-102.0,23.24,50.255,
2022-12-14 14:22:55,736 ; Ahrs1 ; -1019.04,50.29,82.03,0.49,-0.4,-3.99,38.85,-2.7,-100.8,23.24,50.254,
2022-12-14 14:22:55,759 ; Ahrs1 ; -1006.35,52.73,81.05,2.26,-1.94,-2.1,38.85,-2.7,-100.8,23.14,50.253,
2022-12-14 14:22:55,780 ; Ahrs1 ; -996.09,37.6,82.52,0.57,2.07,-3.39,40.5,-4.05,-100.2,22.76,50.251,
2022-12-14 14:22:55,804 ; Ahrs1 ; -998.54,31.74,101.07,5.31,0.37,-4.07,40.35,-3.15,-101.85,23.33,50.25,
2022-12-14 14:22:55,819 ; Ahrs1 ; -1001.95,42.48,67.87,4.98,-0.38,0.53,38.85,-3.15,-101.1,23.29,50.249,
2022-12-14 14:22:55,840 ; Ahrs1 ; -993.65,38.57,73.24,0.75,-0.31,-1.82,40.65,-2.7,-101.85,22.9,50.248,
2022-12-14 14:22:55,860 ; Ahrs1 ; -988.28,56.15,80.57,3.4,0.63,-2.89,39.0,-3.0,-102.0,22.95,50.246,
2022-12-14 14:22:55,877 ; Ahrs1 ; -1011.23,43.95,86.43,3.31,3.48,-5.11,39.0,-3.0,-102.0,23.33,50.245,
2022-12-14 14:22:55,896 ; Ahrs1 ; -1001.46,50.78,79.59,2.63,-0.73,-3.57,40.5,-3.3,-100.65,23.14,50.244,
2022-12-14 14:22:55,916 ; Ahrs1 ; -1000.49,51.27,74.22,0.03,-0.41,-3.74,40.35,-3.9,-100.8,23.09,50.243,
2022-12-14 14:22:55,940 ; Ahrs1 ; -994.14,63.48,67.38,2.79,1.42,-4.07,38.25,-3.75,-101.7,23.29,50.242,
2022-12-14 14:22:55,960 ; Ahrs1 ; -998.05,47.36,92.29,1.31,0.26,-5.98,40.65,-4.35,-101.85,23.05,50.24,
2022-12-14 14:22:55,976 ; Ahrs1 ; -1000.98,50.29,92.77,1.66,-1.4,-1.01,39.6,-3.6,-101.55,23.14,50.239,
2022-12-14 14:22:56,000 ; Ahrs1 ; -990.72,52.25,69.34,1.76,2.54,-5.7,39.6,-3.6,-101.55,23.24,50.238,
2022-12-14 14:22:56,017 ; Ahrs1 ; -1012.21,64.45,73.24,1.69,-2.79,-0.44,39.75,-4.5,-100.95,23.14,50.237,
2022-12-14 14:22:56,040 ; Ahrs1 ; -992.19,39.55,90.33,1.81,0.65,-2.44,39.9,-3.6,-101.55,23.14,50.236,
2022-12-14 14:22:56,057 ; Ahrs1 ; -1019.04,47.85,77.15,2.93,1.85,-3.65,40.35,-3.15,-100.8,22.9,50.235,
2022-12-14 14:22:56,078 ; Ahrs1 ; -992.68,47.36,87.89,0.43,2.56,-3.8,40.5,-3.75,-100.65,23.29,50.234,
2022-12-14 14:22:56,098 ; Ahrs1 ; -1001.46,51.27,94.73,5.24,0.92,-4.16,40.5,-3.75,-101.7,23.09,50.233,
2022-12-14 14:22:56,118 ; Ahrs1 ; -997.07,41.5,88.87,3.77,2.54,-4.84,40.5,-3.75,-101.7,23.14,50.231,
2022-12-14 14:22:56,136 ; Ahrs1 ; -1005.86,36.62,74.22,3.99,-3.27,-1.76,39.9,-3.15,-101.1,23.24,50.23,
2022-12-14 14:22:56,158 ; Ahrs1 ; -990.72,48.34,84.96,0.99,1.15,-4.05,39.0,-4.5,-100.95,22.61,50.229,
2022-12-14 14:22:56,178 ; Ahrs1 ; -1003.42,55.18,76.66,3.54,0.49,-2.32,40.35,-3.6,-101.55,23.29,50.228,
2022-12-14 14:22:56,198 ; Ahrs1 ; -1000.0,44.92,98.14,1.11,0.38,-5.96,40.2,-4.05,-102.0,23.29,50.227,
2022-12-14 14:22:56,216 ; Ahrs1 ; -1006.35,50.78,75.2,3.36,-1.17,-2.73,38.85,-3.15,-101.55,23.09,50.226,
2022-12-14 14:22:56,238 ; Ahrs1 ; -989.75,42.97,78.13,0.25,1.21,-5.22,38.85,-3.15,-101.55,22.95,50.225,
2022-12-14 14:22:56,258 ; Ahrs1 ; -1003.42,34.18,90.33,1.85,0.56,-1.75,38.85,-4.65,-101.85,23.14,50.224,
2022-12-14 14:22:56,278 ; Ahrs1 ; -992.68,45.9,90.82,5.64,-1.55,-4.71,39.9,-2.7,-101.1,23.24,50.223,
2022-12-14 14:22:56,298 ; Ahrs1 ; -997.07,48.83,78.61,0.8,-1.02,-3.08,39.45,-3.0,-101.4,23.09,50.222,
2022-12-14 14:22:56,318 ; Ahrs1 ; -995.61,49.32,80.57,4.18,-0.62,-3.47,39.9,-3.9,-102.6,23.24,50.221,
2022-12-14 14:22:56,338 ; Ahrs1 ; -997.56,40.53,81.54,2.77,1.43,-3.5,38.85,-2.4,-101.55,22.95,50.22,
2022-12-14 14:22:56,356 ; Ahrs1 ; -1008.79,43.95,88.87,2.73,-1.09,-1.27,38.85,-2.4,-101.55,23.33,50.219,
2022-12-14 14:22:56,378 ; Ahrs1 ; -994.63,44.43,90.33,2.72,1.55,-1.86,39.75,-4.5,-102.45,22.95,50.218,
2022-12-14 14:22:56,398 ; Ahrs1 ; -1001.95,57.62,82.03,0.82,0.1,-0.34,40.95,-4.5,-100.95,23.05,50.217,
2022-12-14 14:22:56,421 ; Ahrs1 ; -997.56,43.46,86.43,2.49,-1.93,-7.77,40.5,-3.0,-101.7,23.09,50.216,
2022-12-14 14:22:56,438 ; Ahrs1 ; -1001.95,54.69,82.03,5.38,-1.02,-3.0,40.35,-3.6,-101.1,22.76,50.216,
2022-12-14 14:22:56,460 ; Ahrs1 ; -982.42,38.09,92.29,0.37,2.57,-5.21,39.9,-3.6,-101.55,23.09,50.215,
2022-12-14 14:22:56,478 ; Ahrs1 ; -999.51,51.76,88.38,3.8,4.71,-2.03,39.9,-3.6,-101.55,23.14,50.214,
2022-12-14 14:22:56,498 ; Ahrs1 ; -999.51,55.18,89.84,3.2,-0.53,-5.03,39.6,-3.15,-101.55,23.05,50.213,
2022-12-14 14:22:56,518 ; Ahrs1 ; -1005.37,47.85,82.52,3.63,0.03,-5.93,38.85,-2.7,-99.3,23.24,50.212,
2022-12-14 14:22:56,538 ; Ahrs1 ; -990.72,39.06,87.89,-1.98,2.19,-2.52,38.7,-2.25,-100.95,22.81,50.211,
2022-12-14 14:22:56,556 ; Ahrs1 ; -1002.93,44.43,89.36,5.08,-0.92,-2.11,39.3,-3.6,-100.5,23.05,50.21,
2022-12-14 14:22:56,578 ; Ahrs1 ; -992.19,41.02,75.2,1.05,0.98,-1.67,38.85,-3.9,-101.55,23.09,50.209,
2022-12-14 14:22:56,596 ; Ahrs1 ; -1005.37,46.39,82.52,1.37,-2.28,-5.77,38.85,-3.9,-101.55,23.29,50.208,
2022-12-14 14:22:56,619 ; Ahrs1 ; -1000.98,57.13,99.61,0.92,2.35,-2.98,39.6,-1.95,-100.8,23.14,50.207,
2022-12-14 14:22:56,637 ; Ahrs1 ; -1012.7,49.8,80.08,3.92,-2.48,-3.68,40.65,-2.4,-101.1,22.9,50.207,
2022-12-14 14:22:56,661 ; Ahrs1 ; -1002.93,46.39,80.08,-0.47,1.43,-5.37,38.85,-2.7,-102.6,23.33,50.206,
2022-12-14 14:22:56,681 ; Ahrs1 ; -991.7,52.73,80.08,2.42,0.14,-4.72,38.7,-3.3,-102.0,23.09,50.205,
2022-12-14 14:22:56,702 ; Ahrs1 ; -1005.37,37.6,77.64,2.22,2.63,-3.59,39.45,-4.5,-100.95,23.09,50.204,
2022-12-14 14:22:56,721 ; Ahrs1 ; -991.7,44.92,78.61,3.8,-3.48,-3.34,39.3,-2.4,-101.55,23.29,50.203,
2022-12-14 14:22:56,740 ; Ahrs1 ; -998.05,45.41,92.29,1.13,0.8,-7.58,39.3,-2.4,-101.55,22.95,50.202,
2022-12-14 14:22:56,761 ; Ahrs1 ; -989.75,48.34,75.2,3.0,-1.24,-3.87,39.9,-2.7,-102.6,23.43,50.202,
2022-12-14 14:22:56,779 ; Ahrs1 ; -996.58,37.11,73.73,2.05,3.22,-4.55,39.75,-3.75,-102.0,23.33,50.201,
2022-12-14 14:22:56,802 ; Ahrs1 ; -997.56,56.15,83.01,-0.69,0.73,-2.54,39.6,-4.65,-101.55,23.14,50.2,
2022-12-14 14:22:56,820 ; Ahrs1 ; -1003.91,67.87,82.03,1.74,0.6,-2.4,38.85,-3.6,-100.8,22.9,50.199,
2022-12-14 14:22:56,841 ; Ahrs1 ; -989.26,36.13,79.59,0.96,1.8,-2.13,39.0,-3.0,-101.4,23.14,50.198,
2022-12-14 14:22:56,862 ; Ahrs1 ; -998.54,45.9,95.7,2.95,0.67,-2.87,38.55,-3.15,-101.55,23.05,50.198,
2022-12-14 14:22:56,881 ; Ahrs1 ; -1001.46,36.13,74.71,0.99,-1.41,-5.43,39.9,-3.9,-101.85,23.24,50.197,
2022-12-14 14:22:56,898 ; Ahrs1 ; -1015.63,51.76,87.89,2.58,3.81,-0.44,39.9,-3.9,-102.6,23.14,50.196,
2022-12-14 14:22:56,919 ; Ahrs1 ; -992.68,52.25,76.17,3.33,0.59,-2.17,39.6,-3.15,-101.85,22.95,50.195,
2022-12-14 14:22:56,937 ; Ahrs1 ; -1006.84,51.27,76.66,2.46,-0.86,-3.15,38.85,-3.15,-101.1,22.95,50.195,
2022-12-14 14:22:56,963 ; Ahrs1 ; -994.63,50.29,81.05,0.7,2.05,-2.35,40.35,-3.15,-102.3,23.09,50.194,
2022-12-14 14:22:56,982 ; Ahrs1 ; -1012.21,60.55,78.61,1.7,0.34,-0.02,40.35,-3.15,-102.3,23.33,50.193,
2022-12-14 14:22:57,003 ; Ahrs1 ; -1008.3,51.76,85.45,2.04,3.04,-7.23,39.75,-2.55,-103.5,23.09,50.192,
2022-12-14 14:22:57,021 ; Ahrs1 ; -1000.98,46.88,83.01,2.63,-0.8,0.32,39.0,-4.05,-102.0,23.09,50.192,
2022-12-14 14:22:57,043 ; Ahrs1 ; -1011.23,34.67,83.01,1.98,3.66,-3.89,40.65,-3.6,-101.1,23.24,50.191,
2022-12-14 14:22:57,062 ; Ahrs1 ; -997.56,39.06,83.5,4.74,-1.75,-5.11,39.6,-3.6,-101.85,23.14,50.19,
2022-12-14 14:22:57,082 ; Ahrs1 ; -999.02,40.53,81.05,-0.4,1.89,-2.91,39.6,-1.95,-101.55,23.09,50.189,
2022-12-14 14:22:57,102 ; Ahrs1 ; -1017.09,45.41,74.71,2.9,0.22,-1.91,39.6,-1.95,-101.55,23.05,50.189,
2022-12-14 14:22:57,117 ; Ahrs1 ; -1006.35,52.25,84.96,-0.72,0.27,-2.5,38.25,-4.05,-101.4,23.24,50.188,
2022-12-14 14:22:57,139 ; Ahrs1 ; -995.12,47.85,91.31,2.85,-2.53,-2.59,40.2,-3.3,-102.45,22.95,50.187,
2022-12-14 14:22:57,159 ; Ahrs1 ; -993.65,48.34,85.94,2.21,-0.03,-5.53,39.9,-3.15,-100.8,23.33,50.187,
2022-12-14 14:22:57,182 ; Ahrs1 ; -1004.88,36.13,84.96,2.92,-2.08,-3.54,39.9,-3.6,-102.6,23.24,50.186,
2022-12-14 14:22:57,202 ; Ahrs1 ; -996.09,44.43,71.29,-0.37,2.97,-3.21,38.25,-3.75,-99.6,23.09,50.185,
2022-12-14 14:22:57,222 ; Ahrs1 ; -1013.18,41.02,78.13,4.5,0.16,-3.76,38.25,-3.75,-99.6,23.09,50.185,
2022-12-14 14:22:57,243 ; Ahrs1 ; -998.05,48.83,77.64,1.31,2.16,-1.4,40.2,-3.3,-100.95,23.09,50.184,
2022-12-14 14:22:57,262 ; Ahrs1 ; -996.09,43.95,73.73,0.57,-1.11,1.07,38.1,-4.65,-101.85,23.09,50.183,
2022-12-14 14:22:57,283 ; Ahrs1 ; -998.05,48.83,83.5,2.25,1.16,-6.24,39.0,-3.3,-101.7,23.29,50.182,
2022-12-14 14:22:57,302 ; Ahrs1 ; -999.02,50.78,94.24,1.12,4.28,-3.6,39.9,-2.7,-102.3,22.95,50.182,
2022-12-14 14:22:57,323 ; Ahrs1 ; -1002.93,43.95,80.08,2.11,0.77,-0.6,40.35,-3.15,-100.8,23.09,50.181,
2022-12-14 14:22:57,343 ; Ahrs1 ; -1002.93,41.02,75.2,2.75,0.34,-5.5,40.35,-3.15,-100.8,23.09,50.181,
2022-12-14 14:22:57,359 ; Ahrs1 ; -1000.98,45.9,72.75,3.51,1.03,-1.91,38.55,-2.7,-100.8,23.09,50.18,
2022-12-14 14:22:57,383 ; Ahrs1 ; -1007.32,52.25,86.91,1.75,1.21,-5.68,40.2,-3.75,-101.7,23.09,50.179,
2022-12-14 14:22:57,403 ; Ahrs1 ; -1004.39,41.02,71.78,2.15,-2.18,-1.26,39.9,-3.9,-101.85,22.9,50.179,
2022-12-14 14:22:57,423 ; Ahrs1 ; -997.07,51.27,83.5,0.21,0.66,-1.61,40.35,-2.7,-101.1,23.05,50.178,
2022-12-14 14:22:57,443 ; Ahrs1 ; -998.05,45.9,79.1,3.75,1.18,-4.11,40.95,-5.25,-101.7,23.14,50.177,
2022-12-14 14:22:57,459 ; Ahrs1 ; -997.07,49.32,85.94,2.02,2.36,-3.38,40.95,-5.25,-101.7,23.09,50.177,
2022-12-14 14:22:57,480 ; Ahrs1 ; -995.12,39.55,77.15,4.09,-0.74,-5.73,38.55,-4.65,-102.6,23.14,50.176,
2022-12-14 14:22:57,499 ; Ahrs1 ; -993.65,43.46,82.03,2.47,2.47,-1.22,39.3,-4.35,-101.85,22.81,50.175,
2022-12-14 14:22:57,519 ; Ahrs1 ; -1000.49,59.08,85.45,1.5,1.04,-1.85,39.9,-2.7,-101.85,23.14,50.175,
2022-12-14 14:22:57,539 ; Ahrs1 ; -1005.37,35.16,85.45,0.84,0.75,-4.43,41.1,-2.7,-101.1,22.95,50.174,
2022-12-14 14:22:57,559 ; Ahrs1 ; -995.12,37.6,71.29,2.05,-0.5,-2.51,40.5,-3.3,-101.4,23.09,50.174,
2022-12-14 14:22:57,579 ; Ahrs1 ; -997.56,43.95,91.31,2.04,4.11,-7.34,40.5,-3.3,-101.4,23.09,50.173,
2022-12-14 14:22:57,598 ; Ahrs1 ; -1006.35,57.13,85.94,1.63,-2.4,-2.42,39.6,-2.7,-102.3,22.9,50.172,
2022-12-14 14:22:57,617 ; Ahrs1 ; -1005.37,52.73,81.54,3.26,-0.76,-7.03,38.85,-3.6,-100.5,23.29,50.172,
2022-12-14 14:22:57,643 ; Ahrs1 ; -1000.0,53.71,81.05,4.33,0.85,-0.89,39.9,-2.7,-101.1,23.09,50.171,
2022-12-14 14:22:57,664 ; Ahrs1 ; -1003.91,48.34,90.82,2.02,1.27,-6.45,39.3,-4.65,-101.1,23.29,50.171,
2022-12-14 14:22:57,685 ; Ahrs1 ; -997.56,36.13,78.61,1.83,-1.57,-1.93,40.35,-3.9,-101.1,23.09,50.17,
2022-12-14 14:22:57,704 ; Ahrs1 ; -1007.81,46.39,74.71,0.69,0.23,-5.07,40.35,-3.9,-101.1,22.95,50.169,
2022-12-14 14:22:57,723 ; Ahrs1 ; -1007.81,50.78,84.47,2.81,-1.23,-1.94,38.1,-3.15,-101.55,23.09,50.169,
2022-12-14 14:22:57,743 ; Ahrs1 ; -996.58,48.34,76.66,0.37,-0.64,-6.03,39.45,-2.55,-102.0,23.09,50.168,
2022-12-14 14:22:57,764 ; Ahrs1 ; -991.21,41.5,91.31,0.52,-0.77,-4.87,40.35,-2.7,-100.05,23.33,50.168,
2022-12-14 14:22:57,782 ; Ahrs1 ; -986.33,60.55,65.43,2.89,-1.18,-6.38,40.35,-3.15,-100.65,23.14,50.167,
2022-12-14 14:22:57,801 ; Ahrs1 ; -1010.25,37.11,89.36,1.92,0.21,-1.16,41.55,-3.3,-101.7,22.95,50.167,
2022-12-14 14:22:57,824 ; Ahrs1 ; -1007.32,48.34,89.84,-0.01,-1.06,-2.73,41.55,-3.3,-101.7,23.09,50.166,
2022-12-14 14:22:57,843 ; Ahrs1 ; -1001.95,54.69,75.68,4.29,-3.61,-0.6,40.5,-3.75,-100.95,23.14,50.166,
2022-12-14 14:22:57,863 ; Ahrs1 ; -995.61,39.06,81.05,1.99,-2.55,-3.69,39.6,-3.6,-99.3,23.09,50.165,
2022-12-14 14:22:57,884 ; Ahrs1 ; -989.75,57.13,81.05,2.35,0.82,0.75,39.45,-3.3,-101.4,22.71,50.164,
2022-12-14 14:22:57,904 ; Ahrs1 ; -1000.98,51.27,86.91,1.89,-1.31,-5.18,40.65,-3.15,-102.9,23.24,50.082,
2022-12-14 14:22:57,924 ; Ahrs1 ; -988.77,49.32,96.19,0.16,0.73,-3.31,39.6,-3.15,-101.55,23.09,50.163,
2022-12-14 14:22:57,942 ; Ahrs1 ; -1005.37,47.85,82.52,4.4,-1.65,-0.83,39.6,-3.15,-101.55,22.95,50.081,
2022-12-14 14:22:57,963 ; Ahrs1 ; -1007.32,44.92,95.21,2.31,0.97,-2.18,38.85,-3.15,-101.1,23.09,50.081,
2022-12-14 14:22:57,984 ; Ahrs1 ; -1002.44,27.34,80.57,1.3,-2.98,-3.6,39.0,-3.3,-100.95,23.09,50.081,
2022-12-14 14:22:58,004 ; Ahrs1 ; -1005.86,45.41,69.82,2.13,1.62,-2.77,39.9,-2.4,-101.1,22.95,50.081,
2022-12-14 14:22:58,024 ; Ahrs1 ; -1012.21,38.09,82.03,3.04,1.27,1.65,39.6,-2.7,-101.55,23.09,50.08,
2022-12-14 14:22:58,041 ; Ahrs1 ; -991.21,54.69,79.1,0.75,-0.97,-4.43,38.7,-4.05,-101.7,23.09,50.08,
2022-12-14 14:22:58,058 ; Ahrs1 ; -1006.84,48.34,76.17,2.65,-1.21,-2.11,38.7,-4.05,-101.7,22.95,50.08,
2022-12-14 14:22:58,080 ; Ahrs1 ; -993.65,55.66,84.47,0.73,0.66,-8.55,40.65,-3.15,-101.55,23.05,50.079,
2022-12-14 14:22:58,100 ; Ahrs1 ; -996.58,49.8,80.57,2.27,-1.35,-3.77,39.3,-4.65,-102.6,23.14,50.079,
2022-12-14 14:22:58,120 ; Ahrs1 ; -998.05,51.27,72.75,-0.41,0.44,-7.02,40.65,-4.65,-101.85,23.09,50.079,
2022-12-14 14:22:58,138 ; Ahrs1 ; -1003.91,29.79,93.26,3.24,-0.34,-1.77,39.3,-4.65,-102.9,23.29,50.079,
2022-12-14 14:22:58,160 ; Ahrs1 ; -1009.28,45.41,83.98,0.2,0.58,-5.95,39.75,-4.8,-100.65,23.33,50.078,
2022-12-14 14:22:58,180 ; Ahrs1 ; -994.63,52.73,74.22,2.23,-0.32,-0.17,39.75,-4.8,-100.65,22.95,50.078,
2022-12-14 14:22:58,200 ; Ahrs1 ; -989.26,52.25,99.61,1.41,2.48,-7.76,39.75,-3.0,-101.7,23.14,50.078,
2022-12-14 14:22:58,220 ; Ahrs1 ; -998.05,53.22,97.66,2.14,-1.16,-2.67,39.75,-3.75,-100.95,23.09,50.078,
2022-12-14 14:22:58,238 ; Ahrs1 ; -1007.81,48.34,71.29,-1.95,2.15,-5.98,39.75,-3.3,-100.65,23.29,50.078,
2022-12-14 14:22:58,258 ; Ahrs1 ; -1001.46,68.36,94.24,4.47,-0.39,-2.81,40.5,-4.5,-101.4,23.14,50.077,
2022-12-14 14:22:58,280 ; Ahrs1 ; -996.58,49.8,96.19,4.02,1.54,-5.31,39.75,-4.5,-101.4,22.95,50.077,
2022-12-14 14:22:58,299 ; Ahrs1 ; -1010.74,35.16,81.05,1.39,-1.3,-2.37,39.75,-4.5,-101.4,23.09,50.077,
2022-12-14 14:22:58,318 ; Ahrs1 ; -1001.46,35.64,93.26,-0.62,0.33,-1.37,41.1,-3.9,-101.55,23.29,50.077,
2022-12-14 14:22:58,340 ; Ahrs1 ; -995.61,58.11,96.19,3.58,-0.21,-6.23,39.6,-3.6,-102.3,23.14,50.076,
2022-12-14 14:22:58,360 ; Ahrs1 ; -1011.23,37.11,66.89,2.27,-0.62,-5.82,39.75,-4.8,-102.0,23.29,50.076,
2022-12-14 14:22:58,380 ; Ahrs1 ; -996.58,55.18,79.59,1.24,-2.27,-2.61,39.75,-3.0,-100.95,23.09,50.076,
2022-12-14 14:22:58,400 ; Ahrs1 ; -995.61,49.8,97.66,0.18,-0.01,-3.49,40.2,-3.75,-100.2,23.14,50.076,
2022-12-14 14:22:58,420 ; Ahrs1 ; -994.14,41.99,68.85,2.66,-2.89,-4.06,40.2,-3.75,-100.2,22.95,50.075,
2022-12-14 14:22:58,440 ; Ahrs1 ; -993.16,54.69,86.91,0.44,0.27,-5.82,39.3,-3.6,-101.1,23.09,50.075,
2022-12-14 14:22:58,460 ; Ahrs1 ; -1000.0,50.29,88.38,3.18,-1.17,-0.05,39.45,-4.5,-100.95,23.09,50.075,
2022-12-14 14:22:58,478 ; Ahrs1 ; -1002.93,36.62,78.13,2.98,-0.43,-3.99,40.35,-3.15,-101.55,22.81,50.075,
2022-12-14 14:22:58,500 ; Ahrs1 ; -1004.39,45.9,70.31,2.68,2.73,-4.96,38.85,-4.35,-102.3,23.24,50.075,
2022-12-14 14:22:58,520 ; Ahrs1 ; -993.16,49.32,78.61,2.44,-0.4,-3.97,40.2,-3.75,-100.65,23.14,50.074,
2022-12-14 14:22:58,540 ; Ahrs1 ; -998.54,43.95,75.68,3.43,-1.15,-2.92,40.2,-3.75,-100.65,23.09,50.074,
2022-12-14 14:22:58,558 ; Ahrs1 ; -1001.46,38.09,79.59,1.91,-2.05,-2.09,40.35,-3.6,-101.55,23.05,50.074,
2022-12-14 14:22:58,580 ; Ahrs1 ; -1001.95,44.92,85.94,0.35,1.28,-5.29,40.2,-4.5,-101.7,23.09,50.074,
2022-12-14 14:22:58,600 ; Ahrs1 ; -1005.86,62.01,88.87,1.05,0.32,-8.27,39.3,-2.4,-102.3,23.14,50.073,
2022-12-14 14:22:58,622 ; Ahrs1 ; -1006.35,52.73,69.34,0.95,0.89,-2.13,39.9,-3.6,-101.55,23.05,50.073,
2022-12-14 14:22:58,642 ; Ahrs1 ; -1002.93,40.53,77.64,0.53,-1.46,-1.73,39.3,-3.15,-101.55,23.14,50.073,
2022-12-14 14:22:58,662 ; Ahrs1 ; -995.61,39.55,77.64,3.62,-0.59,-4.51,40.2,-4.05,-101.4,23.09,50.073,
2022-12-14 14:22:58,686 ; Ahrs1 ; -996.09,36.13,76.66,3.06,-0.92,-2.59,40.2,-3.3,-102.45,23.09,50.073,
2022-12-14 14:22:58,702 ; Ahrs1 ; -996.58,41.02,82.52,2.21,-1.51,-2.64,40.2,-4.05,-102.0,23.14,50.072,
2022-12-14 14:22:58,725 ; Ahrs1 ; -1001.95,48.34,87.4,2.4,1.34,-4.09,39.45,-3.0,-102.0,23.24,50.072,
2022-12-14 14:22:58,745 ; Ahrs1 ; -990.72,39.55,86.43,-0.38,1.42,-4.9,39.9,-3.15,-100.8,23.05,50.072,
2022-12-14 14:22:58,764 ; Ahrs1 ; -998.54,33.69,75.2,2.02,-1.87,-0.73,38.25,-4.05,-100.2,22.95,50.072,
2022-12-14 14:22:58,785 ; Ahrs1 ; -1006.84,51.76,92.29,1.35,0.02,-3.84,38.25,-4.05,-100.2,23.09,50.072,
2022-12-14 14:22:58,799 ; Ahrs1 ; -1002.93,44.92,82.52,4.57,-1.26,-1.05,40.5,-3.3,-101.7,23.24,50.071,
2022-12-14 14:22:58,824 ; Ahrs1 ; -994.63,46.39,85.94,1.4,2.15,-5.63,39.75,-4.5,-102.0,23.09,50.071,
2022-12-14 14:22:58,845 ; Ahrs1 ; -1009.77,42.97,82.03,3.05,-1.89,-5.18,40.95,-3.3,-102.0,23.29,50.071,
2022-12-14 14:22:58,864 ; Ahrs1 ; -981.93,54.2,74.22,1.89,-0.72,-2.88,39.6,-3.15,-101.1,22.81,50.071,
2022-12-14 14:22:58,881 ; Ahrs1 ; -1013.67,56.64,83.5,3.3,-0.81,-0.64,39.0,-3.3,-100.65,23.24,50.071,
2022-12-14 14:22:58,903 ; Ahrs1 ; -1009.28,61.04,91.8,0.95,2.2,-4.36,39.6,-1.95,-102.6,23.33,50.07,
2022-12-14 14:22:58,925 ; Ahrs1 ; -997.56,48.34,80.57,4.47,0.15,-1.72,39.75,-3.0,-100.2,22.95,50.07,
2022-12-14 14:22:58,939 ; Ahrs1 ; -995.61,35.64,81.05,-0.03,-0.12,-3.62,40.65,-4.35,-101.55,23.09,50.07,
2022-12-14 14:22:58,959 ; Ahrs1 ; -1003.91,47.85,88.87,1.35,-2.08,-4.15,39.9,-3.9,-101.85,22.9,50.07,
2022-12-14 14:22:58,986 ; Ahrs1 ; -986.82,52.25,88.38,-0.01,0.47,-5.18,39.3,-3.6,-101.55,23.09,50.07,
2022-12-14 14:22:59,000 ; Ahrs1 ; -1002.93,48.83,79.1,2.93,-2.77,-0.26,38.25,-3.75,-101.4,23.09,50.069,
2022-12-14 14:22:59,019 ; Ahrs1 ; -1015.63,43.95,74.71,2.38,-1.21,-1.57,40.95,-4.05,-101.7,23.14,50.069,
2022-12-14 14:22:59,041 ; Ahrs1 ; -1002.93,53.71,82.52,1.05,1.27,-5.57,40.95,-4.05,-101.7,23.09,50.069,
2022-12-14 14:22:59,061 ; Ahrs1 ; -988.77,47.85,84.96,1.92,1.89,-6.53,39.45,-4.05,-102.45,23.09,50.069,
2022-12-14 14:22:59,079 ; Ahrs1 ; -1003.42,42.48,81.05,3.4,-0.63,-3.4,41.1,-3.6,-101.85,23.24,50.069,
2022-12-14 14:22:59,110 ; Ahrs1 ; -992.68,69.82,80.08,1.48,2.18,-1.23,40.5,-4.05,-101.4,23.09,50.068,
2022-12-14 14:22:59,131 ; Ahrs1 ; -1006.84,37.6,83.01,0.32,-2.42,-0.79,40.2,-3.0,-100.65,23.29,50.068,
2022-12-14 14:22:59,618 ; Ahrs1 ; -996.09,43.46,85.45,1.04,0.56,-3.05,38.55,-4.35,-101.1,22.76,50.068,
2022-12-14 14:22:59,623 ; Ahrs1 ; -1002.93,46.88,79.59,1.07,2.08,-5.95,38.55,-4.35,-101.1,23.14,50.068,
2022-12-14 14:22:59,630 ; Ahrs1 ; -1008.3,47.85,80.08,3.52,-1.66,0.93,39.3,-3.15,-101.55,23.14,50.068,
2022-12-14 14:22:59,634 ; Ahrs1 ; -1014.65,46.39,76.17,1.82,4.26,-6.18,39.75,-4.05,-101.7,23.33,50.067,
2022-12-14 14:22:59,638 ; Ahrs1 ; -995.12,41.5,82.03,2.76,0.62,-4.62,39.45,-3.3,-101.4,23.14,50.067,
2022-12-14 14:22:59,643 ; Ahrs1 ; -1001.46,59.57,88.38,0.64,0.98,-0.13,39.9,-3.9,-101.55,22.95,50.067,
2022-12-14 14:22:59,649 ; Ahrs1 ; -999.51,47.85,89.84,1.11,2.27,-3.77,39.45,-3.3,-102.75,23.09,50.067,
2022-12-14 14:22:59,652 ; Ahrs1 ; -1002.93,36.13,75.2,0.04,3.11,-4.45,39.45,-3.3,-102.75,23.09,50.067,
2022-12-14 14:22:59,658 ; Ahrs1 ; -998.54,61.04,78.61,3.18,0.71,-0.94,39.9,-3.6,-101.85,23.09,50.067,
2022-12-14 14:22:59,661 ; Ahrs1 ; -991.7,36.62,86.91,0.7,3.39,-5.02,40.35,-3.15,-100.8,23.09,50.066,
2022-12-14 14:22:59,665 ; Ahrs1 ; -997.07,41.99,80.57,2.82,-4.4,-4.02,39.9,-3.15,-101.85,22.9,50.066,
2022-12-14 14:22:59,668 ; Ahrs1 ; -991.21,50.78,84.47,-0.25,-0.92,-3.08,39.9,-3.9,-101.85,23.09,50.066,
2022-12-14 14:22:59,676 ; Ahrs1 ; -1007.32,48.34,83.5,4.77,-1.44,-4.65,40.5,-3.3,-102.0,23.29,50.066,
2022-12-14 14:22:59,680 ; Ahrs1 ; -1000.0,43.46,81.54,2.54,1.44,-7.0,40.5,-3.3,-102.0,23.09,50.066,
2022-12-14 14:22:59,688 ; Ahrs1 ; -995.12,45.41,70.31,3.64,-3.2,-3.99,40.65,-3.9,-101.1,23.14,50.066,
2022-12-14 14:22:59,694 ; Ahrs1 ; -1001.95,39.55,90.33,0.98,2.7,-10.59,40.95,-3.0,-101.7,23.05,50.065,
2022-12-14 14:22:59,701 ; Ahrs1 ; -985.84,51.76,77.64,0.66,2.91,-3.03,41.1,-3.15,-101.55,22.81,50.065,
2022-12-14 14:22:59,705 ; Ahrs1 ; -1007.32,41.5,82.03,3.24,0.42,-2.75,39.6,-1.65,-101.55,23.24,50.065,
2022-12-14 14:22:59,709 ; Ahrs1 ; -1007.32,41.5,84.96,0.94,2.17,-0.31,40.2,-3.0,-102.0,23.09,50.065,
2022-12-14 14:22:59,713 ; Ahrs1 ; -989.75,43.46,88.38,1.57,1.79,-8.89,40.2,-3.0,-102.0,22.95,50.065,
2022-12-14 14:22:59,720 ; Ahrs1 ; -992.19,53.71,86.91,2.82,1.02,-5.47,40.65,-2.4,-102.3,22.81,50.065,
2022-12-14 14:22:59,727 ; Ahrs1 ; -987.3,43.46,72.75,0.79,1.05,-1.56,39.3,-2.7,-100.5,23.14,50.064,
2022-12-14 14:22:59,730 ; Ahrs1 ; -998.54,45.41,81.05,2.61,-1.84,-4.07,40.5,-4.05,-100.65,23.14,50.064,
2022-12-14 14:22:59,735 ; Ahrs1 ; -999.02,46.88,83.5,1.63,-1.37,-2.97,39.75,-3.75,-101.4,23.29,50.064,
2022-12-14 14:22:59,743 ; Ahrs1 ; -1000.0,43.46,83.98,2.67,0.82,-1.92,39.9,-3.6,-100.8,22.9,50.064,
2022-12-14 14:22:59,750 ; Ahrs1 ; -998.05,53.22,89.84,3.85,-0.72,-3.69,39.9,-3.6,-100.8,23.09,50.064,
2022-12-14 14:22:59,753 ; Ahrs1 ; -994.14,40.53,78.13,1.47,1.47,-5.06,39.0,-3.0,-101.7,23.14,50.064,
2022-12-14 14:22:59,760 ; Ahrs1 ; -994.63,36.62,88.87,2.33,-0.21,-1.63,40.35,-3.9,-99.75,23.24,50.063,
2022-12-14 14:22:59,764 ; Ahrs1 ; -989.26,49.8,92.77,0.79,0.67,-2.47,40.5,-4.5,-102.0,23.14,50.063,
2022-12-14 14:22:59,768 ; Ahrs1 ; -1010.74,46.88,79.59,4.09,-0.34,-3.9,39.9,-2.4,-100.5,22.81,50.063,
2022-12-14 14:22:59,773 ; Ahrs1 ; -999.02,37.11,83.98,0.9,0.56,-5.42,40.95,-3.3,-102.0,23.09,50.063,
2022-12-14 14:22:59,778 ; Ahrs1 ; -999.02,45.9,92.77,3.05,-2.05,-2.15,40.95,-3.3,-102.0,23.14,50.063,
2022-12-14 14:22:59,784 ; Ahrs1 ; -998.05,38.09,76.66,1.26,0.32,-3.55,39.9,-2.7,-101.85,22.95,50.063,
2022-12-14 14:22:59,800 ; Ahrs1 ; -1000.49,44.92,76.17,1.14,-0.39,-6.44,39.9,-2.7,-101.55,23.09,50.062,
2022-12-14 14:22:59,823 ; Ahrs1 ; -1002.44,35.16,85.45,0.6,1.4,-1.73,38.85,-4.35,-102.3,22.95,50.062,
2022-12-14 14:22:59,841 ; Ahrs1 ; -1011.72,39.55,84.96,3.8,-2.43,-1.8,40.5,-4.05,-101.7,23.14,50.062,
2022-12-14 14:22:59,862 ; Ahrs1 ; -1002.44,46.88,87.89,2.17,1.4,-5.43,39.3,-3.9,-101.1,23.09,50.062,
2022-12-14 14:22:59,883 ; Ahrs1 ; -1000.0,47.36,70.8,4.17,0.5,0.1,39.3,-3.9,-101.1,23.24,50.062,
2022-12-14 14:22:59,901 ; Ahrs1 ; -1001.46,53.71,85.94,2.79,-0.21,-5.73,41.4,-2.7,-101.55,23.09,50.062,
2022-12-14 14:22:59,923 ; Ahrs1 ; -1006.35,45.41,71.29,3.19,-2.02,-1.38,39.75,-3.75,-102.0,22.81,50.062,
2022-12-14 14:22:59,942 ; Ahrs1 ; -1000.0,45.9,86.43,0.91,2.33,-6.76,40.2,-4.05,-101.4,23.24,50.061,
2022-12-14 14:22:59,960 ; Ahrs1 ; -1012.21,51.76,86.91,3.76,-0.91,-4.41,40.35,-3.15,-101.85,23.14,50.061,
2022-12-14 14:22:59,983 ; Ahrs1 ; -1009.28,42.48,86.43,1.44,2.44,-8.37,39.6,-3.9,-100.8,23.09,50.061,
2022-12-14 14:23:00,003 ; Ahrs1 ; -993.65,43.46,83.01,0.93,-0.93,-3.6,39.6,-3.9,-100.8,23.33,50.061,
2022-12-14 14:23:00,023 ; Ahrs1 ; -993.65,54.2,69.34,0.74,1.21,-3.64,40.35,-1.65,-101.1,23.09,50.061,
2022-12-14 14:23:00,043 ; Ahrs1 ; -1002.93,40.04,82.52,2.73,-1.6,-3.79,40.2,-3.0,-103.5,23.33,50.061,
2022-12-14 14:23:00,061 ; Ahrs1 ; -1010.74,45.9,81.05,1.77,4.88,-7.64,40.2,-3.0,-102.0,23.24,50.06,
2022-12-14 14:23:00,428 ; Ahrs1 ; -994.14,45.41,84.47,3.89,-1.95,-3.15,40.5,-5.55,-101.7,23.09,50.06,
2022-12-14 14:23:00,614 ; Ahrs1 ; -996.09,46.88,77.64,-0.2,1.22,-5.87,40.2,-3.75,-102.0,22.9,50.06,
2022-12-14 14:23:00,656 ; Ahrs1 ; -990.72,41.99,79.59,2.51,0.63,-4.05,40.2,-3.75,-102.0,23.14,50.06,
2022-12-14 14:23:00,664 ; Ahrs1 ; -987.3,32.71,87.89,3.21,-1.66,-2.65,40.35,-2.7,-101.85,23.09,50.06,
2022-12-14 14:23:00,669 ; Ahrs1 ; -993.65,56.15,75.68,0.66,-0.34,-4.82,40.35,-3.9,-100.8,23.14,50.06,
2022-12-14 14:23:00,672 ; Ahrs1 ; -994.14,58.59,78.61,4.36,0.39,-2.53,40.35,-3.9,-101.85,23.05,50.06,
2022-12-14 14:23:00,678 ; Ahrs1 ; -993.16,49.8,82.52,2.84,0.22,-6.72,40.5,-3.3,-100.65,22.95,50.059,
2022-12-14 14:23:00,685 ; Ahrs1 ; -988.77,49.8,97.66,3.53,-1.1,-0.1,38.55,-3.9,-101.85,23.33,50.059,
2022-12-14 14:23:00,688 ; Ahrs1 ; -996.09,38.57,87.89,2.17,-0.68,-5.11,38.55,-3.9,-101.85,23.24,50.059,
2022-12-14 14:23:00,693 ; Ahrs1 ; -1006.84,53.71,87.4,2.23,0.37,-6.09,39.9,-2.7,-100.05,23.09,50.059,
2022-12-14 14:23:00,697 ; Ahrs1 ; -1000.49,26.86,75.68,2.35,-1.63,-3.5,40.5,-3.3,-102.0,23.33,50.059,
2022-12-14 14:23:00,703 ; Ahrs1 ; -1004.39,44.43,93.26,4.29,0.17,-3.25,39.9,-3.15,-102.3,22.81,50.059,
2022-12-14 14:23:00,710 ; Ahrs1 ; -995.12,50.78,85.45,1.67,-1.34,-5.08,38.1,-3.15,-100.8,23.09,50.059,
2022-12-14 14:23:00,714 ; Ahrs1 ; -997.56,54.69,83.01,0.2,0.65,-1.91,38.55,-3.9,-101.1,22.95,50.058,
2022-12-14 14:23:00,720 ; Ahrs1 ; -981.45,57.13,82.52,1.38,1.71,-6.2,38.55,-3.9,-101.1,23.29,50.058,
2022-12-14 14:23:00,728 ; Ahrs1 ; -988.28,38.09,79.59,2.72,-0.31,-2.29,38.55,-4.35,-101.85,23.09,50.058,
2022-12-14 14:23:00,733 ; Ahrs1 ; -994.14,38.09,83.5,-0.8,1.89,-4.64,40.5,-3.3,-102.0,22.9,50.058,
2022-12-14 14:23:00,740 ; Ahrs1 ; -993.16,43.46,83.98,4.26,0.21,-5.33,39.9,-3.15,-101.85,23.09,50.058,
2022-12-14 14:23:00,747 ; Ahrs1 ; -1003.42,51.27,72.75,2.01,-0.24,-2.66,39.45,-3.0,-102.0,23.09,50.058,
2022-12-14 14:23:00,753 ; Ahrs1 ; -998.05,58.59,85.45,3.6,-1.4,-0.98,39.0,-2.25,-101.4,23.05,50.058,
2022-12-14 14:23:00,757 ; Ahrs1 ; -1012.7,55.18,79.1,0.53,0.25,-7.46,39.0,-2.25,-101.4,23.05,50.058,
2022-12-14 14:23:00,762 ; Ahrs1 ; -989.75,54.69,83.5,2.43,-1.28,-5.15,38.85,-3.6,-100.8,22.9,50.057,
2022-12-14 14:23:00,768 ; Ahrs1 ; -992.68,51.27,76.17,0.41,1.48,-2.55,38.85,-3.15,-102.3,22.95,50.057,
2022-12-14 14:23:00,776 ; Ahrs1 ; -1000.0,44.92,88.38,3.66,-1.15,-5.57,40.95,-4.05,-102.0,23.14,50.057,
2022-12-14 14:23:00,783 ; Ahrs1 ; -996.09,40.53,77.15,1.4,1.22,-3.07,39.3,-3.9,-100.8,23.05,50.057,
2022-12-14 14:23:00,787 ; Ahrs1 ; -990.72,41.02,85.45,2.05,0.38,-1.59,39.45,-4.05,-102.0,23.09,50.057,
2022-12-14 14:23:00,793 ; Ahrs1 ; -1005.37,45.41,93.26,1.62,-1.16,-4.4,39.45,-4.05,-102.0,23.09,50.057,
2022-12-14 14:23:00,801 ; Ahrs1 ; -993.65,41.02,83.01,1.87,1.17,-4.0,39.0,-4.05,-100.65,23.24,50.057,
2022-12-14 14:23:00,805 ; Ahrs1 ; -994.14,50.78,75.2,1.98,-0.77,-3.09,39.45,-1.8,-100.95,23.09,50.056,
2022-12-14 14:23:00,813 ; Ahrs1 ; -1021.0,52.73,85.94,3.29,-3.18,-6.92,41.25,-2.55,-102.75,23.24,50.056,
2022-12-14 14:23:00,817 ; Ahrs1 ; -1004.39,59.08,73.73,1.94,-2.18,-3.97,39.3,-3.15,-101.55,23.09,50.056,
2022-12-14 14:23:00,823 ; Ahrs1 ; -980.47,47.85,80.57,0.45,-0.33,-1.91,39.6,-2.7,-101.55,23.29,50.056,
2022-12-14 14:23:00,831 ; Ahrs1 ; -1003.91,40.04,80.08,2.53,-3.76,-4.76,39.6,-2.7,-101.55,23.14,50.056,
2022-12-14 14:23:00,835 ; Ahrs1 ; -992.19,51.76,84.96,1.21,1.56,-1.25,39.75,-3.75,-102.0,23.05,50.056,
2022-12-14 14:23:00,843 ; Ahrs1 ; -1000.98,36.13,82.03,2.49,-1.21,-3.4,40.35,-2.7,-102.6,23.09,50.056,
2022-12-14 14:23:00,851 ; Ahrs1 ; -1004.88,50.78,84.47,1.78,2.4,-7.18,39.9,-4.35,-101.85,22.9,50.056,
2022-12-14 14:23:00,856 ; Ahrs1 ; -1002.93,45.9,92.29,3.85,0.01,-6.5,39.3,-3.15,-102.9,23.09,50.055,
2022-12-14 14:23:00,863 ; Ahrs1 ; -997.07,51.76,74.22,1.81,0.15,-1.92,39.75,-4.05,-100.65,23.43,50.055,
2022-12-14 14:23:00,870 ; Ahrs1 ; -1004.39,55.66,77.64,4.09,-0.66,-3.64,39.75,-4.05,-100.65,23.09,50.055,
2022-12-14 14:23:00,875 ; Ahrs1 ; -993.16,37.6,88.87,0.22,1.6,-5.24,37.8,-4.65,-100.8,23.24,50.055,
2022-12-14 14:23:00,884 ; Ahrs1 ; -997.07,53.22,80.57,2.6,-0.88,-1.81,39.6,-3.6,-102.6,22.95,50.055,
2022-12-14 14:23:00,902 ; Ahrs1 ; -1000.98,55.66,82.52,-0.34,2.21,-6.4,40.35,-2.7,-100.8,22.95,50.055,
2022-12-14 14:23:00,925 ; Ahrs1 ; -994.14,53.71,86.43,3.64,0.17,-1.71,39.6,-2.4,-102.3,23.09,50.055,
2022-12-14 14:23:00,945 ; Ahrs1 ; -1008.79,50.78,86.91,0.69,0.96,-7.0,40.35,-3.15,-101.55,23.14,50.055,
2022-12-14 14:23:00,964 ; Ahrs1 ; -1008.79,47.85,73.73,5.83,0.92,-2.85,40.35,-3.15,-101.55,23.14,50.055,
2022-12-14 14:23:00,983 ; Ahrs1 ; -987.79,62.01,83.98,-0.66,1.45,-2.18,38.85,-4.35,-102.6,23.05,50.054,
2022-12-14 14:23:01,003 ; Ahrs1 ; -997.07,36.13,83.5,5.3,-1.3,0.16,39.6,-2.4,-101.1,23.09,50.054,
2022-12-14 14:23:01,025 ; Ahrs1 ; -991.21,41.5,86.91,0.57,0.95,-4.81,39.45,-3.0,-101.7,23.33,50.054,
2022-12-14 14:23:01,044 ; Ahrs1 ; -992.19,48.34,84.47,2.56,-0.88,-5.57,39.75,-3.75,-100.95,23.14,50.054,
2022-12-14 14:23:01,063 ; Ahrs1 ; -1005.86,43.46,87.4,0.07,3.48,-3.89,40.65,-3.15,-100.8,23.29,50.054,
2022-12-14 14:23:01,084 ; Ahrs1 ; -999.02,35.64,82.52,0.61,-1.84,-1.42,40.5,-3.3,-100.2,22.81,50.054,
2022-12-14 14:23:01,103 ; Ahrs1 ; -996.09,39.55,74.71,2.95,2.76,-4.39,40.5,-4.05,-101.4,23.24,50.054,
2022-12-14 14:23:01,123 ; Ahrs1 ; -1000.49,47.36,91.8,0.99,2.79,-7.39,38.1,-3.15,-101.1,23.29,50.054,
2022-12-14 14:23:01,143 ; Ahrs1 ; -984.86,46.88,94.73,3.78,-0.34,-1.55,38.7,-4.05,-101.4,23.14,50.053,
2022-12-14 14:23:01,185 ; Ahrs1 ; -1000.98,59.57,80.08,2.63,1.04,-7.21,40.2,-2.55,-101.4,22.95,50.053,
2022-12-14 14:23:01,231 ; Ahrs1 ; -1005.37,53.71,77.64,1.5,-2.32,-3.11,39.45,-4.05,-101.4,23.09,50.053,
2022-12-14 14:23:01,252 ; Ahrs1 ; -1002.44,43.46,88.38,1.27,0.02,-4.02,39.45,-4.05,-101.4,23.14,50.053,
2022-12-14 14:23:01,255 ; Ahrs1 ; -998.05,48.34,85.94,3.56,-0.73,-0.64,40.65,-3.9,-101.1,23.29,50.053,
2022-12-14 14:23:01,291 ; Ahrs1 ; -998.05,41.5,73.24,2.6,1.66,-2.9,40.2,-4.05,-102.0,22.81,50.053,
2022-12-14 14:23:01,295 ; Ahrs1 ; -1007.81,52.25,74.71,3.98,1.02,-3.11,38.25,-4.5,-100.95,23.05,50.053,
2022-12-14 14:23:01,331 ; Ahrs1 ; -999.51,37.11,84.96,0.8,2.13,-3.73,38.7,-2.25,-101.4,23.24,50.053,
2022-12-14 14:23:01,338 ; Ahrs1 ; -1009.77,54.69,89.36,0.66,0.74,-3.69,39.9,-2.7,-101.55,23.24,50.053,
2022-12-14 14:23:01,352 ; Ahrs1 ; -992.19,45.41,93.75,2.02,0.29,-5.06,39.9,-2.7,-101.55,23.24,50.052,
2022-12-14 14:23:01,377 ; Ahrs1 ; -1010.74,36.62,82.52,2.29,0.35,-3.38,39.3,-3.9,-101.55,23.09,50.052,
2022-12-14 14:23:01,410 ; Ahrs1 ; -1003.91,47.85,82.03,0.63,-1.11,-4.97,40.5,-2.55,-101.4,22.95,50.052,
2022-12-14 14:23:01,414 ; Ahrs1 ; -1001.46,55.18,83.98,3.04,-4.06,-5.95,39.6,-3.15,-100.5,23.14,50.052,
2022-12-14 14:23:01,417 ; Ahrs1 ; -1004.39,44.43,73.24,2.18,1.26,-2.16,40.2,-2.55,-101.4,23.14,50.052,
2022-12-14 14:23:01,453 ; Ahrs1 ; -1005.37,41.5,83.98,1.96,-2.31,-1.39,39.0,-3.3,-101.7,23.29,50.052,
2022-12-14 14:23:01,456 ; Ahrs1 ; -999.51,51.27,98.14,0.6,0.72,-4.8,38.85,-3.15,-101.85,22.95,50.052,
2022-12-14 14:23:01,492 ; Ahrs1 ; -1003.42,43.46,78.13,4.02,-1.27,-5.35,39.6,-2.7,-101.55,23.05,50.052,
2022-12-14 14:23:01,496 ; Ahrs1 ; -1002.44,45.41,73.73,0.63,-0.02,-5.34,39.75,-3.3,-102.0,23.09,50.052,
2022-12-14 14:23:01,512 ; Ahrs1 ; -1005.37,49.32,80.08,4.02,-1.93,-2.02,39.6,-3.6,-101.1,23.14,50.051,
2022-12-14 14:23:01,532 ; Ahrs1 ; -1001.46,56.15,88.38,0.14,1.57,-4.93,40.35,-3.15,-101.1,23.09,50.051,
2022-12-14 14:23:01,552 ; Ahrs1 ; -998.54,35.64,77.15,2.42,-0.34,-5.32,40.2,-3.0,-102.45,23.09,50.051,
2022-12-14 14:23:01,573 ; Ahrs1 ; -997.56,44.92,95.7,0.81,2.27,-3.15,38.25,-3.3,-101.7,23.14,50.051,
2022-12-14 14:23:01,592 ; Ahrs1 ; -995.12,50.78,70.8,2.97,-2.05,-4.35,38.25,-3.3,-101.7,23.09,50.051,
2022-12-14 14:23:01,612 ; Ahrs1 ; -1000.98,43.46,81.05,1.69,3.32,-5.17,40.35,-4.35,-100.8,23.24,50.051,
2022-12-14 14:23:01,632 ; Ahrs1 ; -1004.88,52.73,81.54,2.22,0.97,-1.06,40.65,-3.15,-101.1,23.24,50.051,
2022-12-14 14:23:01,652 ; Ahrs1 ; -1005.86,55.18,79.59,2.39,4.66,-5.6,40.35,-3.6,-100.5,23.05,50.051,
2022-12-14 14:23:01,672 ; Ahrs1 ; -1007.32,50.78,87.89,2.77,-2.88,-3.02,39.9,-2.7,-101.85,22.81,50.051,
2022-12-14 14:23:01,693 ; Ahrs1 ; -1006.35,44.43,76.17,1.94,3.54,-2.02,39.3,-2.7,-100.8,23.09,50.051,
2022-12-14 14:23:01,711 ; Ahrs1 ; -1004.88,47.85,101.56,4.25,0.43,-3.53,39.6,-4.35,-101.55,23.43,50.05,
2022-12-14 14:23:01,732 ; Ahrs1 ; -1001.46,43.46,70.31,0.06,0.83,-7.45,40.35,-3.15,-99.3,23.14,50.05,
2022-12-14 14:23:01,752 ; Ahrs1 ; -999.51,53.22,86.43,3.27,-1.32,-3.87,40.65,-3.15,-101.1,22.81,50.05,
2022-12-14 14:23:01,773 ; Ahrs1 ; -1001.46,55.66,73.24,1.95,0.22,-3.88,40.2,-3.0,-102.0,23.14,50.05,
2022-12-14 14:23:01,793 ; Ahrs1 ; -1001.95,49.32,74.71,2.18,0.73,-5.7,40.35,-4.65,-100.5,23.24,50.05,
2022-12-14 14:23:01,812 ; Ahrs1 ; -999.02,53.71,79.59,1.93,3.2,-5.87,40.95,-4.5,-101.4,23.24,50.05,
2022-12-14 14:23:01,832 ; Ahrs1 ; -1004.39,48.34,82.03,2.4,0.79,-5.19,40.95,-4.5,-101.4,23.09,50.05,
2022-12-14 14:23:01,852 ; Ahrs1 ; -1008.3,48.34,93.75,3.31,-3.25,-5.85,39.0,-2.25,-102.0,22.81,50.05,
2022-12-14 14:23:01,873 ; Ahrs1 ; -998.05,36.62,84.96,3.12,0.08,-7.36,39.0,-3.3,-102.45,23.14,50.05,
2022-12-14 14:23:01,892 ; Ahrs1 ; -979.0,51.27,77.15,3.55,-2.55,-4.25,40.95,-3.3,-102.75,23.14,50.05,
2022-12-14 14:23:01,913 ; Ahrs1 ; -991.21,49.8,83.01,-1.43,1.82,-3.83,40.65,-4.35,-102.3,23.29,50.049,
2022-12-14 14:23:01,933 ; Ahrs1 ; -995.12,43.95,79.1,3.11,-1.11,-5.66,39.6,-3.9,-101.55,23.29,50.049,
2022-12-14 14:23:01,953 ; Ahrs1 ; -1005.37,49.32,87.89,-0.92,0.31,-6.53,39.6,-3.9,-101.55,22.95,50.049,
2022-12-14 14:23:01,973 ; Ahrs1 ; -1012.21,50.78,82.52,2.22,-3.56,-2.93,38.85,-3.9,-101.1,23.14,50.049,
2022-12-14 14:23:01,992 ; Ahrs1 ; -1000.98,34.67,87.4,2.12,-1.39,-3.68,40.2,-3.75,-100.95,23.14,50.049,
2022-12-14 14:23:02,013 ; Ahrs1 ; -1006.84,41.99,80.08,1.08,-0.15,-0.41,38.85,-2.7,-102.6,23.09,50.049,
2022-12-14 14:23:02,034 ; Ahrs1 ; -1001.46,50.78,86.91,2.02,3.24,-5.0,39.75,-2.55,-100.95,23.29,50.049,
2022-12-14 14:23:02,054 ; Ahrs1 ; -996.58,50.29,67.38,2.42,-3.33,-4.24,40.35,-4.35,-101.85,22.81,50.049,
2022-12-14 14:23:02,073 ; Ahrs1 ; -1006.35,35.64,80.57,-0.08,0.56,-3.06,40.2,-3.75,-100.2,23.24,50.049,
2022-12-14 14:23:02,092 ; Ahrs1 ; -994.63,52.73,82.52,2.92,-0.46,-1.15,39.9,-3.9,-102.3,23.14,50.049,
2022-12-14 14:23:02,113 ; Ahrs1 ; -996.58,51.27,83.01,1.47,-0.23,-3.64,39.75,-3.3,-101.4,23.24,50.048,
2022-12-14 14:23:02,133 ; Ahrs1 ; -1005.37,50.78,88.87,4.75,0.31,-1.98,39.75,-2.55,-100.95,23.14,50.048,
2022-12-14 14:23:02,153 ; Ahrs1 ; -990.23,51.76,83.98,2.08,0.05,-8.54,41.25,-3.3,-100.95,22.9,50.048,
2022-12-14 14:23:02,173 ; Ahrs1 ; -982.42,37.11,89.36,1.51,0.5,-3.08,41.25,-3.3,-100.95,23.29,50.048,
2022-12-14 14:23:02,193 ; Ahrs1 ; -1004.88,56.64,67.87,0.82,3.07,-3.47,39.6,-3.9,-101.55,23.33,50.048,
2022-12-14 14:23:02,213 ; Ahrs1 ; -998.05,55.18,77.64,1.71,-0.27,-0.82,39.6,-2.7,-102.3,23.14,50.048,
2022-12-14 14:23:02,233 ; Ahrs1 ; -1002.93,44.92,75.2,1.79,-2.33,-3.25,39.9,-4.65,-102.3,23.09,50.048,
2022-12-14 14:23:02,253 ; Ahrs1 ; -991.21,42.97,75.68,2.2,-2.02,-3.92,39.3,-3.6,-102.3,23.09,50.048,
2022-12-14 14:23:02,273 ; Ahrs1 ; -998.54,40.53,70.8,2.8,-0.79,-3.01,39.3,-3.15,-101.85,23.24,50.048,
2022-12-14 14:23:02,294 ; Ahrs1 ; -1010.74,40.53,79.59,1.53,1.46,-4.35,39.3,-3.15,-101.85,23.24,50.048,
2022-12-14 14:23:02,314 ; Ahrs1 ; -992.68,48.34,74.22,3.57,2.29,-5.33,39.45,-3.3,-101.4,23.33,50.048,
2022-12-14 14:23:02,333 ; Ahrs1 ; -1008.3,53.22,72.75,1.09,1.26,-4.36,39.6,-3.9,-103.35,23.09,50.047,
2022-12-14 14:23:02,354 ; Ahrs1 ; -999.51,44.92,83.98,3.85,-2.92,0.48,39.45,-3.0,-100.95,22.9,50.047,
2022-12-14 14:23:02,373 ; Ahrs1 ; -1006.35,41.5,77.64,4.08,1.21,-5.85,40.65,-3.15,-101.85,23.09,50.047,
2022-12-14 14:23:02,393 ; Ahrs1 ; -1003.42,35.64,83.5,4.45,-0.13,-1.06,42.45,-3.6,-101.55,23.14,50.047,
2022-12-14 14:23:02,412 ; Ahrs1 ; -998.05,53.71,89.36,1.6,0.0,-5.53,42.45,-3.6,-101.55,23.14,50.047,
2022-12-14 14:23:02,433 ; Ahrs1 ; -1000.49,45.41,72.75,3.98,-0.66,-4.42,39.6,-3.15,-101.85,22.9,50.047,
2022-12-14 14:23:02,453 ; Ahrs1 ; -1003.42,45.9,73.73,3.46,0.83,-5.82,39.75,-2.55,-100.95,23.14,50.047,
2022-12-14 14:23:02,473 ; Ahrs1 ; -987.79,45.41,84.47,1.65,-0.87,-3.03,40.2,-4.5,-102.45,23.14,50.047,
2022-12-14 14:23:02,516 ; Ahrs1 ; -991.21,41.5,80.08,4.56,0.46,-5.89,39.9,-3.6,-101.55,23.24,50.047,
2022-12-14 14:23:02,518 ; Ahrs1 ; -1000.98,44.43,88.87,1.98,-0.1,0.02,39.45,-4.5,-101.4,23.05,50.047,
2022-12-14 14:23:02,555 ; Ahrs1 ; -1009.28,55.66,86.43,0.81,1.85,-3.69,39.45,-4.5,-101.4,22.81,50.047,
2022-12-14 14:23:02,558 ; Ahrs1 ; -1000.49,45.41,87.4,3.08,-2.2,-3.93,39.0,-3.0,-100.95,22.95,50.047,
2022-12-14 14:23:02,593 ; Ahrs1 ; -991.21,46.88,72.75,1.26,1.36,-5.66,39.3,-4.35,-102.3,23.24,50.046,
2022-12-14 14:23:02,614 ; Ahrs1 ; -988.77,55.18,78.61,4.53,-3.14,-1.89,39.6,-2.4,-101.55,22.95,50.046,
2022-12-14 14:23:02,617 ; Ahrs1 ; -1009.28,46.88,83.01,0.37,1.47,-5.63,39.45,-3.75,-101.4,23.24,50.046,
2022-12-14 14:23:02,634 ; Ahrs1 ; -1000.0,32.71,70.8,1.98,-2.35,-4.63,41.1,-3.15,-100.5,22.71,50.046,
2022-12-14 14:23:02,654 ; Ahrs1 ; -990.72,58.11,88.38,3.48,0.99,-5.44,41.1,-3.15,-100.5,23.05,50.046,
2022-12-14 14:23:02,674 ; Ahrs1 ; -1000.0,40.04,82.52,2.56,0.27,-1.92,38.25,-3.3,-102.75,22.9,50.046,
2022-12-14 14:23:02,693 ; Ahrs1 ; -1000.0,63.48,86.91,1.06,1.04,-1.76,39.9,-3.9,-101.55,23.14,50.046,
2022-12-14 14:23:02,714 ; Ahrs1 ; -1003.91,36.62,78.61,2.72,-1.21,-2.88,39.6,-3.6,-101.1,23.14,50.046,
2022-12-14 14:23:02,734 ; Ahrs1 ; -990.72,56.64,83.98,1.63,0.74,-5.5,39.45,-4.05,-101.7,22.81,50.046,
2022-12-14 14:23:02,754 ; Ahrs1 ; -997.56,44.92,81.54,3.23,-1.82,0.46,39.9,-3.6,-101.1,23.24,50.046,
2022-12-14 14:23:02,773 ; Ahrs1 ; -1002.93,42.97,87.89,1.21,0.63,-1.14,39.9,-3.6,-101.1,23.24,50.046,
2022-12-14 14:23:02,795 ; Ahrs1 ; -1005.86,43.46,75.2,2.8,-1.69,-2.77,39.9,-3.6,-100.05,23.29,50.045,
2022-12-14 14:23:02,814 ; Ahrs1 ; -1007.32,38.09,85.94,1.44,3.28,-2.52,39.75,-4.8,-101.4,23.14,50.045,
2022-12-14 14:23:02,835 ; Ahrs1 ; -990.72,53.22,83.01,1.61,-1.68,-0.26,39.9,-3.9,-101.55,23.24,50.045,
2022-12-14 14:23:02,854 ; Ahrs1 ; -991.7,47.85,80.57,-1.21,-0.95,-3.69,39.75,-4.05,-101.4,23.09,50.045,
2022-12-14 14:23:02,875 ; Ahrs1 ; -1000.0,41.99,78.61,2.73,-2.03,-1.85,39.3,-3.9,-102.9,23.14,50.045,
2022-12-14 14:23:02,894 ; Ahrs1 ; -1009.28,45.41,83.5,1.67,-0.9,-2.66,39.3,-3.9,-102.9,23.14,50.045,
2022-12-14 14:23:02,914 ; Ahrs1 ; -1018.07,58.11,93.75,1.4,1.46,-4.95,40.35,-4.35,-101.1,22.95,50.045,
2022-12-14 14:23:02,934 ; Ahrs1 ; -1006.84,42.97,62.5,3.16,-2.42,-1.74,39.9,-3.6,-101.85,23.09,50.045,
2022-12-14 14:23:02,954 ; Ahrs1 ; -991.7,44.92,85.94,3.72,0.8,-3.92,40.2,-4.8,-101.7,23.24,50.045,
2022-12-14 14:23:02,974 ; Ahrs1 ; -996.58,49.32,84.47,5.24,-0.89,-5.66,39.6,-3.6,-102.3,22.95,50.045,
2022-12-14 14:23:02,995 ; Ahrs1 ; -1004.88,40.04,78.61,1.99,3.61,-6.11,40.95,-2.55,-102.0,23.29,50.045,
2022-12-14 14:23:03,014 ; Ahrs1 ; -1003.42,35.64,73.73,1.85,1.38,-3.38,40.95,-2.55,-102.0,22.95,50.045,
2022-12-14 14:23:03,034 ; Ahrs1 ; -999.51,37.11,87.4,2.12,-0.15,-4.65,40.95,-5.55,-101.4,23.24,50.045,
2022-12-14 14:23:03,074 ; Ahrs1 ; -1005.86,50.29,90.82,1.56,0.38,-1.62,40.35,-1.95,-102.9,23.14,50.044,
2022-12-14 14:23:03,095 ; Ahrs1 ; -994.63,51.76,81.54,1.86,3.99,-4.65,39.75,-3.0,-101.4,23.24,50.044,
2022-12-14 14:23:03,117 ; Ahrs1 ; -991.7,52.73,92.77,2.53,-0.87,-3.81,40.2,-3.3,-100.2,23.14,50.044,
2022-12-14 14:23:03,137 ; Ahrs1 ; -994.63,52.25,81.05,3.08,0.45,-5.54,40.35,-4.35,-101.85,22.9,50.044,
2022-12-14 14:23:03,157 ; Ahrs1 ; -993.16,43.95,91.31,3.37,-3.79,-3.51,40.35,-4.35,-101.85,23.33,50.044,
2022-12-14 14:23:03,160 ; Ahrs1 ; -1006.84,49.8,82.03,1.5,1.7,-4.3,39.3,-3.9,-101.1,23.24,50.044,
2022-12-14 14:23:03,198 ; Ahrs1 ; -995.61,44.92,86.91,4.83,-2.6,-3.1,39.3,-4.35,-102.6,23.24,50.044,
2022-12-14 14:23:03,200 ; Ahrs1 ; -994.14,42.48,87.89,1.89,-1.06,-3.2,38.7,-3.0,-101.4,23.29,50.044,
2022-12-14 14:23:03,205 ; Ahrs1 ; -999.02,47.36,71.29,4.44,-0.73,-3.2,40.2,-4.05,-101.4,22.9,50.044,
2022-12-14 14:23:03,235 ; Ahrs1 ; -993.65,44.92,76.66,2.94,-0.63,-0.97,39.6,-3.6,-102.6,22.9,50.044,
2022-12-14 14:23:03,255 ; Ahrs1 ; -997.07,52.25,78.61,4.89,-0.26,-3.82,39.6,-3.6,-102.6,23.09,50.044,
2022-12-14 14:23:03,275 ; Ahrs1 ; -993.65,38.09,66.41,2.53,3.63,-2.47,40.35,-2.7,-102.9,23.14,50.044,
2022-12-14 14:23:03,295 ; Ahrs1 ; -1011.23,42.48,82.52,4.02,-2.32,-5.2,39.0,-3.3,-101.7,23.05,50.044,
2022-12-14 14:23:03,315 ; Ahrs1 ; -999.51,52.25,81.54,3.0,2.17,-8.37,39.75,-3.3,-102.0,22.95,50.043,
2022-12-14 14:23:03,335 ; Ahrs1 ; -994.63,42.97,77.64,2.42,2.03,-1.95,38.7,-3.3,-101.4,23.14,50.043,
2022-12-14 14:23:03,355 ; Ahrs1 ; -1000.0,53.22,89.84,3.33,2.19,-5.56,40.5,-3.3,-102.45,23.33,50.043,
2022-12-14 14:23:03,375 ; Ahrs1 ; -999.02,50.78,78.61,0.31,-0.59,-6.61,40.5,-3.3,-102.45,23.33,50.043,
2022-12-14 14:23:03,395 ; Ahrs1 ; -993.65,47.36,80.08,1.47,1.08,-4.19,38.25,-4.5,-102.45,22.81,50.043,
2022-12-14 14:23:03,415 ; Ahrs1 ; -984.38,55.18,86.43,4.05,-0.92,-4.36,38.85,-4.35,-102.3,23.09,50.043,
2022-12-14 14:23:03,435 ; Ahrs1 ; -1002.44,47.85,84.47,3.03,-1.34,-1.85,39.9,-2.7,-101.55,23.09,50.043,
2022-12-14 14:23:03,455 ; Ahrs1 ; -1001.95,52.25,74.22,0.91,1.42,-4.3,39.6,-3.6,-102.6,23.09,50.043,
2022-12-14 14:23:03,476 ; Ahrs1 ; -998.54,44.43,85.94,1.63,-0.63,-3.14,39.3,-3.9,-102.3,23.09,50.043,
