2022-12-14 14:22:51,043 ; Ahrs2 ; 
2022-12-14 14:22:51,280 ; Ahrs2 ; 
2022-12-14 14:22:51,476 ; Ahrs2 ; 
2022-12-14 14:22:51,782 ; Ahrs2 ; 
2022-12-14 14:22:51,789 ; Ahrs2 ; 
2022-12-14 14:22:51,789 ; Ahrs2 ; 
2022-12-14 14:22:51,790 ; Ahrs2 ; 
2022-12-14 14:22:51,790 ; Ahrs2 ; 
2022-12-14 14:22:51,791 ; Ahrs2 ; 
2022-12-14 14:22:51,792 ; Ahrs2 ; 
2022-12-14 14:22:51,793 ; Ahrs2 ; 
2022-12-14 14:22:51,798 ; Ahrs2 ; -989.26,73.73,-1.46,1.03,0.98,-1.05,53.85,67.2,117.45,22.57,0.0,
2022-12-14 14:22:51,846 ; Ahrs2 ; -989.75,69.82,-19.53,-1.31,-1.15,0.15,53.55,67.5,117.15,22.81,100.0,
2022-12-14 14:22:51,880 ; Ahrs2 ; -1007.81,79.1,-0.49,0.64,-0.31,2.47,53.4,67.35,117.75,22.81,75.0,
2022-12-14 14:22:51,934 ; Ahrs2 ; -998.05,61.04,-3.91,1.18,-1.49,-2.11,54.15,66.9,118.35,22.71,66.667,
2022-12-14 14:22:51,961 ; Ahrs2 ; -995.61,67.87,-3.91,-0.22,1.74,-0.05,54.75,66.9,116.7,22.61,62.5,
2022-12-14 14:22:51,988 ; Ahrs2 ; -1000.0,79.59,-2.44,-0.08,1.4,0.58,53.4,67.65,117.75,22.81,60.0,
2022-12-14 14:22:52,037 ; Ahrs2 ; -1004.39,68.85,-3.91,-0.49,0.76,-4.32,54.15,67.35,116.25,22.76,58.333,
2022-12-14 14:22:52,118 ; Ahrs2 ; -1000.49,60.06,-4.88,-0.86,-1.64,-1.01,53.7,67.65,117.0,22.9,57.143,
2022-12-14 14:22:52,182 ; Ahrs2 ; -1002.93,63.48,-8.79,0.73,-0.97,-2.39,53.55,66.75,116.4,22.71,56.25,
2022-12-14 14:22:52,205 ; Ahrs2 ; -1010.25,70.8,-6.35,-0.68,-1.35,2.79,53.7,67.65,118.35,22.81,55.556,
2022-12-14 14:22:52,213 ; Ahrs2 ; -1007.81,65.92,6.84,0.02,2.69,-3.34,54.15,66.6,118.05,22.61,55.0,
2022-12-14 14:22:52,228 ; Ahrs2 ; -993.65,75.68,-2.44,0.03,2.27,-1.05,54.3,67.2,117.9,22.57,54.545,
2022-12-14 14:22:52,242 ; Ahrs2 ; -1004.88,85.94,-4.88,-1.21,1.11,-1.55,51.9,67.35,116.25,22.9,54.167,
2022-12-14 14:22:52,250 ; Ahrs2 ; -996.58,59.08,-8.79,-1.38,-0.57,0.59,52.05,67.2,118.65,22.42,53.846,
2022-12-14 14:22:52,264 ; Ahrs2 ; -1005.86,75.68,5.86,-0.15,-1.1,1.66,52.8,67.5,116.4,22.76,53.571,
2022-12-14 14:22:52,271 ; Ahrs2 ; -994.14,64.94,-6.84,-1.24,1.52,-1.4,53.55,66.75,117.9,22.57,53.333,
2022-12-14 14:22:52,280 ; Ahrs2 ; -1002.93,83.98,10.25,-1.06,0.71,-3.1,53.4,68.4,117.75,22.9,53.125,
2022-12-14 14:22:52,289 ; Ahrs2 ; -1001.46,70.8,-5.37,0.27,-0.08,0.53,52.35,68.4,117.0,22.57,52.941,
2022-12-14 14:22:52,298 ; Ahrs2 ; -1006.35,76.17,9.28,-0.84,1.18,0.4,54.15,67.35,116.7,22.81,52.778,
2022-12-14 14:22:52,308 ; Ahrs2 ; -997.56,70.8,-4.39,3.24,-1.22,-0.52,54.3,66.75,116.1,22.28,52.632,
2022-12-14 14:22:52,312 ; Ahrs2 ; -1000.98,71.78,-9.28,1.34,1.1,-0.76,53.85,68.55,117.9,22.81,52.5,
2022-12-14 14:22:52,331 ; Ahrs2 ; -997.07,70.31,3.91,0.92,0.37,-2.12,53.25,67.5,117.15,22.71,52.381,
2022-12-14 14:22:52,347 ; Ahrs2 ; -1000.49,72.75,-8.79,-1.38,0.93,1.53,54.15,68.4,117.3,22.81,52.273,
2022-12-14 14:22:52,351 ; Ahrs2 ; -1001.95,78.61,-9.77,-1.16,-0.94,-1.84,54.15,68.4,118.05,22.52,52.174,
2022-12-14 14:22:52,366 ; Ahrs2 ; -999.02,62.5,3.42,-1.58,1.79,5.8,54.3,67.95,116.85,22.9,52.083,
2022-12-14 14:22:52,371 ; Ahrs2 ; -996.58,70.8,0.0,1.82,-1.07,-3.77,53.7,67.35,116.25,22.9,52.0,
2022-12-14 14:22:52,386 ; Ahrs2 ; -987.3,87.4,-7.81,-1.34,1.56,-0.03,53.4,67.35,116.7,22.76,51.923,
2022-12-14 14:22:52,392 ; Ahrs2 ; -1002.93,86.91,-10.25,-1.14,-0.1,2.37,54.15,66.9,117.0,22.76,51.852,
2022-12-14 14:22:52,408 ; Ahrs2 ; -1000.98,62.01,-4.88,0.27,-1.48,1.37,53.4,67.65,117.0,22.57,51.786,
2022-12-14 14:22:52,412 ; Ahrs2 ; -994.63,58.11,0.0,-0.24,1.75,-2.46,53.4,68.4,118.35,22.81,51.724,
2022-12-14 14:22:52,429 ; Ahrs2 ; -992.68,71.29,1.95,0.12,1.89,0.83,54.3,67.95,116.85,22.81,51.667,
2022-12-14 14:22:52,432 ; Ahrs2 ; -1000.98,71.29,0.0,-1.44,-1.82,3.48,52.95,69.6,117.3,22.9,51.613,
2022-12-14 14:22:52,449 ; Ahrs2 ; -1003.91,72.27,-11.23,-0.69,0.67,0.19,53.7,68.4,118.8,22.61,51.563,
2022-12-14 14:22:52,470 ; Ahrs2 ; -1002.93,77.15,-7.32,-1.44,0.96,-1.46,52.35,67.65,117.0,22.76,51.515,
2022-12-14 14:22:52,488 ; Ahrs2 ; -988.28,75.68,3.42,1.42,-2.83,-1.47,53.25,66.75,117.15,22.76,51.471,
2022-12-14 14:22:52,530 ; Ahrs2 ; -1004.39,80.57,9.28,0.47,-0.58,1.31,54.45,67.65,116.7,22.81,51.429,
2022-12-14 14:22:52,534 ; Ahrs2 ; -995.61,66.89,0.98,-0.85,-0.57,-0.43,53.7,67.35,117.0,22.57,51.389,
2022-12-14 14:22:52,547 ; Ahrs2 ; -997.56,64.94,-10.74,-1.95,1.51,4.15,53.7,66.9,118.8,22.71,51.351,
2022-12-14 14:22:52,569 ; Ahrs2 ; -1010.25,72.27,0.98,-1.48,0.27,-2.66,53.55,68.25,118.65,22.37,51.316,
2022-12-14 14:22:52,606 ; Ahrs2 ; -999.02,71.78,-5.37,0.37,-0.24,-0.02,53.25,67.95,116.85,22.81,51.282,
2022-12-14 14:22:52,611 ; Ahrs2 ; -1004.88,71.78,-9.28,-2.4,0.58,0.15,53.85,68.55,116.1,22.81,51.25,
2022-12-14 14:22:52,628 ; Ahrs2 ; -992.68,66.89,-0.98,0.78,0.57,1.08,53.4,66.6,118.05,22.81,51.22,
2022-12-14 14:22:52,647 ; Ahrs2 ; -992.68,74.22,-4.88,-0.68,2.02,1.05,53.7,66.9,116.7,22.61,51.19,
2022-12-14 14:22:52,668 ; Ahrs2 ; -1007.81,69.34,-3.91,0.03,0.92,-2.02,52.35,68.4,116.25,22.57,51.163,
2022-12-14 14:22:52,688 ; Ahrs2 ; -1007.81,79.59,3.42,2.16,1.06,0.82,52.65,66.15,116.7,22.81,51.136,
2022-12-14 14:22:52,708 ; Ahrs2 ; -991.21,69.82,2.44,0.28,-0.12,1.24,53.7,66.9,117.0,22.76,51.111,
2022-12-14 14:22:52,729 ; Ahrs2 ; -1011.72,78.61,-7.81,1.63,-0.91,-2.42,52.65,68.4,118.35,22.81,51.087,
2022-12-14 14:22:52,748 ; Ahrs2 ; -1000.0,65.43,-6.84,0.32,0.89,1.02,54.3,66.75,116.85,22.76,51.064,
2022-12-14 14:22:52,768 ; Ahrs2 ; -995.12,76.66,4.88,-0.96,1.11,1.98,54.6,67.95,116.85,22.76,51.042,
2022-12-14 14:22:52,789 ; Ahrs2 ; -1004.39,78.61,3.42,0.79,0.22,-2.94,53.7,66.9,117.0,22.81,51.02,
2022-12-14 14:22:52,808 ; Ahrs2 ; -998.05,77.15,7.81,1.21,-0.06,-0.28,52.95,67.35,117.0,22.76,51.0,
2022-12-14 14:22:52,828 ; Ahrs2 ; -1004.88,74.71,-3.91,0.07,0.11,-1.61,53.4,67.35,117.3,22.61,50.98,
2022-12-14 14:22:52,848 ; Ahrs2 ; -1000.98,66.89,0.0,0.34,-0.44,1.79,54.15,67.65,118.05,22.76,50.962,
2022-12-14 14:22:52,868 ; Ahrs2 ; -998.05,75.2,-8.79,0.24,0.08,0.73,53.55,67.2,117.45,22.57,50.943,
2022-12-14 14:22:52,888 ; Ahrs2 ; -1003.91,78.61,3.91,-0.15,-0.23,0.98,53.4,69.6,115.95,22.81,50.926,
2022-12-14 14:22:52,908 ; Ahrs2 ; -1003.91,72.27,10.74,-0.79,-0.85,-2.53,54.45,66.9,117.0,22.61,50.909,
2022-12-14 14:22:52,929 ; Ahrs2 ; -1002.93,77.15,5.37,-0.61,0.11,-1.02,52.95,67.35,116.25,22.76,50.893,
2022-12-14 14:22:52,948 ; Ahrs2 ; -995.12,72.27,-1.46,-1.55,0.4,3.63,53.85,67.5,118.2,22.61,50.877,
2022-12-14 14:22:52,968 ; Ahrs2 ; -995.61,69.34,-2.44,-0.15,0.31,0.4,53.25,67.5,117.45,22.76,50.862,
2022-12-14 14:22:52,988 ; Ahrs2 ; -998.54,74.71,-9.28,-0.43,3.56,-1.72,54.6,68.25,117.45,22.71,50.847,
2022-12-14 14:22:53,009 ; Ahrs2 ; -998.05,82.52,-6.84,-1.85,-1.05,-1.69,52.65,67.35,117.3,22.95,50.833,
2022-12-14 14:22:53,028 ; Ahrs2 ; -1000.0,65.92,4.39,0.74,-0.57,1.18,54.6,67.2,117.9,22.9,50.82,
2022-12-14 14:22:53,048 ; Ahrs2 ; -1001.46,65.43,-12.7,1.55,0.34,-2.17,53.85,67.5,117.15,22.81,50.806,
2022-12-14 14:22:53,087 ; Ahrs2 ; -992.68,73.73,-5.37,-2.0,0.86,1.45,53.55,69.0,117.15,22.52,50.794,
2022-12-14 14:22:53,107 ; Ahrs2 ; -1003.91,68.85,-4.39,-1.69,0.06,-1.37,53.25,67.5,117.45,22.9,50.781,
2022-12-14 14:22:53,111 ; Ahrs2 ; -995.12,71.78,-6.35,-0.63,0.24,-1.53,53.25,67.2,117.9,22.57,50.769,
2022-12-14 14:22:53,132 ; Ahrs2 ; -993.65,69.82,-3.42,1.02,-3.77,0.92,53.7,67.65,117.3,22.9,50.758,
2022-12-14 14:22:53,152 ; Ahrs2 ; -1006.84,82.03,-3.91,0.21,-0.81,0.04,54.9,66.45,117.9,22.81,50.746,
2022-12-14 14:22:53,187 ; Ahrs2 ; -994.63,64.94,8.3,1.3,-1.15,-0.41,54.3,67.5,117.15,22.76,50.735,
2022-12-14 14:22:53,208 ; Ahrs2 ; -1002.93,70.8,-2.44,0.96,1.82,-1.4,51.45,67.5,118.95,22.76,50.725,
2022-12-14 14:22:53,228 ; Ahrs2 ; -998.05,64.45,-6.35,-0.59,2.99,-3.25,53.4,67.65,115.2,22.95,50.714,
2022-12-14 14:22:53,612 ; Ahrs2 ; -995.12,74.71,0.49,3.04,-0.69,-1.11,53.4,68.1,117.0,22.76,50.704,
2022-12-14 14:22:53,620 ; Ahrs2 ; -984.38,67.38,-3.91,-1.37,-0.62,1.39,53.55,66.45,117.9,22.57,50.694,
2022-12-14 14:22:53,627 ; Ahrs2 ; -999.02,75.2,-0.98,0.56,2.11,4.09,53.55,66.75,117.15,22.76,50.685,
2022-12-14 14:22:53,630 ; Ahrs2 ; -1003.91,83.01,1.46,-1.7,2.19,-0.66,52.95,65.85,117.75,22.61,50.676,
2022-12-14 14:22:53,637 ; Ahrs2 ; -1001.95,69.34,5.37,-0.53,-0.24,0.08,52.5,67.5,117.9,22.81,50.667,
2022-12-14 14:22:53,642 ; Ahrs2 ; -999.02,76.17,2.44,-1.46,-1.12,-0.63,53.7,66.6,116.7,22.57,50.658,
2022-12-14 14:22:53,647 ; Ahrs2 ; -1008.79,67.87,-1.46,-0.76,0.93,-3.23,53.55,67.95,117.9,22.9,50.649,
2022-12-14 14:22:53,653 ; Ahrs2 ; -1002.93,72.27,-13.18,0.09,-1.44,0.51,53.85,67.95,116.1,22.71,50.641,
2022-12-14 14:22:53,664 ; Ahrs2 ; -1001.46,72.75,0.49,-0.67,1.63,4.08,54.15,66.6,117.3,23.05,50.633,
2022-12-14 14:22:53,676 ; Ahrs2 ; -1007.32,65.92,-3.42,-2.53,0.82,1.63,52.05,67.5,117.45,22.9,50.625,
2022-12-14 14:22:53,689 ; Ahrs2 ; -997.56,68.36,5.86,0.7,-0.19,-2.76,53.85,66.75,117.45,22.81,50.617,
2022-12-14 14:22:53,702 ; Ahrs2 ; -1001.46,70.8,9.77,-0.1,-0.02,2.44,54.3,68.55,116.85,22.57,50.61,
2022-12-14 14:22:53,713 ; Ahrs2 ; -998.05,70.8,6.35,-0.47,-0.74,-3.82,54.45,67.65,117.0,22.76,50.602,
2022-12-14 14:22:53,726 ; Ahrs2 ; -1001.46,70.31,0.98,1.18,0.34,-1.19,52.95,68.1,116.7,22.81,50.595,
2022-12-14 14:22:53,734 ; Ahrs2 ; -1000.0,69.34,3.42,-1.12,-1.52,1.06,52.95,68.1,116.7,22.81,50.588,
2022-12-14 14:22:53,751 ; Ahrs2 ; -1004.88,64.94,-1.46,-0.21,1.75,-1.63,53.7,68.4,117.3,22.81,50.581,
2022-12-14 14:22:53,754 ; Ahrs2 ; -994.14,80.57,-2.44,-1.06,1.24,-1.33,52.95,66.9,117.0,22.9,50.575,
2022-12-14 14:22:53,770 ; Ahrs2 ; -997.56,69.82,-14.16,0.08,-0.38,1.5,53.85,68.55,116.85,22.71,50.568,
2022-12-14 14:22:53,774 ; Ahrs2 ; -1009.77,62.99,-6.35,-1.08,-0.37,1.37,54.75,67.35,116.25,22.81,50.562,
2022-12-14 14:22:53,789 ; Ahrs2 ; -999.51,72.75,-7.81,-0.18,0.56,3.34,54.45,68.1,116.7,22.76,50.556,
2022-12-14 14:22:53,793 ; Ahrs2 ; -992.19,64.94,4.88,-0.15,0.73,-4.19,54.3,67.2,118.2,22.81,50.549,
2022-12-14 14:22:53,798 ; Ahrs2 ; -983.4,67.87,-0.98,-0.5,0.53,0.02,53.85,69.3,116.4,22.9,50.543,
2022-12-14 14:22:53,811 ; Ahrs2 ; -996.58,71.78,8.3,-2.74,0.92,-0.85,54.6,67.5,117.15,22.61,50.538,
2022-12-14 14:22:53,814 ; Ahrs2 ; -1011.72,70.31,-4.88,-0.75,-0.02,0.92,52.35,66.9,118.05,22.76,50.532,
2022-12-14 14:22:53,832 ; Ahrs2 ; -1011.23,79.1,11.72,-0.06,3.12,-3.99,53.7,65.4,115.95,22.76,50.526,
2022-12-14 14:22:53,835 ; Ahrs2 ; -1004.39,70.31,7.32,0.27,1.42,3.98,52.95,68.4,116.25,22.76,50.521,
2022-12-14 14:22:53,849 ; Ahrs2 ; -1001.46,66.89,-5.86,0.79,0.65,0.61,53.7,67.35,116.7,22.57,50.515,
2022-12-14 14:22:53,868 ; Ahrs2 ; -993.65,61.52,-2.44,-0.06,0.49,-1.77,53.25,67.5,115.8,22.76,50.51,
2022-12-14 14:22:53,872 ; Ahrs2 ; -985.84,72.75,10.25,0.94,0.29,-2.85,53.7,67.35,118.05,22.81,50.505,
2022-12-14 14:22:53,874 ; Ahrs2 ; -1009.28,72.27,0.49,1.12,1.05,0.84,53.85,67.2,117.45,22.9,50.5,
2022-12-14 14:22:53,892 ; Ahrs2 ; -1005.86,82.03,-14.65,0.4,1.79,-1.94,53.25,68.25,118.95,22.81,50.495,
2022-12-14 14:22:53,894 ; Ahrs2 ; -995.61,68.85,4.88,-0.22,1.06,-0.85,52.95,67.65,118.35,22.71,50.49,
2022-12-14 14:22:53,910 ; Ahrs2 ; -999.02,61.52,0.0,-2.4,0.63,2.04,54.9,66.0,118.2,22.81,50.485,
2022-12-14 14:22:53,928 ; Ahrs2 ; -993.16,72.27,-8.3,-2.44,1.23,-0.87,53.85,67.95,117.15,22.81,50.481,
2022-12-14 14:22:53,933 ; Ahrs2 ; -999.51,78.61,-9.77,1.46,-2.24,-0.64,53.55,66.75,115.8,22.76,50.476,
2022-12-14 14:22:53,948 ; Ahrs2 ; -986.82,73.24,3.42,-0.64,1.85,-1.44,53.4,66.6,118.05,22.81,50.472,
2022-12-14 14:22:53,952 ; Ahrs2 ; -993.65,71.78,0.49,-1.0,0.12,0.35,53.55,67.2,117.9,22.81,50.467,
2022-12-14 14:22:53,970 ; Ahrs2 ; -999.02,81.05,8.79,-2.81,2.06,-2.56,53.25,66.45,117.15,22.57,50.463,
2022-12-14 14:22:53,990 ; Ahrs2 ; -999.02,71.78,5.37,-1.79,1.76,1.64,52.5,68.55,117.15,22.81,50.459,
2022-12-14 14:22:54,009 ; Ahrs2 ; -1002.93,61.52,-12.21,1.83,1.83,-0.3,52.8,68.55,117.15,22.76,50.455,
2022-12-14 14:22:54,030 ; Ahrs2 ; -1008.79,66.89,5.37,-0.14,2.16,0.84,54.6,66.45,117.15,22.81,50.45,
2022-12-14 14:22:54,049 ; Ahrs2 ; -1000.0,73.73,10.25,1.06,1.04,1.29,53.25,68.25,117.15,22.61,50.446,
2022-12-14 14:22:54,090 ; Ahrs2 ; -1003.42,75.2,-6.84,0.33,1.14,0.37,54.15,68.4,117.3,22.76,50.442,
2022-12-14 14:22:54,110 ; Ahrs2 ; -1001.95,67.38,-1.46,1.05,1.89,-1.1,52.5,67.95,116.4,22.61,50.439,
2022-12-14 14:22:54,130 ; Ahrs2 ; -995.61,67.87,6.84,-1.4,0.99,-0.51,53.85,67.95,118.95,22.81,50.435,
2022-12-14 14:22:54,133 ; Ahrs2 ; -1000.0,69.82,-12.7,0.79,1.73,1.28,51.75,66.75,117.15,22.76,50.431,
2022-12-14 14:22:54,174 ; Ahrs2 ; -994.63,58.11,-10.25,0.06,0.07,-3.22,53.25,68.25,117.45,22.76,50.427,
2022-12-14 14:22:54,209 ; Ahrs2 ; -1000.49,74.71,9.28,-0.69,-0.52,1.03,54.75,66.9,115.65,22.61,50.424,
2022-12-14 14:22:54,212 ; Ahrs2 ; -995.12,65.43,-3.91,0.25,1.16,0.07,52.95,66.9,116.25,22.81,50.42,
2022-12-14 14:22:54,215 ; Ahrs2 ; -994.14,74.22,-1.95,-0.61,0.28,-1.41,54.3,67.2,117.15,22.76,50.417,
2022-12-14 14:22:54,255 ; Ahrs2 ; -1001.46,72.75,-10.74,-0.22,-1.25,-1.37,54.15,67.35,117.3,22.81,50.413,
2022-12-14 14:22:54,270 ; Ahrs2 ; -997.56,77.15,2.44,0.4,-1.6,2.91,52.65,66.9,117.3,22.9,50.41,
2022-12-14 14:22:54,290 ; Ahrs2 ; -1001.95,73.24,5.37,0.2,-0.96,0.67,53.25,67.2,115.8,22.76,50.407,
2022-12-14 14:22:54,293 ; Ahrs2 ; -998.05,56.64,15.63,-0.43,1.12,-1.26,53.4,68.1,117.3,22.95,50.403,
2022-12-14 14:22:54,330 ; Ahrs2 ; -996.58,71.29,7.81,0.15,2.21,0.88,53.4,66.6,117.3,22.76,50.4,
2022-12-14 14:22:54,333 ; Ahrs2 ; -1004.88,70.31,7.32,0.78,-1.14,-3.96,53.4,66.9,115.95,22.81,50.397,
2022-12-14 14:22:54,370 ; Ahrs2 ; -1002.93,77.64,-11.23,0.18,-0.92,1.52,53.85,68.55,116.4,22.81,50.394,
2022-12-14 14:22:54,374 ; Ahrs2 ; -1004.88,67.38,-0.98,1.42,-2.88,2.02,52.95,66.9,117.0,22.57,50.391,
2022-12-14 14:22:54,410 ; Ahrs2 ; -1000.0,68.36,2.93,0.44,-0.7,-3.44,53.85,66.45,118.95,22.81,50.388,
2022-12-14 14:22:54,414 ; Ahrs2 ; -990.72,63.48,0.49,1.15,1.52,2.08,52.95,68.1,117.3,22.76,50.385,
2022-12-14 14:22:54,450 ; Ahrs2 ; -991.7,70.31,-3.42,-1.14,1.79,-0.85,53.4,67.35,116.25,22.52,50.382,
2022-12-14 14:22:54,454 ; Ahrs2 ; -1007.81,74.22,2.93,0.82,-0.82,-2.64,53.25,67.5,116.1,22.76,50.379,
2022-12-14 14:22:54,490 ; Ahrs2 ; -1001.46,76.66,3.91,1.14,0.85,0.98,54.75,67.35,117.0,22.57,50.376,
2022-12-14 14:22:54,512 ; Ahrs2 ; -997.56,69.34,-3.42,-0.33,-0.39,-0.42,55.2,67.65,117.0,22.9,50.373,
2022-12-14 14:22:54,514 ; Ahrs2 ; -991.21,73.73,-14.16,0.11,2.02,0.05,53.55,67.5,117.15,22.76,50.37,
2022-12-14 14:22:54,550 ; Ahrs2 ; -1001.46,73.24,-2.44,-0.05,-0.63,0.09,54.15,68.4,117.3,22.71,50.368,
2022-12-14 14:22:54,554 ; Ahrs2 ; -1003.42,76.66,-0.49,-0.73,0.67,-3.26,54.3,68.25,117.15,22.95,50.365,
2022-12-14 14:22:54,590 ; Ahrs2 ; -1000.0,76.17,1.46,-0.85,-0.46,1.98,53.4,67.65,117.15,22.95,50.362,
2022-12-14 14:22:54,594 ; Ahrs2 ; -1005.86,71.29,2.93,0.66,-0.6,-1.42,52.65,66.9,117.0,22.95,50.36,
2022-12-14 14:22:54,614 ; Ahrs2 ; -1003.91,64.45,-2.44,-0.37,0.08,-2.46,53.55,67.5,114.75,22.81,50.357,
2022-12-14 14:22:54,631 ; Ahrs2 ; -1000.0,68.85,-17.58,-2.15,1.14,-1.5,54.15,67.35,117.75,22.95,50.177,
2022-12-14 14:22:54,650 ; Ahrs2 ; -993.65,66.41,7.81,-1.13,1.69,-0.45,53.25,66.45,116.4,22.81,50.175,
2022-12-14 14:22:54,672 ; Ahrs2 ; -997.56,72.75,0.98,-2.08,0.95,-1.39,53.55,68.25,117.45,22.76,50.174,
2022-12-14 14:22:54,690 ; Ahrs2 ; -1004.88,69.34,3.91,-0.08,0.03,-0.08,52.65,67.35,115.65,22.57,50.173,
2022-12-14 14:22:54,711 ; Ahrs2 ; -1002.93,74.71,-1.46,1.79,1.76,-2.79,53.25,67.2,117.45,22.61,50.172,
2022-12-14 14:22:54,730 ; Ahrs2 ; -1008.79,80.57,-6.35,-1.97,1.78,0.24,51.9,66.6,116.7,22.37,50.171,
2022-12-14 14:22:54,752 ; Ahrs2 ; -1004.88,79.59,11.23,0.3,0.74,-2.66,52.8,67.95,116.85,22.61,50.169,
2022-12-14 14:22:54,770 ; Ahrs2 ; -996.58,72.27,-7.32,-0.6,1.36,1.47,54.3,67.5,116.1,22.42,50.168,
2022-12-14 14:22:54,790 ; Ahrs2 ; -1007.32,84.47,-4.39,0.8,-1.87,0.23,54.75,68.1,117.0,23.05,50.167,
2022-12-14 14:22:54,811 ; Ahrs2 ; -1005.37,69.82,-0.98,0.29,-1.85,1.63,52.65,66.6,117.3,22.81,50.166,
2022-12-14 14:22:54,831 ; Ahrs2 ; -1007.81,66.89,9.28,-0.02,0.69,-2.18,53.7,67.35,117.3,22.9,50.165,
2022-12-14 14:22:54,851 ; Ahrs2 ; -999.02,76.17,-6.84,-0.83,1.89,-2.81,54.15,66.9,117.0,22.61,50.164,
2022-12-14 14:22:54,873 ; Ahrs2 ; -1003.91,59.57,7.32,-2.81,0.51,1.37,55.35,67.2,117.15,22.76,50.163,
2022-12-14 14:22:54,893 ; Ahrs2 ; -990.23,72.27,0.98,1.03,0.97,-3.35,53.7,67.65,118.05,22.61,50.162,
2022-12-14 14:22:54,910 ; Ahrs2 ; -989.26,73.24,-8.79,-0.27,2.44,1.49,54.15,68.1,115.95,22.76,50.161,
2022-12-14 14:22:54,931 ; Ahrs2 ; -1004.88,77.15,25.39,1.26,1.61,-0.68,52.8,67.95,117.15,22.76,50.16,
2022-12-14 14:22:54,951 ; Ahrs2 ; -990.72,75.2,-2.93,0.37,-0.07,-4.62,53.55,68.25,116.1,22.81,50.159,
2022-12-14 14:22:54,971 ; Ahrs2 ; -999.02,69.82,4.88,-0.77,0.89,-0.48,52.95,67.65,117.0,22.81,50.158,
2022-12-14 14:22:54,991 ; Ahrs2 ; -1009.28,73.24,3.91,-2.15,1.85,-0.7,53.25,69.3,117.15,22.76,50.157,
2022-12-14 14:22:55,012 ; Ahrs2 ; -1004.39,67.87,5.86,0.15,2.62,3.4,52.95,68.4,117.0,22.76,50.156,
2022-12-14 14:22:55,031 ; Ahrs2 ; -996.09,62.5,-10.25,0.72,-0.12,0.04,52.65,67.65,117.0,22.52,50.155,
2022-12-14 14:22:55,052 ; Ahrs2 ; -989.26,79.1,0.98,0.73,-2.33,2.85,53.55,67.95,115.35,22.52,50.154,
2022-12-14 14:22:55,094 ; Ahrs2 ; -990.23,63.96,3.91,-1.18,0.55,1.24,54.15,67.65,118.8,22.76,50.153,
2022-12-14 14:22:55,110 ; Ahrs2 ; -1008.3,79.59,4.39,-2.2,0.35,-2.17,52.8,68.25,116.85,22.57,50.152,
2022-12-14 14:22:55,131 ; Ahrs2 ; -999.02,71.78,-1.95,-1.93,2.1,0.53,52.8,69.0,117.15,22.37,50.151,
2022-12-14 14:22:55,168 ; Ahrs2 ; -992.19,77.15,-12.21,1.47,-0.36,-2.39,52.65,67.35,117.0,22.76,50.15,
2022-12-14 14:22:55,190 ; Ahrs2 ; -995.12,68.36,0.0,-0.11,1.63,1.97,51.9,65.85,117.75,22.57,50.149,
2022-12-14 14:22:55,213 ; Ahrs2 ; -1003.91,65.92,2.93,-2.05,-0.47,-1.76,53.7,68.1,117.3,22.81,50.148,
2022-12-14 14:22:55,215 ; Ahrs2 ; -1005.37,64.94,5.86,1.07,1.42,-1.07,52.95,66.9,118.35,22.81,50.147,
2022-12-14 14:22:55,250 ; Ahrs2 ; -999.51,65.43,-0.49,-1.53,-0.03,-0.56,52.95,67.35,116.25,22.81,50.147,
2022-12-14 14:22:55,253 ; Ahrs2 ; -999.02,75.2,9.77,-1.94,0.08,0.1,52.5,69.0,116.1,22.52,50.146,
2022-12-14 14:22:55,256 ; Ahrs2 ; -1003.42,78.61,7.32,-1.5,-2.98,1.77,54.45,67.65,118.35,22.71,50.145,
2022-12-14 14:22:55,296 ; Ahrs2 ; -994.14,70.31,-5.86,-0.98,-0.07,0.27,52.65,66.9,117.3,22.9,50.144,
2022-12-14 14:22:55,311 ; Ahrs2 ; -1006.35,69.34,5.86,0.04,1.42,0.5,54.45,67.35,117.75,22.76,50.143,
2022-12-14 14:22:55,332 ; Ahrs2 ; -1000.0,66.41,-2.44,-1.24,0.44,0.11,54.3,66.75,117.45,22.9,50.142,
2022-12-14 14:22:55,335 ; Ahrs2 ; -1008.79,69.34,2.44,-1.05,0.75,0.97,54.9,67.5,116.4,22.81,50.142,
2022-12-14 14:22:55,371 ; Ahrs2 ; -1006.35,66.41,22.46,1.04,2.14,0.05,52.65,66.9,118.05,22.76,50.141,
2022-12-14 14:22:55,375 ; Ahrs2 ; -988.28,70.8,0.49,0.17,1.49,0.63,52.65,67.65,116.25,22.57,50.14,
2022-12-14 14:22:55,418 ; Ahrs2 ; -996.09,64.45,-10.74,0.92,1.14,-0.37,53.25,66.75,116.85,22.95,50.139,
2022-12-14 14:22:55,432 ; Ahrs2 ; -999.51,67.87,-2.44,0.04,-1.41,-0.61,54.15,68.1,118.05,22.71,50.139,
2022-12-14 14:22:55,435 ; Ahrs2 ; -1005.86,72.75,-1.95,-3.55,0.4,1.89,53.4,66.6,118.35,22.9,50.138,
2022-12-14 14:22:55,471 ; Ahrs2 ; -1000.49,62.5,-3.91,-0.05,0.0,0.24,54.45,68.85,117.3,22.42,50.137,
2022-12-14 14:22:55,511 ; Ahrs2 ; -992.19,79.1,7.32,2.33,1.24,2.5,52.95,67.65,117.3,22.81,50.136,
2022-12-14 14:22:55,533 ; Ahrs2 ; -995.61,78.61,-4.39,-0.1,-0.21,-2.08,54.45,68.1,117.3,22.52,50.136,
2022-12-14 14:22:55,535 ; Ahrs2 ; -995.12,75.68,-4.39,-0.6,-1.25,-0.18,54.6,68.55,116.85,22.9,50.135,
2022-12-14 14:22:55,573 ; Ahrs2 ; -994.14,66.41,8.3,-0.21,-0.44,-2.02,53.7,67.65,116.7,22.81,50.134,
2022-12-14 14:22:55,575 ; Ahrs2 ; -1003.91,69.82,-2.44,-1.73,1.81,-0.99,52.05,67.5,116.85,22.76,50.133,
2022-12-14 14:22:55,611 ; Ahrs2 ; -996.58,60.06,1.46,-1.9,-0.44,-2.26,53.7,66.6,116.7,22.81,50.133,
2022-12-14 14:22:55,615 ; Ahrs2 ; -1004.88,72.27,0.98,0.13,0.71,3.77,53.7,66.6,117.0,22.81,50.132,
2022-12-14 14:22:55,620 ; Ahrs2 ; -999.51,65.92,-1.46,1.76,1.13,3.14,54.9,68.25,116.85,22.81,50.131,
2022-12-14 14:22:55,633 ; Ahrs2 ; -1004.39,62.01,-2.93,1.98,-0.39,-3.22,52.8,67.5,117.15,22.76,50.131,
2022-12-14 14:22:55,652 ; Ahrs2 ; -1000.0,78.13,-3.42,-1.4,0.97,-0.47,52.8,68.25,116.85,22.76,50.13,
2022-12-14 14:22:55,672 ; Ahrs2 ; -1015.63,81.54,-11.23,0.06,1.69,-1.37,52.65,69.15,118.35,22.81,50.129,
2022-12-14 14:22:55,693 ; Ahrs2 ; -996.58,62.5,2.44,1.17,-1.66,-0.95,52.65,68.85,116.7,22.76,50.129,
2022-12-14 14:22:55,711 ; Ahrs2 ; -997.56,63.48,10.25,-1.1,0.54,0.59,53.55,67.2,115.8,22.42,50.128,
2022-12-14 14:22:55,732 ; Ahrs2 ; -1027.34,66.89,-2.44,-0.52,-0.07,1.91,53.85,66.0,117.15,22.76,50.127,
2022-12-14 14:22:55,752 ; Ahrs2 ; -998.54,79.59,-4.39,0.48,2.18,0.28,53.4,67.35,117.0,22.95,50.127,
2022-12-14 14:22:55,771 ; Ahrs2 ; -1000.98,81.05,8.3,0.27,-0.31,0.73,51.75,66.0,116.1,22.81,50.126,
2022-12-14 14:22:55,791 ; Ahrs2 ; -994.63,60.55,-9.28,0.33,1.16,-1.85,52.5,68.25,117.45,22.42,50.125,
2022-12-14 14:22:55,812 ; Ahrs2 ; -1012.21,70.8,11.72,1.37,0.04,-2.05,53.25,68.55,117.15,22.9,50.125,
2022-12-14 14:22:55,833 ; Ahrs2 ; -988.77,58.59,6.84,0.23,0.79,2.37,53.25,67.5,117.15,22.28,50.124,
2022-12-14 14:22:55,852 ; Ahrs2 ; -1010.25,91.31,-10.74,-0.85,0.58,-0.92,53.25,67.5,118.2,22.57,50.123,
2022-12-14 14:22:55,871 ; Ahrs2 ; -1006.35,65.43,0.0,0.2,-1.53,0.86,52.95,67.35,117.0,22.76,50.123,
2022-12-14 14:22:55,893 ; Ahrs2 ; -998.54,67.87,16.11,1.57,-1.23,-4.89,53.25,68.55,118.95,22.76,50.122,
2022-12-14 14:22:55,914 ; Ahrs2 ; -991.21,67.87,-1.46,-1.77,2.19,-3.6,53.55,68.55,118.95,22.9,50.122,
2022-12-14 14:22:55,933 ; Ahrs2 ; -1012.21,82.03,-5.37,-0.6,1.02,0.2,53.25,67.2,116.85,22.71,50.121,
2022-12-14 14:22:55,952 ; Ahrs2 ; -1002.44,72.27,0.0,1.02,-0.18,2.26,52.8,68.55,117.9,22.81,50.12,
2022-12-14 14:22:55,972 ; Ahrs2 ; -995.61,68.85,10.25,-0.44,0.06,0.56,52.35,66.6,117.0,22.57,50.12,
2022-12-14 14:22:55,992 ; Ahrs2 ; -1002.44,83.01,12.21,-2.34,3.31,-0.69,52.95,67.35,116.7,22.76,50.119,
2022-12-14 14:22:56,012 ; Ahrs2 ; -995.12,87.4,-24.9,1.4,1.96,0.56,52.35,66.15,117.75,22.95,50.119,
2022-12-14 14:22:56,034 ; Ahrs2 ; -997.56,68.85,-1.46,-0.79,-1.74,-1.76,53.55,68.25,116.85,22.9,50.118,
2022-12-14 14:22:56,053 ; Ahrs2 ; -999.02,66.41,24.9,1.78,-0.28,-0.04,53.55,67.95,117.15,22.81,50.118,
2022-12-14 14:22:56,092 ; Ahrs2 ; -1002.93,71.29,-9.28,0.2,-0.74,0.33,52.65,66.9,117.0,22.76,50.117,
2022-12-14 14:22:56,112 ; Ahrs2 ; -996.58,68.36,-6.35,-1.15,0.4,-1.71,54.15,66.9,115.95,22.52,50.117,
2022-12-14 14:22:56,132 ; Ahrs2 ; -1006.35,64.94,15.63,-0.95,1.46,0.63,53.85,67.95,117.15,22.81,50.116,
2022-12-14 14:22:56,157 ; Ahrs2 ; -998.05,74.71,-4.39,-0.51,-0.13,0.07,53.4,65.85,117.0,22.81,50.115,
2022-12-14 14:22:56,172 ; Ahrs2 ; -1010.25,71.78,-17.58,0.24,-0.48,3.79,52.05,67.5,116.85,22.61,50.115,
2022-12-14 14:22:56,175 ; Ahrs2 ; -996.58,67.87,11.72,1.66,-0.73,-1.35,53.25,65.7,117.45,22.76,50.114,
2022-12-14 14:22:56,212 ; Ahrs2 ; -991.21,72.27,-0.49,-1.39,1.18,-1.43,53.85,68.25,117.15,22.71,50.114,
2022-12-14 14:22:56,234 ; Ahrs2 ; -997.07,74.71,-8.3,-1.21,-0.62,0.0,52.95,67.65,119.4,22.57,50.113,
2022-12-14 14:22:56,236 ; Ahrs2 ; -997.56,77.64,-4.88,-0.33,1.79,-2.28,53.7,67.65,116.7,22.81,50.113,
2022-12-14 14:22:56,272 ; Ahrs2 ; -1004.39,71.78,5.86,1.05,0.86,-0.45,53.7,68.1,116.7,22.61,50.112,
2022-12-14 14:22:56,292 ; Ahrs2 ; -1005.86,71.29,-0.49,-0.61,-0.31,0.92,52.8,67.2,116.1,22.76,50.112,
2022-12-14 14:22:56,296 ; Ahrs2 ; -990.23,86.91,-11.72,0.34,-0.86,0.61,52.8,67.2,118.65,22.76,50.111,
2022-12-14 14:22:56,332 ; Ahrs2 ; -1003.42,64.45,-3.42,-0.11,-0.56,2.41,53.25,68.25,116.4,22.57,50.111,
2022-12-14 14:22:56,336 ; Ahrs2 ; -984.86,73.24,4.88,-0.65,1.02,-0.3,53.4,66.15,117.0,22.76,50.11,
2022-12-14 14:22:56,372 ; Ahrs2 ; -996.58,76.66,6.35,-1.23,0.07,0.53,54.3,67.2,116.4,22.81,50.11,
2022-12-14 14:22:56,376 ; Ahrs2 ; -1000.0,77.64,-5.37,-0.8,0.17,3.13,53.4,68.1,116.7,22.76,50.109,
2022-12-14 14:22:56,412 ; Ahrs2 ; -999.51,75.2,1.95,-2.59,-0.21,3.8,52.35,67.35,117.75,22.61,50.109,
2022-12-14 14:22:56,431 ; Ahrs2 ; -992.68,74.71,2.44,-0.66,-0.08,-3.32,53.4,69.15,116.7,22.81,50.108,
2022-12-14 14:22:56,452 ; Ahrs2 ; -998.05,67.87,-6.35,-1.56,0.73,1.26,52.65,67.35,117.0,22.57,50.108,
2022-12-14 14:22:56,455 ; Ahrs2 ; -996.09,73.73,17.58,-0.49,1.29,0.79,52.35,67.35,117.0,22.9,50.108,
2022-12-14 14:22:56,492 ; Ahrs2 ; -993.16,64.45,11.72,-0.33,0.16,-1.1,52.65,68.1,117.75,22.81,50.107,
2022-12-14 14:22:56,496 ; Ahrs2 ; -994.14,69.34,0.49,0.05,-1.61,-0.85,53.25,68.55,117.9,22.81,50.107,
2022-12-14 14:22:56,532 ; Ahrs2 ; -998.54,70.31,9.77,0.99,0.33,-1.66,52.95,68.4,115.95,22.57,50.106,
2022-12-14 14:22:56,536 ; Ahrs2 ; -998.05,59.08,2.93,-1.15,1.63,0.4,52.5,67.95,117.15,22.57,50.106,
2022-12-14 14:22:56,573 ; Ahrs2 ; -994.63,73.24,-3.42,-0.51,1.19,1.29,52.95,66.15,117.0,22.57,50.105,
2022-12-14 14:22:56,593 ; Ahrs2 ; -1007.32,67.38,1.95,-0.82,0.72,1.22,52.8,68.25,116.85,22.81,50.105,
2022-12-14 14:22:56,614 ; Ahrs2 ; -998.05,57.13,6.35,-0.69,-0.04,0.03,52.5,67.5,117.9,22.57,50.104,
2022-12-14 14:22:56,617 ; Ahrs2 ; -993.65,76.17,-3.42,-1.79,-0.16,2.01,52.95,68.4,116.85,22.76,50.104,
2022-12-14 14:22:56,635 ; Ahrs2 ; -991.7,77.64,1.95,0.96,-0.92,0.67,53.4,68.1,117.75,22.9,50.104,
2022-12-14 14:22:56,654 ; Ahrs2 ; -1010.74,69.82,-13.67,-0.15,0.64,0.72,53.25,66.0,117.15,22.76,50.103,
2022-12-14 14:22:56,674 ; Ahrs2 ; -1004.88,64.94,1.46,-2.01,3.92,-0.87,52.8,67.5,117.15,22.76,50.103,
2022-12-14 14:22:56,693 ; Ahrs2 ; -1005.86,79.1,-4.39,-1.24,1.95,-1.47,54.15,68.4,118.05,22.61,50.102,
2022-12-14 14:22:56,713 ; Ahrs2 ; -1005.37,62.01,-3.91,0.18,-0.34,-0.61,53.7,68.4,116.25,22.81,50.102,
2022-12-14 14:22:56,733 ; Ahrs2 ; -995.61,65.43,0.0,-0.6,-0.12,3.74,52.95,67.35,117.0,22.9,50.101,
2022-12-14 14:22:56,753 ; Ahrs2 ; -1000.0,71.29,0.0,-2.31,0.36,0.52,52.95,67.65,117.0,22.81,50.101,
2022-12-14 14:22:56,774 ; Ahrs2 ; -995.12,84.96,-2.93,-1.18,-0.56,0.91,55.35,67.95,117.45,22.28,50.101,
2022-12-14 14:22:56,795 ; Ahrs2 ; -1000.0,60.06,-8.3,-0.41,-1.52,1.15,53.7,68.4,117.75,22.81,50.1,
2022-12-14 14:22:56,813 ; Ahrs2 ; -1000.98,69.34,3.91,-1.24,0.53,-2.53,54.15,67.35,116.7,22.57,50.1,
2022-12-14 14:22:56,833 ; Ahrs2 ; -999.51,68.36,-0.49,2.21,1.32,-1.95,53.7,67.65,116.7,22.71,50.099,
2022-12-14 14:22:56,853 ; Ahrs2 ; -998.54,63.96,4.39,0.09,-0.76,2.71,52.05,67.2,117.15,22.71,50.099,
2022-12-14 14:22:56,874 ; Ahrs2 ; -995.12,73.73,-4.39,-0.16,-0.82,-2.39,54.15,68.1,118.05,22.76,50.099,
2022-12-14 14:22:56,893 ; Ahrs2 ; -1000.49,81.05,-0.49,-0.08,2.55,-0.89,53.7,68.4,117.0,23.05,50.098,
2022-12-14 14:22:56,915 ; Ahrs2 ; -996.58,71.78,-2.44,-2.35,0.12,-1.15,53.7,68.4,117.3,22.81,50.098,
2022-12-14 14:22:56,935 ; Ahrs2 ; -1008.79,72.75,0.98,-0.15,-0.6,0.53,53.4,67.35,116.7,22.57,50.097,
2022-12-14 14:22:56,955 ; Ahrs2 ; -1000.0,77.15,-6.35,1.1,-1.79,0.86,53.4,66.6,117.0,22.71,50.097,
2022-12-14 14:22:56,973 ; Ahrs2 ; -994.14,81.05,-3.42,-0.88,1.06,0.36,54.6,67.5,116.4,22.61,50.097,
2022-12-14 14:22:56,993 ; Ahrs2 ; -997.07,71.29,-2.93,-1.63,-2.24,1.02,53.25,67.2,116.1,22.76,50.096,
2022-12-14 14:22:57,014 ; Ahrs2 ; -999.51,70.31,0.49,0.37,-0.88,-2.12,53.85,67.2,118.95,22.81,50.096,
2022-12-14 14:22:57,032 ; Ahrs2 ; -1004.39,76.17,10.25,-0.69,-0.18,-3.32,54.6,66.45,116.4,22.81,50.096,
2022-12-14 14:22:57,053 ; Ahrs2 ; -1001.46,63.48,-5.37,-0.18,2.01,1.18,53.55,67.2,116.1,22.71,50.095,
2022-12-14 14:22:57,075 ; Ahrs2 ; -999.02,71.29,-5.86,-0.92,-1.53,-2.32,54.3,67.95,116.4,22.71,50.095,
2022-12-14 14:22:57,093 ; Ahrs2 ; -1000.0,66.89,5.37,1.08,-0.19,1.69,54.3,68.25,116.85,22.57,50.095,
2022-12-14 14:22:57,113 ; Ahrs2 ; -994.63,79.1,-2.44,-0.18,1.39,-2.5,52.95,67.65,117.3,22.42,50.094,
2022-12-14 14:22:57,134 ; Ahrs2 ; -1006.35,74.71,1.46,0.57,2.18,1.47,53.4,67.35,118.8,22.81,50.094,
2022-12-14 14:22:57,155 ; Ahrs2 ; -998.54,72.27,-1.46,-1.72,-0.79,-0.33,53.55,66.45,116.85,22.9,50.093,
2022-12-14 14:22:57,173 ; Ahrs2 ; -998.54,57.62,-5.86,-0.22,-0.17,-0.52,52.5,66.75,117.45,22.76,50.093,
2022-12-14 14:22:57,193 ; Ahrs2 ; -996.09,72.27,-4.88,-1.54,0.73,-2.15,52.05,67.5,117.15,22.71,50.093,
2022-12-14 14:22:57,214 ; Ahrs2 ; -986.33,67.38,1.95,-1.93,-0.57,-2.73,53.7,66.9,117.0,22.61,50.092,
2022-12-14 14:22:57,234 ; Ahrs2 ; -1007.32,62.99,-12.21,-0.05,2.81,0.62,53.4,68.1,117.3,22.61,50.092,
2022-12-14 14:22:57,255 ; Ahrs2 ; -1011.23,73.24,0.49,-3.1,1.89,-0.09,53.4,68.4,116.7,22.81,50.092,
2022-12-14 14:22:57,275 ; Ahrs2 ; -999.51,72.27,-1.95,-0.54,-1.73,1.16,53.85,66.45,117.15,22.61,50.091,
2022-12-14 14:22:57,294 ; Ahrs2 ; -999.51,74.22,15.63,0.57,-1.27,-0.34,54.75,66.9,117.3,22.81,50.091,
2022-12-14 14:22:57,314 ; Ahrs2 ; -996.58,75.68,-15.14,-0.34,0.27,1.32,52.65,66.9,116.25,22.76,50.091,
2022-12-14 14:22:57,333 ; Ahrs2 ; -1007.81,67.87,1.95,-1.69,1.49,-1.64,53.7,66.6,117.3,22.81,50.09,
2022-12-14 14:22:57,356 ; Ahrs2 ; -994.14,60.06,-6.84,-0.07,1.47,-2.32,52.95,67.65,115.95,22.76,50.09,
2022-12-14 14:22:57,374 ; Ahrs2 ; -995.12,63.96,-2.93,-2.09,1.79,-2.44,52.5,67.95,116.85,22.76,50.09,
2022-12-14 14:22:57,394 ; Ahrs2 ; -991.21,77.15,-8.3,1.4,-0.05,1.59,52.95,67.65,117.0,22.61,50.089,
2022-12-14 14:22:57,414 ; Ahrs2 ; -1003.91,65.43,8.3,0.63,-0.04,-1.73,52.95,67.35,117.75,22.9,50.089,
2022-12-14 14:22:57,434 ; Ahrs2 ; -991.7,61.04,3.42,-0.24,-1.02,0.33,54.15,66.9,114.9,22.81,50.089,
2022-12-14 14:22:57,453 ; Ahrs2 ; -998.05,72.27,1.46,1.18,1.47,-2.42,52.8,67.95,117.45,22.76,50.088,
2022-12-14 14:22:57,475 ; Ahrs2 ; -1007.81,71.78,2.44,-2.56,2.11,2.36,52.95,66.6,115.65,22.76,50.088,
2022-12-14 14:22:57,516 ; Ahrs2 ; -1009.28,72.27,5.86,0.6,0.23,-1.0,53.4,67.35,116.25,22.61,50.088,
2022-12-14 14:22:57,552 ; Ahrs2 ; -1001.95,74.22,5.86,2.95,-0.24,-2.85,53.55,66.75,116.85,22.71,50.088,
2022-12-14 14:22:57,556 ; Ahrs2 ; -1008.3,71.78,-6.35,0.73,-1.18,2.19,54.15,68.4,116.7,22.42,50.087,
2022-12-14 14:22:57,558 ; Ahrs2 ; -1003.42,76.66,4.88,-0.82,0.98,-0.24,53.85,67.95,116.4,22.81,50.087,
2022-12-14 14:22:57,594 ; Ahrs2 ; -1002.44,68.85,0.0,-1.49,1.99,-3.62,52.35,66.6,117.0,22.71,50.087,
2022-12-14 14:22:57,612 ; Ahrs2 ; -987.3,78.61,0.98,-1.98,1.33,0.37,54.45,67.35,117.0,22.9,50.086,
2022-12-14 14:22:57,618 ; Ahrs2 ; -998.54,68.36,0.98,-2.15,-0.49,2.51,54.3,67.2,117.9,22.61,50.086,
2022-12-14 14:22:57,635 ; Ahrs2 ; -1001.95,87.4,-2.44,1.6,1.15,-0.82,53.55,69.0,117.45,22.81,50.086,
2022-12-14 14:22:57,656 ; Ahrs2 ; -1004.39,55.18,-14.16,0.63,-1.85,-1.54,53.25,67.5,119.25,22.57,50.085,
2022-12-14 14:22:57,673 ; Ahrs2 ; -988.77,62.99,3.91,-1.43,0.47,2.5,54.75,67.35,117.75,22.81,50.085,
2022-12-14 14:22:57,694 ; Ahrs2 ; -1002.44,65.43,-6.35,0.73,0.24,1.34,54.15,68.1,117.0,22.9,50.085,
2022-12-14 14:22:57,713 ; Ahrs2 ; -1010.25,76.66,-15.63,-1.02,-0.11,0.9,53.7,67.35,117.75,22.76,50.085,
2022-12-14 14:22:57,734 ; Ahrs2 ; -1003.42,79.59,14.65,1.77,-0.8,-1.56,53.25,67.5,117.15,22.95,50.084,
2022-12-14 14:22:57,754 ; Ahrs2 ; -1003.42,77.15,4.88,1.28,0.87,-1.4,52.8,66.45,118.95,22.71,50.084,
2022-12-14 14:22:57,774 ; Ahrs2 ; -1000.98,70.31,13.18,1.37,-0.51,3.31,53.55,68.55,118.95,22.81,50.084,
2022-12-14 14:22:57,794 ; Ahrs2 ; -994.63,83.98,-9.77,0.78,-0.3,0.99,52.05,67.95,116.85,22.52,50.083,
2022-12-14 14:22:57,815 ; Ahrs2 ; -995.61,70.8,-0.98,-1.73,0.79,-0.53,53.85,67.5,116.85,22.81,50.083,
2022-12-14 14:22:57,834 ; Ahrs2 ; -997.56,63.96,19.04,-0.46,-1.0,-2.5,53.85,67.5,116.4,22.61,50.083,
2022-12-14 14:22:57,854 ; Ahrs2 ; -1001.95,80.57,7.81,-1.11,-0.63,4.0,54.6,67.5,116.4,22.76,50.083,
2022-12-14 14:22:57,876 ; Ahrs2 ; -992.19,68.36,1.95,-0.25,-0.56,-0.73,54.75,68.1,118.05,22.52,50.082,
2022-12-14 14:22:57,893 ; Ahrs2 ; -1004.39,82.03,4.88,-0.79,0.47,1.38,53.85,67.95,117.15,22.9,50.082,
2022-12-14 14:22:57,914 ; Ahrs2 ; -995.61,74.22,-3.42,-0.58,0.85,-3.47,53.7,67.35,118.05,22.61,50.082,
2022-12-14 14:22:57,934 ; Ahrs2 ; -997.07,77.64,-9.28,-0.03,0.55,-1.04,54.15,68.4,117.3,22.57,50.082,
2022-12-14 14:22:57,954 ; Ahrs2 ; -989.26,71.29,12.7,-1.44,-0.85,0.17,54.15,67.65,117.75,22.57,50.081,
2022-12-14 14:22:57,975 ; Ahrs2 ; -999.02,76.66,0.0,0.99,0.1,0.13,53.25,67.2,116.85,22.9,50.081,
2022-12-14 14:22:57,995 ; Ahrs2 ; -1001.95,74.71,2.93,-1.5,0.15,2.81,53.4,67.65,116.7,22.81,50.081,
2022-12-14 14:22:58,015 ; Ahrs2 ; -1021.0,78.61,-1.46,-1.43,0.5,3.86,53.7,67.65,116.7,22.71,50.081,
2022-12-14 14:22:58,035 ; Ahrs2 ; -997.56,62.5,4.88,-0.31,1.24,1.01,53.55,67.5,117.45,22.76,50.08,
2022-12-14 14:22:58,093 ; Ahrs2 ; -992.68,64.94,0.98,-0.84,1.97,0.92,53.85,67.95,117.9,22.81,50.08,
2022-12-14 14:22:58,113 ; Ahrs2 ; -998.54,66.89,7.32,-0.59,-0.67,-0.92,53.7,67.35,117.3,22.76,50.08,
2022-12-14 14:22:58,117 ; Ahrs2 ; -990.23,72.75,-5.86,-0.34,-0.98,-2.03,53.7,67.65,117.75,22.81,50.079,
2022-12-14 14:22:58,153 ; Ahrs2 ; -1009.77,62.99,1.46,-0.55,1.94,1.26,54.15,67.65,117.3,22.76,50.079,
2022-12-14 14:22:58,174 ; Ahrs2 ; -1002.44,62.5,-9.77,-0.96,-0.45,-2.14,54.3,68.55,116.4,22.76,50.079,
2022-12-14 14:22:58,177 ; Ahrs2 ; -995.61,59.08,11.72,-1.05,3.45,-3.76,54.45,66.6,117.0,22.76,50.079,
2022-12-14 14:22:58,213 ; Ahrs2 ; -993.16,77.64,4.88,-1.31,-0.43,-2.43,52.8,66.75,118.2,22.81,50.078,
2022-12-14 14:22:58,217 ; Ahrs2 ; -993.65,68.85,-25.39,-2.63,-1.95,-2.11,54.15,68.1,117.3,22.81,50.078,
2022-12-14 14:22:58,252 ; Ahrs2 ; -1000.0,56.15,9.28,1.54,-0.76,0.67,54.3,67.5,117.45,22.61,50.078,
2022-12-14 14:22:58,276 ; Ahrs2 ; -1001.95,65.43,21.0,-2.5,2.45,0.52,52.5,67.95,116.4,22.76,50.078,
2022-12-14 14:22:58,294 ; Ahrs2 ; -1002.93,77.15,-31.25,-1.3,-0.87,-2.95,53.7,67.35,117.75,22.76,50.078,
2022-12-14 14:22:58,317 ; Ahrs2 ; -997.07,81.54,-8.3,-0.46,0.36,2.15,52.95,66.9,117.0,22.76,50.077,
2022-12-14 14:22:58,337 ; Ahrs2 ; -983.4,69.82,37.11,-0.24,-0.24,0.21,52.5,66.75,117.45,22.71,50.077,
2022-12-14 14:22:58,373 ; Ahrs2 ; -1002.44,74.22,-9.77,-1.14,-0.16,4.05,53.25,67.5,117.15,22.57,50.077,
2022-12-14 14:22:58,392 ; Ahrs2 ; -1002.44,70.31,-15.63,1.06,0.26,0.72,52.65,66.9,118.05,22.71,50.077,
2022-12-14 14:22:58,397 ; Ahrs2 ; -984.38,61.52,13.67,-0.38,0.98,-3.21,56.1,67.2,116.85,22.76,50.076,
2022-12-14 14:22:58,421 ; Ahrs2 ; -998.54,78.13,-7.81,-1.6,0.7,1.53,53.4,67.65,117.0,22.81,50.076,
2022-12-14 14:22:58,438 ; Ahrs2 ; -1003.91,75.2,-14.16,0.57,-1.89,0.86,54.3,68.55,116.85,22.81,50.076,
2022-12-14 14:22:58,457 ; Ahrs2 ; -1000.49,73.24,27.34,0.15,-1.2,-0.79,53.85,67.5,116.85,22.9,50.076,
2022-12-14 14:22:58,476 ; Ahrs2 ; -1000.98,68.85,-4.39,-0.9,-0.99,-1.53,53.25,67.5,117.15,22.81,50.075,
2022-12-14 14:22:58,497 ; Ahrs2 ; -1003.91,73.24,-8.3,-1.79,1.68,-0.67,53.25,67.2,117.15,22.81,50.075,
2022-12-14 14:22:58,533 ; Ahrs2 ; -1000.0,64.94,8.79,1.01,-0.96,0.92,53.7,67.65,116.7,22.71,50.075,
2022-12-14 14:22:58,537 ; Ahrs2 ; -1003.42,70.31,6.84,-0.04,2.4,-0.97,53.85,69.0,117.9,22.71,50.075,
2022-12-14 14:22:58,576 ; Ahrs2 ; -1011.23,73.24,-9.28,0.06,1.56,0.22,52.35,68.1,117.0,22.76,50.075,
2022-12-14 14:22:58,578 ; Ahrs2 ; -1009.77,70.31,-11.23,0.59,-0.75,-1.19,52.95,66.6,117.0,22.9,50.074,
2022-12-14 14:22:58,597 ; Ahrs2 ; -992.19,67.87,7.32,0.19,0.37,2.0,52.8,67.5,118.65,22.71,50.074,
2022-12-14 14:22:58,613 ; Ahrs2 ; -999.02,69.82,0.0,-1.84,-0.73,-1.14,52.35,67.35,118.05,22.9,50.074,
2022-12-14 14:22:58,618 ; Ahrs2 ; -1006.84,68.36,-5.86,-0.19,2.56,-1.95,54.3,69.3,117.9,22.76,50.074,
2022-12-14 14:22:58,626 ; Ahrs2 ; -999.51,72.75,1.95,0.63,0.39,-1.47,52.95,66.9,116.7,22.76,50.073,
2022-12-14 14:22:58,636 ; Ahrs2 ; -1006.84,75.2,-1.46,0.35,-0.58,2.08,53.25,67.2,117.45,22.76,50.073,
2022-12-14 14:22:58,655 ; Ahrs2 ; -1008.79,77.15,-11.23,0.57,1.99,-0.16,53.7,68.1,118.05,22.81,50.073,
2022-12-14 14:22:58,675 ; Ahrs2 ; -993.16,65.92,4.39,0.63,1.22,0.4,52.35,68.1,116.7,22.81,50.073,
2022-12-14 14:22:58,694 ; Ahrs2 ; -1001.46,59.57,19.04,0.28,0.68,-1.38,53.7,66.15,117.3,22.71,50.073,
2022-12-14 14:22:58,714 ; Ahrs2 ; -995.12,74.22,6.84,-0.69,0.14,3.19,54.15,66.9,115.95,22.95,50.072,
2022-12-14 14:22:58,736 ; Ahrs2 ; -1001.95,73.73,3.42,-1.76,1.59,-3.16,54.6,66.75,117.45,22.57,50.072,
2022-12-14 14:22:58,754 ; Ahrs2 ; -1002.93,71.29,1.95,0.45,-0.46,0.7,54.75,66.6,116.7,22.81,50.072,
2022-12-14 14:22:58,777 ; Ahrs2 ; -1014.16,76.66,-1.95,-0.77,-0.67,0.95,52.05,67.5,116.85,22.81,50.072,
2022-12-14 14:22:58,795 ; Ahrs2 ; -987.79,63.48,-5.86,0.28,0.92,1.79,53.4,66.9,116.25,22.76,50.072,
2022-12-14 14:22:58,815 ; Ahrs2 ; -999.02,62.99,12.7,0.55,1.56,-0.88,53.7,66.9,116.25,22.57,50.071,
2022-12-14 14:22:58,835 ; Ahrs2 ; -991.21,82.52,-6.35,1.38,1.8,-0.49,54.75,68.1,116.7,23.05,50.071,
2022-12-14 14:22:58,855 ; Ahrs2 ; -1009.77,75.68,-8.3,1.92,-0.03,0.29,54.6,66.75,115.8,22.81,50.071,
2022-12-14 14:22:58,877 ; Ahrs2 ; -1000.0,61.04,13.67,0.68,-1.16,1.58,54.3,67.5,117.45,22.81,50.071,
2022-12-14 14:22:58,897 ; Ahrs2 ; -1003.91,80.08,-4.39,1.21,0.52,-1.24,54.3,68.55,117.9,22.37,50.071,
2022-12-14 14:22:58,914 ; Ahrs2 ; -995.12,75.2,-10.25,-0.66,2.15,1.53,53.25,67.5,117.15,22.9,50.07,
2022-12-14 14:22:58,935 ; Ahrs2 ; -998.05,65.92,12.21,-0.08,0.71,0.85,52.95,68.85,116.7,22.61,50.07,
2022-12-14 14:22:58,958 ; Ahrs2 ; -980.96,61.04,3.42,-0.86,-1.59,-1.22,52.65,68.85,117.0,22.81,50.07,
2022-12-14 14:22:58,977 ; Ahrs2 ; -999.02,63.48,-8.79,0.02,0.09,-1.69,52.65,67.65,117.0,22.95,50.07,
2022-12-14 14:22:58,997 ; Ahrs2 ; -1015.63,73.24,4.39,0.6,-2.18,-2.5,53.4,67.65,117.3,22.71,50.07,
2022-12-14 14:22:59,017 ; Ahrs2 ; -997.07,55.66,-0.49,-0.67,0.18,1.22,53.25,68.25,117.9,22.61,50.069,
2022-12-14 14:22:59,036 ; Ahrs2 ; -993.65,73.24,-1.46,-0.32,-0.64,-4.78,54.45,67.35,117.75,22.81,50.069,
2022-12-14 14:22:59,077 ; Ahrs2 ; -1010.74,88.87,2.44,-0.73,0.95,-1.56,53.4,66.9,117.0,22.76,50.069,
2022-12-14 14:22:59,098 ; Ahrs2 ; -1009.28,65.43,3.91,1.04,1.49,-0.72,52.8,68.25,117.9,22.76,50.069,
2022-12-14 14:22:59,100 ; Ahrs2 ; -991.7,67.38,6.84,0.63,0.27,-0.21,52.35,67.65,117.3,22.76,50.069,
2022-12-14 14:22:59,113 ; Ahrs2 ; -984.38,64.94,-0.98,-2.2,0.15,-2.41,54.15,67.35,116.7,22.76,50.068,
2022-12-14 14:22:59,546 ; Ahrs2 ; -1002.93,62.99,1.46,0.76,1.61,-0.31,53.7,66.9,118.05,22.81,50.068,
2022-12-14 14:22:59,613 ; Ahrs2 ; -996.58,66.89,-1.46,0.0,-1.24,-5.78,52.65,67.35,118.05,22.76,50.068,
2022-12-14 14:22:59,616 ; Ahrs2 ; -1005.37,72.75,-5.37,0.49,-0.22,-1.94,54.3,68.25,117.15,22.9,50.068,
2022-12-14 14:22:59,625 ; Ahrs2 ; -1001.46,71.78,1.46,1.31,-1.2,1.93,53.7,67.65,117.0,22.61,50.068,
2022-12-14 14:22:59,635 ; Ahrs2 ; -993.16,78.61,11.23,-1.02,0.07,3.74,54.15,68.4,117.0,22.9,50.067,
2022-12-14 14:22:59,647 ; Ahrs2 ; -989.75,85.45,0.98,-0.23,-0.71,-3.14,53.85,67.95,118.2,22.81,50.067,
2022-12-14 14:22:59,669 ; Ahrs2 ; -1010.74,72.27,-4.88,-1.0,1.16,1.41,54.6,67.95,117.15,22.76,50.067,
2022-12-14 14:22:59,677 ; Ahrs2 ; -1000.49,69.82,0.0,-0.15,-0.3,-0.19,53.85,67.5,115.8,22.71,50.067,
2022-12-14 14:22:59,687 ; Ahrs2 ; -995.61,61.52,10.74,-0.43,-0.18,-2.43,53.55,67.2,116.1,22.76,50.067,
2022-12-14 14:22:59,697 ; Ahrs2 ; -1002.44,60.55,-19.04,0.85,-1.02,1.68,52.65,64.8,117.0,22.71,50.067,
2022-12-14 14:22:59,715 ; Ahrs2 ; -989.26,66.41,2.93,0.56,-0.76,2.02,52.8,68.25,117.45,22.81,50.066,
2022-12-14 14:22:59,724 ; Ahrs2 ; -996.58,82.52,-1.95,-2.48,0.16,1.86,52.95,67.35,117.3,22.61,50.066,
2022-12-14 14:22:59,738 ; Ahrs2 ; -993.16,74.71,-12.21,-1.64,2.24,-2.39,53.85,67.2,116.4,22.95,50.066,
2022-12-14 14:22:59,745 ; Ahrs2 ; -997.56,67.38,-10.74,0.2,1.93,-1.46,52.8,69.0,118.65,22.95,50.066,
2022-12-14 14:22:59,758 ; Ahrs2 ; -994.14,64.45,12.21,0.99,-1.64,0.69,52.65,68.4,116.7,22.61,50.0,
2022-12-14 14:22:59,771 ; Ahrs2 ; -1004.39,62.99,-0.98,-1.02,-0.18,-0.43,54.3,67.95,116.85,22.81,50.0,
2022-12-14 14:22:59,784 ; Ahrs2 ; -990.23,72.75,0.49,-1.27,0.22,-0.63,53.55,67.2,117.15,22.71,50.0,
2022-12-14 14:22:59,800 ; Ahrs2 ; -1001.46,62.01,2.93,-1.76,0.15,-1.11,53.25,66.75,117.45,22.81,50.0,
2022-12-14 14:22:59,818 ; Ahrs2 ; -1012.7,71.29,9.77,-0.47,-0.08,0.96,54.3,67.2,116.4,22.81,50.0,
2022-12-14 14:22:59,821 ; Ahrs2 ; -1000.49,83.01,-0.49,0.08,-0.1,5.02,54.15,66.6,117.0,22.95,50.0,
2022-12-14 14:22:59,835 ; Ahrs2 ; -992.19,73.24,5.37,1.18,-0.77,-0.23,53.55,67.5,115.8,22.52,50.0,
2022-12-14 14:22:59,841 ; Ahrs2 ; -999.02,74.71,0.0,-0.26,-0.96,-0.08,52.8,66.0,117.15,22.81,50.0,
2022-12-14 14:22:59,857 ; Ahrs2 ; -995.61,62.5,-9.28,1.32,0.35,-1.06,52.35,66.9,117.3,22.76,50.0,
2022-12-14 14:22:59,860 ; Ahrs2 ; -999.02,76.66,2.44,2.21,1.31,-1.19,53.7,65.85,117.75,22.71,50.0,
2022-12-14 14:22:59,877 ; Ahrs2 ; -1006.35,75.68,6.35,-1.29,-0.39,0.02,52.35,68.4,117.0,22.37,50.0,
2022-12-14 14:22:59,881 ; Ahrs2 ; -1001.95,68.85,-0.98,0.21,0.56,-0.12,53.25,66.75,117.9,22.71,50.0,
2022-12-14 14:22:59,896 ; Ahrs2 ; -987.3,78.13,-4.39,-0.29,-1.24,1.07,54.6,66.75,116.4,22.71,50.0,
2022-12-14 14:22:59,905 ; Ahrs2 ; -999.02,67.87,6.84,0.02,0.75,-0.45,54.75,67.65,117.3,22.95,50.0,
2022-12-14 14:22:59,918 ; Ahrs2 ; -999.02,71.29,0.98,-0.3,-1.85,-1.27,53.4,67.35,115.95,22.76,50.0,
2022-12-14 14:22:59,922 ; Ahrs2 ; -1002.44,61.04,-1.46,-1.64,1.73,0.25,54.3,68.25,116.85,22.81,50.0,
2022-12-14 14:22:59,936 ; Ahrs2 ; -1003.91,60.06,-0.98,-0.34,0.69,0.57,53.4,68.1,117.0,22.71,50.0,
2022-12-14 14:22:59,940 ; Ahrs2 ; -987.3,66.89,-3.91,-0.83,0.62,-0.44,52.5,66.0,117.45,22.95,50.0,
2022-12-14 14:22:59,956 ; Ahrs2 ; -1001.46,64.45,-6.84,0.02,1.1,-1.02,52.95,67.35,116.7,22.81,50.0,
2022-12-14 14:22:59,974 ; Ahrs2 ; -999.02,65.92,-2.44,0.11,0.48,1.78,53.4,66.6,116.7,22.71,50.0,
2022-12-14 14:22:59,979 ; Ahrs2 ; -1003.91,77.64,21.0,-0.1,-0.19,0.73,53.85,66.75,118.2,22.81,50.0,
2022-12-14 14:22:59,985 ; Ahrs2 ; -1003.42,77.15,4.88,0.44,1.24,-3.96,54.6,66.75,117.15,22.57,50.0,
2022-12-14 14:23:00,000 ; Ahrs2 ; -985.84,79.1,12.7,-3.2,2.29,-1.34,54.75,66.9,116.7,22.81,50.0,
2022-12-14 14:23:00,016 ; Ahrs2 ; -1002.93,59.08,1.46,-0.47,-4.02,0.85,53.85,66.75,116.85,22.71,50.0,
2022-12-14 14:23:00,020 ; Ahrs2 ; -991.7,74.22,0.98,0.37,0.66,-1.64,53.55,67.5,117.9,22.81,50.0,
2022-12-14 14:23:00,035 ; Ahrs2 ; -994.14,72.75,2.93,-0.08,-0.01,-3.62,53.55,67.2,117.15,22.57,50.0,
2022-12-14 14:23:00,039 ; Ahrs2 ; -999.02,65.43,13.67,0.51,1.99,-4.57,54.3,67.5,116.1,22.61,50.0,
2022-12-14 14:23:00,075 ; Ahrs2 ; -997.56,57.13,2.44,-0.79,1.78,-2.5,53.25,67.2,117.9,22.76,50.0,
2022-12-14 14:23:00,612 ; Ahrs2 ; -990.72,76.17,0.0,0.51,0.65,-3.44,53.85,67.5,116.85,22.71,50.0,
2022-12-14 14:23:00,654 ; Ahrs2 ; -1001.95,75.2,-6.35,-0.24,0.97,3.05,52.95,66.9,118.05,22.37,50.0,
2022-12-14 14:23:00,661 ; Ahrs2 ; -983.89,69.34,-4.39,1.66,1.35,-1.08,52.95,66.6,117.0,22.81,50.0,
2022-12-14 14:23:00,667 ; Ahrs2 ; -1013.18,72.27,-1.46,2.97,-0.04,-2.08,53.4,67.65,117.3,22.71,50.0,
2022-12-14 14:23:00,675 ; Ahrs2 ; -997.56,69.34,-2.93,0.74,0.87,0.37,52.95,65.85,117.75,22.81,50.0,
2022-12-14 14:23:00,681 ; Ahrs2 ; -997.07,66.89,0.0,-0.87,-0.33,-2.12,53.25,67.95,116.85,22.81,50.0,
2022-12-14 14:23:00,683 ; Ahrs2 ; -1008.3,66.41,-6.84,-0.85,3.14,3.09,52.95,67.35,117.3,22.76,50.0,
2022-12-14 14:23:00,700 ; Ahrs2 ; -1013.18,62.01,8.3,-0.84,0.4,0.19,54.3,67.5,116.1,22.76,50.0,
2022-12-14 14:23:00,708 ; Ahrs2 ; -999.51,68.36,2.93,1.66,1.53,2.24,53.55,67.5,116.85,22.37,50.0,
2022-12-14 14:23:00,721 ; Ahrs2 ; -991.7,70.31,6.84,-0.57,0.91,0.34,53.55,67.95,116.1,22.95,50.0,
2022-12-14 14:23:00,730 ; Ahrs2 ; -996.09,71.29,-8.3,0.58,0.98,-2.0,53.7,68.85,116.25,22.61,50.0,
2022-12-14 14:23:00,740 ; Ahrs2 ; -991.21,81.05,13.67,0.08,2.93,-1.25,54.6,67.5,115.8,22.76,50.0,
2022-12-14 14:23:00,749 ; Ahrs2 ; -996.58,84.47,8.79,-0.56,-0.17,-1.6,52.5,67.2,116.85,22.28,50.0,
2022-12-14 14:23:00,764 ; Ahrs2 ; -987.79,76.17,-2.93,-0.26,0.49,-0.21,52.95,68.4,116.7,22.95,50.0,
2022-12-14 14:23:00,772 ; Ahrs2 ; -1000.98,70.31,7.32,1.5,1.97,1.18,53.85,67.5,116.4,22.95,50.0,
2022-12-14 14:23:00,781 ; Ahrs2 ; -1007.32,68.85,-5.86,0.11,-0.75,-0.46,53.25,68.25,117.9,22.95,50.0,
2022-12-14 14:23:00,794 ; Ahrs2 ; -996.58,76.66,-4.88,-1.04,0.31,-3.21,53.85,67.5,116.85,22.76,50.0,
2022-12-14 14:23:00,803 ; Ahrs2 ; -1002.44,77.64,1.46,-0.21,-0.12,-1.31,54.3,68.25,117.15,22.9,50.0,
2022-12-14 14:23:00,818 ; Ahrs2 ; -1000.98,71.29,-5.37,-0.72,3.34,0.65,52.5,66.75,115.8,22.81,50.0,
2022-12-14 14:23:00,826 ; Ahrs2 ; -1000.0,73.24,-4.88,-0.55,-1.27,-3.34,53.7,66.9,118.05,23.09,50.0,
2022-12-14 14:23:00,837 ; Ahrs2 ; -1004.39,72.27,0.49,-0.05,-0.67,1.27,53.7,67.35,117.0,22.81,50.0,
2022-12-14 14:23:00,845 ; Ahrs2 ; -1000.98,66.89,5.37,-0.18,-0.08,1.06,52.95,68.1,116.7,22.76,50.0,
2022-12-14 14:23:00,853 ; Ahrs2 ; -998.54,68.85,8.3,0.02,0.73,-2.74,54.3,68.55,117.45,22.81,50.0,
2022-12-14 14:23:00,863 ; Ahrs2 ; -994.63,68.36,-0.49,-0.47,0.16,1.11,53.55,68.25,116.1,22.57,50.0,
2022-12-14 14:23:00,871 ; Ahrs2 ; -993.16,78.13,0.98,-2.73,0.98,1.08,53.4,66.9,117.3,23.09,50.0,
2022-12-14 14:23:00,880 ; Ahrs2 ; -993.65,78.61,3.91,-0.24,-0.34,0.91,53.4,66.15,118.35,22.57,50.0,
2022-12-14 14:23:00,896 ; Ahrs2 ; -1006.35,76.66,19.53,-2.11,0.06,-1.44,53.85,67.2,117.15,22.81,50.0,
2022-12-14 14:23:00,903 ; Ahrs2 ; -1006.84,68.36,1.46,0.28,1.16,-1.11,54.6,68.25,117.45,22.61,50.0,
2022-12-14 14:23:00,918 ; Ahrs2 ; -995.12,58.59,-0.98,0.49,1.89,-1.5,53.55,67.5,117.15,22.81,50.0,
2022-12-14 14:23:00,921 ; Ahrs2 ; -994.14,66.41,-5.37,-1.27,-0.38,-3.23,54.6,66.75,118.2,22.76,50.0,
2022-12-14 14:23:00,928 ; Ahrs2 ; -989.75,82.03,6.35,-2.5,0.93,-0.43,53.7,67.65,116.25,22.81,50.0,
2022-12-14 14:23:00,939 ; Ahrs2 ; -989.26,61.52,0.49,-1.23,2.65,-2.13,53.25,66.75,116.85,22.71,50.0,
2022-12-14 14:23:00,942 ; Ahrs2 ; -992.68,70.8,10.25,-1.11,-1.44,-0.79,53.7,68.4,117.75,22.81,50.0,
2022-12-14 14:23:00,957 ; Ahrs2 ; -1000.49,66.41,5.37,0.37,-1.63,-0.49,53.55,66.75,117.15,22.81,50.0,
2022-12-14 14:23:00,961 ; Ahrs2 ; -991.21,84.96,1.46,-0.09,-0.74,-1.82,53.4,67.65,115.95,22.81,50.0,
2022-12-14 14:23:00,978 ; Ahrs2 ; -1001.46,60.55,-6.35,-1.8,0.24,-3.5,54.15,67.65,115.65,22.61,50.0,
2022-12-14 14:23:00,981 ; Ahrs2 ; -1009.77,70.8,6.84,-1.73,1.33,3.7,54.45,67.65,118.35,22.71,50.0,
2022-12-14 14:23:00,997 ; Ahrs2 ; -1010.74,70.31,-1.95,-0.05,0.11,1.04,53.7,66.6,116.7,22.52,50.0,
2022-12-14 14:23:01,001 ; Ahrs2 ; -1004.39,76.17,16.11,-1.23,-1.48,-0.37,54.45,68.1,116.7,22.57,50.0,
2022-12-14 14:23:01,017 ; Ahrs2 ; -1002.44,79.1,-4.88,-0.41,-1.86,-1.47,53.55,66.75,118.2,22.81,50.0,
2022-12-14 14:23:01,021 ; Ahrs2 ; -1006.84,76.17,0.0,-1.32,-0.11,-2.56,52.95,66.6,118.05,22.76,50.0,
2022-12-14 14:23:01,036 ; Ahrs2 ; -998.05,62.99,-2.44,-0.68,-2.22,-0.08,52.95,66.9,118.35,22.61,50.0,
2022-12-14 14:23:01,040 ; Ahrs2 ; -991.7,73.73,6.35,0.39,0.07,0.73,53.55,67.2,116.4,22.61,50.0,
2022-12-14 14:23:01,076 ; Ahrs2 ; -982.42,71.29,-27.34,0.73,2.82,-3.09,52.8,66.45,117.15,22.81,50.0,
2022-12-14 14:23:01,096 ; Ahrs2 ; -997.07,70.31,-5.86,0.75,-0.61,-1.24,53.7,67.35,117.3,22.9,50.0,
2022-12-14 14:23:01,117 ; Ahrs2 ; -996.58,61.52,13.67,-0.23,-1.36,-0.57,53.4,69.15,117.0,22.81,50.0,
2022-12-14 14:23:01,120 ; Ahrs2 ; -994.63,65.92,2.93,-1.03,0.67,1.07,53.25,67.95,118.65,22.76,50.0,
2022-12-14 14:23:01,156 ; Ahrs2 ; -1005.86,79.59,-8.3,-2.03,0.87,1.01,52.8,69.0,117.45,22.57,50.0,
2022-12-14 14:23:01,160 ; Ahrs2 ; -995.12,71.78,26.37,-2.08,-0.97,-0.46,54.15,67.35,117.75,22.71,50.0,
2022-12-14 14:23:01,163 ; Ahrs2 ; -998.54,59.57,-9.77,-1.48,1.45,2.32,53.25,67.95,117.15,22.71,50.0,
2022-12-14 14:23:01,166 ; Ahrs2 ; -1010.25,73.24,-21.48,1.21,-1.15,1.18,53.4,67.65,115.95,23.09,50.0,
2022-12-14 14:23:01,170 ; Ahrs2 ; -1001.46,69.82,1.95,0.48,0.02,0.17,53.25,67.2,116.85,22.9,50.0,
2022-12-14 14:23:01,173 ; Ahrs2 ; -1003.42,88.87,1.46,1.02,2.02,-1.31,52.95,67.65,117.0,22.81,50.0,
2022-12-14 14:23:01,176 ; Ahrs2 ; -1005.86,71.29,-11.72,0.69,1.73,-2.93,52.05,68.55,117.9,22.57,50.0,
2022-12-14 14:23:01,179 ; Ahrs2 ; -1010.25,74.22,-4.39,-0.79,0.57,-2.16,53.25,66.45,116.85,22.76,50.0,
2022-12-14 14:23:01,182 ; Ahrs2 ; -992.68,64.94,12.7,0.66,-2.48,2.43,53.85,67.95,117.15,22.9,50.0,
2022-12-14 14:23:01,186 ; Ahrs2 ; -1012.21,66.89,-2.93,-2.24,-0.2,-0.84,52.8,67.5,116.4,22.76,50.0,
2022-12-14 14:23:01,190 ; Ahrs2 ; -1005.86,68.36,-3.91,0.9,0.23,0.71,53.85,67.95,116.4,22.42,50.0,
2022-12-14 14:23:01,193 ; Ahrs2 ; -992.19,67.38,10.25,-1.86,1.19,-2.32,52.65,66.6,118.05,22.57,50.0,
2022-12-14 14:23:01,196 ; Ahrs2 ; -993.65,76.66,-3.91,-2.2,1.73,0.52,53.25,65.7,116.4,22.42,50.0,
2022-12-14 14:23:01,200 ; Ahrs2 ; -1002.44,67.38,-18.55,-1.12,1.06,-1.13,53.55,67.5,117.9,22.76,50.0,
2022-12-14 14:23:01,203 ; Ahrs2 ; -1000.0,62.5,1.95,0.95,0.82,-1.91,52.5,67.95,119.25,22.71,50.0,
2022-12-14 14:23:01,217 ; Ahrs2 ; -996.58,64.94,0.0,-0.37,0.5,1.64,52.8,67.5,117.9,22.61,50.0,
2022-12-14 14:23:01,238 ; Ahrs2 ; -1015.63,75.2,-2.93,1.31,-1.56,-0.66,52.95,67.65,117.0,22.81,50.0,
2022-12-14 14:23:01,258 ; Ahrs2 ; -997.56,74.71,-10.25,0.02,1.73,2.25,53.4,68.1,117.75,22.71,50.0,
2022-12-14 14:23:01,278 ; Ahrs2 ; -1010.74,58.59,14.65,-0.73,-0.85,-2.66,53.4,68.4,116.7,22.71,50.0,
2022-12-14 14:23:01,298 ; Ahrs2 ; -1009.28,71.29,-11.72,0.4,2.21,2.15,52.95,67.65,116.25,22.9,50.0,
2022-12-14 14:23:01,318 ; Ahrs2 ; -994.14,71.29,3.42,1.84,-1.82,-1.92,52.8,67.2,117.45,22.71,50.0,
2022-12-14 14:23:01,337 ; Ahrs2 ; -1013.18,83.01,9.77,0.67,-0.82,0.92,53.55,68.25,116.85,22.9,50.0,
2022-12-14 14:23:01,358 ; Ahrs2 ; -999.02,67.87,-12.21,-0.46,1.78,1.31,52.95,68.1,115.95,22.81,50.0,
2022-12-14 14:23:01,378 ; Ahrs2 ; -993.16,70.31,9.77,-0.11,0.83,2.26,52.95,66.9,116.25,22.71,50.0,
2022-12-14 14:23:01,398 ; Ahrs2 ; -994.14,67.38,23.44,-0.76,2.21,-0.04,52.8,67.5,117.15,22.81,50.0,
2022-12-14 14:23:01,418 ; Ahrs2 ; -994.14,64.45,1.46,0.68,-0.08,0.92,53.85,67.95,117.45,22.42,50.0,
2022-12-14 14:23:01,438 ; Ahrs2 ; -1003.91,72.27,-4.39,0.79,-1.12,-1.39,52.8,67.2,117.45,22.9,50.0,
2022-12-14 14:23:01,458 ; Ahrs2 ; -994.63,63.48,-3.91,-1.98,1.14,-0.19,52.95,66.15,115.95,22.57,50.0,
2022-12-14 14:23:01,478 ; Ahrs2 ; -1010.74,80.08,4.39,0.85,1.67,1.97,54.45,66.9,116.25,22.95,50.0,
2022-12-14 14:23:01,498 ; Ahrs2 ; -988.28,78.13,-12.21,-1.51,0.44,-0.84,53.55,67.5,117.9,22.81,50.0,
2022-12-14 14:23:01,518 ; Ahrs2 ; -992.68,71.78,0.0,-1.0,2.66,-0.79,53.55,67.95,116.4,22.71,50.0,
2022-12-14 14:23:01,538 ; Ahrs2 ; -1005.86,59.57,-0.49,0.12,2.04,-5.57,51.9,68.1,117.0,22.76,50.0,
2022-12-14 14:23:01,559 ; Ahrs2 ; -995.61,71.78,8.79,-0.02,0.11,5.62,52.35,66.6,117.3,22.81,50.0,
2022-12-14 14:23:01,586 ; Ahrs2 ; -987.79,79.1,11.72,0.91,-0.64,1.08,52.8,69.0,116.4,22.76,50.0,
2022-12-14 14:23:01,598 ; Ahrs2 ; -1009.77,58.59,4.39,0.55,0.98,-2.27,53.85,68.25,115.8,22.76,50.0,
2022-12-14 14:23:01,619 ; Ahrs2 ; -1002.93,70.8,0.0,-1.77,-1.14,-2.14,52.05,66.0,116.4,22.81,50.0,
2022-12-14 14:23:01,639 ; Ahrs2 ; -1006.35,68.85,-0.49,-1.44,0.93,0.68,52.65,66.6,117.0,22.61,50.0,
2022-12-14 14:23:01,660 ; Ahrs2 ; -1003.42,66.41,9.77,-0.62,-1.01,-0.82,52.95,67.35,118.8,22.9,50.0,
2022-12-14 14:23:01,678 ; Ahrs2 ; -997.56,72.27,9.28,0.33,-0.63,-0.15,53.7,66.6,117.0,22.9,50.0,
2022-12-14 14:23:01,699 ; Ahrs2 ; -1004.88,76.17,5.37,-0.18,0.11,-1.21,53.85,67.2,117.45,22.76,50.0,
2022-12-14 14:23:01,719 ; Ahrs2 ; -989.75,66.41,-4.39,-1.37,-0.97,-1.22,53.7,67.65,117.0,22.57,50.0,
2022-12-14 14:23:01,740 ; Ahrs2 ; -1006.84,67.87,-19.04,-0.25,1.12,-0.37,52.05,68.55,116.85,22.81,50.0,
2022-12-14 14:23:01,759 ; Ahrs2 ; -1002.93,75.68,-2.44,0.6,1.85,-0.69,52.95,68.25,117.45,22.61,50.0,
2022-12-14 14:23:01,779 ; Ahrs2 ; -987.79,71.78,-0.98,-1.11,2.04,-2.96,53.25,66.75,117.15,22.95,50.0,
2022-12-14 14:23:01,799 ; Ahrs2 ; -996.58,75.68,-16.6,0.98,-0.9,-0.66,53.55,66.45,117.15,22.52,50.0,
2022-12-14 14:23:01,819 ; Ahrs2 ; -994.63,78.61,3.91,-0.34,-0.66,0.62,52.35,67.35,116.7,22.76,50.0,
2022-12-14 14:23:01,840 ; Ahrs2 ; -1006.84,54.69,14.65,-0.61,1.45,-1.92,52.5,67.95,116.85,22.81,50.0,
2022-12-14 14:23:01,859 ; Ahrs2 ; -993.16,76.17,-5.37,-0.8,0.29,-4.31,53.4,68.1,115.95,22.81,50.0,
2022-12-14 14:23:01,880 ; Ahrs2 ; -1001.95,73.24,-2.44,-0.7,1.93,1.86,53.85,67.95,117.45,22.9,50.0,
2022-12-14 14:23:01,899 ; Ahrs2 ; -1004.39,74.22,-7.32,-0.1,2.24,-1.79,52.8,68.25,118.2,22.81,50.0,
2022-12-14 14:23:01,920 ; Ahrs2 ; -1004.88,55.66,-1.95,0.76,-0.05,0.48,53.85,67.5,116.4,22.9,50.0,
2022-12-14 14:23:01,939 ; Ahrs2 ; -997.07,76.17,-13.18,0.53,1.02,-0.83,54.6,66.75,116.4,22.81,50.0,
2022-12-14 14:23:01,960 ; Ahrs2 ; -1002.93,78.61,-2.44,-1.63,0.05,-2.69,53.25,67.5,116.1,22.81,50.0,
2022-12-14 14:23:01,980 ; Ahrs2 ; -1009.28,67.38,3.42,-0.56,1.28,-2.92,52.95,67.65,117.3,22.81,50.0,
2022-12-14 14:23:02,000 ; Ahrs2 ; -1004.88,71.78,16.6,-0.05,0.92,1.13,52.5,67.95,117.45,22.71,50.0,
2022-12-14 14:23:02,019 ; Ahrs2 ; -1002.44,71.78,-0.49,-0.26,-0.4,0.11,53.7,67.35,117.3,22.61,50.0,
2022-12-14 14:23:02,040 ; Ahrs2 ; -1017.09,81.05,-12.7,0.21,-0.4,1.5,53.4,66.15,117.75,22.81,50.0,
2022-12-14 14:23:02,060 ; Ahrs2 ; -1002.44,72.75,-8.3,0.56,-0.87,-1.47,53.4,67.65,117.0,22.42,50.0,
2022-12-14 14:23:02,080 ; Ahrs2 ; -991.21,75.68,-10.74,-0.47,0.94,0.49,52.5,66.75,116.85,22.81,50.0,
2022-12-14 14:23:02,101 ; Ahrs2 ; -992.68,57.13,13.18,-0.81,1.13,-0.11,52.8,67.5,117.45,22.42,50.0,
2022-12-14 14:23:02,120 ; Ahrs2 ; -1001.95,67.87,17.58,-1.16,-0.98,-1.92,53.85,67.5,116.4,22.76,50.0,
2022-12-14 14:23:02,140 ; Ahrs2 ; -995.12,65.92,-11.23,-0.68,1.46,-1.83,53.85,69.0,118.2,22.81,50.0,
2022-12-14 14:23:02,159 ; Ahrs2 ; -993.16,73.73,-0.49,2.05,1.05,0.6,53.85,67.5,117.45,22.76,50.0,
2022-12-14 14:23:02,179 ; Ahrs2 ; -990.72,80.08,0.49,-2.02,-0.45,3.42,54.15,66.6,118.05,22.95,50.0,
2022-12-14 14:23:02,201 ; Ahrs2 ; -997.07,69.34,-3.91,0.35,0.6,-2.93,53.55,67.5,116.4,22.81,50.0,
2022-12-14 14:23:02,220 ; Ahrs2 ; -996.09,78.61,4.39,-0.62,1.61,0.07,52.95,66.6,117.0,23.09,50.0,
2022-12-14 14:23:02,240 ; Ahrs2 ; -1002.93,73.73,-2.44,-2.14,2.94,2.31,53.85,67.5,117.9,22.76,50.0,
2022-12-14 14:23:02,261 ; Ahrs2 ; -999.02,64.45,10.25,0.6,2.35,-1.6,52.05,67.5,117.15,22.76,50.0,
2022-12-14 14:23:02,280 ; Ahrs2 ; -1000.0,71.29,-2.93,0.47,0.95,-0.95,52.8,66.75,116.4,22.81,50.0,
2022-12-14 14:23:02,300 ; Ahrs2 ; -996.09,62.01,-5.37,-0.1,1.44,1.82,52.65,68.4,117.75,22.81,50.0,
2022-12-14 14:23:02,321 ; Ahrs2 ; -1000.49,78.13,-16.6,-0.64,1.44,0.63,53.55,66.45,116.85,22.57,50.0,
2022-12-14 14:23:02,340 ; Ahrs2 ; -1004.39,77.15,10.74,-0.53,-0.53,1.66,53.85,68.25,116.4,22.76,50.0,
2022-12-14 14:23:02,360 ; Ahrs2 ; -992.68,67.38,5.37,-0.64,2.99,0.04,53.85,67.5,117.15,22.57,50.0,
2022-12-14 14:23:02,381 ; Ahrs2 ; -1005.86,70.31,0.0,0.98,0.67,-0.59,53.25,67.2,117.15,22.71,50.0,
2022-12-14 14:23:02,401 ; Ahrs2 ; -1002.44,69.34,1.95,0.67,0.95,-0.24,53.85,66.75,117.45,22.52,50.0,
2022-12-14 14:23:02,421 ; Ahrs2 ; -993.16,77.15,-8.3,1.37,-0.52,0.98,52.95,67.35,116.7,22.61,50.0,
2022-12-14 14:23:02,441 ; Ahrs2 ; -1008.79,73.73,1.46,0.4,3.62,-3.24,53.55,67.5,117.15,22.76,50.0,
2022-12-14 14:23:02,460 ; Ahrs2 ; -1014.16,70.8,-4.39,-1.16,1.53,-0.66,53.4,66.9,116.25,22.9,50.0,
2022-12-14 14:23:02,481 ; Ahrs2 ; -1002.44,57.13,0.0,-0.57,-0.25,0.74,52.65,66.9,117.75,22.57,50.0,
2022-12-14 14:23:02,500 ; Ahrs2 ; -993.65,80.08,5.37,-1.15,-0.38,3.16,51.75,68.25,118.2,22.76,50.0,
2022-12-14 14:23:02,520 ; Ahrs2 ; -989.26,66.41,3.42,-0.18,-1.02,-0.13,53.4,69.15,116.7,22.71,50.0,
2022-12-14 14:23:02,540 ; Ahrs2 ; -996.58,70.31,-14.16,0.62,4.48,0.5,54.45,67.35,117.0,22.81,50.0,
2022-12-14 14:23:02,560 ; Ahrs2 ; -990.23,56.64,-12.7,-0.89,1.81,-3.37,53.4,68.4,117.75,22.76,50.0,
2022-12-14 14:23:02,580 ; Ahrs2 ; -1008.79,70.8,-3.91,-2.16,1.11,-1.37,54.15,66.9,117.0,22.81,50.0,
2022-12-14 14:23:02,600 ; Ahrs2 ; -994.14,63.48,-1.46,-1.59,-0.94,-1.24,54.45,68.85,117.75,22.76,50.0,
2022-12-14 14:23:02,620 ; Ahrs2 ; -989.75,69.34,-0.49,0.04,-0.82,-1.34,52.5,68.25,117.15,22.61,50.0,
2022-12-14 14:23:02,640 ; Ahrs2 ; -989.75,76.66,14.16,-0.48,0.5,0.62,53.85,67.95,116.1,22.81,50.0,
2022-12-14 14:23:02,660 ; Ahrs2 ; -1002.44,81.05,2.93,-0.24,-0.35,-1.95,54.45,66.9,116.25,22.76,50.0,
2022-12-14 14:23:02,681 ; Ahrs2 ; -1002.44,76.17,-9.77,-2.05,1.16,-3.45,53.4,68.85,117.75,22.9,50.0,
2022-12-14 14:23:02,701 ; Ahrs2 ; -994.63,61.52,-2.44,0.56,1.85,-4.92,54.15,68.85,116.7,22.57,50.0,
2022-12-14 14:23:02,721 ; Ahrs2 ; -997.07,73.24,0.98,-0.44,0.46,4.21,53.85,67.5,117.15,22.81,50.0,
2022-12-14 14:23:02,740 ; Ahrs2 ; -993.16,67.87,0.49,0.79,-0.47,-1.06,53.4,66.6,117.75,22.57,50.0,
2022-12-14 14:23:02,761 ; Ahrs2 ; -1000.49,66.89,16.11,-1.01,-0.81,-0.44,52.5,68.25,117.15,22.57,50.0,
2022-12-14 14:23:02,781 ; Ahrs2 ; -998.05,80.08,4.39,-1.57,1.87,0.4,53.25,67.5,117.15,22.76,50.0,
2022-12-14 14:23:02,800 ; Ahrs2 ; -1010.25,75.2,-9.77,-2.1,0.27,-3.7,54.75,66.9,115.95,22.81,50.0,
2022-12-14 14:23:02,821 ; Ahrs2 ; -995.12,63.96,4.88,1.76,0.49,0.8,53.7,68.1,116.7,22.71,50.0,
2022-12-14 14:23:02,841 ; Ahrs2 ; -997.07,78.61,-7.32,0.0,0.08,-0.73,52.95,66.9,116.7,22.81,50.0,
2022-12-14 14:23:02,860 ; Ahrs2 ; -993.16,72.27,1.95,-0.53,-0.23,-0.76,53.4,67.65,116.7,22.81,50.0,
2022-12-14 14:23:02,881 ; Ahrs2 ; -992.19,72.75,0.98,0.32,0.03,0.49,52.95,67.35,117.75,22.9,50.0,
2022-12-14 14:23:02,900 ; Ahrs2 ; -988.77,74.22,8.3,-1.09,-0.54,-0.53,53.25,67.2,116.85,22.76,50.0,
2022-12-14 14:23:02,921 ; Ahrs2 ; -1002.93,68.85,2.44,-0.41,1.0,-0.66,54.15,66.6,117.75,22.61,50.0,
2022-12-14 14:23:02,941 ; Ahrs2 ; -996.58,72.27,-19.04,0.64,3.4,-1.17,52.8,68.25,116.4,22.71,50.0,
2022-12-14 14:23:02,960 ; Ahrs2 ; -995.61,77.64,7.32,-0.89,0.35,-0.66,52.35,66.9,117.0,22.9,50.0,
2022-12-14 14:23:02,981 ; Ahrs2 ; -1006.84,78.61,13.67,-0.03,0.82,0.3,53.55,66.45,116.4,22.76,50.0,
2022-12-14 14:23:03,001 ; Ahrs2 ; -1002.44,77.64,-15.63,0.69,-0.2,0.21,52.8,67.5,116.4,22.52,50.0,
2022-12-14 14:23:03,020 ; Ahrs2 ; -999.51,81.05,3.42,-0.78,0.95,-0.84,54.15,67.35,117.3,22.76,50.0,
2022-12-14 14:23:03,041 ; Ahrs2 ; -1000.98,78.61,16.11,-0.08,-0.47,1.47,52.8,66.75,117.45,22.81,50.0,
2022-12-14 14:23:03,061 ; Ahrs2 ; -997.07,63.48,20.02,-2.03,1.27,-3.25,52.8,67.95,117.9,22.81,50.0,
2022-12-14 14:23:03,081 ; Ahrs2 ; -996.09,66.41,-10.25,1.35,-0.9,-3.22,53.4,67.65,117.3,22.76,50.0,
2022-12-14 14:23:03,101 ; Ahrs2 ; -999.02,84.96,-8.79,0.41,0.11,1.89,53.4,67.65,117.0,22.81,50.0,
2022-12-14 14:23:03,121 ; Ahrs2 ; -993.65,56.64,1.46,-0.09,1.7,-0.45,52.35,67.65,115.95,22.95,50.0,
2022-12-14 14:23:03,141 ; Ahrs2 ; -999.51,72.27,-5.37,0.78,2.28,-3.12,52.8,66.75,117.9,22.76,50.0,
2022-12-14 14:23:03,162 ; Ahrs2 ; -995.61,67.87,-7.32,0.05,0.02,-0.11,53.7,67.65,116.7,22.9,50.0,
2022-12-14 14:23:03,181 ; Ahrs2 ; -1002.93,73.24,3.42,0.28,0.63,-3.15,52.5,67.95,116.85,22.81,50.0,
2022-12-14 14:23:03,221 ; Ahrs2 ; -1013.18,65.92,2.93,-0.27,-0.47,-0.45,52.5,66.0,117.45,22.81,50.0,
2022-12-14 14:23:03,226 ; Ahrs2 ; -1001.46,66.89,3.42,1.09,1.72,1.55,53.55,68.55,116.4,22.42,50.0,
2022-12-14 14:23:03,245 ; Ahrs2 ; -987.3,78.13,-0.98,0.29,-1.02,2.19,52.8,67.2,117.15,22.81,50.0,
2022-12-14 14:23:03,265 ; Ahrs2 ; -1002.93,63.48,5.37,-0.34,-2.79,-0.41,53.4,68.1,115.65,22.76,50.0,
2022-12-14 14:23:03,285 ; Ahrs2 ; -997.07,76.17,-14.65,-2.49,0.57,-2.44,53.85,66.45,117.9,22.9,50.0,
2022-12-14 14:23:03,305 ; Ahrs2 ; -1007.32,66.41,8.79,-1.2,-1.82,-3.69,53.55,68.55,116.1,22.52,50.0,
2022-12-14 14:23:03,325 ; Ahrs2 ; -1002.93,74.71,9.28,1.56,1.56,1.24,52.95,66.6,118.35,22.76,50.0,
2022-12-14 14:23:03,345 ; Ahrs2 ; -991.21,81.54,1.46,-2.05,1.34,2.67,54.6,67.95,117.9,22.95,50.0,
2022-12-14 14:23:03,365 ; Ahrs2 ; -1000.49,72.27,1.46,2.85,-0.6,1.43,51.9,66.6,117.0,22.81,50.0,
2022-12-14 14:23:03,385 ; Ahrs2 ; -1007.32,73.24,6.84,1.03,0.64,-2.28,53.7,66.9,117.75,22.76,50.0,
2022-12-14 14:23:03,405 ; Ahrs2 ; -990.72,74.71,3.42,0.05,-2.19,-2.24,53.55,67.2,116.85,22.76,50.0,
2022-12-14 14:23:03,423 ; Ahrs2 ; -999.02,67.87,-0.98,-1.81,2.17,-0.31,52.65,68.1,117.0,22.76,50.0,
2022-12-14 14:23:03,445 ; Ahrs2 ; -989.75,86.43,0.98,0.63,-0.45,-0.51,52.5,66.0,117.45,22.81,50.0,
2022-12-14 14:23:03,465 ; Ahrs2 ; -1005.86,70.31,9.77,2.48,-0.04,2.43,52.95,67.35,116.25,22.71,50.0,
