2022-12-14 14:23:06,926 ; Ahrs2 ; 
2022-12-14 14:23:07,066 ; Ahrs2 ; 
2022-12-14 14:23:07,087 ; Ahrs2 ; 
2022-12-14 14:23:07,093 ; Ahrs2 ; 
2022-12-14 14:23:07,094 ; Ahrs2 ; 
2022-12-14 14:23:07,100 ; Ahrs2 ; 
2022-12-14 14:23:07,107 ; Ahrs2 ; 
2022-12-14 14:23:07,108 ; Ahrs2 ; 
2022-12-14 14:23:07,112 ; Ahrs2 ; 
2022-12-14 14:23:07,119 ; Ahrs2 ; 
2022-12-14 14:23:07,135 ; Ahrs2 ; -1006.35,72.27,7.81,-0.86,-0.84,-1.51,54.15,66.6,117.3,22.71,100.0,
2022-12-14 14:23:07,156 ; Ahrs2 ; -989.26,81.05,-6.35,1.35,-0.44,-1.59,52.8,66.75,117.45,22.71,66.667,
2022-12-14 14:23:07,165 ; Ahrs2 ; -997.07,68.36,4.39,0.92,0.58,-0.54,54.15,66.15,117.0,22.71,60.0,
2022-12-14 14:23:07,175 ; Ahrs2 ; -999.51,78.13,-11.23,-1.78,0.69,1.07,54.15,68.1,116.7,22.57,57.143,
2022-12-14 14:23:07,184 ; Ahrs2 ; -994.14,72.75,-5.86,-0.53,-1.63,0.4,52.8,66.75,116.4,22.76,55.556,
2022-12-14 14:23:07,188 ; Ahrs2 ; -1000.0,78.13,2.93,1.69,-0.82,1.85,53.55,67.2,118.2,22.81,54.545,
2022-12-14 14:23:07,203 ; Ahrs2 ; -1001.95,66.89,14.16,-1.6,-1.66,-1.25,53.7,67.35,115.95,22.76,53.846,
2022-12-14 14:23:07,207 ; Ahrs2 ; -998.54,74.22,2.93,-1.42,0.56,-2.1,52.65,67.65,118.05,22.9,53.333,
2022-12-14 14:23:07,270 ; Ahrs2 ; -997.07,81.05,-7.81,-1.45,1.79,-1.58,54.3,67.95,116.85,22.81,52.941,
2022-12-14 14:23:07,283 ; Ahrs2 ; -1000.98,64.45,13.18,-0.18,1.37,0.98,53.85,67.95,117.15,22.42,52.632,
2022-12-14 14:23:07,299 ; Ahrs2 ; -993.16,58.59,-0.98,-1.4,-0.01,-0.13,53.4,65.85,117.0,22.81,52.381,
2022-12-14 14:23:07,308 ; Ahrs2 ; -994.14,73.73,-9.77,0.55,1.46,0.04,52.05,68.25,117.15,22.71,52.174,
2022-12-14 14:23:07,329 ; Ahrs2 ; -986.33,71.29,12.7,-1.43,-0.45,-3.5,53.25,67.2,118.2,22.76,52.0,
2022-12-14 14:23:07,340 ; Ahrs2 ; -1008.79,77.64,12.7,-1.05,-0.09,0.7,54.45,66.6,117.0,22.42,51.852,
2022-12-14 14:23:07,375 ; Ahrs2 ; -1003.42,67.87,-1.46,-1.02,-0.54,-0.85,52.65,68.1,116.7,22.71,51.724,
2022-12-14 14:23:07,394 ; Ahrs2 ; -1002.93,70.8,8.3,0.55,-2.02,1.08,51.9,67.65,117.0,22.37,51.613,
2022-12-14 14:23:07,416 ; Ahrs2 ; -991.7,78.61,15.14,0.17,0.9,-0.24,52.8,66.0,116.4,22.81,51.515,
2022-12-14 14:23:07,425 ; Ahrs2 ; -1016.6,70.8,-22.46,-0.02,-0.93,0.15,53.85,67.5,117.45,22.76,51.429,
2022-12-14 14:23:07,429 ; Ahrs2 ; -984.38,50.78,0.49,-0.85,-0.99,-0.28,54.45,67.65,116.25,22.81,51.351,
2022-12-14 14:23:07,444 ; Ahrs2 ; -1012.21,74.71,27.83,-0.21,0.31,-2.37,52.95,67.35,116.7,22.61,51.282,
2022-12-14 14:23:07,503 ; Ahrs2 ; -994.63,77.15,-4.39,-2.47,0.95,2.51,53.7,68.4,116.25,22.76,51.22,
2022-12-14 14:23:07,515 ; Ahrs2 ; -1008.3,69.34,-6.35,0.64,0.24,3.61,52.95,68.1,117.3,22.61,51.163,
2022-12-14 14:23:07,575 ; Ahrs2 ; -990.72,78.61,4.39,-0.43,-0.22,-0.75,53.55,66.45,116.1,22.57,51.111,
2022-12-14 14:23:07,591 ; Ahrs2 ; -1010.74,78.61,0.49,-0.87,-0.26,-0.69,54.3,68.25,117.45,22.76,51.064,
2022-12-14 14:23:07,597 ; Ahrs2 ; -1006.84,70.8,-13.18,-1.71,0.55,-1.18,53.4,66.6,116.25,22.81,51.02,
2022-12-14 14:23:07,621 ; Ahrs2 ; -997.07,70.31,-0.49,-0.63,2.11,1.75,53.85,67.5,117.15,22.76,50.98,
2022-12-14 14:23:07,633 ; Ahrs2 ; -998.54,62.01,7.81,1.27,0.86,0.46,53.7,67.65,116.7,22.71,50.943,
2022-12-14 14:23:07,643 ; Ahrs2 ; -1004.39,74.71,-0.49,1.15,-0.63,-1.26,53.4,67.65,117.3,22.57,50.909,
2022-12-14 14:23:07,652 ; Ahrs2 ; -997.56,78.61,0.0,-1.92,1.44,2.66,55.35,67.5,116.1,22.57,50.877,
2022-12-14 14:23:07,667 ; Ahrs2 ; -1008.79,68.36,-0.98,0.02,0.03,-2.19,51.9,67.35,118.35,22.81,50.847,
2022-12-14 14:23:07,683 ; Ahrs2 ; -989.26,81.05,18.55,0.8,1.27,-1.13,53.85,68.55,117.45,22.57,50.82,
2022-12-14 14:23:07,691 ; Ahrs2 ; -995.12,70.31,-16.11,-1.52,-1.78,0.38,53.25,66.75,117.9,22.76,50.794,
2022-12-14 14:23:07,734 ; Ahrs2 ; -999.51,68.36,1.46,1.7,0.53,0.13,53.85,68.25,116.1,22.61,50.769,
2022-12-14 14:23:07,761 ; Ahrs2 ; -999.51,72.75,18.55,1.16,-0.09,-1.85,53.55,68.55,117.15,22.76,50.746,
2022-12-14 14:23:07,771 ; Ahrs2 ; -996.58,62.99,-10.25,-1.64,0.51,-0.47,53.55,67.5,116.85,22.57,50.725,
2022-12-14 14:23:07,775 ; Ahrs2 ; -990.72,62.01,-10.25,-0.61,-0.88,0.45,52.05,67.95,117.15,22.9,50.704,
2022-12-14 14:23:07,794 ; Ahrs2 ; -985.35,74.71,12.7,1.06,-0.62,-0.12,53.4,67.35,116.7,22.57,50.685,
2022-12-14 14:23:07,808 ; Ahrs2 ; -993.65,63.48,-16.6,-1.03,-0.03,-2.62,53.25,66.0,117.45,22.9,50.667,
2022-12-14 14:23:07,822 ; Ahrs2 ; -1006.84,79.59,-1.95,-0.66,-1.83,1.28,53.55,67.2,117.15,22.76,50.649,
2022-12-14 14:23:07,832 ; Ahrs2 ; -991.7,62.5,8.79,1.64,-0.56,-0.22,53.55,67.5,116.4,22.9,50.633,
2022-12-14 14:23:07,836 ; Ahrs2 ; -1004.39,65.92,3.91,-0.34,-0.53,-0.58,53.55,65.7,117.9,22.81,50.617,
2022-12-14 14:23:07,839 ; Ahrs2 ; -990.72,80.08,-4.88,-1.08,-0.65,1.5,53.85,66.75,115.8,22.81,50.602,
2022-12-14 14:23:07,861 ; Ahrs2 ; -987.3,70.31,22.46,0.88,1.1,0.23,52.95,68.1,117.75,22.76,50.588,
2022-12-14 14:23:07,865 ; Ahrs2 ; -998.05,75.2,-2.44,1.99,-0.08,-0.88,52.8,67.5,118.95,22.81,50.575,
2022-12-14 14:23:07,880 ; Ahrs2 ; -1009.28,66.41,-7.32,0.3,-0.54,1.38,54.75,66.9,117.0,22.95,50.562,
2022-12-14 14:23:07,889 ; Ahrs2 ; -1007.81,67.38,8.3,-1.19,-0.06,0.31,54.15,66.9,116.25,22.76,50.549,
2022-12-14 14:23:07,909 ; Ahrs2 ; -991.7,72.27,3.42,-2.41,0.6,-2.93,53.25,67.95,117.9,22.71,50.538,
2022-12-14 14:23:08,485 ; Ahrs2 ; -1010.74,61.52,-13.18,-1.45,0.54,-0.34,52.8,67.5,117.15,22.52,50.526,
2022-12-14 14:23:09,032 ; Ahrs2 ; -988.28,81.54,2.44,1.82,-2.58,0.68,53.25,67.2,117.15,22.81,50.515,
2022-12-14 14:23:09,858 ; Ahrs2 ; -1001.46,65.43,1.46,-0.69,0.4,1.4,52.5,66.0,116.85,22.42,50.505,
2022-12-14 14:23:10,830 ; Ahrs2 ; -1001.46,83.98,2.44,-1.53,-1.3,0.06,54.9,68.25,117.45,22.61,50.495,
2022-12-14 14:23:11,692 ; Ahrs2 ; -997.56,71.29,-8.3,-0.26,-0.88,-0.71,54.3,67.5,116.1,22.57,50.485,
2022-12-14 14:23:12,598 ; Ahrs2 ; -993.16,80.08,-2.93,-0.09,2.74,1.65,52.8,66.75,117.9,22.61,50.476,
2022-12-14 14:23:13,551 ; Ahrs2 ; -1013.18,76.17,4.39,-1.42,1.66,0.61,53.4,68.4,115.2,22.76,50.467,
2022-12-14 14:23:14,635 ; Ahrs2 ; -1001.95,85.45,0.49,1.9,-0.31,-0.41,53.55,67.5,116.85,22.9,50.459,
2022-12-14 14:23:15,261 ; Ahrs2 ; -1001.46,73.73,6.84,-1.31,-0.98,-0.46,52.95,67.65,118.35,22.81,50.45,
2022-12-14 14:23:15,790 ; Ahrs2 ; -982.42,79.59,2.44,0.69,-0.06,-4.5,53.25,68.55,117.15,22.81,50.442,
2022-12-14 14:23:16,192 ; Ahrs2 ; -1009.28,63.96,0.49,0.31,1.32,-2.85,54.45,69.15,116.25,22.61,50.435,
2022-12-14 14:23:16,634 ; Ahrs2 ; -988.28,66.41,-3.42,0.03,2.92,-1.05,52.95,67.65,117.75,22.71,50.427,
2022-12-14 14:23:17,095 ; Ahrs2 ; -1002.93,59.57,0.0,-1.82,0.79,-0.37,53.7,66.6,116.25,22.76,50.42,
2022-12-14 14:23:17,608 ; Ahrs2 ; -997.56,68.85,-0.98,-0.37,0.42,1.98,53.7,67.35,116.7,22.81,50.413,
2022-12-14 14:23:18,486 ; Ahrs2 ; -999.51,74.22,-6.84,2.68,0.07,-0.16,52.65,67.65,118.05,22.81,50.407,
2022-12-14 14:23:19,409 ; Ahrs2 ; -995.61,66.41,12.7,1.11,-0.62,-0.82,53.85,66.75,117.15,22.57,50.4,
2022-12-14 14:23:20,368 ; Ahrs2 ; -1001.46,78.13,-3.42,-0.6,1.31,-0.97,53.7,68.1,117.75,22.81,50.394,
2022-12-14 14:23:21,290 ; Ahrs2 ; -1002.44,71.29,-16.11,0.24,-2.45,-0.56,53.85,68.25,116.4,22.57,50.388,
2022-12-14 14:23:22,201 ; Ahrs2 ; -1000.98,74.22,8.79,-1.88,1.91,2.86,54.15,66.6,116.7,22.76,50.382,
2022-12-14 14:23:23,189 ; Ahrs2 ; -997.56,63.96,6.35,1.49,1.74,4.15,53.55,66.75,117.45,22.57,50.376,
2022-12-14 14:23:24,053 ; Ahrs2 ; -1001.95,80.57,-12.7,0.8,-1.4,1.63,53.4,67.65,117.75,22.76,50.37,
2022-12-14 14:23:24,966 ; Ahrs2 ; -1005.86,66.41,-0.49,-0.24,1.92,-1.45,52.95,67.65,117.0,22.57,50.365,
2022-12-14 14:23:25,958 ; Ahrs2 ; -989.26,62.01,3.42,-2.89,0.33,-0.11,53.7,66.9,115.65,22.81,50.36,
2022-12-14 14:23:26,945 ; Ahrs2 ; -999.02,77.15,-7.81,-1.17,0.34,-2.82,53.55,67.95,117.9,22.76,50.355,
2022-12-14 14:23:27,946 ; Ahrs2 ; -1000.0,69.82,-13.18,-1.24,0.13,0.88,53.7,66.9,118.05,22.81,50.35,
2022-12-14 14:23:28,741 ; Ahrs2 ; -999.51,66.89,4.88,-1.37,-1.37,-0.59,52.65,67.35,116.25,22.61,50.345,
2022-12-14 14:23:29,324 ; Ahrs2 ; -1000.98,76.66,1.46,-0.85,1.15,-1.44,53.85,67.95,116.4,22.61,50.34,
2022-12-14 14:23:29,928 ; Ahrs2 ; -1009.77,63.96,-3.91,0.18,-0.71,-0.96,53.85,66.45,117.9,22.81,50.336,
2022-12-14 14:23:30,582 ; Ahrs2 ; -996.09,66.41,-2.93,-0.03,0.85,-2.92,53.55,67.95,116.85,22.57,50.331,
2022-12-14 14:23:31,017 ; Ahrs2 ; -995.61,73.73,1.46,-0.75,1.05,-0.18,53.25,67.5,116.85,22.76,50.327,
2022-12-14 14:23:31,425 ; Ahrs2 ; -996.09,83.01,-8.3,-1.48,-0.69,0.58,54.45,66.9,115.95,22.37,50.323,
2022-12-14 14:23:31,954 ; Ahrs2 ; -994.14,78.13,4.88,-1.53,1.63,-2.05,53.4,68.1,116.25,22.95,50.318,
2022-12-14 14:23:32,467 ; Ahrs2 ; -993.16,73.73,2.44,-2.66,-1.75,1.65,53.85,68.25,116.85,22.71,50.314,
2022-12-14 14:23:33,109 ; Ahrs2 ; -1003.91,66.89,-0.49,-1.81,-0.69,0.81,53.7,66.6,117.0,22.81,50.311,
2022-12-14 14:23:33,430 ; Ahrs2 ; -1000.49,68.36,2.93,-0.32,0.13,4.4,54.6,68.25,116.85,22.71,50.307,
2022-12-14 14:23:34,200 ; Ahrs2 ; -987.3,59.57,14.65,-2.38,0.41,-0.66,53.4,66.6,116.25,22.71,50.303,
2022-12-14 14:23:34,619 ; Ahrs2 ; -1000.98,80.57,-8.3,-0.34,0.44,-0.74,52.65,67.35,117.0,22.81,50.299,
2022-12-14 14:23:35,330 ; Ahrs2 ; -983.89,63.48,4.88,-2.0,2.6,0.69,54.6,67.2,116.4,22.76,50.296,
2022-12-14 14:23:35,955 ; Ahrs2 ; -994.63,70.31,1.95,-1.98,-0.11,1.13,52.95,67.65,116.25,22.9,50.292,
2022-12-14 14:23:36,438 ; Ahrs2 ; -999.51,80.08,-6.84,-0.48,0.45,0.95,54.15,66.9,117.3,22.76,50.289,
2022-12-14 14:23:37,019 ; Ahrs2 ; -1005.37,69.82,-2.44,1.44,-0.13,-0.8,52.5,67.95,116.85,22.81,50.286,
2022-12-14 14:23:37,739 ; Ahrs2 ; -993.16,66.89,14.16,-0.94,-1.72,0.74,52.8,66.75,117.15,22.57,50.282,
2022-12-14 14:23:38,222 ; Ahrs2 ; -991.21,69.34,-1.46,0.57,1.9,0.08,52.35,68.4,115.95,22.81,50.279,
2022-12-14 14:23:38,818 ; Ahrs2 ; -1003.42,63.48,-2.93,1.03,-0.36,-1.01,53.85,67.95,116.4,22.81,50.276,
2022-12-14 14:23:39,262 ; Ahrs2 ; -1008.3,72.27,10.74,-0.27,0.01,3.15,55.65,67.95,116.4,22.81,50.273,
2022-12-14 14:23:39,888 ; Ahrs2 ; -1001.95,66.41,3.91,-1.07,-2.44,-3.11,53.25,67.2,117.45,22.57,50.27,
2022-12-14 14:23:40,503 ; Ahrs2 ; -1006.35,80.08,-10.74,-1.69,-0.12,-1.76,52.5,68.55,116.85,22.76,50.267,
2022-12-14 14:23:41,048 ; Ahrs2 ; -1015.63,75.68,-2.44,-0.77,0.16,-0.77,54.75,66.15,117.0,22.57,50.265,
2022-12-14 14:23:41,720 ; Ahrs2 ; -1000.0,58.59,-7.81,-0.3,-0.48,-0.74,53.85,68.25,117.9,22.71,50.262,
2022-12-14 14:23:42,478 ; Ahrs2 ; -1005.37,76.66,-5.86,0.09,2.67,-1.56,54.75,66.9,117.3,22.81,50.259,
2022-12-14 14:23:43,229 ; Ahrs2 ; -1006.84,88.38,-4.88,0.21,1.21,2.52,53.85,68.55,116.85,22.76,50.256,
2022-12-14 14:23:43,648 ; Ahrs2 ; -1007.32,72.75,-7.81,1.44,-0.49,3.78,54.3,68.55,116.85,22.76,50.254,
2022-12-14 14:23:44,211 ; Ahrs2 ; -1009.77,73.24,-3.42,-0.44,-0.92,4.05,53.7,66.9,115.95,22.81,50.251,
2022-12-14 14:23:44,822 ; Ahrs2 ; -1006.84,74.71,-6.35,2.21,-0.8,-0.52,54.3,67.95,116.4,22.76,50.249,
2022-12-14 14:23:45,261 ; Ahrs2 ; -998.05,77.64,-0.98,-2.95,1.73,-1.6,54.45,67.65,117.0,22.61,50.246,
2022-12-14 14:23:46,007 ; Ahrs2 ; -1000.98,72.75,2.44,0.95,2.23,0.79,54.3,66.75,116.4,22.9,50.244,
2022-12-14 14:23:46,517 ; Ahrs2 ; -991.7,78.13,15.14,-0.44,0.16,-0.05,52.35,68.1,115.95,22.71,50.242,
2022-12-14 14:23:47,163 ; Ahrs2 ; -999.02,64.94,5.37,0.34,-0.91,-1.84,53.55,67.2,117.15,22.71,50.239,
2022-12-14 14:23:47,745 ; Ahrs2 ; -1004.39,78.61,-0.98,-0.55,-0.42,1.76,53.4,65.85,116.25,22.57,50.237,
2022-12-14 14:23:48,297 ; Ahrs2 ; -1004.39,75.2,-0.49,0.25,0.9,-2.8,53.4,67.35,116.25,22.76,50.235,
2022-12-14 14:23:48,705 ; Ahrs2 ; -1004.88,80.08,2.93,0.55,0.62,-0.79,54.15,67.65,116.7,22.52,50.233,
2022-12-14 14:23:49,441 ; Ahrs2 ; -998.05,77.15,9.77,1.73,0.31,1.08,53.4,68.85,117.3,22.9,50.23,
2022-12-14 14:23:49,951 ; Ahrs2 ; -1002.93,82.52,-0.49,-0.81,-2.42,-1.48,53.7,66.6,117.3,22.61,50.228,
2022-12-14 14:23:50,858 ; Ahrs2 ; -1003.42,61.04,-13.18,0.53,0.69,-2.42,53.4,67.35,117.3,22.9,50.226,
2022-12-14 14:23:51,467 ; Ahrs2 ; -1001.46,70.8,4.88,1.56,-0.8,-1.63,53.25,67.5,117.15,22.76,50.224,
2022-12-14 14:23:52,071 ; Ahrs2 ; -990.23,66.41,-9.28,-1.21,1.02,-4.11,53.25,68.25,117.45,22.81,50.222,
2022-12-14 14:23:52,616 ; Ahrs2 ; -995.12,68.36,-6.35,-3.11,-0.7,-2.15,54.75,67.35,117.0,22.81,50.22,
2022-12-14 14:23:53,199 ; Ahrs2 ; -996.58,69.34,-5.37,0.05,1.08,-3.54,53.55,66.45,116.85,22.71,50.218,
2022-12-14 14:23:53,671 ; Ahrs2 ; -1002.93,73.24,7.81,0.01,-1.24,-0.6,53.25,67.2,116.85,22.57,50.216,
2022-12-14 14:23:54,466 ; Ahrs2 ; -998.05,76.66,-9.28,2.82,0.5,1.01,54.3,67.95,117.45,22.61,50.215,
2022-12-14 14:23:54,938 ; Ahrs2 ; -991.7,52.25,14.16,0.33,-0.12,0.32,54.15,67.35,117.3,22.76,50.213,
2022-12-14 14:23:55,261 ; Ahrs2 ; -994.14,68.85,-2.93,1.68,1.01,-0.82,53.25,66.75,117.9,22.81,50.211,
2022-12-14 14:23:55,614 ; Ahrs2 ; -998.54,73.73,0.49,0.0,-1.03,0.79,53.25,66.0,116.85,22.81,50.209,
2022-12-14 14:23:55,705 ; Ahrs2 ; -1002.44,58.59,0.49,-0.2,-1.21,2.2,52.8,66.45,117.9,23.05,50.207,
2022-12-14 14:23:55,770 ; Ahrs2 ; -1005.86,75.2,13.18,0.24,0.47,-0.01,52.95,66.6,117.0,22.9,50.206,
2022-12-14 14:23:55,865 ; Ahrs2 ; -1008.3,75.68,-12.21,-0.56,0.85,-4.08,54.75,68.1,116.7,22.57,50.204,
2022-12-14 14:23:55,937 ; Ahrs2 ; -1011.23,66.41,7.32,-0.82,1.45,-2.62,53.55,66.75,117.15,22.81,50.202,
2022-12-14 14:23:56,037 ; Ahrs2 ; -1001.46,62.01,17.09,-0.62,0.68,1.82,54.3,67.5,117.15,22.57,50.201,
2022-12-14 14:23:56,102 ; Ahrs2 ; -992.68,77.64,-4.88,-1.82,0.93,0.19,53.55,66.75,117.15,22.81,50.199,
2022-12-14 14:23:56,183 ; Ahrs2 ; -1008.79,77.15,-16.6,1.0,-1.18,-1.74,52.8,68.25,117.45,22.76,50.198,
2022-12-14 14:23:56,282 ; Ahrs2 ; -994.14,70.31,12.21,0.28,2.62,3.99,55.2,67.35,117.75,22.52,50.196,
2022-12-14 14:23:56,317 ; Ahrs2 ; -998.54,65.92,16.11,0.23,0.03,-0.28,54.15,67.65,116.25,22.71,50.195,
2022-12-14 14:23:56,427 ; Ahrs2 ; -1008.79,68.36,-14.16,-0.47,-0.44,-2.73,53.25,68.25,117.45,22.81,50.193,
2022-12-14 14:23:56,430 ; Ahrs2 ; -991.7,79.1,8.79,-0.88,0.66,-0.11,51.3,66.6,117.3,22.71,50.192,
2022-12-14 14:23:56,433 ; Ahrs2 ; -1003.42,75.68,4.39,-1.02,1.51,-1.65,53.25,67.95,117.45,22.76,50.19,
2022-12-14 14:23:56,511 ; Ahrs2 ; -1004.39,84.96,-5.86,0.39,0.39,0.56,53.4,66.15,117.75,22.76,50.189,
2022-12-14 14:23:56,743 ; Ahrs2 ; -1001.46,64.94,9.28,2.98,-0.6,-2.31,53.4,66.15,116.7,22.76,50.187,
2022-12-14 14:23:56,967 ; Ahrs2 ; -997.07,74.71,9.77,-0.81,-0.88,3.2,52.95,66.15,116.25,22.81,50.186,
2022-12-14 14:23:57,048 ; Ahrs2 ; -993.65,66.41,-21.48,-2.05,0.53,-1.55,52.95,67.35,118.35,22.9,50.185,
2022-12-14 14:23:57,104 ; Ahrs2 ; -998.05,77.15,-5.37,-1.56,0.18,1.9,54.3,67.65,118.05,22.76,50.183,
2022-12-14 14:23:57,207 ; Ahrs2 ; -1005.37,64.45,5.86,-0.2,1.43,2.47,54.75,68.1,117.3,22.81,50.182,
2022-12-14 14:23:57,331 ; Ahrs2 ; -1016.11,68.85,2.44,-0.46,0.14,-0.02,51.9,66.6,118.05,22.76,50.181,
2022-12-14 14:23:57,337 ; Ahrs2 ; -993.16,92.29,-13.18,0.45,-0.65,-0.86,53.25,66.75,117.9,22.52,50.179,
2022-12-14 14:23:58,101 ; Ahrs2 ; -995.61,72.75,10.25,0.4,-0.13,1.56,54.6,67.2,118.65,22.9,50.178,
2022-12-14 14:23:58,699 ; Ahrs2 ; -1008.3,74.22,6.84,-1.13,-1.22,1.24,53.55,68.55,117.9,22.52,50.177,
2022-12-14 14:23:58,751 ; Ahrs2 ; -1000.49,72.27,-1.95,-1.24,0.75,-0.77,53.55,67.5,117.15,22.76,50.175,
2022-12-14 14:23:59,358 ; Ahrs2 ; -996.09,80.08,-3.91,-1.28,-2.41,2.94,54.15,67.65,116.7,22.61,50.174,
2022-12-14 14:24:00,025 ; Ahrs2 ; -1002.93,73.24,-6.84,-0.77,-1.98,0.73,52.8,66.45,118.2,22.76,50.173,
2022-12-14 14:24:00,753 ; Ahrs2 ; -1005.37,80.08,0.98,1.21,-1.12,2.0,54.6,67.95,116.4,22.76,50.172,
2022-12-14 14:24:01,440 ; Ahrs2 ; -1011.72,76.17,1.95,0.61,-0.63,0.69,54.6,67.2,117.15,22.81,50.171,
2022-12-14 14:24:02,104 ; Ahrs2 ; -993.16,71.78,11.72,1.0,0.04,0.04,52.95,67.35,115.95,22.81,50.169,
2022-12-14 14:24:02,171 ; Ahrs2 ; -993.16,73.24,-2.44,0.24,-0.28,3.81,52.5,67.5,116.4,22.81,50.168,
2022-12-14 14:24:02,174 ; Ahrs2 ; -996.09,79.1,5.86,-0.32,1.15,-1.08,53.4,67.65,117.0,22.76,50.167,
2022-12-14 14:24:02,177 ; Ahrs2 ; -995.12,75.68,7.81,-0.13,-0.79,-0.08,52.65,66.9,116.7,22.9,50.166,
2022-12-14 14:24:03,101 ; Ahrs2 ; -989.26,78.61,-3.91,1.11,0.17,-1.38,53.7,68.4,117.3,22.81,50.165,
2022-12-14 14:24:03,731 ; Ahrs2 ; -993.16,72.75,-0.98,-1.96,-1.03,-3.86,54.15,68.1,117.0,22.71,50.164,
2022-12-14 14:24:03,734 ; Ahrs2 ; -1003.42,79.59,-7.32,-0.05,1.38,-4.51,52.5,68.55,118.65,22.76,50.163,
2022-12-14 14:24:03,737 ; Ahrs2 ; -1002.93,73.73,-2.44,-0.67,-0.24,2.82,52.35,66.6,116.7,22.81,50.162,
2022-12-14 14:24:03,841 ; Ahrs2 ; -999.51,71.29,-8.79,1.92,1.74,0.01,53.4,68.1,117.75,22.81,50.161,
2022-12-14 14:24:03,856 ; Ahrs2 ; -997.07,81.05,-10.74,-1.08,-0.41,0.47,53.25,67.5,116.85,22.52,50.16,
2022-12-14 14:24:03,899 ; Ahrs2 ; -1004.39,75.2,0.98,-2.44,0.11,-1.46,53.4,69.15,117.75,22.71,50.159,
2022-12-14 14:24:03,944 ; Ahrs2 ; -1003.91,83.98,0.49,-1.65,-1.27,1.04,53.55,66.75,117.15,22.57,50.158,
2022-12-14 14:24:03,989 ; Ahrs2 ; -1000.98,62.01,1.46,0.38,0.73,-2.35,53.7,67.35,115.95,22.71,50.157,
2022-12-14 14:24:04,087 ; Ahrs2 ; -999.02,62.99,2.44,1.28,1.5,-0.02,52.8,67.5,116.1,22.61,50.156,
2022-12-14 14:24:04,110 ; Ahrs2 ; -990.72,76.66,4.88,0.52,-0.45,1.44,53.85,66.0,117.9,22.81,50.155,
2022-12-14 14:24:04,124 ; Ahrs2 ; -995.12,72.75,-5.37,0.99,-0.85,-0.95,53.4,67.35,117.0,22.81,50.154,
2022-12-14 14:24:04,127 ; Ahrs2 ; -997.07,75.2,6.35,-2.35,1.6,2.6,51.9,68.4,116.7,22.81,50.153,
2022-12-14 14:24:04,138 ; Ahrs2 ; -1007.32,82.52,-9.28,1.63,1.06,2.12,53.25,66.75,117.45,22.9,50.152,
2022-12-14 14:24:04,153 ; Ahrs2 ; -1004.39,62.01,-6.35,0.78,1.95,-1.66,53.7,66.15,117.75,22.81,50.151,
2022-12-14 14:24:04,156 ; Ahrs2 ; -1000.49,65.92,-5.86,0.63,-0.56,1.64,54.15,66.15,117.0,22.81,50.15,
2022-12-14 14:24:04,609 ; Ahrs2 ; -995.12,74.22,8.79,0.38,0.36,1.23,53.55,67.5,116.85,22.81,50.149,
2022-12-14 14:24:04,716 ; Ahrs2 ; -995.61,70.31,-1.46,-0.89,0.28,0.31,53.4,67.35,117.75,22.61,50.148,
2022-12-14 14:24:04,733 ; Ahrs2 ; -997.56,73.73,5.37,-1.66,0.21,-3.93,53.4,65.85,116.7,22.71,50.147,
2022-12-14 14:24:04,969 ; Ahrs2 ; -995.12,62.99,9.28,-0.74,2.2,-2.41,53.85,67.5,117.9,22.81,50.147,
2022-12-14 14:24:05,135 ; Ahrs2 ; -1005.86,70.8,0.0,-0.57,3.54,-1.88,52.95,66.9,116.7,22.81,50.146,
2022-12-14 14:24:05,199 ; Ahrs2 ; -1003.91,76.66,-5.86,0.24,-0.74,0.88,53.85,67.2,117.45,22.71,50.145,
2022-12-14 14:24:05,323 ; Ahrs2 ; -1012.7,67.87,9.77,-1.22,-0.47,0.82,53.55,68.25,118.2,22.42,50.144,
2022-12-14 14:24:05,614 ; Ahrs2 ; -1001.95,72.75,2.93,-0.56,0.18,2.32,53.7,67.65,115.65,22.71,50.143,
2022-12-14 14:24:05,628 ; Ahrs2 ; -1002.93,83.01,-7.32,-0.94,0.78,-0.56,52.35,67.35,117.0,22.61,50.142,
2022-12-14 14:24:05,631 ; Ahrs2 ; -1000.49,74.22,3.91,0.24,2.45,-0.35,53.25,66.0,117.45,22.76,50.142,
2022-12-14 14:24:05,638 ; Ahrs2 ; -996.58,62.5,0.0,0.22,1.62,1.31,53.4,66.9,116.7,22.76,50.141,
2022-12-14 14:24:05,702 ; Ahrs2 ; -986.82,66.41,-21.0,-0.65,-2.06,0.13,54.6,68.25,116.1,22.61,50.14,
2022-12-14 14:24:06,028 ; Ahrs2 ; -1016.6,64.94,-3.42,1.84,1.15,-0.55,53.4,68.1,117.0,22.81,50.139,
2022-12-14 14:24:06,110 ; Ahrs2 ; -1005.86,78.61,8.79,-2.34,0.63,-0.8,54.15,67.65,117.3,22.95,50.139,
2022-12-14 14:24:06,191 ; Ahrs2 ; -1001.46,77.15,-5.37,-1.85,-0.66,-7.06,53.85,67.5,116.85,22.71,50.138,
2022-12-14 14:24:06,422 ; Ahrs2 ; -1002.93,73.24,-17.09,-1.89,-0.71,-2.02,52.65,66.6,117.75,22.61,50.137,
2022-12-14 14:24:06,649 ; Ahrs2 ; -1001.95,62.01,8.3,0.03,0.4,-2.71,54.3,67.5,116.85,22.81,50.136,
2022-12-14 14:24:07,237 ; Ahrs2 ; -992.68,83.01,-0.98,1.05,1.11,2.3,53.4,67.35,115.95,22.81,50.136,
2022-12-14 14:24:07,975 ; Ahrs2 ; -1000.0,73.24,-3.91,-0.82,-0.49,1.56,53.85,67.5,117.45,23.09,50.135,
2022-12-14 14:24:08,365 ; Ahrs2 ; -1008.3,66.89,6.84,-1.56,1.12,-0.16,54.3,66.75,117.15,22.81,50.134,
2022-12-14 14:24:08,707 ; Ahrs2 ; -995.61,80.08,0.49,-0.52,0.51,-3.69,55.65,67.95,117.9,22.81,50.133,
2022-12-14 14:24:09,570 ; Ahrs2 ; -1000.49,67.38,0.0,-1.27,-0.02,1.17,53.85,67.5,117.15,22.52,50.133,
2022-12-14 14:24:10,399 ; Ahrs2 ; -1000.0,66.89,-16.11,2.09,0.95,0.85,54.3,67.2,116.85,22.81,50.132,
2022-12-14 14:24:11,301 ; Ahrs2 ; -1005.86,60.06,12.7,0.96,0.85,-0.66,53.25,67.2,117.15,22.61,50.131,
2022-12-14 14:24:12,086 ; Ahrs2 ; -1002.93,71.29,6.35,0.94,-3.05,-0.44,52.95,68.1,117.75,22.81,50.131,
2022-12-14 14:24:12,803 ; Ahrs2 ; -1011.72,78.61,7.32,-0.52,-0.6,-1.67,53.25,67.95,117.9,22.61,50.13,
2022-12-14 14:24:13,371 ; Ahrs2 ; -1005.86,65.43,0.0,-0.56,0.81,-1.46,53.85,67.95,115.8,22.95,50.129,
2022-12-14 14:24:13,755 ; Ahrs2 ; -1002.44,62.5,5.37,-0.26,0.82,-0.93,52.8,67.5,117.15,22.81,50.129,
2022-12-14 14:24:14,623 ; Ahrs2 ; -998.54,72.75,-3.42,-0.9,-1.76,0.64,52.65,68.1,117.75,22.76,50.128,
2022-12-14 14:24:15,444 ; Ahrs2 ; -1012.7,67.87,8.3,0.02,1.67,3.38,54.15,67.65,117.75,22.76,50.127,
2022-12-14 14:24:16,362 ; Ahrs2 ; -996.09,73.24,11.23,-0.79,0.95,0.62,54.6,67.2,117.15,22.76,50.127,
2022-12-14 14:24:16,961 ; Ahrs2 ; -1004.39,73.24,3.42,-1.02,0.82,-0.95,54.3,67.95,116.1,22.76,50.126,
2022-12-14 14:24:16,982 ; Ahrs2 ; -1000.0,66.41,0.98,-1.42,1.16,-0.11,53.55,68.25,117.15,22.76,50.125,
2022-12-14 14:24:17,008 ; Ahrs2 ; -1008.79,66.41,-2.93,-1.27,1.88,0.93,54.75,67.35,117.3,22.81,50.125,
2022-12-14 14:24:17,039 ; Ahrs2 ; -1002.93,59.57,10.74,0.23,0.96,-0.98,54.3,68.25,117.45,22.57,50.124,
2022-12-14 14:24:17,090 ; Ahrs2 ; -985.84,72.27,3.91,0.37,-1.0,-0.5,54.3,67.5,117.45,22.61,50.123,
2022-12-14 14:24:17,110 ; Ahrs2 ; -1001.95,60.55,-4.88,-0.16,-0.41,-0.82,53.25,67.5,116.1,22.81,50.123,
2022-12-14 14:24:17,166 ; Ahrs2 ; -1013.67,78.61,5.37,0.32,-0.48,0.4,53.7,66.9,115.65,22.57,50.122,
2022-12-14 14:24:17,257 ; Ahrs2 ; -997.56,79.59,-0.49,-1.78,0.8,-1.21,54.6,67.2,118.2,22.57,50.122,
2022-12-14 14:24:17,347 ; Ahrs2 ; -997.07,70.8,-10.74,-0.31,0.63,-1.63,54.3,66.45,117.45,22.76,50.121,
2022-12-14 14:24:17,380 ; Ahrs2 ; -997.56,71.29,-5.37,0.48,-0.52,2.45,54.3,67.95,116.1,22.57,50.12,
2022-12-14 14:24:17,389 ; Ahrs2 ; -994.63,53.71,8.3,0.46,-0.16,0.29,53.85,67.95,116.4,22.9,50.12,
2022-12-14 14:24:17,432 ; Ahrs2 ; -998.05,66.89,1.46,-0.79,-0.06,-0.34,54.45,69.15,117.0,22.57,50.119,
2022-12-14 14:24:17,470 ; Ahrs2 ; -1012.7,75.68,0.49,-0.51,2.25,0.33,53.85,68.55,116.1,22.81,50.119,
2022-12-14 14:24:17,616 ; Ahrs2 ; -989.75,80.57,2.93,0.03,2.02,-0.34,52.95,67.35,117.0,22.76,50.118,
2022-12-14 14:24:17,660 ; Ahrs2 ; -1008.79,84.47,-12.7,-0.31,1.98,2.09,53.4,67.65,117.75,22.9,50.118,
2022-12-14 14:24:17,765 ; Ahrs2 ; -1003.91,85.94,0.0,0.13,-1.5,2.31,53.85,66.75,117.45,22.81,50.117,
2022-12-14 14:24:17,786 ; Ahrs2 ; -999.02,79.1,-2.44,-0.21,0.18,-1.34,52.35,66.9,117.75,22.81,50.117,
2022-12-14 14:24:17,828 ; Ahrs2 ; -1007.81,60.06,-6.35,0.08,-1.43,0.21,53.55,66.75,117.15,22.61,50.116,
2022-12-14 14:24:17,967 ; Ahrs2 ; -1001.95,78.13,5.37,-0.4,-0.13,-3.96,53.4,68.1,116.7,22.81,50.115,
2022-12-14 14:24:18,078 ; Ahrs2 ; -997.56,74.71,5.37,-1.07,1.17,1.31,53.7,69.6,116.7,22.81,50.115,
2022-12-14 14:24:18,106 ; Ahrs2 ; -993.65,63.48,-3.42,0.51,0.76,-1.46,53.85,67.95,116.85,22.57,50.114,
2022-12-14 14:24:18,180 ; Ahrs2 ; -1005.86,73.24,1.46,1.09,-3.08,-0.86,53.85,67.2,116.85,22.81,50.114,
2022-12-14 14:24:18,619 ; Ahrs2 ; -1007.81,70.8,-1.46,0.69,0.8,-1.37,52.95,67.65,116.7,22.61,50.113,
2022-12-14 14:24:19,156 ; Ahrs2 ; -990.72,77.15,-0.49,0.98,0.12,2.81,53.85,67.2,116.85,22.81,50.0,
2022-12-14 14:24:20,085 ; Ahrs2 ; -992.19,68.85,-3.91,-1.67,0.31,-1.01,52.05,66.45,117.45,22.57,50.0,
2022-12-14 14:24:20,954 ; Ahrs2 ; -1000.0,78.13,1.95,-0.79,-0.56,-1.05,53.4,68.1,117.0,22.81,50.0,
2022-12-14 14:24:21,540 ; Ahrs2 ; -1001.95,60.55,5.37,-0.66,1.02,-1.05,53.7,66.9,117.75,22.61,50.0,
2022-12-14 14:24:21,624 ; Ahrs2 ; -992.19,73.73,-20.02,-0.26,-0.99,1.03,53.25,67.2,118.2,22.95,50.0,
2022-12-14 14:24:21,632 ; Ahrs2 ; -1002.93,81.05,8.3,1.11,-1.06,1.25,53.55,66.0,117.9,22.71,50.0,
2022-12-14 14:24:21,638 ; Ahrs2 ; -993.65,73.24,11.72,-0.02,2.02,-3.99,53.7,66.9,117.3,22.81,50.0,
2022-12-14 14:24:21,645 ; Ahrs2 ; -1002.44,62.5,-5.37,-0.63,0.61,-2.07,53.55,66.75,116.4,22.71,50.0,
2022-12-14 14:24:21,651 ; Ahrs2 ; -995.61,66.41,3.42,0.44,1.51,-1.85,53.85,67.95,116.4,22.52,50.0,
2022-12-14 14:24:21,658 ; Ahrs2 ; -999.51,69.82,7.32,-0.15,0.58,-1.66,52.95,68.4,116.25,22.81,50.0,
2022-12-14 14:24:21,664 ; Ahrs2 ; -1005.86,74.71,3.91,-0.91,-0.58,-0.79,53.7,66.15,117.0,22.81,50.0,
2022-12-14 14:24:21,671 ; Ahrs2 ; -999.02,62.5,-20.51,0.95,-1.34,-1.58,53.55,68.55,116.4,23.09,50.0,
2022-12-14 14:24:21,677 ; Ahrs2 ; -998.05,72.75,4.39,-1.7,-0.98,2.86,54.15,66.9,117.3,22.95,50.0,
2022-12-14 14:24:21,684 ; Ahrs2 ; -1003.42,77.64,0.49,-1.42,1.43,-1.15,53.7,68.4,118.05,22.57,50.0,
2022-12-14 14:24:21,691 ; Ahrs2 ; -1002.44,83.98,4.88,0.17,1.21,-3.16,54.6,68.25,116.1,22.57,50.0,
2022-12-14 14:24:21,697 ; Ahrs2 ; -989.75,72.27,-9.28,-1.73,-1.72,-4.6,53.55,67.5,116.1,22.9,50.0,
2022-12-14 14:24:21,704 ; Ahrs2 ; -990.23,66.41,0.49,0.34,-0.67,3.16,52.95,66.6,117.0,22.61,50.0,
2022-12-14 14:24:21,712 ; Ahrs2 ; -1001.95,83.98,-0.98,0.03,0.71,-3.33,52.95,66.6,117.0,22.81,50.0,
2022-12-14 14:24:21,719 ; Ahrs2 ; -1005.86,75.2,1.95,-2.01,1.89,-1.74,54.9,67.95,117.45,22.61,50.0,
2022-12-14 14:24:21,724 ; Ahrs2 ; -1000.98,76.17,0.0,-2.09,1.15,0.25,54.75,68.4,116.7,22.61,50.0,
2022-12-14 14:24:21,730 ; Ahrs2 ; -990.23,65.43,6.35,-0.85,0.47,-3.86,53.7,68.85,116.7,22.61,50.0,
2022-12-14 14:24:21,736 ; Ahrs2 ; -1000.0,61.52,9.28,0.44,-1.33,0.03,53.55,67.5,117.9,22.81,50.0,
2022-12-14 14:24:21,740 ; Ahrs2 ; -988.77,65.92,5.86,1.06,-3.31,-1.34,53.4,67.65,116.25,22.76,50.0,
2022-12-14 14:24:21,745 ; Ahrs2 ; -998.05,68.36,-11.72,0.59,0.05,-2.37,53.55,66.75,117.45,22.76,50.0,
2022-12-14 14:24:21,750 ; Ahrs2 ; -1010.25,61.04,6.35,-0.5,0.95,1.19,54.75,67.65,117.3,22.61,50.0,
2022-12-14 14:24:21,754 ; Ahrs2 ; -1002.44,57.13,8.3,-0.32,1.54,1.1,53.55,67.2,116.4,22.9,50.0,
2022-12-14 14:24:21,760 ; Ahrs2 ; -998.05,54.2,6.35,-0.74,-0.62,-0.72,54.3,66.75,117.15,22.81,50.0,
2022-12-14 14:24:21,765 ; Ahrs2 ; -1000.0,67.38,1.95,1.6,0.37,-1.54,54.15,66.15,117.0,22.81,50.0,
2022-12-14 14:24:21,771 ; Ahrs2 ; -992.68,69.82,8.3,-0.85,-0.05,2.21,52.65,67.35,117.75,22.81,50.0,
2022-12-14 14:24:21,778 ; Ahrs2 ; -1007.32,67.38,-1.95,0.9,0.31,-1.78,54.6,67.95,116.85,22.76,50.0,
2022-12-14 14:24:21,783 ; Ahrs2 ; -988.77,69.82,7.81,-2.81,-0.4,1.56,53.85,66.45,118.2,22.81,50.0,
2022-12-14 14:24:21,789 ; Ahrs2 ; -993.16,82.52,11.72,-0.01,1.1,-1.12,52.5,67.5,116.85,22.42,50.0,
2022-12-14 14:24:21,796 ; Ahrs2 ; -1001.46,72.27,9.28,1.21,-1.7,-1.21,53.85,67.95,116.4,22.9,50.0,
2022-12-14 14:24:21,800 ; Ahrs2 ; -1006.35,87.89,5.86,-0.5,-1.66,1.1,53.25,67.2,118.65,22.61,50.0,
2022-12-14 14:24:21,804 ; Ahrs2 ; -997.56,65.92,-2.44,0.83,-1.22,2.22,53.7,68.1,117.75,22.81,50.0,
2022-12-14 14:24:21,809 ; Ahrs2 ; -986.33,72.75,1.95,-1.13,-0.27,-1.11,54.45,67.65,116.7,22.71,50.0,
2022-12-14 14:24:21,817 ; Ahrs2 ; -994.63,75.2,-0.49,-0.68,-0.51,-2.13,54.6,66.75,116.85,22.81,50.0,
2022-12-14 14:24:21,824 ; Ahrs2 ; -994.14,77.64,-1.95,0.73,-1.53,4.59,53.4,68.4,116.25,22.57,50.0,
2022-12-14 14:24:21,833 ; Ahrs2 ; -995.61,64.94,-2.93,-0.92,0.14,0.89,53.85,67.5,117.45,22.9,50.0,
2022-12-14 14:24:21,840 ; Ahrs2 ; -1005.37,74.71,-2.93,-0.72,1.11,1.26,54.15,66.9,117.75,22.81,50.0,
2022-12-14 14:24:21,846 ; Ahrs2 ; -999.51,71.29,-1.46,0.82,0.98,-3.01,52.5,66.45,118.2,22.61,50.0,
2022-12-14 14:24:21,852 ; Ahrs2 ; -996.58,64.45,10.25,-0.45,1.66,-2.37,54.45,68.1,117.0,22.81,50.0,
2022-12-14 14:24:21,858 ; Ahrs2 ; -996.58,69.82,0.49,-0.34,1.93,1.43,53.4,67.35,117.3,22.81,50.0,
2022-12-14 14:24:21,864 ; Ahrs2 ; -981.45,76.17,7.81,0.29,-2.11,-2.14,53.4,68.1,117.0,22.76,50.0,
2022-12-14 14:24:21,870 ; Ahrs2 ; -1003.91,55.18,0.0,-1.14,1.55,-0.66,53.7,67.35,115.65,22.9,50.0,
2022-12-14 14:24:21,876 ; Ahrs2 ; -1006.35,66.89,-9.28,-0.62,1.92,-1.49,53.25,67.5,117.15,22.76,50.0,
2022-12-14 14:24:21,880 ; Ahrs2 ; -992.68,75.2,4.88,-0.31,-0.38,-3.49,53.4,66.9,117.75,22.81,50.0,
2022-12-14 14:24:21,886 ; Ahrs2 ; -996.58,65.92,9.28,0.39,0.07,-6.21,54.9,67.95,116.85,22.95,50.0,
2022-12-14 14:24:21,892 ; Ahrs2 ; -993.65,73.24,10.25,-1.08,-0.77,0.69,53.55,66.45,116.85,22.57,50.0,
2022-12-14 14:24:21,899 ; Ahrs2 ; -996.58,63.48,1.46,0.04,2.31,1.51,53.7,67.35,117.3,22.9,50.0,
2022-12-14 14:24:21,905 ; Ahrs2 ; -1017.58,72.75,-1.95,-0.55,0.24,3.0,53.25,66.45,116.85,22.37,50.0,
2022-12-14 14:24:21,912 ; Ahrs2 ; -1000.49,62.5,-1.46,1.02,1.3,-1.03,52.95,68.1,117.75,22.76,50.0,
2022-12-14 14:24:21,916 ; Ahrs2 ; -1001.95,78.61,6.84,-1.6,0.05,-1.55,53.7,68.1,118.05,22.71,50.0,
2022-12-14 14:24:21,924 ; Ahrs2 ; -1007.32,72.75,11.72,-1.79,-0.12,-0.4,52.65,65.85,117.3,22.81,50.0,
2022-12-14 14:24:21,929 ; Ahrs2 ; -1000.0,89.84,-20.02,1.6,-1.42,1.16,54.3,68.25,117.45,22.71,50.0,
2022-12-14 14:24:21,935 ; Ahrs2 ; -1002.44,77.64,-2.93,0.58,-1.44,-0.53,52.95,66.9,118.05,22.9,50.0,
2022-12-14 14:24:21,941 ; Ahrs2 ; -988.77,61.52,3.42,0.47,0.3,0.73,52.35,66.9,117.75,22.81,50.0,
2022-12-14 14:24:21,947 ; Ahrs2 ; -998.54,77.64,16.11,-0.22,0.35,2.55,52.65,66.6,115.65,22.81,50.0,
2022-12-14 14:24:21,953 ; Ahrs2 ; -1004.88,65.92,-17.09,-0.46,2.01,1.0,53.4,66.6,117.0,22.76,50.0,
2022-12-14 14:24:21,959 ; Ahrs2 ; -1001.46,67.87,-5.37,-1.21,-2.76,0.23,53.85,67.95,116.85,22.76,50.0,
2022-12-14 14:24:21,965 ; Ahrs2 ; -989.26,61.52,7.81,0.78,-1.24,1.05,53.55,67.2,116.85,22.81,50.0,
2022-12-14 14:24:21,972 ; Ahrs2 ; -999.51,72.27,3.91,0.63,-0.53,1.15,54.15,66.9,115.2,22.95,50.0,
2022-12-14 14:24:21,979 ; Ahrs2 ; -1014.65,77.64,-13.67,-0.23,-2.64,4.64,52.65,66.9,117.0,22.57,50.0,
2022-12-14 14:24:21,985 ; Ahrs2 ; -994.14,86.91,10.25,-1.43,-0.31,-1.66,53.55,67.5,117.15,22.81,50.0,
2022-12-14 14:24:21,990 ; Ahrs2 ; -1003.42,69.34,10.74,-0.97,0.96,-0.4,53.25,67.95,116.1,22.76,50.0,
2022-12-14 14:24:21,997 ; Ahrs2 ; -990.72,79.1,-8.79,0.4,-1.31,0.11,53.4,68.1,117.3,22.76,50.0,
2022-12-14 14:24:22,002 ; Ahrs2 ; -998.54,60.55,-4.88,1.13,-0.12,-2.0,54.6,67.5,117.45,22.9,50.0,
2022-12-14 14:24:22,008 ; Ahrs2 ; -992.19,77.15,9.28,2.04,-0.79,0.15,53.4,67.35,116.25,22.71,50.0,
2022-12-14 14:24:22,013 ; Ahrs2 ; -1003.42,70.31,-6.35,-0.73,2.18,1.69,54.15,68.4,116.25,22.81,50.0,
2022-12-14 14:24:22,018 ; Ahrs2 ; -1006.84,79.1,6.84,-1.3,-1.21,-3.08,54.15,66.6,117.0,22.71,50.0,
2022-12-14 14:24:22,023 ; Ahrs2 ; -990.72,66.89,-2.44,-1.54,-1.04,-0.56,53.4,68.1,118.2,22.76,50.0,
2022-12-14 14:24:22,031 ; Ahrs2 ; -1004.88,72.75,9.77,2.58,-2.18,0.99,53.55,67.95,116.1,22.37,50.0,
2022-12-14 14:24:22,039 ; Ahrs2 ; -1008.79,83.5,7.32,-0.39,-0.73,2.09,52.5,68.25,117.15,22.76,50.0,
2022-12-14 14:24:22,045 ; Ahrs2 ; -994.63,68.36,4.88,-0.36,-1.06,1.5,54.45,65.85,117.75,22.42,50.0,
2022-12-14 14:24:22,051 ; Ahrs2 ; -983.89,66.41,3.42,-0.78,1.04,2.4,52.65,67.35,117.75,22.81,50.0,
2022-12-14 14:24:22,060 ; Ahrs2 ; -1004.39,73.24,2.44,-0.31,1.18,-3.49,53.4,66.9,118.05,22.71,50.0,
2022-12-14 14:24:22,068 ; Ahrs2 ; -1003.91,68.36,-5.37,1.19,-1.4,2.12,52.35,66.6,116.7,22.81,50.0,
2022-12-14 14:24:22,074 ; Ahrs2 ; -995.61,85.45,12.7,-0.89,-2.31,1.9,53.55,67.95,117.45,22.76,50.0,
2022-12-14 14:24:22,081 ; Ahrs2 ; -1002.93,72.27,5.37,-0.92,2.22,0.5,54.15,66.6,115.95,22.71,50.0,
2022-12-14 14:24:22,087 ; Ahrs2 ; -999.02,69.82,6.84,-0.79,1.4,1.34,53.7,66.9,116.7,22.76,50.0,
2022-12-14 14:24:22,093 ; Ahrs2 ; -994.63,60.55,-1.46,-2.15,1.06,-2.24,53.25,67.5,116.4,22.76,50.0,
2022-12-14 14:24:22,099 ; Ahrs2 ; -998.05,69.34,8.3,-0.68,0.37,-2.49,51.9,66.9,117.75,22.81,50.0,
2022-12-14 14:24:22,104 ; Ahrs2 ; -1012.21,60.55,9.77,-1.37,-1.11,-0.49,54.15,66.9,116.25,22.71,50.0,
2022-12-14 14:24:22,109 ; Ahrs2 ; -1000.98,76.17,-2.93,0.42,0.79,-1.68,52.35,67.35,116.7,22.71,50.0,
2022-12-14 14:24:22,113 ; Ahrs2 ; -990.23,66.41,7.81,-0.08,-2.0,-1.34,54.45,68.85,117.0,22.57,50.0,
2022-12-14 14:24:22,118 ; Ahrs2 ; -1003.42,67.87,1.46,-0.79,-0.34,0.25,54.75,67.65,116.25,22.9,50.0,
2022-12-14 14:24:22,124 ; Ahrs2 ; -999.02,74.71,-4.88,0.43,-2.44,-4.79,54.45,68.4,117.3,22.37,50.0,
2022-12-14 14:24:22,129 ; Ahrs2 ; -991.7,75.68,9.28,-1.26,0.4,-2.12,53.25,66.0,116.1,23.05,50.0,
2022-12-14 14:24:22,134 ; Ahrs2 ; -1000.98,77.64,-19.53,0.58,-3.66,0.24,52.8,66.75,116.4,22.52,50.0,
2022-12-14 14:24:22,140 ; Ahrs2 ; -994.63,83.98,-7.32,0.81,1.18,-1.59,52.8,66.45,117.15,22.9,50.0,
2022-12-14 14:24:22,145 ; Ahrs2 ; -1006.84,73.73,18.55,-0.53,-0.57,1.01,52.95,66.9,116.7,22.81,50.0,
2022-12-14 14:24:22,152 ; Ahrs2 ; -1004.39,78.13,12.7,-1.07,1.84,-1.05,52.5,67.2,117.15,22.81,50.0,
2022-12-14 14:24:22,157 ; Ahrs2 ; -1010.74,81.05,3.42,0.05,1.69,-4.01,53.4,67.35,117.3,22.57,50.0,
2022-12-14 14:24:22,160 ; Ahrs2 ; -1006.84,72.27,6.84,1.08,-0.4,0.07,53.85,67.2,115.35,22.71,50.0,
2022-12-14 14:24:22,167 ; Ahrs2 ; -1001.95,76.66,5.86,-0.29,-0.21,1.37,54.3,66.0,116.85,22.9,50.0,
2022-12-14 14:24:22,172 ; Ahrs2 ; -1001.46,74.71,-3.42,-0.09,-2.85,1.24,52.95,66.6,118.05,22.95,50.0,
2022-12-14 14:24:22,178 ; Ahrs2 ; -1009.28,79.59,1.95,1.2,1.39,-2.08,54.75,66.9,117.75,22.76,50.0,
2022-12-14 14:24:22,184 ; Ahrs2 ; -997.07,74.71,3.91,-1.08,0.48,-3.27,52.65,66.6,117.75,23.09,50.0,
2022-12-14 14:24:22,187 ; Ahrs2 ; -1000.0,74.22,-4.39,-0.31,-1.4,0.24,52.35,66.6,115.95,22.81,50.0,
2022-12-14 14:24:22,196 ; Ahrs2 ; -1002.93,69.34,-13.18,-0.6,-0.7,-2.02,54.3,67.5,115.8,22.71,50.0,
2022-12-14 14:24:22,201 ; Ahrs2 ; -998.05,77.64,4.88,-0.67,-0.34,2.75,52.5,67.2,116.85,22.81,50.0,
2022-12-14 14:24:22,207 ; Ahrs2 ; -1017.09,80.08,-3.42,0.09,-0.69,1.26,53.55,67.95,117.15,22.37,50.0,
2022-12-14 14:24:22,212 ; Ahrs2 ; -997.56,79.59,-1.95,-1.37,1.05,-0.81,54.3,67.5,116.85,22.81,50.0,
2022-12-14 14:24:22,217 ; Ahrs2 ; -997.56,75.2,-6.35,-0.95,1.4,-1.2,52.05,68.55,115.35,22.71,50.0,
2022-12-14 14:24:22,225 ; Ahrs2 ; -1003.42,78.61,-0.98,-1.45,0.86,-2.81,54.3,67.95,117.9,22.76,50.0,
2022-12-14 14:24:22,229 ; Ahrs2 ; -1003.42,81.05,-6.35,0.69,-0.69,2.42,53.55,67.5,116.85,22.57,50.0,
2022-12-14 14:24:22,235 ; Ahrs2 ; -999.51,72.75,-6.35,0.13,-0.48,-0.92,54.6,66.75,117.9,22.9,50.0,
2022-12-14 14:24:22,242 ; Ahrs2 ; -992.68,67.38,-14.65,0.08,0.69,-2.12,53.7,66.15,118.35,22.42,50.0,
2022-12-14 14:24:22,246 ; Ahrs2 ; -991.7,77.15,3.42,0.28,0.06,-0.03,53.85,66.45,117.45,22.71,50.0,
2022-12-14 14:24:22,253 ; Ahrs2 ; -987.3,73.73,4.39,0.03,1.05,0.05,54.15,67.65,117.3,22.81,50.0,
2022-12-14 14:24:22,259 ; Ahrs2 ; -995.12,75.2,12.21,1.36,-0.21,2.72,53.25,66.75,116.4,22.9,50.0,
2022-12-14 14:24:22,265 ; Ahrs2 ; -997.56,69.82,1.46,-1.32,-1.59,-0.24,53.4,68.1,117.75,22.9,50.0,
2022-12-14 14:24:22,271 ; Ahrs2 ; -980.96,78.13,-9.28,-0.69,0.66,-2.3,52.95,67.65,116.25,22.95,50.0,
2022-12-14 14:24:22,277 ; Ahrs2 ; -993.65,72.75,0.0,-0.59,0.56,1.12,52.95,67.35,117.0,22.81,50.0,
2022-12-14 14:24:22,283 ; Ahrs2 ; -1002.44,71.29,7.81,-1.55,1.63,-1.94,53.7,67.35,116.7,22.76,50.0,
2022-12-14 14:24:22,288 ; Ahrs2 ; -1013.67,73.24,-1.46,-1.5,0.08,3.62,52.5,66.45,117.9,22.76,50.0,
2022-12-14 14:24:22,292 ; Ahrs2 ; -1003.42,67.38,4.39,0.5,-0.24,-1.69,52.05,69.0,117.9,22.76,50.0,
2022-12-14 14:24:22,298 ; Ahrs2 ; -997.07,71.78,-1.46,-1.82,2.4,0.5,53.85,67.5,115.8,22.9,50.0,
2022-12-14 14:24:22,305 ; Ahrs2 ; -1001.46,61.04,3.91,-0.62,-0.91,-3.79,52.95,66.6,116.7,22.57,50.0,
2022-12-14 14:24:22,311 ; Ahrs2 ; -1009.77,72.27,-10.25,0.66,1.89,-0.27,53.4,66.75,117.45,22.9,50.0,
2022-12-14 14:24:22,315 ; Ahrs2 ; -994.14,78.13,3.42,-0.79,-0.87,-0.98,54.45,67.35,115.95,22.37,50.0,
2022-12-14 14:24:22,320 ; Ahrs2 ; -997.56,61.04,8.3,-0.08,0.3,3.98,52.65,69.15,118.05,22.81,50.0,
2022-12-14 14:24:22,326 ; Ahrs2 ; -997.56,79.1,-0.98,-0.27,0.83,1.05,52.65,66.9,118.35,22.71,50.0,
2022-12-14 14:24:22,332 ; Ahrs2 ; -997.56,69.34,-14.16,-2.34,-1.89,-3.2,54.45,68.1,115.95,22.76,50.0,
2022-12-14 14:24:22,339 ; Ahrs2 ; -996.58,72.27,5.86,-0.33,-0.07,-1.98,53.7,67.35,117.3,22.57,50.0,
2022-12-14 14:24:22,345 ; Ahrs2 ; -998.05,89.84,3.91,-0.11,-0.03,-1.03,53.7,68.4,117.3,22.81,50.0,
2022-12-14 14:24:22,352 ; Ahrs2 ; -1006.35,82.52,-13.67,2.81,-1.01,-4.15,54.75,67.65,118.05,22.61,50.0,
2022-12-14 14:24:22,357 ; Ahrs2 ; -996.58,76.66,3.42,1.49,2.63,-2.31,53.4,67.35,117.0,22.81,50.0,
2022-12-14 14:24:22,363 ; Ahrs2 ; -1007.81,71.78,-4.88,-1.07,1.03,2.42,52.35,67.35,116.7,22.81,50.0,
2022-12-14 14:24:22,368 ; Ahrs2 ; -999.51,77.64,-4.39,-1.12,-1.95,1.92,53.25,66.75,116.85,22.61,50.0,
2022-12-14 14:24:22,375 ; Ahrs2 ; -1000.0,66.41,8.79,-2.12,0.89,0.47,52.65,66.9,117.75,22.81,50.0,
2022-12-14 14:24:22,381 ; Ahrs2 ; -1011.72,78.61,-2.93,-0.73,1.11,-3.05,53.55,67.5,116.85,22.81,50.0,
2022-12-14 14:24:22,389 ; Ahrs2 ; -996.58,71.29,-14.16,-0.31,-0.5,-1.69,53.85,67.95,115.8,22.81,50.0,
2022-12-14 14:24:22,394 ; Ahrs2 ; -1002.44,69.82,6.35,0.66,-0.71,-3.24,54.3,68.55,116.85,22.76,50.0,
2022-12-14 14:24:22,398 ; Ahrs2 ; -1007.32,68.36,5.86,0.6,1.02,2.53,52.65,65.85,118.8,22.81,50.0,
2022-12-14 14:24:22,404 ; Ahrs2 ; -997.56,68.85,-0.98,-3.34,2.73,0.31,55.5,68.85,115.65,22.81,50.0,
2022-12-14 14:24:22,410 ; Ahrs2 ; -997.56,77.64,3.91,-0.26,2.78,0.23,52.5,67.5,116.1,22.95,50.0,
2022-12-14 14:24:22,415 ; Ahrs2 ; -1000.0,80.57,-8.3,-0.62,0.26,-2.24,54.9,67.5,116.85,22.81,50.0,
2022-12-14 14:24:22,420 ; Ahrs2 ; -1010.25,80.08,-1.95,1.27,2.03,0.34,53.85,66.75,117.15,22.71,50.0,
2022-12-14 14:24:22,426 ; Ahrs2 ; -993.16,79.1,9.28,-0.04,-0.9,1.18,53.7,67.35,117.3,22.71,50.0,
2022-12-14 14:24:22,432 ; Ahrs2 ; -1012.21,68.36,9.28,-0.92,-0.21,1.74,53.55,67.5,117.15,22.76,50.0,
2022-12-14 14:24:22,439 ; Ahrs2 ; -996.09,62.5,-8.79,-0.11,0.35,-1.66,54.6,67.5,116.85,22.61,50.0,
2022-12-14 14:24:22,446 ; Ahrs2 ; -989.75,76.17,-4.39,-0.41,-0.16,-2.49,52.35,66.9,116.7,22.9,50.0,
2022-12-14 14:24:22,451 ; Ahrs2 ; -1004.39,65.92,-0.98,0.38,-0.33,1.11,53.85,67.5,116.1,22.61,50.0,
2022-12-14 14:24:22,456 ; Ahrs2 ; -998.54,68.36,-4.88,-0.17,0.17,-1.86,53.85,67.2,116.85,22.81,50.0,
2022-12-14 14:24:22,462 ; Ahrs2 ; -1006.35,85.94,-1.95,-1.18,0.16,2.13,53.85,67.95,116.85,22.52,50.0,
2022-12-14 14:24:22,468 ; Ahrs2 ; -1002.93,74.71,3.91,-1.66,4.72,-1.81,54.75,68.85,117.3,22.76,50.0,
2022-12-14 14:24:22,474 ; Ahrs2 ; -1003.42,70.31,-4.88,-1.64,2.12,-1.65,53.7,66.6,116.7,22.76,50.0,
2022-12-14 14:24:22,478 ; Ahrs2 ; -1000.49,75.2,9.28,1.84,1.34,-2.66,51.6,68.4,117.0,22.76,50.0,
2022-12-14 14:24:22,484 ; Ahrs2 ; -1004.88,64.45,13.67,-0.26,-0.31,-0.79,52.5,67.2,116.85,22.95,50.0,
2022-12-14 14:24:22,488 ; Ahrs2 ; -997.56,68.85,-12.21,-1.56,-0.87,1.3,53.55,67.95,116.4,22.76,50.0,
2022-12-14 14:24:22,491 ; Ahrs2 ; -998.54,69.34,-7.32,-0.42,0.77,-2.35,53.7,67.35,118.05,22.81,50.0,
2022-12-14 14:24:22,495 ; Ahrs2 ; -1007.32,67.87,4.39,-1.29,-1.31,-0.64,53.4,67.65,116.7,22.71,50.0,
2022-12-14 14:24:22,500 ; Ahrs2 ; -985.35,72.27,-9.28,-1.39,1.92,-0.9,53.85,67.95,117.45,22.81,50.0,
2022-12-14 14:24:22,504 ; Ahrs2 ; -1000.0,76.66,9.77,-0.82,0.5,-2.93,52.95,67.65,116.25,22.81,50.0,
2022-12-14 14:24:22,513 ; Ahrs2 ; -992.68,57.13,9.28,-0.18,-0.49,0.02,53.4,68.4,116.7,22.61,50.0,
2022-12-14 14:24:22,518 ; Ahrs2 ; -1004.88,70.31,1.46,-2.28,0.85,-2.59,54.3,67.95,116.1,22.76,50.0,
2022-12-14 14:24:22,522 ; Ahrs2 ; -1009.77,69.34,-3.42,-1.12,0.27,1.3,54.9,67.5,117.15,22.76,50.0,
2022-12-14 14:24:22,525 ; Ahrs2 ; -1001.46,84.47,8.79,0.41,2.12,-1.35,54.15,67.35,116.25,22.71,50.0,
2022-12-14 14:24:22,530 ; Ahrs2 ; -994.14,65.43,-15.63,-1.5,-1.33,1.47,54.15,68.85,117.75,22.76,50.0,
2022-12-14 14:24:22,535 ; Ahrs2 ; -996.58,76.66,-9.77,-0.6,-0.91,1.75,53.7,67.35,115.95,22.37,50.0,
2022-12-14 14:24:22,538 ; Ahrs2 ; -998.54,77.15,13.67,1.12,-1.62,-1.79,52.5,67.5,116.85,22.76,50.0,
2022-12-14 14:24:22,542 ; Ahrs2 ; -1004.39,72.75,6.35,0.51,1.48,-0.86,53.85,67.5,116.85,22.57,50.0,
2022-12-14 14:24:22,545 ; Ahrs2 ; -992.68,68.85,-5.37,-1.37,-1.06,-0.31,52.5,67.2,116.4,22.9,50.0,
2022-12-14 14:24:22,549 ; Ahrs2 ; -1004.39,66.89,-10.74,0.36,-1.78,-0.55,54.75,68.4,115.95,22.57,50.0,
2022-12-14 14:24:22,553 ; Ahrs2 ; -1000.0,65.92,16.6,0.73,0.86,-3.02,53.7,68.4,117.0,22.81,50.0,
2022-12-14 14:24:22,557 ; Ahrs2 ; -1001.95,66.89,-2.44,0.08,0.59,1.5,53.4,68.1,115.65,22.81,50.0,
2022-12-14 14:24:22,563 ; Ahrs2 ; -1000.0,67.87,-5.37,-2.34,-0.51,-3.34,53.55,67.2,115.8,22.76,50.0,
2022-12-14 14:24:22,567 ; Ahrs2 ; -995.61,77.15,-5.86,-0.76,1.16,-0.85,52.65,67.65,116.7,22.76,50.0,
2022-12-14 14:24:22,571 ; Ahrs2 ; -1000.0,66.89,-1.95,-1.37,0.78,-2.34,54.15,66.9,116.25,22.9,50.0,
2022-12-14 14:24:22,580 ; Ahrs2 ; -997.07,80.08,1.46,-0.34,1.08,0.73,53.55,68.25,116.4,22.95,50.0,
2022-12-14 14:24:22,583 ; Ahrs2 ; -1002.93,70.31,-4.39,0.1,-1.11,-0.66,53.85,67.95,116.85,22.61,50.0,
2022-12-14 14:24:22,587 ; Ahrs2 ; -1014.65,69.34,4.39,1.29,-1.62,-2.17,52.65,68.1,117.0,22.81,50.0,
2022-12-14 14:24:22,590 ; Ahrs2 ; -996.58,82.52,3.91,-0.54,-0.44,0.69,53.4,67.35,117.75,22.57,50.0,
2022-12-14 14:24:22,593 ; Ahrs2 ; -998.54,77.64,2.93,-3.42,1.13,-0.98,53.4,66.9,117.0,22.9,50.0,
2022-12-14 14:24:22,597 ; Ahrs2 ; -1008.79,69.34,4.88,-0.41,-0.24,-0.24,52.95,69.15,117.0,22.57,50.0,
2022-12-14 14:24:22,601 ; Ahrs2 ; -1008.3,59.57,-7.32,3.11,-2.38,-2.48,53.7,68.4,117.3,22.76,50.0,
2022-12-14 14:24:22,604 ; Ahrs2 ; -993.16,69.34,7.32,0.88,1.32,-1.54,54.15,67.65,117.0,22.71,50.0,
2022-12-14 14:24:22,607 ; Ahrs2 ; -1009.77,89.36,1.95,-0.14,-2.47,-0.49,53.7,67.65,115.95,22.76,50.0,
2022-12-14 14:24:22,612 ; Ahrs2 ; -985.35,79.1,-4.88,-1.69,0.95,-2.27,53.55,67.95,116.85,22.57,50.0,
2022-12-14 14:24:22,616 ; Ahrs2 ; -999.02,78.61,1.46,-1.34,0.04,-0.77,53.25,68.25,116.85,22.9,50.0,
2022-12-14 14:24:22,620 ; Ahrs2 ; -995.12,71.78,-4.88,1.28,-2.33,-0.21,53.55,68.55,116.4,22.71,50.0,
2022-12-14 14:24:22,627 ; Ahrs2 ; -995.61,73.73,9.77,0.6,-0.08,0.92,53.55,69.0,116.4,22.71,50.0,
2022-12-14 14:24:22,633 ; Ahrs2 ; -982.91,81.05,0.0,1.78,-2.18,-1.12,53.4,65.85,117.3,22.9,50.0,
2022-12-14 14:24:22,639 ; Ahrs2 ; -991.21,80.08,-9.28,-1.37,0.33,-3.09,53.85,68.25,116.1,22.95,50.0,
2022-12-14 14:24:22,647 ; Ahrs2 ; -1003.91,62.01,0.98,-0.33,-0.08,-0.98,52.95,67.65,117.75,22.81,50.0,
2022-12-14 14:24:22,656 ; Ahrs2 ; -1002.93,72.75,2.44,0.07,0.1,0.11,54.3,67.2,116.85,22.76,50.0,
2022-12-14 14:24:22,659 ; Ahrs2 ; -1000.0,69.82,-2.44,-2.11,0.5,2.51,52.5,68.25,117.15,22.81,50.0,
2022-12-14 14:24:22,665 ; Ahrs2 ; -995.12,72.75,-7.81,1.31,-0.07,1.02,52.35,68.1,117.3,22.76,50.0,
2022-12-14 14:24:22,673 ; Ahrs2 ; -1013.18,73.24,3.91,1.56,-1.84,-0.56,54.6,67.95,116.1,22.81,50.0,
2022-12-14 14:24:22,680 ; Ahrs2 ; -997.56,76.66,0.98,-0.79,0.87,-0.75,53.55,67.5,116.4,22.81,50.0,
2022-12-14 14:24:22,686 ; Ahrs2 ; -1003.42,67.87,-5.37,0.16,0.4,-1.11,53.4,68.4,115.95,22.76,50.0,
2022-12-14 14:24:22,692 ; Ahrs2 ; -1006.35,80.08,-14.16,-0.92,2.66,-2.03,52.95,68.85,117.3,22.57,50.0,
2022-12-14 14:24:22,698 ; Ahrs2 ; -1000.49,76.66,13.18,0.19,-1.45,-0.48,53.7,68.4,115.95,22.76,50.0,
2022-12-14 14:24:22,704 ; Ahrs2 ; -994.14,78.61,-1.95,-0.67,1.07,0.49,52.95,66.15,117.3,22.61,50.0,
2022-12-14 14:24:22,710 ; Ahrs2 ; -997.56,82.03,-4.88,-1.18,2.69,-0.76,53.7,68.4,116.25,22.81,50.0,
2022-12-14 14:24:22,716 ; Ahrs2 ; -989.75,67.38,3.91,1.44,-1.41,-2.75,51.9,67.65,118.35,22.57,50.0,
2022-12-14 14:24:22,722 ; Ahrs2 ; -999.02,59.08,7.81,-0.5,0.82,1.19,53.55,67.95,117.15,22.81,50.0,
2022-12-14 14:24:22,729 ; Ahrs2 ; -999.51,77.15,-18.07,-0.52,0.63,-3.76,53.4,69.15,117.3,22.81,50.0,
2022-12-14 14:24:22,735 ; Ahrs2 ; -1007.81,74.22,7.32,0.63,0.92,-0.18,53.55,67.2,116.1,22.81,50.0,
2022-12-14 14:24:22,741 ; Ahrs2 ; -993.65,74.22,15.63,0.36,-0.39,2.48,51.9,68.1,116.7,22.76,50.0,
2022-12-14 14:24:22,744 ; Ahrs2 ; -999.02,69.34,-7.32,1.09,-0.23,-2.62,53.7,67.35,116.25,23.05,50.0,
2022-12-14 14:24:22,751 ; Ahrs2 ; -1007.32,69.82,-6.35,0.02,0.02,-2.89,53.55,65.7,116.85,22.76,50.0,
2022-12-14 14:24:22,758 ; Ahrs2 ; -988.28,68.36,5.86,-1.21,0.47,0.27,53.7,68.1,115.95,22.81,50.0,
2022-12-14 14:24:22,763 ; Ahrs2 ; -996.58,80.08,12.21,0.47,0.4,-2.92,53.4,68.4,117.0,22.81,50.0,
2022-12-14 14:24:22,771 ; Ahrs2 ; -1005.37,73.24,-16.6,1.47,0.34,-3.52,52.5,69.3,116.4,22.81,50.0,
2022-12-14 14:24:22,777 ; Ahrs2 ; -1006.35,72.27,3.42,0.16,0.94,0.18,53.4,67.35,117.0,22.81,50.0,
2022-12-14 14:24:22,782 ; Ahrs2 ; -1001.95,53.22,1.46,-0.4,1.59,0.62,52.95,67.35,117.0,22.76,50.0,
2022-12-14 14:24:22,788 ; Ahrs2 ; -991.21,74.22,-7.81,-0.6,1.13,-0.01,53.55,66.75,116.85,22.9,50.0,
2022-12-14 14:24:22,794 ; Ahrs2 ; -1001.95,76.66,0.49,1.85,-0.82,2.64,53.7,68.1,118.35,22.52,50.0,
2022-12-14 14:24:22,802 ; Ahrs2 ; -988.77,70.31,2.93,1.79,0.55,-4.49,53.4,66.15,115.2,22.95,50.0,
2022-12-14 14:24:22,810 ; Ahrs2 ; -1000.49,63.48,15.14,-1.59,-2.29,-0.41,53.85,66.75,116.4,22.42,50.0,
2022-12-14 14:24:22,814 ; Ahrs2 ; -998.54,67.87,11.23,0.01,1.17,-3.1,53.85,67.5,117.15,22.76,50.0,
2022-12-14 14:24:22,821 ; Ahrs2 ; -994.63,71.29,7.81,-0.24,0.15,-2.32,53.55,67.2,115.8,22.76,50.0,
2022-12-14 14:24:22,827 ; Ahrs2 ; -990.23,63.48,8.79,-2.37,-0.11,1.97,53.25,67.5,117.45,22.81,50.0,
2022-12-14 14:24:22,834 ; Ahrs2 ; -991.21,78.13,5.37,0.98,-1.5,-0.6,53.4,68.4,116.7,22.61,50.0,
2022-12-14 14:24:22,839 ; Ahrs2 ; -997.56,73.24,2.93,-0.69,-0.57,-2.32,52.35,67.35,115.65,22.61,50.0,
2022-12-14 14:24:22,846 ; Ahrs2 ; -995.12,78.13,-4.88,-0.86,-1.47,0.49,54.45,67.35,117.3,22.81,50.0,
2022-12-14 14:24:22,851 ; Ahrs2 ; -998.05,58.11,-3.91,-1.05,1.12,-1.09,53.4,69.15,116.7,22.76,50.0,
2022-12-14 14:24:22,859 ; Ahrs2 ; -992.19,81.54,10.74,-1.11,1.65,-2.14,53.7,68.1,116.7,22.76,50.0,
2022-12-14 14:24:22,865 ; Ahrs2 ; -990.23,73.73,13.18,-0.08,0.54,-0.11,53.25,67.5,116.85,22.76,50.0,
2022-12-14 14:24:22,872 ; Ahrs2 ; -1009.77,63.96,-16.6,0.16,-0.87,0.05,52.8,67.2,116.4,22.76,50.0,
2022-12-14 14:24:22,876 ; Ahrs2 ; -1008.3,74.22,-13.18,0.47,0.49,-1.97,52.65,67.35,118.05,22.81,50.0,
2022-12-14 14:24:22,882 ; Ahrs2 ; -1002.44,87.89,16.6,0.1,0.72,-2.85,52.8,67.2,116.4,22.76,50.0,
2022-12-14 14:24:22,888 ; Ahrs2 ; -1003.91,74.22,6.35,-1.04,2.11,-5.26,53.7,68.1,117.3,22.71,50.0,
2022-12-14 14:24:22,893 ; Ahrs2 ; -996.58,67.87,-5.37,-1.2,0.74,-1.95,54.3,66.75,116.1,22.76,50.0,
2022-12-14 14:24:22,900 ; Ahrs2 ; -994.63,76.66,24.41,-1.62,0.99,3.06,52.95,67.65,117.3,22.42,50.0,
2022-12-14 14:24:22,906 ; Ahrs2 ; -1008.3,67.87,14.65,-1.02,-1.2,1.26,53.55,68.25,116.1,22.9,50.0,
2022-12-14 14:24:22,909 ; Ahrs2 ; -1005.37,76.66,-19.04,-0.02,1.26,1.07,52.8,66.45,117.45,22.52,50.0,
2022-12-14 14:24:22,918 ; Ahrs2 ; -998.05,72.27,1.95,1.85,-1.34,0.64,52.8,67.5,116.85,22.76,50.0,
2022-12-14 14:24:22,926 ; Ahrs2 ; -993.65,69.34,-5.86,2.4,-0.05,-0.82,51.75,67.5,115.8,22.57,50.0,
2022-12-14 14:24:22,931 ; Ahrs2 ; -998.54,77.15,-4.39,-2.14,-0.15,1.76,53.55,67.95,116.4,22.61,50.0,
2022-12-14 14:24:22,936 ; Ahrs2 ; -991.21,65.92,6.35,0.37,-0.72,-1.21,52.8,67.5,117.9,22.57,50.0,
2022-12-14 14:24:22,942 ; Ahrs2 ; -997.07,55.18,12.7,0.35,-0.95,1.03,52.65,66.15,115.65,22.71,50.0,
2022-12-14 14:24:22,948 ; Ahrs2 ; -1002.44,77.64,-7.32,-2.2,-2.07,-0.85,52.95,68.1,118.35,22.76,50.0,
2022-12-14 14:24:22,955 ; Ahrs2 ; -987.3,69.82,-13.18,-0.15,1.14,-4.39,54.6,66.75,116.4,22.76,50.0,
2022-12-14 14:24:22,962 ; Ahrs2 ; -981.45,78.61,0.0,2.64,0.53,-2.48,53.25,68.25,116.4,22.76,50.0,
2022-12-14 14:24:22,968 ; Ahrs2 ; -1013.67,72.27,4.88,0.0,0.93,1.26,54.45,67.65,117.0,22.81,49.946,
2022-12-14 14:24:22,974 ; Ahrs2 ; -999.02,72.75,0.49,0.36,0.1,-0.34,53.4,68.1,115.65,22.81,49.946,
2022-12-14 14:24:22,981 ; Ahrs2 ; -1011.72,67.87,18.55,-0.82,1.85,-0.18,52.95,67.35,116.25,22.76,49.946,
2022-12-14 14:24:22,987 ; Ahrs2 ; -1016.11,78.13,-4.39,0.35,0.51,0.14,54.3,67.2,118.2,22.76,49.946,
2022-12-14 14:24:22,994 ; Ahrs2 ; -1003.42,74.71,-7.81,0.59,1.24,-2.46,54.15,67.65,117.0,22.81,49.946,
2022-12-14 14:24:23,000 ; Ahrs2 ; -995.61,81.54,-1.46,-1.42,1.69,0.06,53.55,67.5,116.85,22.95,49.946,
2022-12-14 14:24:23,006 ; Ahrs2 ; -998.05,62.99,-8.79,-1.7,-0.03,-1.41,53.4,67.35,117.0,22.9,49.946,
2022-12-14 14:24:23,011 ; Ahrs2 ; -1000.0,74.22,9.28,0.06,1.15,0.75,53.25,68.25,115.35,22.95,49.946,
2022-12-14 14:24:23,016 ; Ahrs2 ; -994.14,64.45,13.67,-0.65,1.78,-0.22,53.25,68.55,117.9,22.81,49.947,
2022-12-14 14:24:23,021 ; Ahrs2 ; -1001.95,67.38,11.72,-2.85,-0.15,0.25,53.7,66.15,117.0,22.81,49.947,
2022-12-14 14:24:23,025 ; Ahrs2 ; -995.12,74.71,-4.39,-2.27,1.39,-1.79,52.8,67.5,116.85,22.61,49.947,
2022-12-14 14:24:23,031 ; Ahrs2 ; -1002.44,76.17,3.42,-2.5,0.62,2.16,52.8,67.5,116.85,22.95,49.947,
2022-12-14 14:24:23,038 ; Ahrs2 ; -993.16,75.68,-14.16,0.96,0.82,-1.11,53.25,66.45,116.4,22.37,49.947,
2022-12-14 14:24:23,044 ; Ahrs2 ; -1001.46,64.94,1.95,-0.27,-1.54,-1.76,53.25,67.95,115.8,22.76,49.947,
2022-12-14 14:24:23,048 ; Ahrs2 ; -990.72,52.73,14.65,-1.93,0.6,1.92,52.8,67.5,117.9,22.81,49.947,
2022-12-14 14:24:23,052 ; Ahrs2 ; -1007.81,65.43,4.88,-0.91,0.57,-2.17,51.9,66.9,117.0,22.81,49.947,
2022-12-14 14:24:23,063 ; Ahrs2 ; -1009.28,69.34,-8.3,-0.5,2.42,-1.06,53.7,68.85,117.0,22.81,49.947,
2022-12-14 14:24:23,070 ; Ahrs2 ; -1000.49,73.24,2.44,-0.64,1.27,-1.43,53.85,68.55,116.4,22.76,49.948,
2022-12-14 14:24:23,074 ; Ahrs2 ; -1007.81,67.38,0.0,0.56,-0.53,1.38,53.55,69.0,115.8,22.95,49.948,
2022-12-14 14:24:23,080 ; Ahrs2 ; -987.79,79.1,-14.65,0.4,-0.76,0.4,54.15,67.35,117.75,22.61,49.948,
2022-12-14 14:24:23,084 ; Ahrs2 ; -1013.18,73.73,1.46,1.68,-1.75,-2.22,54.15,67.35,116.25,23.09,49.948,
2022-12-14 14:24:23,088 ; Ahrs2 ; -992.19,72.75,9.28,-1.68,1.93,-0.46,54.45,67.65,117.75,22.76,49.948,
2022-12-14 14:24:23,092 ; Ahrs2 ; -1000.0,67.87,3.42,-1.4,0.15,-3.25,54.75,67.35,117.0,22.81,49.948,
2022-12-14 14:24:23,096 ; Ahrs2 ; -998.05,66.41,-16.6,-2.56,1.53,-0.61,52.65,66.6,116.7,22.52,49.948,
2022-12-14 14:24:23,099 ; Ahrs2 ; -997.07,67.38,-14.65,-0.12,1.26,0.0,53.7,68.1,116.7,22.9,49.948,
2022-12-14 14:24:23,103 ; Ahrs2 ; -997.07,78.61,4.88,-0.13,-1.53,1.76,53.7,67.35,116.25,22.61,49.948,
2022-12-14 14:24:23,107 ; Ahrs2 ; -986.33,49.8,-5.37,-0.9,2.73,-1.12,52.5,68.25,117.15,22.81,49.949,
2022-12-14 14:24:23,111 ; Ahrs2 ; -1001.46,73.24,-19.04,-1.85,-0.25,0.05,53.55,67.95,115.8,22.61,49.949,
2022-12-14 14:24:23,114 ; Ahrs2 ; -998.54,78.13,-14.65,-1.49,1.54,-0.13,54.3,67.2,117.15,22.81,49.949,
2022-12-14 14:24:23,120 ; Ahrs2 ; -1006.35,75.2,2.93,0.93,0.69,1.57,55.5,67.35,117.0,22.52,49.949,
2022-12-14 14:24:23,123 ; Ahrs2 ; -1002.93,62.5,1.46,-1.27,1.65,2.61,54.45,68.1,117.75,22.76,49.949,
2022-12-14 14:24:23,126 ; Ahrs2 ; -990.72,67.38,1.95,1.72,0.69,-0.79,53.7,66.6,117.3,22.71,49.949,
2022-12-14 14:24:23,130 ; Ahrs2 ; -1002.93,70.31,-9.28,-1.82,-0.65,3.66,53.25,67.5,115.8,22.95,49.949,
2022-12-14 14:24:23,134 ; Ahrs2 ; -1000.0,76.66,-5.37,-2.12,0.8,-0.74,54.75,66.6,117.0,22.57,49.949,
2022-12-14 14:24:23,138 ; Ahrs2 ; -1003.91,72.27,-6.35,-0.5,-0.12,-1.37,54.15,67.35,116.7,22.81,49.949,
2022-12-14 14:24:23,142 ; Ahrs2 ; -1000.0,70.8,6.84,0.02,-0.03,-0.29,53.25,67.5,116.4,22.81,49.949,
2022-12-14 14:24:23,145 ; Ahrs2 ; -1000.49,72.75,-5.37,0.09,0.48,0.4,52.95,66.9,116.25,22.76,49.95,
2022-12-14 14:24:23,150 ; Ahrs2 ; -1000.49,74.22,-6.84,0.04,1.69,-0.49,53.7,65.4,117.3,23.09,49.95,
2022-12-14 14:24:23,154 ; Ahrs2 ; -1005.86,72.75,9.28,-1.47,4.76,0.78,53.4,66.6,116.25,22.81,49.95,
2022-12-14 14:24:23,158 ; Ahrs2 ; -999.02,63.96,5.86,0.05,2.17,0.09,52.35,66.6,117.75,23.05,49.95,
2022-12-14 14:24:23,161 ; Ahrs2 ; -985.35,65.92,-4.88,0.59,-0.82,0.46,54.3,67.5,116.4,22.42,49.95,
2022-12-14 14:24:23,165 ; Ahrs2 ; -1014.16,66.89,9.77,-0.12,-1.18,-2.1,54.6,67.95,117.45,22.9,49.95,
2022-12-14 14:24:23,170 ; Ahrs2 ; -1005.86,69.82,5.37,-0.39,-0.8,-0.26,52.8,66.75,116.4,22.57,49.95,
2022-12-14 14:24:23,173 ; Ahrs2 ; -997.56,69.82,-12.7,-0.27,-0.79,-1.28,53.7,66.6,117.0,22.81,49.95,
2022-12-14 14:24:23,178 ; Ahrs2 ; -1004.88,85.94,-0.49,-1.06,2.12,-1.75,52.65,67.65,116.7,22.76,49.95,
2022-12-14 14:24:23,181 ; Ahrs2 ; -993.65,65.43,3.91,-0.46,0.09,-4.05,53.7,69.6,117.0,22.81,49.95,
2022-12-14 14:24:23,185 ; Ahrs2 ; -992.19,69.82,5.86,-1.55,2.9,0.44,53.55,67.5,115.8,22.57,49.951,
2022-12-14 14:24:23,190 ; Ahrs2 ; -989.26,76.66,-1.95,1.04,-0.1,0.28,52.8,67.2,118.2,22.76,49.951,
2022-12-14 14:24:23,193 ; Ahrs2 ; -995.12,79.59,8.3,-0.3,-0.26,0.39,54.15,67.35,116.25,22.76,49.951,
2022-12-14 14:24:23,197 ; Ahrs2 ; -1005.86,79.1,3.42,-0.5,0.33,1.44,54.75,66.6,117.0,22.81,49.951,
2022-12-14 14:24:23,201 ; Ahrs2 ; -998.54,62.01,4.39,0.41,1.29,-1.08,54.15,66.9,117.3,22.81,49.951,
2022-12-14 14:24:23,205 ; Ahrs2 ; -1004.39,71.29,-10.74,-1.19,0.64,-4.19,53.25,67.2,117.15,22.95,49.951,
2022-12-14 14:24:23,209 ; Ahrs2 ; -1008.3,78.61,2.44,0.67,-0.61,-0.66,54.45,67.65,117.0,22.81,49.951,
2022-12-14 14:24:23,212 ; Ahrs2 ; -1011.72,78.13,1.95,-0.26,0.02,1.84,54.15,67.65,116.25,22.81,49.951,
2022-12-14 14:24:23,216 ; Ahrs2 ; -1001.46,70.31,4.88,-1.94,0.64,-0.96,54.45,68.4,117.75,22.61,49.951,
2022-12-14 14:24:23,220 ; Ahrs2 ; -990.23,61.52,-5.86,-1.92,0.64,3.02,52.35,66.9,116.25,22.76,49.951,
2022-12-14 14:24:23,225 ; Ahrs2 ; -989.75,69.34,1.95,-2.37,0.4,-2.44,52.65,66.6,117.3,22.76,49.952,
2022-12-14 14:24:23,228 ; Ahrs2 ; -994.14,70.31,11.72,-2.6,1.12,-0.45,53.4,68.1,116.25,22.61,49.952,
2022-12-14 14:24:23,232 ; Ahrs2 ; -990.72,69.34,-0.49,-1.32,0.94,0.85,53.85,67.2,116.85,22.95,49.952,
2022-12-14 14:24:23,235 ; Ahrs2 ; -1013.18,77.64,-12.21,2.21,-1.56,2.05,52.5,68.55,115.35,22.42,49.952,
2022-12-14 14:24:23,240 ; Ahrs2 ; -993.65,68.85,1.46,2.07,0.76,-0.88,53.25,67.95,115.8,23.09,49.952,
2022-12-14 14:24:23,243 ; Ahrs2 ; -995.61,63.48,0.0,0.43,-0.19,-0.55,53.25,67.95,116.1,22.76,49.952,
2022-12-14 14:24:23,248 ; Ahrs2 ; -1008.79,62.5,-1.46,-0.77,2.06,0.7,53.4,67.65,115.65,22.61,49.952,
2022-12-14 14:24:23,252 ; Ahrs2 ; -1007.81,66.89,10.25,0.13,-1.14,-2.39,53.25,66.45,117.15,22.71,49.952,
2022-12-14 14:24:23,256 ; Ahrs2 ; -1007.81,70.8,3.42,0.02,-0.25,1.34,52.05,67.5,116.85,22.9,49.952,
