2022-12-14 14:22:34,664 ; Ahrs1 ; 
2022-12-14 14:22:34,671 ; Ahrs1 ; 
2022-12-14 14:22:34,675 ; Ahrs1 ; 
2022-12-14 14:22:34,677 ; Ahrs1 ; 
2022-12-14 14:22:34,941 ; Ahrs1 ; 
2022-12-14 14:22:35,404 ; Ahrs1 ; 
2022-12-14 14:22:35,405 ; Ahrs1 ; 
2022-12-14 14:22:35,406 ; Ahrs1 ; 
2022-12-14 14:22:35,415 ; Ahrs1 ; 
2022-12-14 14:22:35,435 ; Ahrs1 ; 
2022-12-14 14:22:35,436 ; Ahrs1 ; 
2022-12-14 14:22:35,442 ; Ahrs1 ; -997.56,50.78,80.08,3.39,0.33,-3.34,40.2,-3.75,-102.45,23.29,0.0,
2022-12-14 14:22:35,457 ; Ahrs1 ; -1006.35,50.78,73.24,0.24,0.51,-6.73,40.35,-4.35,-101.1,23.09,100.0,
2022-12-14 14:22:35,463 ; Ahrs1 ; -1000.0,51.27,75.68,3.66,1.28,-3.02,39.0,-3.75,-102.45,22.71,75.0,
2022-12-14 14:22:35,474 ; Ahrs1 ; -1052.25,55.18,73.24,0.3,-0.56,-4.82,40.5,-3.75,-102.45,23.14,66.667,
2022-12-14 14:22:35,496 ; Ahrs1 ; -977.05,54.2,104.0,2.34,-3.27,-0.56,39.0,-3.3,-102.0,23.43,62.5,
2022-12-14 14:22:35,614 ; Ahrs1 ; -994.14,6.35,102.54,5.24,2.27,-4.06,39.0,-3.3,-102.0,23.14,60.0,
2022-12-14 14:22:35,619 ; Ahrs1 ; -998.05,86.43,19.04,0.55,0.11,-2.81,39.6,-3.9,-101.1,23.33,58.333,
2022-12-14 14:22:35,631 ; Ahrs1 ; -975.1,40.53,83.01,2.17,1.7,-4.05,38.25,-3.75,-102.45,22.95,57.143,
2022-12-14 14:22:35,649 ; Ahrs1 ; -1007.81,30.76,117.68,7.09,-0.08,-2.11,40.35,-3.15,-101.1,23.09,56.25,
2022-12-14 14:22:35,653 ; Ahrs1 ; -993.65,51.27,64.94,1.26,-0.5,-3.39,39.3,-1.65,-102.3,23.14,55.556,
2022-12-14 14:22:35,657 ; Ahrs1 ; -999.51,64.45,57.13,3.15,-0.72,1.13,39.6,-3.9,-102.6,23.14,55.0,
2022-12-14 14:22:35,662 ; Ahrs1 ; -1001.95,54.69,121.58,4.26,0.07,-6.22,39.75,-4.05,-101.4,23.29,54.545,
2022-12-14 14:22:35,667 ; Ahrs1 ; -1004.39,23.93,89.84,2.98,-3.8,-3.01,39.45,-4.05,-100.2,22.95,54.167,
2022-12-14 14:22:35,677 ; Ahrs1 ; -1011.72,55.18,52.73,-0.49,0.27,-4.7,40.2,-3.3,-101.7,23.33,53.846,
2022-12-14 14:22:35,696 ; Ahrs1 ; -1009.28,54.2,79.59,4.98,-3.57,-3.56,39.45,-3.3,-100.65,23.09,53.571,
2022-12-14 14:22:35,722 ; Ahrs1 ; -992.68,54.2,77.64,1.38,1.24,-0.34,40.35,-2.4,-102.3,23.09,53.333,
2022-12-14 14:22:35,749 ; Ahrs1 ; -1011.23,29.3,55.66,1.47,-0.58,-2.56,38.85,-4.35,-100.8,23.33,53.125,
2022-12-14 14:22:35,755 ; Ahrs1 ; -1014.65,56.15,93.26,1.37,-0.87,-2.47,38.85,-4.35,-100.8,22.76,52.941,
2022-12-14 14:22:35,780 ; Ahrs1 ; -985.35,42.97,110.35,3.56,-0.21,-5.28,39.75,-3.3,-101.7,23.29,52.778,
2022-12-14 14:22:35,806 ; Ahrs1 ; -995.61,46.39,56.15,-1.85,2.42,-2.03,38.55,-2.7,-102.6,23.24,52.632,
2022-12-14 14:22:35,875 ; Ahrs1 ; -1000.98,54.69,66.41,-0.3,1.17,-1.48,39.9,-3.6,-100.5,23.24,52.5,
2022-12-14 14:22:35,910 ; Ahrs1 ; -987.79,60.06,77.64,3.42,-2.96,-1.27,39.6,-4.35,-101.55,23.09,52.381,
2022-12-14 14:22:35,959 ; Ahrs1 ; -999.02,33.2,83.5,2.9,1.04,-3.98,39.75,-3.0,-102.0,23.33,52.273,
2022-12-14 14:22:36,005 ; Ahrs1 ; -1002.93,35.16,87.4,2.79,-1.39,0.65,39.75,-3.0,-102.0,23.29,52.174,
2022-12-14 14:22:36,066 ; Ahrs1 ; -993.16,57.13,92.77,0.0,2.01,-7.27,40.2,-4.05,-101.7,23.24,52.083,
2022-12-14 14:22:36,074 ; Ahrs1 ; -1010.74,53.22,78.13,5.05,2.31,-2.59,39.45,-3.0,-101.7,23.14,52.0,
2022-12-14 14:22:36,619 ; Ahrs1 ; -991.7,34.18,65.43,1.62,0.93,-3.63,38.25,-3.75,-101.4,22.81,51.923,
2022-12-14 14:22:36,622 ; Ahrs1 ; -997.56,53.71,78.61,4.1,0.38,-5.18,39.45,-2.55,-102.45,23.05,51.852,
2022-12-14 14:22:36,632 ; Ahrs1 ; -995.61,57.13,62.01,2.08,2.35,-7.15,40.65,-2.7,-101.1,23.14,51.786,
2022-12-14 14:22:36,644 ; Ahrs1 ; -1005.37,46.88,79.59,4.37,-0.37,-3.2,40.5,-2.25,-101.7,23.33,51.724,
2022-12-14 14:22:36,699 ; Ahrs1 ; -999.02,47.36,87.4,-0.04,1.62,-6.61,39.0,-3.75,-100.65,23.09,51.667,
2022-12-14 14:22:36,753 ; Ahrs1 ; -1010.25,58.59,96.19,4.25,-0.61,-1.21,38.7,-2.55,-100.95,22.95,51.613,
2022-12-14 14:22:36,801 ; Ahrs1 ; -999.51,41.99,88.38,2.24,3.09,-4.53,40.2,-3.0,-101.7,23.29,51.563,
2022-12-14 14:22:36,820 ; Ahrs1 ; -1003.42,37.11,76.66,2.64,1.3,-5.02,39.45,-2.55,-102.0,22.95,51.515,
2022-12-14 14:22:36,841 ; Ahrs1 ; -1004.88,47.36,72.75,3.73,0.8,-6.25,40.35,-3.9,-100.8,23.24,51.471,
2022-12-14 14:22:36,857 ; Ahrs1 ; -995.12,58.59,67.87,4.32,-1.47,-3.92,40.65,-3.9,-101.55,23.14,51.429,
2022-12-14 14:22:36,865 ; Ahrs1 ; -991.21,43.46,90.33,0.98,3.11,-8.44,40.65,-3.9,-101.55,22.95,51.389,
2022-12-14 14:22:36,878 ; Ahrs1 ; -997.56,35.64,105.47,2.97,-1.69,-0.57,41.25,-3.75,-100.2,23.24,51.351,
2022-12-14 14:22:36,883 ; Ahrs1 ; -987.79,49.32,70.8,0.53,1.74,-5.03,40.35,-3.15,-101.85,23.05,51.316,
2022-12-14 14:22:36,889 ; Ahrs1 ; -992.68,36.62,82.52,4.09,-3.43,-3.5,40.5,-4.5,-101.7,23.33,51.282,
2022-12-14 14:22:36,921 ; Ahrs1 ; -998.54,42.97,75.2,-1.01,1.35,-5.92,40.35,-3.9,-101.55,23.24,51.25,
2022-12-14 14:22:36,926 ; Ahrs1 ; -987.79,43.46,81.05,4.5,-0.16,-5.7,39.0,-3.0,-100.95,23.24,51.22,
2022-12-14 14:22:36,930 ; Ahrs1 ; -1018.07,57.13,74.22,4.34,-0.08,-0.32,39.0,-3.0,-100.95,23.24,51.19,
2022-12-14 14:22:36,933 ; Ahrs1 ; -1004.88,38.09,80.08,1.73,1.78,-5.15,39.75,-3.3,-102.45,23.24,51.163,
2022-12-14 14:22:36,940 ; Ahrs1 ; -1008.3,57.62,90.33,3.98,-0.1,-4.18,39.3,-3.9,-101.85,23.14,51.136,
2022-12-14 14:22:36,946 ; Ahrs1 ; -999.02,41.5,80.57,1.58,-0.9,-1.47,39.45,-4.5,-101.4,22.71,51.111,
2022-12-14 14:22:36,951 ; Ahrs1 ; -1004.39,46.88,76.66,2.69,1.37,-1.66,40.2,-3.75,-102.0,23.14,51.087,
2022-12-14 14:22:36,959 ; Ahrs1 ; -1007.32,38.57,67.38,0.85,2.12,-4.19,39.6,-3.6,-101.55,23.24,51.064,
2022-12-14 14:22:36,963 ; Ahrs1 ; -1005.86,57.13,83.5,1.61,-3.05,-3.1,39.6,-3.6,-101.55,23.09,51.042,
2022-12-14 14:22:36,978 ; Ahrs1 ; -1006.35,55.66,72.75,0.02,-0.11,-3.83,39.6,-5.1,-100.5,23.09,51.02,
2022-12-14 14:22:36,983 ; Ahrs1 ; -998.05,41.02,92.29,1.92,-1.45,-3.59,39.6,-3.15,-102.3,22.76,51.0,
2022-12-14 14:22:36,987 ; Ahrs1 ; -1005.37,36.62,90.82,1.7,2.31,-2.85,38.85,-3.6,-101.55,23.05,50.98,
2022-12-14 14:22:36,992 ; Ahrs1 ; -1003.42,47.36,70.31,2.11,-2.05,1.19,39.6,-3.15,-101.55,23.09,50.962,
2022-12-14 14:22:37,001 ; Ahrs1 ; -996.09,48.83,75.68,1.16,1.24,-1.69,39.3,-3.15,-100.8,23.24,50.943,
2022-12-14 14:22:37,009 ; Ahrs1 ; -1004.88,48.34,82.03,2.91,-4.43,-3.5,40.2,-3.75,-101.7,23.24,50.926,
2022-12-14 14:22:37,014 ; Ahrs1 ; -1002.44,54.2,80.57,0.19,1.02,-0.56,39.45,-4.05,-100.65,22.9,50.909,
2022-12-14 14:22:37,020 ; Ahrs1 ; -998.54,57.62,98.63,0.04,-1.08,-0.07,39.0,-2.25,-100.95,22.95,50.893,
2022-12-14 14:22:37,024 ; Ahrs1 ; -1000.0,53.71,92.29,0.4,3.13,-4.05,39.6,-3.15,-100.5,23.09,50.877,
2022-12-14 14:22:37,031 ; Ahrs1 ; -1000.49,41.99,74.22,4.11,-2.36,-2.33,40.65,-3.15,-101.85,23.24,50.862,
2022-12-14 14:22:37,039 ; Ahrs1 ; -1006.35,44.43,76.66,0.03,0.97,-2.22,40.35,-4.35,-101.55,22.95,50.847,
2022-12-14 14:22:37,042 ; Ahrs1 ; -989.75,50.29,75.2,3.26,-2.02,-2.34,39.9,-3.9,-101.55,22.95,50.833,
2022-12-14 14:22:37,046 ; Ahrs1 ; -990.23,47.36,71.78,2.13,-0.69,-5.24,39.9,-3.9,-101.55,23.14,50.82,
2022-12-14 14:22:37,052 ; Ahrs1 ; -995.12,42.97,80.08,3.27,-2.63,-0.66,38.25,-4.5,-100.95,23.33,50.806,
2022-12-14 14:22:37,060 ; Ahrs1 ; -998.54,50.29,98.14,1.5,-1.15,-4.73,40.5,-3.0,-101.7,23.29,50.794,
2022-12-14 14:22:37,064 ; Ahrs1 ; -1000.0,53.71,88.87,2.35,2.14,-3.69,39.75,-3.3,-101.4,22.95,50.781,
2022-12-14 14:22:37,069 ; Ahrs1 ; -1000.0,49.32,77.64,1.57,-0.12,-4.15,38.85,-2.7,-101.1,23.09,50.769,
2022-12-14 14:22:37,076 ; Ahrs1 ; -1013.18,45.41,78.13,2.08,5.07,-6.09,38.85,-2.7,-101.1,23.33,50.758,
2022-12-14 14:22:37,082 ; Ahrs1 ; -1000.49,45.9,77.64,3.42,-0.64,-0.74,38.7,-3.75,-100.65,23.24,50.746,
2022-12-14 14:22:37,085 ; Ahrs1 ; -997.07,45.41,71.29,3.16,1.44,-2.39,38.7,-4.5,-102.0,23.24,50.735,
2022-12-14 14:22:37,088 ; Ahrs1 ; -990.23,45.9,89.84,3.07,-0.84,1.58,39.45,-3.3,-101.7,23.05,50.725,
2022-12-14 14:22:37,093 ; Ahrs1 ; -1001.95,47.36,85.45,1.25,1.27,-1.96,41.25,-4.8,-100.95,23.14,50.714,
2022-12-14 14:22:37,097 ; Ahrs1 ; -1003.91,47.85,85.45,3.11,-0.38,-1.89,39.9,-3.6,-100.8,23.09,50.704,
2022-12-14 14:22:37,103 ; Ahrs1 ; -997.07,60.55,70.8,1.69,2.39,-9.04,40.65,-4.65,-101.55,23.09,50.694,
2022-12-14 14:22:37,108 ; Ahrs1 ; -1004.88,44.43,78.61,3.82,-1.34,-3.73,40.65,-4.65,-101.55,23.24,50.685,
2022-12-14 14:22:37,118 ; Ahrs1 ; -1003.91,57.62,84.96,2.16,0.76,-3.57,39.9,-3.15,-102.3,22.95,50.676,
2022-12-14 14:22:37,123 ; Ahrs1 ; -996.58,34.67,75.2,4.02,-0.84,-2.18,40.65,-3.6,-101.1,23.09,50.667,
2022-12-14 14:22:37,128 ; Ahrs1 ; -1010.25,26.37,76.17,0.01,0.8,-6.28,38.55,-3.6,-101.55,22.95,50.658,
2022-12-14 14:22:37,132 ; Ahrs1 ; -998.54,52.73,78.61,0.79,-0.45,-2.39,38.7,-3.0,-101.7,23.09,50.649,
2022-12-14 14:22:37,140 ; Ahrs1 ; -996.09,48.83,90.82,0.22,-1.46,-6.1,38.85,-3.6,-101.1,23.09,50.641,
2022-12-14 14:22:37,144 ; Ahrs1 ; -992.19,57.13,82.03,2.65,-0.6,-2.02,38.85,-3.6,-101.1,23.09,50.633,
2022-12-14 14:22:37,148 ; Ahrs1 ; -1005.37,43.95,77.15,-0.85,2.02,-2.6,39.45,-4.05,-101.4,23.14,50.625,
2022-12-14 14:22:37,159 ; Ahrs1 ; -1000.98,49.32,90.82,4.18,-2.15,-1.3,39.75,-3.3,-100.95,23.24,50.617,
2022-12-14 14:22:37,163 ; Ahrs1 ; -994.63,41.02,79.1,0.31,0.47,-3.07,39.75,-4.8,-102.0,22.95,50.61,
2022-12-14 14:22:37,169 ; Ahrs1 ; -1010.74,54.69,78.13,3.92,0.79,-3.26,38.85,-2.7,-100.05,23.33,50.602,
2022-12-14 14:22:37,173 ; Ahrs1 ; -1002.44,43.46,76.17,0.87,-1.13,-3.16,39.75,-3.3,-101.7,23.09,50.595,
2022-12-14 14:22:37,181 ; Ahrs1 ; -998.05,32.23,68.85,1.13,-1.54,-3.53,39.75,-3.75,-102.0,23.33,50.588,
2022-12-14 14:22:37,185 ; Ahrs1 ; -993.65,38.09,81.54,0.48,2.18,-0.6,39.0,-3.75,-100.95,23.05,50.581,
2022-12-14 14:22:37,189 ; Ahrs1 ; -988.77,44.43,73.24,0.56,4.81,-4.0,39.3,-4.35,-101.55,23.14,50.575,
2022-12-14 14:22:37,201 ; Ahrs1 ; -997.56,34.18,78.61,3.11,-0.9,-3.97,41.1,-3.15,-101.55,22.81,50.568,
2022-12-14 14:22:37,205 ; Ahrs1 ; -1007.32,46.88,90.33,0.9,3.03,-4.76,40.95,-3.3,-101.7,23.29,50.562,
2022-12-14 14:22:37,218 ; Ahrs1 ; -1006.84,59.57,85.94,1.71,-1.21,-0.34,39.6,-3.9,-101.1,23.24,50.556,
2022-12-14 14:22:37,238 ; Ahrs1 ; -985.35,53.22,80.57,-0.04,-0.54,-3.97,39.6,-3.9,-101.1,23.14,50.549,
2022-12-14 14:22:37,259 ; Ahrs1 ; -999.51,47.36,79.59,1.84,-2.58,-4.0,38.7,-4.5,-102.75,23.09,50.543,
2022-12-14 14:22:37,279 ; Ahrs1 ; -1000.0,55.66,74.71,3.65,1.47,-3.7,39.3,-2.7,-101.1,22.81,50.538,
2022-12-14 14:22:37,298 ; Ahrs1 ; -1006.84,44.92,79.59,2.8,-0.56,-1.58,40.35,-2.4,-100.5,23.24,50.532,
2022-12-14 14:22:37,319 ; Ahrs1 ; -996.09,48.34,84.47,1.84,2.01,-6.18,40.2,-3.75,-101.7,23.09,50.526,
2022-12-14 14:22:37,339 ; Ahrs1 ; -1000.98,46.88,69.34,3.37,0.48,-1.22,39.45,-4.8,-100.65,23.24,50.521,
2022-12-14 14:22:37,359 ; Ahrs1 ; -1010.74,49.32,83.01,1.0,2.33,-5.44,39.45,-3.75,-101.4,23.14,50.515,
2022-12-14 14:22:37,379 ; Ahrs1 ; -995.61,35.64,78.61,2.57,-1.4,-2.23,39.45,-3.75,-101.4,23.05,50.51,
2022-12-14 14:22:37,399 ; Ahrs1 ; -1012.21,51.27,85.45,0.85,-0.02,-0.92,39.75,-3.3,-101.7,23.05,50.505,
2022-12-14 14:22:37,419 ; Ahrs1 ; -1000.98,59.08,90.33,4.89,0.73,-0.82,39.0,-3.3,-101.7,23.24,50.5,
2022-12-14 14:22:37,439 ; Ahrs1 ; -1007.32,38.09,93.75,1.21,2.65,-4.02,39.3,-3.15,-101.1,23.24,50.495,
2022-12-14 14:22:37,459 ; Ahrs1 ; -1004.39,45.9,78.13,1.43,-1.24,-2.5,40.65,-4.35,-101.55,23.09,50.49,
2022-12-14 14:22:37,478 ; Ahrs1 ; -998.54,60.06,85.45,2.09,1.82,-5.4,40.5,-3.3,-102.0,22.9,50.485,
2022-12-14 14:22:37,498 ; Ahrs1 ; -1012.7,45.41,91.8,4.84,-1.56,-2.61,40.5,-3.3,-102.0,23.29,50.481,
2022-12-14 14:22:37,517 ; Ahrs1 ; -1001.95,49.8,68.36,1.5,-0.58,-0.65,39.9,-2.7,-100.8,23.09,50.476,
2022-12-14 14:22:37,540 ; Ahrs1 ; -999.51,49.8,86.91,-0.23,2.25,-2.03,38.55,-4.35,-100.05,22.95,50.472,
2022-12-14 14:22:37,560 ; Ahrs1 ; -1005.86,53.22,75.2,2.76,-0.32,-1.02,39.0,-4.05,-100.95,22.9,50.467,
2022-12-14 14:22:37,579 ; Ahrs1 ; -1000.0,54.2,82.52,1.05,1.08,-5.97,40.5,-2.55,-101.4,22.9,50.463,
2022-12-14 14:22:37,599 ; Ahrs1 ; -998.54,33.2,89.84,2.8,-1.64,-1.06,40.35,-1.95,-102.6,23.24,50.459,
2022-12-14 14:22:37,620 ; Ahrs1 ; -1008.3,50.78,72.75,0.73,1.93,-6.67,40.35,-1.95,-102.6,23.29,50.455,
2022-12-14 14:22:37,640 ; Ahrs1 ; -1000.0,58.59,80.08,4.76,-0.11,-4.17,39.9,-3.15,-100.8,22.9,50.45,
2022-12-14 14:22:37,660 ; Ahrs1 ; -1002.93,48.34,76.66,2.14,1.31,-6.6,38.85,-4.65,-101.1,22.81,50.446,
2022-12-14 14:22:37,679 ; Ahrs1 ; -1010.74,51.27,73.73,3.92,-2.81,-3.87,39.6,-2.7,-101.85,23.14,50.442,
2022-12-14 14:22:37,699 ; Ahrs1 ; -998.54,38.09,85.45,1.08,5.06,-3.85,39.45,-3.0,-100.95,23.09,50.439,
2022-12-14 14:22:37,719 ; Ahrs1 ; -997.07,40.04,82.03,2.21,1.48,-3.02,39.0,-3.3,-101.7,23.14,50.435,
2022-12-14 14:22:37,739 ; Ahrs1 ; -996.58,49.8,80.08,1.65,2.89,-3.29,39.0,-3.3,-101.7,23.09,50.431,
2022-12-14 14:22:37,759 ; Ahrs1 ; -1003.42,47.36,84.96,0.94,-0.58,-3.21,39.6,-3.6,-101.85,22.9,50.427,
2022-12-14 14:22:37,780 ; Ahrs1 ; -1001.46,48.34,86.91,0.88,1.46,-0.21,39.3,-1.95,-101.1,23.24,50.424,
2022-12-14 14:22:37,800 ; Ahrs1 ; -995.61,52.73,79.1,2.47,-1.38,-1.7,39.0,-4.5,-101.7,23.09,50.42,
2022-12-14 14:22:37,819 ; Ahrs1 ; -998.05,49.8,75.68,0.75,-0.04,-5.58,38.55,-4.35,-100.5,23.09,50.417,
2022-12-14 14:22:37,837 ; Ahrs1 ; -1009.77,35.64,84.96,3.26,-1.95,-0.32,40.2,-4.05,-101.4,23.29,50.413,
2022-12-14 14:22:37,860 ; Ahrs1 ; -1010.25,52.73,88.38,2.08,1.81,-5.24,40.2,-4.05,-101.4,22.95,50.41,
2022-12-14 14:22:37,880 ; Ahrs1 ; -1000.98,46.39,80.57,1.24,-0.98,-0.37,39.75,-3.75,-100.95,23.33,50.407,
2022-12-14 14:22:37,899 ; Ahrs1 ; -1001.46,50.29,84.47,0.3,1.65,-4.01,40.5,-3.0,-99.9,23.24,50.403,
2022-12-14 14:22:37,920 ; Ahrs1 ; -991.7,40.04,76.66,4.9,1.98,-7.8,39.6,-2.7,-100.05,23.33,50.4,
2022-12-14 14:22:37,940 ; Ahrs1 ; -1002.44,52.73,91.8,2.34,1.63,-4.4,39.75,-3.3,-102.45,23.29,50.397,
2022-12-14 14:22:37,959 ; Ahrs1 ; -1001.95,62.01,81.54,3.71,-2.81,-1.36,38.7,-3.3,-100.95,22.95,50.394,
2022-12-14 14:22:37,980 ; Ahrs1 ; -996.58,39.55,74.71,3.7,2.53,-4.24,37.65,-3.0,-101.4,23.09,50.391,
2022-12-14 14:22:38,000 ; Ahrs1 ; -1000.0,46.39,78.13,1.39,-3.17,-3.88,37.65,-3.0,-101.4,23.29,50.388,
2022-12-14 14:22:38,020 ; Ahrs1 ; -996.58,43.46,74.71,1.74,0.25,-6.39,39.3,-2.4,-101.85,23.09,50.385,
2022-12-14 14:22:38,039 ; Ahrs1 ; -1012.7,43.46,82.03,2.11,-2.26,-4.11,39.0,-3.75,-101.7,23.09,50.382,
2022-12-14 14:22:38,059 ; Ahrs1 ; -993.65,51.76,84.96,2.49,-1.08,-2.78,39.9,-3.15,-101.85,23.29,50.379,
2022-12-14 14:22:38,079 ; Ahrs1 ; -996.58,49.32,88.38,0.52,0.4,-9.11,40.2,-2.55,-100.65,23.05,50.376,
2022-12-14 14:22:38,099 ; Ahrs1 ; -993.16,56.64,81.54,0.47,-1.21,-1.18,40.2,-2.55,-100.65,23.29,50.373,
2022-12-14 14:22:38,119 ; Ahrs1 ; -1000.0,60.55,86.43,1.08,-0.18,-4.24,41.25,-3.3,-101.7,23.14,50.37,
2022-12-14 14:22:38,140 ; Ahrs1 ; -999.02,55.18,83.01,3.47,-1.48,-0.58,41.1,-3.9,-100.5,22.95,50.368,
2022-12-14 14:22:38,159 ; Ahrs1 ; -1008.3,41.02,79.1,2.47,2.14,-3.13,40.35,-3.6,-100.8,23.29,50.365,
2022-12-14 14:22:38,177 ; Ahrs1 ; -1005.37,54.69,84.47,3.12,-2.44,-0.98,40.2,-2.25,-100.95,23.29,50.362,
2022-12-14 14:22:38,201 ; Ahrs1 ; -1002.44,45.9,82.52,2.59,-0.08,-4.08,39.0,-3.3,-100.95,23.29,50.36,
2022-12-14 14:22:38,218 ; Ahrs1 ; -1006.84,51.76,78.13,2.77,-1.41,-4.85,40.35,-2.7,-102.3,23.29,50.357,
2022-12-14 14:22:38,240 ; Ahrs1 ; -1003.91,38.09,85.45,2.82,3.02,-7.38,39.9,-3.15,-101.85,23.09,50.355,
2022-12-14 14:22:38,259 ; Ahrs1 ; -1000.0,47.36,96.19,4.45,-1.06,-1.71,39.75,-3.75,-102.0,23.09,50.352,
2022-12-14 14:22:38,278 ; Ahrs1 ; -1001.95,42.48,78.61,-0.69,0.53,-5.76,39.9,-3.6,-101.1,23.33,50.35,
2022-12-14 14:22:38,301 ; Ahrs1 ; -1003.91,54.2,73.24,4.27,0.39,-1.79,39.9,-3.6,-101.55,23.14,50.347,
2022-12-14 14:22:38,319 ; Ahrs1 ; -993.65,52.73,82.03,-0.23,-0.4,-4.18,39.75,-3.0,-101.4,23.24,50.345,
2022-12-14 14:22:38,340 ; Ahrs1 ; -1009.77,52.25,76.66,1.26,1.31,-5.35,40.65,-3.6,-102.6,23.09,50.342,
2022-12-14 14:22:38,360 ; Ahrs1 ; -993.16,34.67,81.54,0.49,0.08,-5.29,38.7,-4.05,-100.65,23.24,50.34,
2022-12-14 14:22:38,380 ; Ahrs1 ; -999.51,41.02,70.8,3.84,-1.82,-2.68,39.6,-3.9,-101.55,23.09,50.338,
2022-12-14 14:22:38,398 ; Ahrs1 ; -1006.84,42.48,82.52,2.59,-0.18,-3.5,39.9,-2.7,-101.1,23.29,50.336,
2022-12-14 14:22:38,418 ; Ahrs1 ; -1002.44,41.5,81.54,2.29,-1.69,-3.11,40.65,-3.9,-100.5,23.24,50.333,
2022-12-14 14:22:38,440 ; Ahrs1 ; -1005.37,58.59,83.01,0.85,0.44,-4.5,38.25,-4.5,-102.0,23.09,50.331,
2022-12-14 14:22:38,460 ; Ahrs1 ; -1018.55,48.34,79.59,3.5,0.03,-6.84,40.35,-3.6,-101.1,23.09,50.329,
2022-12-14 14:22:38,480 ; Ahrs1 ; -993.65,42.97,82.52,-0.15,1.18,-3.94,40.35,-3.6,-101.1,23.09,50.327,
2022-12-14 14:22:38,500 ; Ahrs1 ; -989.75,46.39,76.17,5.97,1.37,-1.2,39.75,-4.8,-101.7,23.09,50.325,
2022-12-14 14:22:38,520 ; Ahrs1 ; -986.82,37.6,82.52,3.86,-1.34,-2.86,40.35,-3.9,-100.5,23.24,50.323,
2022-12-14 14:22:38,538 ; Ahrs1 ; -1010.25,48.34,82.03,3.69,-0.28,-4.7,39.45,-3.3,-101.4,22.81,50.321,
2022-12-14 14:22:38,560 ; Ahrs1 ; -996.58,43.95,80.08,-0.21,1.61,-6.19,39.75,-3.0,-101.4,23.09,50.318,
2022-12-14 14:22:38,579 ; Ahrs1 ; -995.61,51.27,71.29,3.81,1.44,-2.08,41.1,-3.6,-101.55,23.05,50.316,
2022-12-14 14:22:38,598 ; Ahrs1 ; -1000.98,47.36,95.7,-0.14,1.08,-2.94,38.85,-4.65,-101.55,23.14,50.314,
2022-12-14 14:22:38,621 ; Ahrs1 ; -1006.35,43.46,73.24,-0.16,1.61,0.43,38.85,-1.95,-102.6,22.9,50.313,
2022-12-14 14:22:38,641 ; Ahrs1 ; -998.05,50.78,79.59,2.44,-1.16,-4.84,40.2,-4.5,-100.95,23.09,50.311,
2022-12-14 14:22:38,658 ; Ahrs1 ; -1000.98,47.85,74.71,-0.38,3.12,-3.1,39.9,-3.6,-101.1,23.09,50.309,
2022-12-14 14:22:38,681 ; Ahrs1 ; -992.68,46.88,88.87,4.09,-0.72,-3.64,40.5,-4.05,-100.95,23.09,50.307,
2022-12-14 14:22:38,699 ; Ahrs1 ; -1012.7,59.08,71.29,2.45,-0.18,-5.77,39.9,-2.7,-101.1,23.09,50.305,
2022-12-14 14:22:38,720 ; Ahrs1 ; -994.14,43.46,77.64,2.15,-1.87,-5.08,39.9,-2.7,-101.1,23.09,50.303,
2022-12-14 14:22:38,740 ; Ahrs1 ; -1002.93,42.97,90.33,-0.2,-2.18,-1.76,38.85,-3.9,-101.1,23.09,50.301,
2022-12-14 14:22:38,761 ; Ahrs1 ; -997.56,51.27,76.66,1.02,-0.96,-4.69,39.0,-2.25,-99.9,23.29,50.299,
2022-12-14 14:22:38,797 ; Ahrs1 ; -1007.32,50.78,82.03,1.82,1.33,-1.34,40.35,-3.9,-101.1,23.43,50.298,
2022-12-14 14:22:38,801 ; Ahrs1 ; -1008.3,48.83,79.1,2.15,-1.98,-5.47,39.3,-2.4,-100.8,23.33,50.296,
2022-12-14 14:22:38,819 ; Ahrs1 ; -999.02,41.5,86.91,-0.32,-1.03,-4.73,40.2,-3.75,-100.95,23.09,50.294,
2022-12-14 14:22:38,839 ; Ahrs1 ; -1014.16,49.8,80.08,2.56,-1.71,-1.52,40.2,-3.75,-100.95,23.09,50.292,
2022-12-14 14:22:38,861 ; Ahrs1 ; -1002.44,42.97,83.5,0.05,0.04,-3.08,39.45,-4.05,-100.2,23.09,50.291,
2022-12-14 14:22:38,882 ; Ahrs1 ; -999.02,55.66,78.13,1.01,-1.27,-4.22,39.6,-2.7,-100.05,23.09,50.289,
2022-12-14 14:22:38,901 ; Ahrs1 ; -1006.35,40.53,79.59,1.28,-0.11,-3.98,39.9,-3.9,-101.55,22.95,50.287,
2022-12-14 14:22:38,919 ; Ahrs1 ; -1013.67,56.15,88.38,2.57,-2.64,-3.36,39.45,-4.5,-100.2,23.09,50.286,
2022-12-14 14:22:38,940 ; Ahrs1 ; -1010.74,49.8,80.08,-0.38,1.44,-5.98,39.3,-3.15,-101.55,23.29,50.284,
2022-12-14 14:22:38,962 ; Ahrs1 ; -994.14,47.85,69.82,4.27,-1.34,0.03,39.3,-3.15,-101.55,23.14,50.282,
2022-12-14 14:22:38,982 ; Ahrs1 ; -996.58,44.43,86.43,0.6,0.34,-3.43,40.2,-1.8,-101.4,23.09,50.281,
2022-12-14 14:22:39,002 ; Ahrs1 ; -995.61,44.92,85.45,2.39,-0.13,-6.4,38.85,-4.65,-100.5,23.24,50.279,
2022-12-14 14:22:39,022 ; Ahrs1 ; -994.14,45.9,72.27,0.78,2.8,-3.66,40.5,-3.3,-100.05,22.95,50.278,
2022-12-14 14:22:39,041 ; Ahrs1 ; -1004.88,51.76,76.17,2.77,-2.15,-5.63,39.75,-4.8,-102.0,23.14,50.276,
2022-12-14 14:22:39,061 ; Ahrs1 ; -1000.49,51.76,86.91,1.56,0.94,-3.07,39.6,-2.7,-101.1,23.29,50.275,
2022-12-14 14:22:39,081 ; Ahrs1 ; -987.79,48.83,88.87,3.11,-3.54,-2.31,39.6,-2.7,-101.1,23.14,50.273,
2022-12-14 14:22:39,101 ; Ahrs1 ; -1009.28,53.22,90.82,2.11,2.43,-4.98,40.65,-4.35,-101.1,23.24,50.272,
2022-12-14 14:22:39,120 ; Ahrs1 ; -1010.25,49.32,73.24,2.73,-2.4,-2.66,39.6,-2.7,-99.75,22.81,50.27,
2022-12-14 14:22:39,140 ; Ahrs1 ; -990.72,47.36,74.71,-0.44,1.28,-6.22,39.0,-4.5,-102.45,23.09,50.269,
2022-12-14 14:22:39,160 ; Ahrs1 ; -999.02,50.29,94.24,3.31,0.19,-1.6,40.35,-4.65,-100.05,23.14,50.267,
2022-12-14 14:22:39,179 ; Ahrs1 ; -1008.3,48.34,73.73,0.14,-1.73,-3.84,38.7,-3.3,-100.95,23.14,50.133,
2022-12-14 14:22:39,199 ; Ahrs1 ; -1004.39,43.95,82.03,2.24,-1.62,-5.81,38.7,-3.3,-100.95,22.9,50.132,
2022-12-14 14:22:39,220 ; Ahrs1 ; -1000.0,39.06,86.43,3.83,-1.92,-2.69,40.5,-3.0,-101.4,23.09,50.131,
2022-12-14 14:22:39,245 ; Ahrs1 ; -993.65,59.08,80.57,0.97,0.35,-8.08,37.65,-3.0,-100.95,23.09,50.131,
2022-12-14 14:22:39,259 ; Ahrs1 ; -1008.3,50.29,71.78,-0.98,2.11,-3.85,40.65,-2.4,-101.85,23.24,50.13,
2022-12-14 14:22:39,282 ; Ahrs1 ; -990.72,59.08,81.05,0.57,-0.29,-4.4,39.3,-3.15,-101.1,23.14,50.129,
2022-12-14 14:22:39,299 ; Ahrs1 ; -1003.42,52.73,82.03,2.57,-0.52,-5.35,39.45,-2.25,-100.95,22.95,50.129,
2022-12-14 14:22:39,320 ; Ahrs1 ; -993.16,46.88,84.47,0.95,2.26,-3.93,39.45,-2.25,-100.95,22.95,50.128,
2022-12-14 14:22:39,341 ; Ahrs1 ; -998.54,50.29,74.71,3.79,-1.92,1.09,39.6,-2.4,-102.3,23.14,50.127,
2022-12-14 14:22:39,361 ; Ahrs1 ; -991.7,56.15,88.87,2.22,1.05,-5.25,40.5,-4.05,-101.7,23.24,50.127,
2022-12-14 14:22:39,379 ; Ahrs1 ; -1005.86,53.22,73.24,1.73,-1.6,-0.8,40.65,-3.15,-100.8,22.95,50.126,
2022-12-14 14:22:39,400 ; Ahrs1 ; -990.72,45.9,82.03,1.38,0.27,-4.28,39.0,-4.5,-99.6,23.14,50.125,
2022-12-14 14:22:39,419 ; Ahrs1 ; -1000.98,41.02,85.45,3.99,-3.06,-4.25,39.9,-2.7,-102.3,22.95,50.125,
2022-12-14 14:22:39,441 ; Ahrs1 ; -994.14,50.29,83.01,2.45,0.3,-3.83,39.9,-2.7,-102.3,23.29,50.124,
2022-12-14 14:22:39,461 ; Ahrs1 ; -998.54,48.34,83.5,1.5,-0.37,1.18,39.9,-3.6,-100.8,23.09,50.123,
2022-12-14 14:22:39,481 ; Ahrs1 ; -999.51,53.22,88.87,1.64,1.52,-1.46,40.95,-4.05,-100.95,22.95,50.123,
2022-12-14 14:22:39,501 ; Ahrs1 ; -998.54,41.5,87.4,2.82,-3.18,-1.35,39.9,-4.35,-101.1,22.95,50.122,
2022-12-14 14:22:39,521 ; Ahrs1 ; -994.63,42.48,89.36,0.19,1.05,-3.54,40.35,-3.15,-102.3,23.14,50.122,
2022-12-14 14:22:39,541 ; Ahrs1 ; -994.14,43.46,79.59,2.31,-0.08,-5.02,39.0,-2.25,-102.75,23.09,50.121,
2022-12-14 14:22:39,560 ; Ahrs1 ; -994.14,42.48,82.52,3.61,2.35,-4.61,39.0,-2.25,-102.75,23.14,50.12,
2022-12-14 14:22:39,579 ; Ahrs1 ; -1002.44,52.73,86.91,2.31,-1.84,-3.31,40.65,-3.9,-102.6,23.09,50.12,
2022-12-14 14:22:39,601 ; Ahrs1 ; -1004.39,48.34,97.66,0.73,1.19,-1.79,39.9,-1.95,-101.85,22.81,50.119,
2022-12-14 14:22:39,623 ; Ahrs1 ; -996.09,41.99,73.73,0.83,-0.74,-0.53,40.35,-2.7,-101.1,23.09,50.119,
2022-12-14 14:22:39,644 ; Ahrs1 ; -1002.93,48.83,82.03,3.53,-2.18,-3.82,39.75,-3.75,-102.0,23.14,50.118,
2022-12-14 14:22:39,663 ; Ahrs1 ; -1017.09,40.53,75.68,-0.34,1.11,-5.18,40.2,-3.3,-100.95,23.09,50.118,
2022-12-14 14:22:39,684 ; Ahrs1 ; -985.35,45.41,89.84,-0.68,0.98,-5.53,39.75,-3.0,-101.4,23.24,50.117,
2022-12-14 14:22:39,703 ; Ahrs1 ; -999.02,47.85,92.77,1.51,4.02,-2.73,39.75,-3.0,-101.4,23.14,50.117,
2022-12-14 14:22:39,723 ; Ahrs1 ; -993.65,51.76,71.78,2.31,-1.15,-3.02,39.6,-2.7,-102.6,23.33,50.116,
2022-12-14 14:22:39,743 ; Ahrs1 ; -1005.37,37.6,83.01,2.32,0.49,-4.86,38.85,-2.7,-100.8,23.33,50.115,
2022-12-14 14:22:39,763 ; Ahrs1 ; -993.16,44.92,91.31,4.15,-2.0,0.05,38.7,-3.3,-102.0,23.09,50.115,
2022-12-14 14:22:39,782 ; Ahrs1 ; -997.07,47.85,83.98,1.08,-0.01,-5.58,39.6,-3.6,-102.3,22.81,50.114,
2022-12-14 14:22:39,803 ; Ahrs1 ; -1013.18,37.6,79.59,1.75,-3.21,-2.31,40.35,-2.7,-101.1,23.29,50.114,
2022-12-14 14:22:39,823 ; Ahrs1 ; -990.72,50.78,84.47,0.73,1.95,-4.35,40.35,-2.7,-101.1,23.14,50.113,
2022-12-14 14:22:39,843 ; Ahrs1 ; -999.51,45.9,93.75,2.26,0.98,-0.66,39.45,-2.55,-102.0,22.95,50.113,
2022-12-14 14:22:39,863 ; Ahrs1 ; -988.77,38.09,80.57,0.6,0.21,-4.19,40.65,-2.4,-101.1,23.09,50.112,
2022-12-14 14:22:39,879 ; Ahrs1 ; -1011.23,51.27,82.03,1.98,-1.42,-1.8,39.45,-3.3,-101.4,22.81,50.112,
2022-12-14 14:22:39,904 ; Ahrs1 ; -1001.95,62.5,76.66,3.1,3.4,-3.3,39.6,-2.7,-102.6,23.14,50.111,
2022-12-14 14:22:39,923 ; Ahrs1 ; -1006.84,42.48,74.71,0.74,4.09,-2.46,39.75,-3.75,-100.65,23.14,50.111,
2022-12-14 14:22:39,943 ; Ahrs1 ; -993.16,45.41,76.17,0.14,-0.43,-3.5,38.1,-3.9,-101.55,23.29,50.11,
2022-12-14 14:22:39,961 ; Ahrs1 ; -998.05,44.43,88.38,3.76,-2.03,-2.51,39.45,-3.3,-102.45,22.95,50.11,
2022-12-14 14:22:39,979 ; Ahrs1 ; -1008.3,42.48,63.96,-0.44,1.69,-6.05,39.6,-3.6,-101.1,22.81,50.109,
2022-12-14 14:22:40,004 ; Ahrs1 ; -1004.39,39.06,75.68,6.07,-0.86,-2.94,40.5,-3.3,-102.0,23.09,50.109,
2022-12-14 14:22:40,023 ; Ahrs1 ; -1008.3,30.76,76.66,1.34,2.38,-6.68,39.9,-4.35,-100.05,23.24,50.108,
2022-12-14 14:22:40,044 ; Ahrs1 ; -1002.44,53.22,86.91,2.82,-2.95,-3.14,40.35,-3.6,-101.55,23.29,50.108,
2022-12-14 14:22:40,064 ; Ahrs1 ; -996.09,47.85,84.96,2.08,2.03,-2.85,40.35,-3.6,-101.55,22.81,50.108,
2022-12-14 14:22:40,082 ; Ahrs1 ; -999.51,30.27,73.24,2.29,-0.66,-4.43,38.85,-3.6,-102.3,23.09,50.107,
2022-12-14 14:22:40,101 ; Ahrs1 ; -1004.39,62.99,74.22,2.21,0.54,-3.37,38.85,-3.6,-100.8,23.14,50.107,
2022-12-14 14:22:40,121 ; Ahrs1 ; -1000.98,36.13,82.03,2.53,-0.77,-5.27,39.9,-3.9,-99.3,23.09,50.106,
2022-12-14 14:22:40,140 ; Ahrs1 ; -1009.77,49.8,85.45,1.67,-2.5,-2.66,39.6,-2.4,-102.3,23.24,50.106,
2022-12-14 14:22:40,161 ; Ahrs1 ; -997.56,47.85,70.31,4.92,-1.1,-1.95,40.5,-4.8,-100.65,23.29,50.105,
2022-12-14 14:22:40,183 ; Ahrs1 ; -1002.93,42.97,74.22,2.76,0.08,-4.42,40.2,-3.3,-101.4,23.05,50.105,
2022-12-14 14:22:40,200 ; Ahrs1 ; -1005.37,41.5,74.71,3.95,-1.21,-6.23,39.9,-5.1,-101.1,23.29,50.104,
2022-12-14 14:22:40,222 ; Ahrs1 ; -1000.98,50.29,88.38,0.7,2.37,-2.95,40.2,-3.75,-101.7,23.14,50.104,
2022-12-14 14:22:40,242 ; Ahrs1 ; -1001.95,54.2,73.73,1.3,0.24,-3.46,40.2,-3.3,-100.95,23.33,50.104,
2022-12-14 14:22:40,261 ; Ahrs1 ; -989.26,46.88,78.13,1.7,-0.24,0.42,41.25,-3.75,-102.45,23.05,50.103,
2022-12-14 14:22:40,281 ; Ahrs1 ; -999.02,50.29,86.91,-0.01,0.79,-0.24,39.6,-4.35,-101.1,23.09,50.103,
2022-12-14 14:22:40,300 ; Ahrs1 ; -1009.28,41.99,85.94,1.27,-1.27,-3.62,38.7,-3.3,-101.4,23.09,50.102,
2022-12-14 14:22:40,322 ; Ahrs1 ; -996.09,42.97,77.15,1.34,1.92,-5.82,38.7,-3.3,-101.4,23.29,50.102,
2022-12-14 14:22:40,342 ; Ahrs1 ; -1000.98,42.48,83.01,3.44,0.49,-8.69,40.65,-3.9,-101.1,23.24,50.101,
2022-12-14 14:22:40,362 ; Ahrs1 ; -1004.39,45.9,77.64,0.79,2.1,-4.64,39.75,-2.55,-102.0,22.81,50.101,
2022-12-14 14:22:40,382 ; Ahrs1 ; -999.51,49.8,79.59,1.94,-0.2,-4.93,39.9,-3.6,-101.85,23.09,50.101,
2022-12-14 14:22:40,402 ; Ahrs1 ; -1003.42,46.39,83.01,1.43,0.29,-4.09,39.45,-3.3,-101.7,23.33,50.1,
2022-12-14 14:22:40,421 ; Ahrs1 ; -994.14,52.73,84.47,4.42,1.59,-4.3,39.75,-3.75,-101.4,23.24,50.1,
2022-12-14 14:22:40,442 ; Ahrs1 ; -1001.46,40.04,87.4,0.69,0.39,-2.66,39.75,-3.75,-101.4,23.24,50.099,
2022-12-14 14:22:40,460 ; Ahrs1 ; -1012.7,49.8,67.87,3.45,-1.21,-3.27,39.6,-2.7,-101.1,22.81,50.099,
2022-12-14 14:22:40,482 ; Ahrs1 ; -1003.42,52.73,75.2,1.22,0.97,-2.94,37.8,-3.9,-101.1,23.14,50.099,
2022-12-14 14:22:40,500 ; Ahrs1 ; -1002.93,39.55,83.5,3.29,-0.98,-4.66,40.5,-3.3,-101.7,23.33,50.098,
2022-12-14 14:22:40,522 ; Ahrs1 ; -1010.74,46.88,92.77,0.32,1.47,-5.68,40.2,-3.3,-100.95,23.09,50.098,
2022-12-14 14:22:40,542 ; Ahrs1 ; -1005.37,42.48,85.94,2.33,-2.27,-2.78,39.9,-2.7,-99.3,23.14,50.097,
2022-12-14 14:22:40,562 ; Ahrs1 ; -999.51,47.85,90.82,0.16,0.01,-4.79,39.9,-2.7,-99.3,22.95,50.097,
2022-12-14 14:22:40,582 ; Ahrs1 ; -993.65,40.53,67.38,3.13,3.42,0.37,38.55,-2.7,-102.9,22.95,50.097,
2022-12-14 14:22:40,602 ; Ahrs1 ; -994.14,38.57,89.36,0.05,1.5,-2.88,39.75,-3.3,-99.9,23.09,50.096,
2022-12-14 14:22:40,624 ; Ahrs1 ; -995.12,51.76,81.05,4.07,-0.92,-3.71,40.2,-4.8,-101.4,23.24,50.096,
2022-12-14 14:22:40,645 ; Ahrs1 ; -1009.77,34.18,81.54,1.13,2.46,-1.76,40.65,-4.35,-101.1,23.09,50.096,
2022-12-14 14:22:40,666 ; Ahrs1 ; -1008.79,53.71,83.98,1.95,-2.48,-3.44,39.45,-2.55,-100.95,22.95,50.095,
2022-12-14 14:22:40,683 ; Ahrs1 ; -1010.74,48.34,82.52,2.23,-0.02,-3.65,39.45,-2.55,-100.95,22.95,50.095,
2022-12-14 14:22:40,705 ; Ahrs1 ; -1006.35,40.53,91.8,3.01,-1.75,1.49,40.95,-4.05,-100.95,23.24,50.095,
2022-12-14 14:22:40,725 ; Ahrs1 ; -1003.91,41.02,65.43,2.01,-0.89,1.66,39.45,-3.75,-102.0,23.33,50.094,
2022-12-14 14:22:40,746 ; Ahrs1 ; -999.51,46.88,83.98,-0.72,3.8,-2.97,40.35,-3.9,-101.85,23.09,50.094,
2022-12-14 14:22:40,765 ; Ahrs1 ; -997.56,46.88,89.84,3.77,-0.98,-5.69,39.3,-4.35,-101.55,22.95,50.093,
2022-12-14 14:22:40,785 ; Ahrs1 ; -1003.91,44.92,86.43,0.89,-0.47,-6.78,39.3,-2.4,-100.8,22.95,50.093,
2022-12-14 14:22:40,805 ; Ahrs1 ; -994.63,29.3,83.01,1.48,0.15,-2.83,39.3,-2.4,-100.8,23.14,50.093,
2022-12-14 14:22:40,826 ; Ahrs1 ; -996.09,45.41,81.54,1.69,2.73,-5.47,39.9,-3.6,-101.85,23.14,50.092,
2022-12-14 14:22:40,843 ; Ahrs1 ; -1007.81,44.43,75.68,4.98,-0.11,-5.99,38.1,-3.9,-102.3,22.9,50.092,
2022-12-14 14:22:40,865 ; Ahrs1 ; -992.19,47.36,71.29,0.82,1.56,-3.49,40.2,-4.8,-101.4,22.95,50.092,
2022-12-14 14:22:40,886 ; Ahrs1 ; -1004.88,50.29,83.01,3.79,-4.39,-3.63,39.3,-3.6,-100.5,23.09,50.091,
2022-12-14 14:22:40,905 ; Ahrs1 ; -1006.35,43.95,79.1,1.4,-1.32,-5.76,41.1,-4.35,-101.55,23.29,50.091,
2022-12-14 14:22:40,925 ; Ahrs1 ; -995.61,54.69,79.59,2.97,-1.18,-0.97,41.1,-4.35,-101.55,23.29,50.091,
2022-12-14 14:22:40,943 ; Ahrs1 ; -1003.91,56.15,87.4,1.63,2.13,-5.99,39.45,-3.75,-101.4,22.76,50.09,
2022-12-14 14:22:40,963 ; Ahrs1 ; -1005.86,48.34,85.45,3.58,-1.24,0.14,40.5,-3.75,-100.65,23.33,50.09,
2022-12-14 14:22:40,983 ; Ahrs1 ; -990.72,43.95,92.29,3.4,1.41,-7.15,39.9,-2.7,-101.1,23.24,50.09,
2022-12-14 14:22:41,006 ; Ahrs1 ; -987.79,49.8,68.36,2.03,-2.62,-3.14,38.85,-2.7,-101.85,23.24,50.089,
2022-12-14 14:22:41,026 ; Ahrs1 ; -1002.93,62.99,52.25,0.63,-1.91,-1.65,39.6,-2.4,-101.85,23.14,50.089,
2022-12-14 14:22:41,045 ; Ahrs1 ; -997.56,28.32,70.8,3.74,1.31,-7.4,39.6,-2.4,-101.85,22.95,50.089,
2022-12-14 14:22:41,060 ; Ahrs1 ; -1005.86,38.57,81.05,-1.33,4.74,-4.03,39.9,-3.9,-100.8,23.09,50.088,
2022-12-14 14:22:41,084 ; Ahrs1 ; -1012.7,47.36,89.84,1.97,-0.08,1.48,39.45,-3.3,-101.7,23.14,50.088,
2022-12-14 14:22:41,103 ; Ahrs1 ; -1008.79,54.2,97.66,3.62,4.61,-4.94,39.6,-3.6,-100.8,23.14,50.088,
2022-12-14 14:22:41,122 ; Ahrs1 ; -1006.84,34.18,82.52,2.44,1.63,-2.86,39.0,-3.3,-100.65,22.9,50.088,
2022-12-14 14:22:41,141 ; Ahrs1 ; -1000.49,49.8,72.27,2.62,-0.25,-0.39,39.3,-4.65,-101.85,23.24,50.087,
2022-12-14 14:22:41,162 ; Ahrs1 ; -1008.79,50.78,72.75,-0.04,-1.06,-0.98,39.3,-4.65,-101.85,23.09,50.087,
2022-12-14 14:22:41,182 ; Ahrs1 ; -1002.44,45.9,74.22,3.27,0.6,-2.64,39.9,-2.7,-102.3,23.14,50.087,
2022-12-14 14:22:41,202 ; Ahrs1 ; -1003.42,38.09,76.17,-1.15,1.06,-5.0,38.85,-4.35,-101.55,23.05,50.086,
2022-12-14 14:22:41,222 ; Ahrs1 ; -997.56,59.57,93.75,2.77,-1.55,-7.17,40.95,-3.75,-100.95,22.9,50.086,
2022-12-14 14:22:41,243 ; Ahrs1 ; -996.09,53.22,81.54,1.56,2.18,-1.48,39.6,-3.6,-101.85,23.33,50.086,
2022-12-14 14:22:41,261 ; Ahrs1 ; -1000.98,45.41,81.54,3.72,-0.08,-4.16,40.5,-4.5,-100.2,23.14,50.085,
2022-12-14 14:22:41,283 ; Ahrs1 ; -1005.86,43.46,78.13,1.66,2.82,-2.9,39.3,-5.4,-100.5,23.14,50.085,
2022-12-14 14:22:41,303 ; Ahrs1 ; -998.05,56.15,78.13,3.02,-0.79,-3.13,39.9,-3.6,-100.8,23.33,50.085,
2022-12-14 14:22:41,322 ; Ahrs1 ; -1005.37,42.48,64.94,2.09,-0.86,-5.37,40.2,-4.05,-102.0,23.05,50.085,
2022-12-14 14:22:41,343 ; Ahrs1 ; -994.63,42.48,84.47,3.16,-0.63,-0.13,39.75,-3.0,-101.4,23.09,50.084,
2022-12-14 14:22:41,363 ; Ahrs1 ; -995.12,45.41,94.73,1.13,1.62,-5.06,39.9,-2.7,-101.1,23.33,50.084,
2022-12-14 14:22:41,381 ; Ahrs1 ; -1012.7,51.27,88.87,3.17,-1.92,-1.81,39.45,-3.75,-101.4,23.14,50.084,
2022-12-14 14:22:41,404 ; Ahrs1 ; -996.58,51.76,85.45,1.73,-0.06,-4.52,40.35,-5.1,-101.55,23.05,50.083,
2022-12-14 14:22:41,423 ; Ahrs1 ; -998.54,68.36,77.64,3.68,-0.97,-6.44,39.75,-3.75,-101.4,22.95,50.083,
2022-12-14 14:22:41,443 ; Ahrs1 ; -997.07,53.22,74.71,1.18,2.23,-5.41,38.7,-4.5,-101.7,23.24,50.083,
2022-12-14 14:22:41,463 ; Ahrs1 ; -998.54,53.71,80.57,3.83,0.83,-0.63,39.3,-3.6,-101.1,22.95,50.083,
2022-12-14 14:22:41,481 ; Ahrs1 ; -1010.25,24.9,81.54,2.45,-0.27,-3.56,39.3,-4.65,-102.6,23.14,50.082,
2022-12-14 14:22:41,503 ; Ahrs1 ; -1011.72,40.04,73.24,3.08,-2.4,0.34,39.75,-2.25,-100.95,22.95,50.082,
2022-12-14 14:22:41,523 ; Ahrs1 ; -1009.28,43.95,80.08,-1.63,0.21,-3.45,39.75,-3.0,-100.95,22.81,50.082,
2022-12-14 14:22:41,543 ; Ahrs1 ; -997.07,41.02,78.13,2.87,2.36,-3.46,39.75,-3.0,-100.95,23.09,50.082,
2022-12-14 14:22:41,563 ; Ahrs1 ; -1005.37,43.46,85.45,2.47,1.5,-7.35,39.45,-4.5,-101.4,23.29,50.081,
2022-12-14 14:22:41,583 ; Ahrs1 ; -1006.35,63.96,78.61,2.73,1.12,-4.36,39.9,-3.9,-100.05,23.33,50.081,
2022-12-14 14:22:41,603 ; Ahrs1 ; -1000.98,52.25,71.78,0.9,0.39,-4.15,39.9,-4.35,-101.85,23.09,50.081,
2022-12-14 14:22:41,623 ; Ahrs1 ; -995.12,42.97,81.54,2.9,-0.99,-5.98,40.65,-2.7,-101.85,22.81,50.081,
2022-12-14 14:22:41,646 ; Ahrs1 ; -1002.44,33.2,96.68,2.03,1.47,-5.73,40.2,-2.55,-102.0,23.09,50.08,
2022-12-14 14:22:41,666 ; Ahrs1 ; -1003.42,31.25,85.45,2.12,1.55,-1.38,40.2,-2.55,-102.0,23.48,50.08,
2022-12-14 14:22:41,687 ; Ahrs1 ; -1002.44,54.2,75.68,1.16,-1.79,-2.88,39.75,-4.5,-101.7,23.14,50.08,
