2022-12-14 14:22:34,666 ; Ahrs2 ; 
2022-12-14 14:22:34,674 ; Ahrs2 ; 
2022-12-14 14:22:34,680 ; Ahrs2 ; 
2022-12-14 14:22:34,681 ; Ahrs2 ; 
2022-12-14 14:22:34,907 ; Ahrs2 ; 
2022-12-14 14:22:34,913 ; Ahrs2 ; 
2022-12-14 14:22:34,917 ; Ahrs2 ; 
2022-12-14 14:22:34,918 ; Ahrs2 ; 
2022-12-14 14:22:35,366 ; Ahrs2 ; 
2022-12-14 14:22:35,370 ; Ahrs2 ; 
2022-12-14 14:22:35,404 ; Ahrs2 ; 
2022-12-14 14:22:35,423 ; Ahrs2 ; -1003.91,78.13,-9.77,-0.31,-1.66,-1.47,51.9,67.35,117.0,22.57,0.0,
2022-12-14 14:22:35,441 ; Ahrs2 ; -999.02,67.38,6.84,-1.18,-1.22,-1.46,52.35,66.9,116.7,22.61,100.0,
2022-12-14 14:22:35,616 ; Ahrs2 ; -977.54,64.45,6.35,-0.9,1.27,-0.76,52.65,66.9,115.65,22.76,75.0,
2022-12-14 14:22:35,623 ; Ahrs2 ; -1006.35,49.8,-38.09,-1.2,1.87,0.02,52.8,66.45,116.4,22.81,66.667,
2022-12-14 14:22:35,626 ; Ahrs2 ; -1023.44,103.03,72.27,-0.5,-2.64,-2.2,52.65,66.6,116.25,22.76,62.5,
2022-12-14 14:22:35,630 ; Ahrs2 ; -958.5,42.48,-37.11,-1.35,2.11,2.15,52.95,66.6,117.0,22.76,60.0,
2022-12-14 14:22:35,635 ; Ahrs2 ; -1074.71,113.28,-11.72,-1.08,-0.26,-1.31,54.15,68.4,117.75,22.71,58.333,
2022-12-14 14:22:35,654 ; Ahrs2 ; -968.26,54.2,-56.64,3.17,-1.4,-3.98,54.3,67.2,116.85,22.71,57.143,
2022-12-14 14:22:35,674 ; Ahrs2 ; -1004.88,62.99,99.12,0.04,-0.15,-3.58,54.15,66.9,115.95,22.76,56.25,
2022-12-14 14:22:35,691 ; Ahrs2 ; -993.65,52.25,-14.65,-2.41,2.31,1.44,54.15,68.1,117.0,22.61,55.556,
2022-12-14 14:22:35,698 ; Ahrs2 ; -1024.41,102.05,-62.5,1.64,-0.94,1.12,53.85,67.2,116.85,22.81,55.0,
2022-12-14 14:22:35,718 ; Ahrs2 ; -977.54,63.48,39.55,2.75,-0.37,-0.93,52.65,67.35,115.95,22.57,54.545,
2022-12-14 14:22:35,730 ; Ahrs2 ; -991.7,66.89,50.78,-2.02,1.56,-3.6,54.15,67.35,115.95,22.81,54.167,
2022-12-14 14:22:35,750 ; Ahrs2 ; -1006.84,80.57,-74.71,-4.31,0.84,-1.69,54.3,65.7,115.8,22.37,53.846,
2022-12-14 14:22:35,758 ; Ahrs2 ; -999.51,92.29,-20.51,-0.07,-1.15,-1.07,53.7,66.9,116.7,22.81,53.571,
2022-12-14 14:22:35,771 ; Ahrs2 ; -992.19,75.68,60.06,-0.18,0.27,1.15,52.5,68.55,118.65,22.57,53.333,
2022-12-14 14:22:35,776 ; Ahrs2 ; -995.61,72.75,-11.23,-3.36,-1.78,2.37,55.35,67.5,117.45,22.81,53.125,
2022-12-14 14:22:35,803 ; Ahrs2 ; -1004.88,74.22,-22.46,0.32,-0.4,3.48,53.4,67.35,115.95,22.76,52.941,
2022-12-14 14:22:35,825 ; Ahrs2 ; -991.21,64.94,38.57,0.6,1.31,-3.08,52.95,67.65,117.75,22.95,52.778,
2022-12-14 14:22:35,884 ; Ahrs2 ; -995.12,53.71,6.84,-3.47,0.17,0.13,53.7,66.15,117.75,22.81,52.632,
2022-12-14 14:22:35,917 ; Ahrs2 ; -1001.46,98.63,-46.39,0.35,-0.98,0.44,52.5,68.25,115.8,22.81,52.5,
2022-12-14 14:22:35,973 ; Ahrs2 ; -998.05,75.68,0.49,1.94,-1.69,-0.39,54.3,67.5,116.1,22.76,52.381,
2022-12-14 14:22:35,996 ; Ahrs2 ; -998.05,55.66,27.34,0.36,-0.92,-1.59,52.8,67.95,116.1,22.76,52.273,
2022-12-14 14:22:36,064 ; Ahrs2 ; -1013.67,87.89,-2.44,-1.11,0.69,-0.15,52.8,67.2,118.2,22.61,52.174,
2022-12-14 14:22:36,070 ; Ahrs2 ; -1007.32,63.96,6.35,-0.13,1.05,1.41,53.25,66.75,117.45,22.61,52.083,
2022-12-14 14:22:36,613 ; Ahrs2 ; -996.58,71.78,19.04,1.33,1.06,-1.82,52.65,66.6,117.3,22.81,52.0,
2022-12-14 14:22:36,618 ; Ahrs2 ; -1007.32,76.66,-6.35,-0.89,1.04,1.33,52.95,65.85,118.35,22.76,51.923,
2022-12-14 14:22:36,626 ; Ahrs2 ; -1007.81,86.43,-33.69,0.82,-1.33,-2.26,52.65,67.65,117.0,22.71,51.852,
2022-12-14 14:22:36,635 ; Ahrs2 ; -987.79,71.29,2.44,1.08,0.83,-2.4,53.25,67.5,118.65,22.76,51.786,
2022-12-14 14:22:36,640 ; Ahrs2 ; -991.21,61.52,23.93,0.64,-0.66,-2.74,53.25,67.5,118.65,22.81,51.724,
2022-12-14 14:22:36,647 ; Ahrs2 ; -988.77,62.5,9.28,-1.64,2.89,1.8,53.4,68.1,117.3,22.57,51.667,
2022-12-14 14:22:36,651 ; Ahrs2 ; -1002.93,78.61,5.86,2.05,-0.13,0.93,53.25,69.3,116.1,22.81,51.613,
2022-12-14 14:22:36,668 ; Ahrs2 ; -989.26,64.45,18.55,0.6,0.91,0.11,52.65,67.65,116.7,22.71,51.563,
2022-12-14 14:22:36,671 ; Ahrs2 ; -992.68,79.59,-16.6,-0.63,0.94,2.86,52.65,66.9,116.25,22.76,51.515,
2022-12-14 14:22:36,675 ; Ahrs2 ; -997.07,79.59,-30.76,0.9,1.35,-1.94,52.65,66.6,116.7,22.61,51.471,
2022-12-14 14:22:36,678 ; Ahrs2 ; -1002.93,65.43,6.84,0.57,-0.94,-4.7,54.15,67.65,116.7,22.76,51.429,
2022-12-14 14:22:36,681 ; Ahrs2 ; -990.23,65.43,17.09,0.16,-0.4,-2.96,54.45,68.1,117.0,22.52,51.389,
2022-12-14 14:22:36,685 ; Ahrs2 ; -1003.42,75.68,-2.93,0.4,-0.36,-0.4,54.9,68.25,117.15,22.81,51.351,
2022-12-14 14:22:36,688 ; Ahrs2 ; -1009.77,86.43,-1.95,1.03,0.0,-2.69,53.85,66.45,117.15,22.42,51.316,
2022-12-14 14:22:36,691 ; Ahrs2 ; -997.56,75.68,6.84,-1.7,1.1,-4.35,53.85,68.25,117.15,22.81,51.282,
2022-12-14 14:22:36,695 ; Ahrs2 ; -998.05,74.22,-10.25,-1.05,-1.61,-2.09,54.15,68.4,116.25,22.81,51.25,
2022-12-14 14:22:36,698 ; Ahrs2 ; -995.61,64.94,-18.07,1.02,0.04,3.68,52.95,66.9,117.75,22.76,51.22,
2022-12-14 14:22:36,702 ; Ahrs2 ; -980.96,74.22,4.39,-0.15,-0.65,-1.4,53.85,66.75,116.85,22.76,51.19,
2022-12-14 14:22:36,705 ; Ahrs2 ; -1001.46,75.2,27.34,1.2,-0.18,-0.17,54.15,65.85,117.0,22.81,51.163,
2022-12-14 14:22:36,708 ; Ahrs2 ; -1010.25,60.55,-4.39,-0.44,0.56,1.66,53.4,66.9,116.25,22.9,51.136,
2022-12-14 14:22:36,711 ; Ahrs2 ; -986.82,83.01,2.44,-3.39,0.29,3.06,54.45,66.6,117.75,22.9,51.111,
2022-12-14 14:22:36,718 ; Ahrs2 ; -993.65,68.85,-3.91,-2.04,0.05,-0.1,52.5,66.75,116.4,22.71,51.087,
2022-12-14 14:22:36,723 ; Ahrs2 ; -997.56,75.2,-6.35,-0.39,-0.89,1.21,53.25,66.75,117.45,22.81,51.064,
2022-12-14 14:22:36,726 ; Ahrs2 ; -998.54,76.17,7.81,-0.47,-1.15,0.81,53.55,68.25,116.85,22.81,51.042,
2022-12-14 14:22:36,730 ; Ahrs2 ; -995.61,59.08,8.3,-0.37,-2.05,1.36,54.75,67.35,117.75,22.61,51.02,
2022-12-14 14:22:36,733 ; Ahrs2 ; -998.54,64.45,13.18,-0.5,0.61,-1.34,53.4,66.9,115.95,22.76,51.0,
2022-12-14 14:22:36,736 ; Ahrs2 ; -1005.37,70.31,3.91,0.05,0.87,-2.81,54.15,68.4,116.25,22.57,50.98,
2022-12-14 14:22:36,740 ; Ahrs2 ; -995.12,75.68,-10.25,0.59,0.63,-2.5,53.7,68.4,117.0,22.81,50.962,
2022-12-14 14:22:36,743 ; Ahrs2 ; -995.12,75.68,-5.37,-1.96,0.85,0.66,54.15,68.1,115.95,22.61,50.943,
2022-12-14 14:22:36,746 ; Ahrs2 ; -999.51,71.78,5.37,1.5,1.26,0.14,54.9,68.55,118.2,22.42,50.926,
2022-12-14 14:22:36,749 ; Ahrs2 ; -998.05,73.24,13.18,-0.75,-1.2,0.26,54.6,67.95,115.35,22.61,50.909,
2022-12-14 14:22:36,753 ; Ahrs2 ; -1000.0,81.05,6.35,-1.46,-0.73,-1.67,54.15,67.35,116.7,22.76,50.893,
2022-12-14 14:22:36,759 ; Ahrs2 ; -988.28,61.04,11.72,-1.8,1.27,0.24,53.4,66.9,118.05,22.76,50.877,
2022-12-14 14:22:36,763 ; Ahrs2 ; -1005.37,79.59,0.49,0.25,2.48,0.57,54.15,67.65,116.25,22.81,50.862,
2022-12-14 14:22:36,767 ; Ahrs2 ; -1002.44,81.05,-2.44,-0.14,1.82,0.17,54.3,67.2,117.15,22.71,50.847,
2022-12-14 14:22:36,771 ; Ahrs2 ; -993.16,67.87,-7.32,-1.05,-1.56,-2.95,53.4,67.65,117.75,22.76,50.833,
2022-12-14 14:22:36,775 ; Ahrs2 ; -1002.93,72.75,12.21,0.37,-0.42,0.34,54.15,66.9,116.7,22.76,50.82,
2022-12-14 14:22:36,778 ; Ahrs2 ; -991.7,66.89,1.95,-0.86,1.21,-3.61,53.55,67.2,117.9,22.81,50.806,
2022-12-14 14:22:36,781 ; Ahrs2 ; -997.56,78.61,12.21,-1.94,1.55,1.76,53.25,66.0,116.4,22.71,50.794,
2022-12-14 14:22:36,784 ; Ahrs2 ; -996.58,73.24,-0.49,1.61,1.06,-2.94,54.15,66.9,117.0,22.81,50.781,
2022-12-14 14:22:36,788 ; Ahrs2 ; -1005.86,77.64,-11.23,-2.39,0.6,-0.18,54.45,67.65,117.0,22.76,50.769,
2022-12-14 14:22:36,791 ; Ahrs2 ; -1005.37,71.29,-17.09,-1.34,0.11,-3.08,53.4,66.15,116.25,22.61,50.758,
2022-12-14 14:22:36,794 ; Ahrs2 ; -997.56,65.92,0.49,-1.65,0.31,-1.5,52.05,68.55,118.65,22.9,50.746,
2022-12-14 14:22:36,798 ; Ahrs2 ; -1006.35,73.73,2.93,-0.86,-1.29,-0.82,52.65,66.15,117.3,22.81,50.735,
2022-12-14 14:22:36,804 ; Ahrs2 ; -995.12,77.15,12.21,0.5,-0.35,-3.43,53.7,66.6,117.0,22.81,50.725,
2022-12-14 14:22:36,825 ; Ahrs2 ; -1008.3,76.17,-7.32,0.81,-0.47,-1.56,53.85,67.5,116.85,22.76,50.714,
2022-12-14 14:22:36,858 ; Ahrs2 ; -1000.49,73.73,4.39,2.82,-0.81,0.71,54.45,67.35,115.95,22.81,50.704,
2022-12-14 14:22:36,865 ; Ahrs2 ; -993.16,72.75,-3.91,0.35,1.34,-1.49,54.15,68.1,117.0,22.61,50.694,
2022-12-14 14:22:36,885 ; Ahrs2 ; -1006.35,69.34,-0.98,-1.25,3.0,0.27,54.45,67.65,115.65,22.81,50.685,
2022-12-14 14:22:36,918 ; Ahrs2 ; -1008.79,66.89,-1.95,-1.28,-0.7,1.27,52.8,67.2,116.85,22.76,50.676,
2022-12-14 14:22:36,936 ; Ahrs2 ; -1006.35,77.15,10.74,0.7,-1.29,-2.31,52.5,66.75,117.45,22.76,50.667,
2022-12-14 14:22:36,946 ; Ahrs2 ; -1009.28,66.41,7.81,-0.45,-0.15,1.6,52.65,66.15,116.25,22.9,50.658,
2022-12-14 14:22:36,966 ; Ahrs2 ; -1004.88,82.52,-4.39,0.1,-0.07,-2.05,52.35,66.6,118.35,23.05,50.649,
2022-12-14 14:22:36,988 ; Ahrs2 ; -989.75,74.22,-4.88,0.47,1.69,0.9,53.25,68.55,116.4,22.81,50.641,
2022-12-14 14:22:37,006 ; Ahrs2 ; -994.63,65.43,-0.98,-1.53,0.52,-1.75,53.55,68.55,116.85,22.61,50.633,
2022-12-14 14:22:37,027 ; Ahrs2 ; -999.51,76.17,-3.42,0.01,-2.29,-1.04,53.4,67.35,118.35,22.57,50.625,
2022-12-14 14:22:37,051 ; Ahrs2 ; -990.23,70.8,21.48,-0.3,0.15,-0.32,52.5,67.2,117.15,22.81,50.617,
2022-12-14 14:22:37,066 ; Ahrs2 ; -1002.93,70.31,3.42,0.77,-0.07,-2.79,52.95,66.9,116.7,22.81,50.61,
2022-12-14 14:22:37,090 ; Ahrs2 ; -1004.88,66.89,-6.35,1.09,0.89,0.41,53.85,66.75,117.15,22.76,50.602,
2022-12-14 14:22:37,106 ; Ahrs2 ; -996.58,77.64,10.74,-0.11,0.62,-0.73,53.55,68.55,117.15,23.05,50.595,
2022-12-14 14:22:37,126 ; Ahrs2 ; -988.28,69.34,-0.49,-0.5,0.09,2.08,53.55,68.55,116.4,22.76,50.588,
2022-12-14 14:22:37,149 ; Ahrs2 ; -1000.49,56.64,0.0,-0.64,1.16,-1.19,53.7,66.6,118.05,22.95,50.581,
2022-12-14 14:22:37,167 ; Ahrs2 ; -995.12,66.41,1.46,0.84,0.05,1.5,53.25,68.25,117.15,22.71,50.286,
2022-12-14 14:22:37,186 ; Ahrs2 ; -986.82,72.27,6.84,0.08,0.27,-1.06,52.95,67.65,117.0,22.81,50.282,
2022-12-14 14:22:37,210 ; Ahrs2 ; -1004.39,66.89,3.42,-1.44,0.46,-0.82,54.6,67.5,116.1,22.52,50.279,
2022-12-14 14:22:37,233 ; Ahrs2 ; -995.12,74.22,0.49,-0.15,1.0,-1.3,54.75,66.9,117.0,22.81,50.276,
2022-12-14 14:22:37,254 ; Ahrs2 ; -995.61,69.82,8.3,-0.6,1.02,0.82,53.85,67.2,117.45,22.52,50.273,
2022-12-14 14:22:37,272 ; Ahrs2 ; -986.33,69.82,-11.23,1.86,0.64,-1.71,54.3,66.45,117.45,22.81,50.27,
2022-12-14 14:22:37,292 ; Ahrs2 ; -1005.86,63.96,-3.91,-0.22,0.16,-0.37,53.25,66.75,117.45,22.61,50.267,
2022-12-14 14:22:37,313 ; Ahrs2 ; -991.21,80.57,8.3,-1.06,0.43,-1.93,54.3,66.45,116.1,22.61,50.265,
2022-12-14 14:22:37,332 ; Ahrs2 ; -1002.93,65.92,3.42,-1.27,1.43,0.18,53.25,67.2,117.45,22.61,50.262,
2022-12-14 14:22:37,353 ; Ahrs2 ; -996.58,71.29,0.0,0.34,-0.24,1.29,52.65,67.65,115.2,22.95,50.259,
2022-12-14 14:22:37,373 ; Ahrs2 ; -991.7,73.24,-20.51,1.81,-0.54,1.49,53.7,66.6,117.3,22.81,50.256,
2022-12-14 14:22:37,392 ; Ahrs2 ; -1005.37,72.75,1.95,-0.36,-0.65,1.9,54.15,66.15,116.7,22.81,50.254,
2022-12-14 14:22:37,412 ; Ahrs2 ; -1004.39,87.4,-2.44,-2.92,2.23,1.96,52.5,68.55,118.2,22.81,50.251,
2022-12-14 14:22:37,433 ; Ahrs2 ; -1007.32,68.36,-5.37,-0.82,-0.88,-2.91,53.4,67.35,116.25,22.81,50.249,
2022-12-14 14:22:37,452 ; Ahrs2 ; -1018.07,72.75,16.11,-1.57,2.69,0.57,52.65,66.6,117.0,22.95,50.246,
2022-12-14 14:22:37,472 ; Ahrs2 ; -1017.58,70.8,-2.44,0.03,0.83,0.37,52.65,66.9,117.75,22.81,50.244,
2022-12-14 14:22:37,493 ; Ahrs2 ; -1004.39,66.41,-7.81,-1.05,-0.4,3.26,53.7,66.15,116.25,22.71,50.242,
2022-12-14 14:22:37,533 ; Ahrs2 ; -984.86,79.1,10.74,2.24,-1.47,-2.3,54.15,66.9,117.3,22.57,50.239,
2022-12-14 14:22:37,553 ; Ahrs2 ; -996.09,70.8,2.93,0.57,1.11,0.74,53.7,67.35,117.0,22.76,50.237,
2022-12-14 14:22:37,574 ; Ahrs2 ; -1004.88,66.41,-11.23,-1.54,2.59,-0.17,52.35,67.35,118.05,22.57,50.235,
2022-12-14 14:22:37,577 ; Ahrs2 ; -995.12,74.71,2.93,0.85,0.6,-0.12,52.8,67.2,116.85,22.81,50.233,
2022-12-14 14:22:37,594 ; Ahrs2 ; -990.72,56.64,6.84,0.37,-0.75,-1.18,54.15,67.35,115.65,22.61,50.23,
2022-12-14 14:22:37,616 ; Ahrs2 ; -992.68,71.78,4.88,0.05,-0.2,-1.15,53.25,67.95,116.1,23.05,50.228,
2022-12-14 14:22:37,633 ; Ahrs2 ; -1004.39,73.24,0.0,-2.07,2.52,0.61,53.4,66.15,116.25,22.52,50.226,
2022-12-14 14:22:37,653 ; Ahrs2 ; -1002.44,77.15,3.91,-1.01,0.26,-1.9,52.8,67.2,115.35,22.71,50.224,
2022-12-14 14:22:37,673 ; Ahrs2 ; -999.51,65.92,9.28,-2.44,0.2,0.9,51.9,66.6,117.75,22.61,50.222,
2022-12-14 14:22:37,693 ; Ahrs2 ; -997.07,68.36,-11.72,-0.1,0.47,-1.7,54.75,68.1,117.75,22.9,50.22,
2022-12-14 14:22:37,713 ; Ahrs2 ; -1001.95,65.92,8.3,1.59,1.6,1.83,54.9,66.75,117.15,22.81,50.218,
2022-12-14 14:22:37,733 ; Ahrs2 ; -1003.42,74.71,-1.46,-1.54,-0.17,0.46,54.3,68.25,117.9,22.81,50.216,
2022-12-14 14:22:37,754 ; Ahrs2 ; -999.51,71.78,-10.74,-1.98,-0.14,-2.21,53.25,66.45,117.15,22.81,50.215,
2022-12-14 14:22:37,773 ; Ahrs2 ; -1000.49,67.87,4.39,-0.41,1.35,-0.66,53.25,67.5,117.15,22.71,50.213,
2022-12-14 14:22:37,793 ; Ahrs2 ; -993.16,68.85,15.63,-0.03,0.85,-1.75,52.8,69.0,116.4,22.95,50.211,
2022-12-14 14:22:37,813 ; Ahrs2 ; -1008.79,70.8,5.86,0.7,-0.27,-0.71,53.55,67.5,116.85,22.76,50.209,
2022-12-14 14:22:37,834 ; Ahrs2 ; -1011.23,75.2,-1.46,1.31,-1.68,1.92,53.7,65.85,118.05,22.81,50.207,
2022-12-14 14:22:37,854 ; Ahrs2 ; -996.58,56.64,21.97,-0.21,-0.63,-0.11,52.8,68.55,117.45,22.81,50.206,
2022-12-14 14:22:37,873 ; Ahrs2 ; -997.07,76.17,5.37,-1.37,2.41,2.73,52.95,66.6,118.05,22.9,50.204,
2022-12-14 14:22:37,893 ; Ahrs2 ; -1007.32,83.98,-15.63,-1.03,0.98,0.02,53.25,67.2,116.4,22.71,50.202,
2022-12-14 14:22:37,913 ; Ahrs2 ; -1002.44,59.57,7.32,0.74,-2.71,1.19,53.4,67.35,115.65,22.76,50.201,
2022-12-14 14:22:37,933 ; Ahrs2 ; -987.3,67.38,1.95,1.5,0.36,2.39,53.85,67.5,116.85,22.57,50.199,
2022-12-14 14:22:37,954 ; Ahrs2 ; -995.61,66.89,1.46,0.16,-0.19,-1.09,54.3,66.0,116.4,22.71,50.198,
2022-12-14 14:22:37,975 ; Ahrs2 ; -999.02,70.31,-3.42,-1.64,0.84,1.08,52.8,67.5,116.4,22.71,50.196,
2022-12-14 14:22:37,993 ; Ahrs2 ; -981.45,73.24,10.25,-2.53,1.48,-0.55,52.35,69.15,117.0,22.9,50.195,
2022-12-14 14:22:38,013 ; Ahrs2 ; -991.21,67.87,7.32,-1.73,-0.61,0.46,52.95,66.9,118.8,22.81,50.193,
2022-12-14 14:22:38,033 ; Ahrs2 ; -1002.93,83.98,1.46,0.86,0.86,-0.36,53.55,66.45,116.4,22.76,50.192,
2022-12-14 14:22:38,053 ; Ahrs2 ; -1006.84,58.59,3.91,1.47,-1.57,-1.62,52.95,67.65,117.3,22.95,50.19,
2022-12-14 14:22:38,094 ; Ahrs2 ; -992.19,74.22,0.49,-2.34,1.34,0.2,53.55,67.5,117.15,22.71,50.189,
2022-12-14 14:22:38,114 ; Ahrs2 ; -1010.25,65.43,-3.91,-2.18,2.46,-5.38,52.35,65.85,117.75,23.09,50.187,
2022-12-14 14:22:38,117 ; Ahrs2 ; -993.16,80.57,2.93,-0.1,1.7,-1.15,53.25,68.25,116.4,22.76,50.186,
2022-12-14 14:22:38,154 ; Ahrs2 ; -998.54,65.92,-2.93,-0.27,0.54,-0.4,52.8,67.95,116.85,22.71,50.185,
2022-12-14 14:22:38,157 ; Ahrs2 ; -994.63,79.59,-5.86,1.82,-1.69,0.76,53.4,67.65,117.3,22.9,50.183,
2022-12-14 14:22:38,198 ; Ahrs2 ; -1004.88,79.59,1.95,1.99,1.33,-3.57,53.25,67.5,117.9,22.81,50.182,
2022-12-14 14:22:38,214 ; Ahrs2 ; -1009.77,68.36,-1.46,-2.22,0.53,0.34,51.75,66.0,118.2,22.81,50.181,
2022-12-14 14:22:38,235 ; Ahrs2 ; -995.12,74.71,13.18,0.86,0.05,-2.02,53.4,67.35,116.25,22.95,50.179,
2022-12-14 14:22:38,238 ; Ahrs2 ; -999.51,69.82,-7.32,0.61,0.37,-2.37,52.95,66.15,116.7,22.52,50.178,
2022-12-14 14:22:38,274 ; Ahrs2 ; -1011.72,78.13,4.39,-0.82,-2.25,1.16,51.9,68.1,117.75,22.61,50.177,
2022-12-14 14:22:38,312 ; Ahrs2 ; -1000.49,65.43,-1.95,-0.58,0.24,-0.04,53.85,68.55,117.15,22.57,50.175,
2022-12-14 14:22:38,316 ; Ahrs2 ; -997.56,73.73,0.0,-1.21,-1.52,0.85,53.25,66.75,117.45,22.71,50.174,
2022-12-14 14:22:38,318 ; Ahrs2 ; -1004.88,71.78,-3.91,0.88,0.55,0.41,52.5,67.5,116.4,22.81,50.173,
2022-12-14 14:22:38,337 ; Ahrs2 ; -1002.44,65.92,11.72,-1.5,1.21,-3.89,53.25,67.95,117.15,22.81,50.172,
2022-12-14 14:22:38,374 ; Ahrs2 ; -1001.46,77.15,-4.39,-1.33,-1.08,-0.02,53.4,67.35,117.3,22.61,50.171,
2022-12-14 14:22:38,378 ; Ahrs2 ; -992.68,69.34,-11.72,-0.69,0.76,-0.04,53.25,66.75,116.85,22.76,50.169,
2022-12-14 14:22:38,414 ; Ahrs2 ; -997.07,70.31,3.91,0.44,-0.09,0.42,54.75,67.65,117.3,22.9,50.168,
2022-12-14 14:22:38,435 ; Ahrs2 ; -1000.49,80.57,-7.32,-2.44,-0.66,-1.79,53.7,68.1,116.25,22.76,50.167,
2022-12-14 14:22:38,438 ; Ahrs2 ; -1012.7,73.24,4.88,-2.34,1.6,0.02,51.9,66.6,117.0,22.9,50.166,
2022-12-14 14:22:38,474 ; Ahrs2 ; -995.61,78.13,0.49,-0.53,0.4,1.06,54.9,67.2,117.15,22.81,50.165,
2022-12-14 14:22:38,477 ; Ahrs2 ; -997.07,72.75,1.46,1.33,-0.24,-1.32,52.95,66.15,116.7,22.81,50.164,
2022-12-14 14:22:38,514 ; Ahrs2 ; -997.07,65.43,5.37,-0.21,-1.01,1.07,52.65,67.65,116.25,22.81,50.163,
2022-12-14 14:22:38,517 ; Ahrs2 ; -993.65,67.38,-4.39,-1.14,0.82,-0.82,53.85,68.55,116.1,22.76,50.162,
2022-12-14 14:22:38,554 ; Ahrs2 ; -998.05,83.5,-5.86,-0.61,1.47,0.0,52.8,67.95,116.4,22.76,50.161,
2022-12-14 14:22:38,574 ; Ahrs2 ; -990.23,78.13,-3.42,-0.5,-0.86,-0.95,52.35,66.9,117.75,22.81,50.16,
2022-12-14 14:22:38,594 ; Ahrs2 ; -1005.86,68.85,8.79,2.18,1.27,2.81,52.95,68.1,116.7,22.9,50.159,
2022-12-14 14:22:38,616 ; Ahrs2 ; -1007.32,74.71,1.95,1.04,-0.88,-0.05,52.35,66.6,115.95,22.76,50.158,
2022-12-14 14:22:38,618 ; Ahrs2 ; -991.7,78.61,-0.49,0.11,-2.66,-1.08,53.4,68.4,116.25,22.42,50.157,
2022-12-14 14:22:38,634 ; Ahrs2 ; -992.68,80.57,12.7,-1.64,1.73,-0.77,52.35,65.85,117.3,22.76,50.156,
2022-12-14 14:22:38,654 ; Ahrs2 ; -993.65,71.78,5.86,-2.76,-0.83,0.36,53.85,67.95,116.4,22.42,50.155,
2022-12-14 14:22:38,676 ; Ahrs2 ; -993.65,73.24,5.37,-0.46,2.38,-0.76,52.35,66.9,117.0,22.76,50.154,
2022-12-14 14:22:38,694 ; Ahrs2 ; -1007.81,74.71,1.46,-1.83,-1.5,2.18,53.7,67.65,116.7,22.57,50.153,
2022-12-14 14:22:38,715 ; Ahrs2 ; -981.93,63.96,2.93,-1.41,0.5,0.4,52.8,67.2,117.15,22.81,50.152,
2022-12-14 14:22:38,735 ; Ahrs2 ; -1000.49,80.08,-0.49,-0.36,1.5,0.47,54.3,67.95,117.15,22.71,50.151,
2022-12-14 14:22:38,754 ; Ahrs2 ; -992.19,88.87,5.86,-1.95,0.94,0.72,52.35,66.9,115.95,22.81,50.15,
2022-12-14 14:22:38,768 ; Ahrs2 ; -994.14,73.24,0.0,-3.88,1.38,-1.43,53.55,67.2,116.4,22.81,50.149,
2022-12-14 14:22:38,814 ; Ahrs2 ; -999.51,72.27,-0.98,0.88,0.02,1.69,52.8,67.95,116.85,22.57,50.148,
2022-12-14 14:22:38,832 ; Ahrs2 ; -997.56,75.68,14.16,0.47,-0.21,-4.28,53.4,67.65,117.75,22.81,50.147,
2022-12-14 14:22:38,837 ; Ahrs2 ; -998.54,66.89,6.35,-0.99,0.76,1.18,52.8,67.2,116.4,22.9,50.147,
2022-12-14 14:22:38,856 ; Ahrs2 ; -1000.49,76.66,-10.25,-1.92,0.86,-0.48,53.7,66.9,117.3,22.95,50.146,
2022-12-14 14:22:38,874 ; Ahrs2 ; -998.05,78.13,1.46,-2.24,0.81,0.51,52.05,67.95,117.15,22.71,50.145,
2022-12-14 14:22:38,894 ; Ahrs2 ; -984.38,67.87,0.49,-1.27,0.27,-0.04,54.6,69.0,116.85,22.95,50.144,
2022-12-14 14:22:38,914 ; Ahrs2 ; -1010.25,60.06,20.02,0.85,0.25,0.42,53.4,66.9,117.3,22.81,50.143,
2022-12-14 14:22:38,936 ; Ahrs2 ; -999.02,71.78,-7.81,1.44,-0.05,-0.13,53.55,67.95,116.1,22.57,50.142,
2022-12-14 14:22:38,955 ; Ahrs2 ; -996.58,62.99,1.46,-1.13,-0.05,-0.47,51.75,67.5,116.4,22.76,50.142,
2022-12-14 14:22:38,974 ; Ahrs2 ; -999.02,67.87,-4.39,0.65,0.73,0.27,51.3,66.6,117.0,22.81,50.141,
2022-12-14 14:22:38,994 ; Ahrs2 ; -997.07,73.24,-2.44,-2.14,1.15,-0.54,54.15,67.35,118.8,22.57,50.14,
2022-12-14 14:22:39,015 ; Ahrs2 ; -1008.3,71.29,11.23,-1.95,0.22,-0.39,52.8,66.75,117.15,22.95,50.139,
2022-12-14 14:22:39,034 ; Ahrs2 ; -993.65,67.38,-0.49,2.81,0.73,-4.01,53.7,66.9,115.95,22.57,50.139,
2022-12-14 14:22:39,074 ; Ahrs2 ; -996.58,83.01,5.86,0.05,1.03,2.92,53.55,67.5,117.15,22.9,50.138,
2022-12-14 14:22:39,094 ; Ahrs2 ; -997.56,76.66,-1.46,-2.04,0.21,-0.63,53.85,68.25,117.45,22.57,50.137,
2022-12-14 14:22:39,114 ; Ahrs2 ; -991.21,60.06,6.84,-1.55,0.85,-1.6,52.95,66.6,116.25,22.9,50.136,
2022-12-14 14:22:39,135 ; Ahrs2 ; -998.05,72.27,-0.49,0.02,0.9,-1.33,54.15,67.65,118.05,22.81,50.136,
2022-12-14 14:22:39,138 ; Ahrs2 ; -991.21,77.15,3.42,0.35,0.31,-0.03,53.25,65.25,117.9,22.81,50.135,
2022-12-14 14:22:39,175 ; Ahrs2 ; -1015.63,68.36,-0.49,-2.28,0.82,-1.12,52.8,68.55,116.1,22.81,50.134,
2022-12-14 14:22:39,198 ; Ahrs2 ; -1009.28,75.2,4.39,1.02,1.63,-3.61,52.95,68.1,116.7,22.81,50.133,
2022-12-14 14:22:39,221 ; Ahrs2 ; -994.14,70.8,1.46,-1.05,1.58,-1.55,53.55,65.7,116.4,23.05,50.133,
2022-12-14 14:22:39,236 ; Ahrs2 ; -995.61,75.2,-2.93,-0.76,0.02,0.1,53.7,67.65,116.7,22.76,50.132,
2022-12-14 14:22:39,238 ; Ahrs2 ; -998.05,75.68,-0.49,-0.31,0.11,2.06,53.7,66.6,117.0,22.76,50.131,
2022-12-14 14:22:39,259 ; Ahrs2 ; -1003.91,65.92,11.72,0.04,0.02,-0.5,53.85,67.95,117.15,22.81,50.131,
2022-12-14 14:22:39,281 ; Ahrs2 ; -1002.93,72.27,0.0,1.13,0.37,0.92,53.25,67.5,117.45,22.81,50.13,
2022-12-14 14:22:39,295 ; Ahrs2 ; -990.72,75.2,19.04,1.92,1.28,-0.05,53.25,67.95,116.85,22.71,50.129,
2022-12-14 14:22:39,318 ; Ahrs2 ; -985.35,63.96,-3.42,0.08,1.02,-3.23,54.15,67.35,118.8,22.71,50.129,
2022-12-14 14:22:39,338 ; Ahrs2 ; -998.05,66.41,-10.74,-0.63,0.56,-0.98,53.7,66.9,117.0,22.81,50.128,
2022-12-14 14:22:39,375 ; Ahrs2 ; -1004.88,63.48,-4.39,2.06,0.75,2.46,54.6,67.95,116.85,22.71,50.127,
2022-12-14 14:22:39,397 ; Ahrs2 ; -982.42,82.52,4.88,-0.55,-1.11,2.11,54.3,67.2,116.85,22.76,50.127,
2022-12-14 14:22:39,417 ; Ahrs2 ; -997.07,68.85,-6.84,0.21,-0.04,-2.28,52.8,67.2,116.85,22.95,50.126,
2022-12-14 14:22:39,437 ; Ahrs2 ; -993.16,72.75,20.51,-0.6,0.84,-3.56,52.95,66.6,116.7,22.76,50.125,
2022-12-14 14:22:39,461 ; Ahrs2 ; -1001.95,68.36,0.0,-2.42,2.6,-5.93,51.9,68.1,117.3,22.95,50.125,
2022-12-14 14:22:39,493 ; Ahrs2 ; -995.61,80.57,0.0,0.56,-2.11,2.05,54.15,68.1,117.0,22.61,50.124,
2022-12-14 14:22:39,497 ; Ahrs2 ; -999.51,61.52,0.49,0.63,2.85,-0.11,54.6,68.25,117.9,22.61,50.123,
2022-12-14 14:22:39,499 ; Ahrs2 ; -998.54,65.92,-0.49,0.85,-0.11,-1.08,53.4,66.9,117.0,22.76,50.123,
2022-12-14 14:22:39,535 ; Ahrs2 ; -994.63,75.2,-2.93,0.46,1.38,-3.57,52.65,67.35,117.0,22.81,50.122,
2022-12-14 14:22:39,539 ; Ahrs2 ; -993.65,72.75,7.32,-0.15,0.95,-0.61,52.65,64.8,117.75,22.81,50.122,
2022-12-14 14:22:39,576 ; Ahrs2 ; -987.79,73.24,-1.95,-0.29,-0.55,-1.84,53.85,67.95,116.85,22.76,50.121,
2022-12-14 14:22:39,597 ; Ahrs2 ; -990.23,75.68,12.21,0.65,-0.47,-1.89,53.4,67.65,116.25,22.71,50.12,
2022-12-14 14:22:39,599 ; Ahrs2 ; -1006.35,70.8,15.14,-0.86,-0.36,-2.58,52.5,67.5,117.45,22.9,50.12,
2022-12-14 14:22:39,617 ; Ahrs2 ; -1000.49,78.61,9.28,-0.42,-0.92,-0.73,55.2,66.15,117.0,22.81,50.119,
2022-12-14 14:22:39,636 ; Ahrs2 ; -996.09,73.24,4.88,-0.64,2.02,-3.11,53.25,66.75,117.9,22.71,50.119,
2022-12-14 14:22:39,655 ; Ahrs2 ; -988.77,76.17,7.81,-0.84,0.43,0.12,52.5,66.45,116.4,22.81,50.118,
2022-12-14 14:22:39,675 ; Ahrs2 ; -996.09,72.75,0.98,0.74,-0.36,0.28,53.55,68.55,115.8,22.61,50.118,
2022-12-14 14:22:39,695 ; Ahrs2 ; -999.51,75.2,1.95,-0.18,-0.85,-1.63,53.25,66.45,118.95,22.81,50.117,
2022-12-14 14:22:39,716 ; Ahrs2 ; -998.05,77.15,6.84,1.08,0.9,0.85,51.9,68.1,117.3,22.57,50.117,
2022-12-14 14:22:39,736 ; Ahrs2 ; -1007.81,56.64,-1.46,-0.01,1.98,-0.96,53.4,65.4,117.3,22.61,50.116,
2022-12-14 14:22:39,757 ; Ahrs2 ; -1007.32,72.75,-9.77,-0.4,-0.66,1.11,53.7,66.9,117.3,22.61,50.115,
2022-12-14 14:22:39,775 ; Ahrs2 ; -992.19,81.05,-4.88,-0.21,0.4,-2.35,53.4,67.35,116.7,23.05,50.115,
2022-12-14 14:22:39,797 ; Ahrs2 ; -1000.98,69.34,-4.39,0.44,0.56,-0.5,54.15,67.65,118.05,22.57,50.114,
2022-12-14 14:22:39,815 ; Ahrs2 ; -997.56,88.38,-16.6,-0.25,0.43,2.6,52.65,67.65,118.8,22.9,50.114,
2022-12-14 14:22:39,835 ; Ahrs2 ; -1006.84,77.64,0.0,-2.54,0.19,0.39,54.15,66.9,117.3,22.81,50.113,
2022-12-14 14:22:39,857 ; Ahrs2 ; -1002.44,77.15,-4.88,-0.08,1.34,1.47,53.25,66.75,117.15,22.76,50.113,
2022-12-14 14:22:39,875 ; Ahrs2 ; -1004.39,77.15,7.81,-0.68,0.53,-3.27,52.35,67.65,115.95,22.76,50.112,
2022-12-14 14:22:39,897 ; Ahrs2 ; -1008.3,85.45,12.21,0.4,-0.19,-4.08,52.65,67.35,116.25,22.61,50.112,
2022-12-14 14:22:39,916 ; Ahrs2 ; -1005.86,70.8,6.35,2.11,1.2,-2.78,52.5,67.5,117.45,22.9,50.111,
2022-12-14 14:22:39,935 ; Ahrs2 ; -998.05,76.17,0.98,0.02,0.4,1.09,53.85,65.25,116.1,22.71,50.111,
2022-12-14 14:22:39,956 ; Ahrs2 ; -984.38,60.06,4.39,-1.21,0.84,1.18,55.35,67.95,116.85,22.9,50.11,
2022-12-14 14:22:39,977 ; Ahrs2 ; -989.26,81.54,-13.67,-0.59,0.62,-3.5,52.8,67.2,116.85,22.76,50.11,
2022-12-14 14:22:39,997 ; Ahrs2 ; -992.68,73.24,1.95,-0.87,0.99,3.8,53.7,68.1,116.25,22.76,50.109,
2022-12-14 14:22:40,017 ; Ahrs2 ; -997.07,62.99,2.93,0.38,-2.14,-0.47,54.15,67.35,117.75,22.9,50.109,
2022-12-14 14:22:40,036 ; Ahrs2 ; -1002.44,76.66,4.39,-1.49,1.61,0.08,52.95,66.6,117.3,22.81,50.108,
2022-12-14 14:22:40,075 ; Ahrs2 ; -1000.98,70.8,-1.46,1.24,1.47,-0.94,53.4,67.65,118.8,22.81,50.108,
2022-12-14 14:22:40,079 ; Ahrs2 ; -986.82,72.75,2.93,-0.48,0.92,-2.04,52.8,67.2,117.15,22.61,50.108,
2022-12-14 14:22:40,116 ; Ahrs2 ; -1000.98,74.71,-0.98,-0.85,0.44,0.95,52.5,67.95,116.4,22.42,50.107,
2022-12-14 14:22:40,119 ; Ahrs2 ; -995.61,70.31,6.35,0.22,0.2,-0.34,52.95,66.6,118.35,22.81,50.107,
2022-12-14 14:22:40,139 ; Ahrs2 ; -990.23,76.66,4.39,0.6,-0.52,1.96,51.9,67.65,117.3,22.61,50.106,
2022-12-14 14:22:40,159 ; Ahrs2 ; -987.3,70.8,1.46,-0.31,-2.73,2.6,53.55,67.5,116.85,22.81,50.106,
2022-12-14 14:22:40,195 ; Ahrs2 ; -1003.42,80.08,-3.42,-0.31,1.23,-1.35,53.4,68.1,118.8,22.76,50.105,
2022-12-14 14:22:40,216 ; Ahrs2 ; -1010.25,73.73,11.72,-1.24,2.41,-0.53,53.55,67.5,117.9,22.81,50.105,
2022-12-14 14:22:40,236 ; Ahrs2 ; -1006.35,58.59,-4.39,0.28,-0.03,-0.31,52.65,66.6,117.0,22.71,50.104,
2022-12-14 14:22:40,257 ; Ahrs2 ; -985.35,67.38,-7.81,-0.81,-1.15,-1.23,54.6,67.2,117.45,22.81,50.104,
2022-12-14 14:22:40,259 ; Ahrs2 ; -1010.74,82.03,-0.49,-0.73,-0.16,-1.18,54.3,67.95,117.15,22.61,50.104,
2022-12-14 14:22:40,297 ; Ahrs2 ; -997.56,70.8,-0.98,-1.26,1.38,-0.41,53.85,67.95,117.15,22.81,50.103,
2022-12-14 14:22:40,318 ; Ahrs2 ; -1002.93,85.45,0.0,-0.69,1.1,-4.38,53.7,66.9,116.7,22.81,50.103,
2022-12-14 14:22:40,320 ; Ahrs2 ; -997.56,83.01,7.32,-2.25,-0.29,-0.91,53.4,68.4,116.7,22.76,50.102,
2022-12-14 14:22:40,356 ; Ahrs2 ; -997.56,71.29,2.93,0.01,-1.08,2.97,52.8,68.25,117.45,22.76,50.102,
2022-12-14 14:22:40,359 ; Ahrs2 ; -994.63,57.62,-8.3,0.03,-1.94,4.15,54.3,68.55,116.85,22.81,50.101,
2022-12-14 14:22:40,396 ; Ahrs2 ; -1000.98,74.22,8.79,-0.34,3.59,1.12,53.85,67.2,117.15,22.9,50.101,
2022-12-14 14:22:40,399 ; Ahrs2 ; -1001.46,72.75,-3.42,-2.55,-0.76,-3.85,53.55,68.55,116.4,22.81,50.101,
2022-12-14 14:22:40,436 ; Ahrs2 ; -993.65,73.24,3.42,0.56,0.89,-2.33,52.8,67.2,116.85,22.76,50.1,
2022-12-14 14:22:40,439 ; Ahrs2 ; -1014.16,68.85,3.91,-0.58,-0.24,2.38,52.65,67.65,116.7,22.81,50.1,
2022-12-14 14:22:40,476 ; Ahrs2 ; -997.56,78.61,1.46,1.32,0.16,0.4,52.95,66.9,115.65,22.81,50.099,
2022-12-14 14:22:40,496 ; Ahrs2 ; -992.19,72.27,0.98,-1.47,-0.12,2.42,51.9,67.65,117.75,22.76,50.099,
2022-12-14 14:22:40,535 ; Ahrs2 ; -997.07,78.61,12.21,0.59,2.06,0.18,54.3,67.95,117.45,22.81,50.099,
2022-12-14 14:22:40,538 ; Ahrs2 ; -999.02,69.82,7.81,-0.76,2.19,-0.37,53.7,67.65,116.7,22.37,50.098,
2022-12-14 14:22:40,563 ; Ahrs2 ; -998.54,64.94,0.49,2.49,-2.46,1.18,53.7,67.65,116.7,22.76,50.098,
2022-12-14 14:22:40,577 ; Ahrs2 ; -990.72,63.96,7.81,-0.79,0.06,1.42,52.05,67.2,116.85,22.71,50.097,
2022-12-14 14:22:40,580 ; Ahrs2 ; -1000.49,73.73,7.32,-0.25,2.14,-1.15,53.7,66.6,118.8,22.95,50.097,
2022-12-14 14:22:40,617 ; Ahrs2 ; -1012.7,84.47,-11.72,0.02,0.08,-1.47,54.15,68.4,117.0,22.61,50.097,
2022-12-14 14:22:40,620 ; Ahrs2 ; -1007.32,69.82,-3.42,-2.54,0.39,1.35,53.25,66.0,117.45,22.81,50.096,
2022-12-14 14:22:40,638 ; Ahrs2 ; -990.23,71.29,5.37,-3.5,1.65,0.61,53.25,67.95,116.4,22.81,50.096,
2022-12-14 14:22:40,656 ; Ahrs2 ; -1006.35,73.73,-6.84,-0.37,0.65,-2.56,53.7,67.35,118.8,22.76,50.096,
2022-12-14 14:22:40,676 ; Ahrs2 ; -998.05,76.17,-6.84,0.36,-0.14,0.12,54.15,68.4,116.25,22.76,50.095,
2022-12-14 14:22:40,697 ; Ahrs2 ; -996.09,74.71,18.55,-1.5,2.24,2.05,53.85,66.75,117.9,22.81,50.095,
2022-12-14 14:22:40,717 ; Ahrs2 ; -1000.0,67.87,-7.81,-0.25,1.38,-0.05,51.6,66.15,116.25,22.71,50.095,
2022-12-14 14:22:40,737 ; Ahrs2 ; -1005.86,80.08,-20.02,0.3,0.32,-2.37,53.4,68.4,117.3,22.81,50.094,
2022-12-14 14:22:40,757 ; Ahrs2 ; -998.05,81.54,0.0,0.22,-0.18,-0.79,54.6,68.25,117.15,22.81,50.094,
2022-12-14 14:22:40,776 ; Ahrs2 ; -985.84,77.15,12.21,-0.17,-0.77,3.34,52.95,66.9,116.7,22.81,50.093,
2022-12-14 14:22:40,798 ; Ahrs2 ; -1000.49,80.57,15.63,-0.06,0.31,3.24,55.35,68.25,116.85,22.76,50.093,
2022-12-14 14:22:40,817 ; Ahrs2 ; -1002.44,78.13,-4.39,-1.4,-1.14,0.38,54.75,66.15,117.0,22.81,50.093,
2022-12-14 14:22:40,836 ; Ahrs2 ; -999.51,62.5,1.95,0.52,0.27,-0.63,52.95,67.35,117.0,22.71,50.092,
2022-12-14 14:22:40,857 ; Ahrs2 ; -1009.28,66.89,-13.18,-0.27,0.09,-0.38,53.25,67.95,116.1,22.81,50.092,
2022-12-14 14:22:40,877 ; Ahrs2 ; -1011.23,85.45,-13.67,1.4,-1.75,-1.18,54.45,66.15,117.0,22.9,50.092,
2022-12-14 14:22:40,896 ; Ahrs2 ; -1009.77,77.64,6.35,2.04,-0.99,-2.44,51.9,67.35,115.65,22.28,50.091,
2022-12-14 14:22:40,916 ; Ahrs2 ; -995.12,73.73,11.23,-0.76,0.94,2.21,53.85,67.2,115.8,22.81,50.091,
2022-12-14 14:22:40,936 ; Ahrs2 ; -997.07,61.52,-2.93,-1.02,1.28,-1.27,52.35,67.35,117.0,22.61,50.091,
2022-12-14 14:22:40,957 ; Ahrs2 ; -1004.88,75.68,0.98,-1.37,-0.6,1.81,53.25,67.95,116.4,22.76,50.09,
2022-12-14 14:22:40,979 ; Ahrs2 ; -1001.95,74.71,11.72,1.58,-0.47,-0.02,54.15,65.85,118.05,22.76,50.09,
2022-12-14 14:22:40,998 ; Ahrs2 ; -997.56,68.85,7.81,0.15,-0.24,1.19,53.4,66.6,116.25,22.61,50.09,
2022-12-14 14:22:41,016 ; Ahrs2 ; -1003.91,87.4,-7.32,0.97,-0.61,-2.34,54.6,67.2,117.9,22.57,50.089,
2022-12-14 14:22:41,037 ; Ahrs2 ; -985.84,68.85,-22.95,-0.56,-0.12,1.79,54.15,67.65,117.3,22.81,50.089,
2022-12-14 14:22:41,096 ; Ahrs2 ; -987.3,73.24,20.02,-0.82,1.89,0.27,53.25,67.5,116.85,22.81,50.089,
2022-12-14 14:22:41,100 ; Ahrs2 ; -984.86,58.59,10.25,-1.09,2.34,-0.79,53.55,69.0,117.15,22.76,50.088,
2022-12-14 14:22:41,119 ; Ahrs2 ; -1014.65,73.73,-2.44,0.53,-2.29,-0.7,52.95,67.35,117.0,22.71,50.088,
2022-12-14 14:22:41,138 ; Ahrs2 ; -1008.3,58.59,22.95,-0.15,-2.05,0.92,53.85,67.5,117.45,23.09,50.088,
2022-12-14 14:22:41,158 ; Ahrs2 ; -995.61,64.94,13.67,-1.41,-1.38,-1.96,53.55,67.5,117.15,22.76,50.088,
2022-12-14 14:22:41,179 ; Ahrs2 ; -999.02,70.8,-26.86,-1.73,0.02,-4.34,54.3,67.95,118.65,22.76,50.087,
2022-12-14 14:22:41,215 ; Ahrs2 ; -1008.79,77.64,2.44,-0.11,-0.63,-2.11,53.25,66.45,116.1,22.76,50.087,
2022-12-14 14:22:41,219 ; Ahrs2 ; -987.79,74.22,6.84,-0.12,0.69,-1.1,52.95,67.35,117.3,22.81,50.087,
2022-12-14 14:22:41,221 ; Ahrs2 ; -996.58,68.85,10.25,-0.53,-0.05,-1.24,53.85,67.95,117.15,22.76,50.086,
2022-12-14 14:22:41,258 ; Ahrs2 ; -997.07,74.22,6.35,-1.24,-0.15,1.41,52.95,68.1,116.7,22.52,50.086,
2022-12-14 14:22:41,280 ; Ahrs2 ; -1002.44,62.01,11.72,-2.04,0.32,0.34,54.9,68.25,117.15,22.76,50.086,
2022-12-14 14:22:41,300 ; Ahrs2 ; -990.72,70.8,6.35,-0.05,0.74,-2.34,53.55,68.55,117.15,22.37,50.085,
2022-12-14 14:22:41,316 ; Ahrs2 ; -1004.39,87.4,-18.55,-0.08,-0.02,-2.11,53.4,67.65,117.0,22.76,50.085,
2022-12-14 14:22:41,337 ; Ahrs2 ; -996.58,65.92,0.0,0.07,-0.56,1.98,54.3,68.55,117.15,22.71,50.085,
2022-12-14 14:22:41,357 ; Ahrs2 ; -997.56,73.73,-8.79,-0.83,-2.44,1.42,52.8,67.2,118.95,22.81,50.085,
2022-12-14 14:22:41,360 ; Ahrs2 ; -1001.95,70.8,17.58,-0.84,1.56,-0.43,52.8,67.5,117.45,22.61,50.084,
2022-12-14 14:22:41,397 ; Ahrs2 ; -999.02,70.31,7.81,-0.5,-0.79,-0.82,53.25,67.5,117.15,22.71,50.084,
2022-12-14 14:22:41,417 ; Ahrs2 ; -1008.79,65.43,0.0,-1.05,0.65,-1.59,53.4,67.35,117.3,22.81,50.084,
2022-12-14 14:22:41,437 ; Ahrs2 ; -1004.39,78.13,-8.3,1.05,0.06,-0.18,53.85,66.45,117.15,23.09,50.083,
2022-12-14 14:22:41,457 ; Ahrs2 ; -993.65,85.45,-21.97,-1.63,-0.13,-0.68,52.95,66.15,118.05,22.81,50.083,
2022-12-14 14:22:41,477 ; Ahrs2 ; -997.56,67.38,0.0,0.87,-0.6,0.87,54.75,67.35,117.75,22.76,50.083,
2022-12-14 14:22:41,497 ; Ahrs2 ; -995.12,77.64,-3.42,0.24,-1.73,-2.41,52.65,66.6,115.65,22.76,50.083,
2022-12-14 14:22:41,517 ; Ahrs2 ; -996.09,67.87,5.86,-0.77,0.51,0.02,52.5,67.5,117.15,22.81,50.082,
2022-12-14 14:22:41,537 ; Ahrs2 ; -997.07,71.78,9.77,-1.0,-0.56,-0.36,52.65,68.4,115.95,22.76,50.082,
2022-12-14 14:22:41,557 ; Ahrs2 ; -996.09,67.38,-1.46,0.52,1.27,0.48,54.45,67.65,117.0,22.81,50.082,
2022-12-14 14:22:41,577 ; Ahrs2 ; -1002.44,71.29,-2.44,-0.29,0.39,0.23,54.3,67.95,117.45,22.76,50.082,
2022-12-14 14:22:41,597 ; Ahrs2 ; -996.09,72.75,2.44,-1.21,1.92,-2.82,54.45,68.4,115.65,22.95,50.081,
2022-12-14 14:22:41,617 ; Ahrs2 ; -999.51,75.68,8.3,0.27,2.24,-0.95,53.25,66.75,117.15,22.71,50.081,
2022-12-14 14:22:41,621 ; Ahrs2 ; -993.16,75.2,-0.49,-0.27,0.57,-3.72,52.8,67.5,118.2,22.76,50.081,
2022-12-14 14:22:41,638 ; Ahrs2 ; -998.05,66.89,17.58,1.47,-0.59,0.07,53.25,68.55,117.9,22.76,50.081,
2022-12-14 14:22:41,658 ; Ahrs2 ; -997.07,63.96,14.65,-0.92,-0.74,0.95,52.95,67.65,116.7,22.57,50.08,
2022-12-14 14:22:41,678 ; Ahrs2 ; -1011.23,82.52,3.42,-0.97,-1.12,-0.15,53.7,66.9,116.7,22.81,50.08,
