2022-12-14 14:23:07,063 ; Gps1 ; ['$GPGGA', '142447.466', '4825.0865', 'N', '00428.3347', 'W', '1', '03', '3.0', '-52.0', 'M', '52.0', 'M', '', '0000*5A']
2022-12-14 14:23:07,792 ; Gps1 ; ['$GPGGA', '142448.466', '4825.0857', 'N', '00428.3385', 'W', '1', '03', '3.0', '-52.0', 'M', '52.0', 'M', '', '0000*5A']
2022-12-14 14:23:08,897 ; Gps1 ; ['$GPGGA', '142449.466', '4825.0862', 'N', '00428.3379', 'W', '1', '03', '3.0', '-52.0', 'M', '52.0', 'M', '', '0000*5E']
2022-12-14 14:23:10,046 ; Gps1 ; ['$GPGGA', '142450.466', '4825.0866', 'N', '00428.3341', 'W', '1', '03', '3.0', '-52.0', 'M', '52.0', 'M', '', '0000*59']
2022-12-14 14:23:10,950 ; Gps1 ; ['$GPGGA', '142451.466', '4825.0863', 'N', '00428.3353', 'W', '1', '03', '3.0', '-52.0', 'M', '52.0', 'M', '', '0000*5E']
2022-12-14 14:23:11,839 ; Gps1 ; ['$GPGGA', '142452.466', '4825.0859', 'N', '00428.3386', 'W', '1', '03', '3.0', '-52.0', 'M', '52.0', 'M', '', '0000*5C']
2022-12-14 14:23:13,475 ; Gps1 ; ['$GPGGA', '142453.466', '4825.0859', 'N', '00428.3388', 'W', '1', '03', '3.0', '-52.0', 'M', '52.0', 'M', '', '0000*53']
2022-12-14 14:23:14,222 ; Gps1 ; ['$GPGGA', '142454.466', '4825.0855', 'N', '00428.3419', 'W', '1', '03', '3.0', '-52.0', 'M', '52.0', 'M', '', '0000*57']
2022-12-14 14:23:15,179 ; Gps1 ; ['$GPGGA', '142455.466', '4825.0873', 'N', '00428.3310', 'W', '1', '03', '3.0', '-52.0', 'M', '52.0', 'M', '', '0000*5C']
2022-12-14 14:23:15,989 ; Gps1 ; ['$GPGGA', '142456.466', '4825.0872', 'N', '00428.3312', 'W', '1', '03', '3.0', '-52.0', 'M', '52.0', 'M', '', '0000*5C']
2022-12-14 14:23:16,830 ; Gps1 ; ['$GPGGA', '142457.466', '4825.0864', 'N', '00428.3365', 'W', '1', '03', '3.0', '-52.0', 'M', '52.0', 'M', '', '0000*5A']
2022-12-14 14:23:18,578 ; Gps1 ; ['$GPGGA', '142458.466', '4825.0867', 'N', '00428.3354', 'W', '1', '03', '3.0', '-52.0', 'M', '52.0', 'M', '', '0000*54']
2022-12-14 14:23:19,376 ; Gps1 ; ['$GPGGA', '142459.466', '4825.0868', 'N', '00428.3361', 'W', '1', '03', '3.0', '-52.0', 'M', '52.0', 'M', '', '0000*5C']
2022-12-14 14:23:20,191 ; Gps1 ; ['$GPGGA', '142500.466', '4825.0868', 'N', '00428.3374', 'W', '1', '03', '3.0', '-52.0', 'M', '52.0', 'M', '', '0000*55']
2022-12-14 14:23:21,134 ; Gps1 ; ['$GPGGA', '142501.466', '4825.0864', 'N', '00428.3403', 'W', '1', '03', '3.0', '-52.0', 'M', '52.0', 'M', '', '0000*5F']
2022-12-14 14:23:21,960 ; Gps1 ; ['$GPGGA', '142502.466', '4825.0870', 'N', '00428.3381', 'W', '1', '03', '3.0', '-52.0', 'M', '52.0', 'M', '', '0000*54']
2022-12-14 14:23:23,791 ; Gps1 ; ['$GPGGA', '142503.466', '4825.0864', 'N', '00428.3418', 'W', '1', '03', '3.0', '-52.0', 'M', '52.0', 'M', '', '0000*57']
2022-12-14 14:23:24,436 ; Gps1 ; ['$GPGGA', '142504.466', '4825.0869', 'N', '00428.3401', 'W', '1', '03', '3.0', '-52.0', 'M', '52.0', 'M', '', '0000*55']
2022-12-14 14:23:25,442 ; Gps1 ; ['$GPGGA', '142505.466', '4825.0867', 'N', '00428.3415', 'W', '1', '03', '3.0', '-52.0', 'M', '52.0', 'M', '', '0000*5F']
2022-12-14 14:23:26,329 ; Gps1 ; ['$GPGGA', '142506.466', '4825.0875', 'N', '00428.3366', 'W', '1', '03', '3.0', '-52.0', 'M', '52.0', 'M', '', '0000*5C']
2022-12-14 14:23:27,172 ; Gps1 ; ['$GPGGA', '142507.466', '4825.0875', 'N', '00428.3364', 'W', '1', '03', '3.0', '-52.0', 'M', '52.0', 'M', '', '0000*5F']
2022-12-14 14:23:28,883 ; Gps1 ; ['$GPGGA', '142508.466', '4825.0874', 'N', '00428.3361', 'W', '1', '03', '3.0', '-52.0', 'M', '52.0', 'M', '', '0000*54']
2022-12-14 14:23:29,745 ; Gps1 ; ['$GPGGA', '142509.466', '4825.0875', 'N', '00428.3359', 'W', '1', '03', '3.0', '-52.0', 'M', '52.0', 'M', '', '0000*5F']
2022-12-14 14:23:30,538 ; Gps1 ; ['$GPGGA', '142510.466', '4825.0880', 'N', '00428.3334', 'W', '1', '03', '3.0', '-52.0', 'M', '52.0', 'M', '', '0000*56']
2022-12-14 14:23:31,218 ; Gps1 ; ['$GPGGA', '142511.466', '4825.0880', 'N', '00428.3328', 'W', '1', '03', '3.0', '-52.0', 'M', '52.0', 'M', '', '0000*5A']
2022-12-14 14:23:31,937 ; Gps1 ; ['$GPGGA', '142512.466', '4825.0878', 'N', '00428.3341', 'W', '1', '03', '3.0', '-52.0', 'M', '52.0', 'M', '', '0000*51']
2022-12-14 14:23:33,315 ; Gps1 ; ['$GPGGA', '142513.466', '4825.0877', 'N', '00428.3343', 'W', '1', '03', '3.0', '-52.0', 'M', '52.0', 'M', '', '0000*5D']
2022-12-14 14:23:34,167 ; Gps1 ; ['$GPGGA', '142514.466', '4825.0882', 'N', '00428.3307', 'W', '1', '03', '3.0', '-52.0', 'M', '52.0', 'M', '', '0000*50']
2022-12-14 14:23:34,912 ; Gps1 ; ['$GPGGA', '142515.466', '4825.0885', 'N', '00428.3277', 'W', '1', '03', '3.0', '-52.0', 'M', '52.0', 'M', '', '0000*50']
2022-12-14 14:23:35,977 ; Gps1 ; ['$GPGGA', '142516.466', '4825.0889', 'N', '00428.3250', 'W', '1', '03', '3.0', '-52.0', 'M', '52.0', 'M', '', '0000*5A']
2022-12-14 14:23:37,084 ; Gps1 ; ['$GPGGA', '142517.466', '4825.0893', 'N', '00428.3216', 'W', '1', '03', '3.0', '-52.0', 'M', '52.0', 'M', '', '0000*52']
2022-12-14 14:23:38,853 ; Gps1 ; ['$GPGGA', '142518.466', '4825.0896', 'N', '00428.3200', 'W', '1', '03', '3.0', '-52.0', 'M', '52.0', 'M', '', '0000*5F']
2022-12-14 14:23:39,483 ; Gps1 ; ['$GPGGA', '142519.466', '4825.0882', 'N', '00428.3276', 'W', '1', '03', '3.0', '-52.0', 'M', '52.0', 'M', '', '0000*5A']
2022-12-14 14:23:40,373 ; Gps1 ; ['$GPGGA', '142520.466', '4825.0890', 'N', '00428.3228', 'W', '1', '03', '3.0', '-52.0', 'M', '52.0', 'M', '', '0000*58']
2022-12-14 14:23:41,082 ; Gps1 ; ['$GPGGA', '142521.466', '4825.0885', 'N', '00428.3256', 'W', '1', '03', '3.0', '-52.0', 'M', '52.0', 'M', '', '0000*54']
2022-12-14 14:23:42,022 ; Gps1 ; ['$GPGGA', '142522.466', '4825.0872', 'N', '00428.3330', 'W', '1', '03', '3.0', '-52.0', 'M', '52.0', 'M', '', '0000*5E']
2022-12-14 14:23:43,784 ; Gps1 ; ['$GPGGA', '142523.466', '4825.0879', 'N', '00428.3281', 'W', '1', '03', '3.0', '-52.0', 'M', '52.0', 'M', '', '0000*5F']
2022-12-14 14:23:44,574 ; Gps1 ; ['$GPGGA', '142524.466', '4825.0881', 'N', '00428.3264', 'W', '1', '03', '3.0', '-52.0', 'M', '52.0', 'M', '', '0000*54']
2022-12-14 14:23:45,311 ; Gps1 ; ['$GPGGA', '142525.466', '4825.0878', 'N', '00428.3283', 'W', '1', '03', '3.0', '-52.0', 'M', '52.0', 'M', '', '0000*5A']
2022-12-14 14:23:46,290 ; Gps1 ; ['$GPGGA', '142526.466', '4825.0871', 'N', '00428.3325', 'W', '1', '03', '3.0', '-52.0', 'M', '52.0', 'M', '', '0000*5D']
2022-12-14 14:23:47,056 ; Gps1 ; ['$GPGGA', '142527.466', '4825.0881', 'N', '00428.3260', 'W', '1', '03', '3.0', '-52.0', 'M', '52.0', 'M', '', '0000*53']
2022-12-14 14:23:48,472 ; Gps1 ; ['$GPGGA', '142528.466', '4825.0879', 'N', '00428.3269', 'W', '1', '03', '3.0', '-52.0', 'M', '52.0', 'M', '', '0000*52']
2022-12-14 14:23:49,338 ; Gps1 ; ['$GPGGA', '142529.466', '4825.0880', 'N', '00428.3259', 'W', '1', '03', '3.0', '-52.0', 'M', '52.0', 'M', '', '0000*56']
2022-12-14 14:23:50,007 ; Gps1 ; ['$GPGGA', '142530.466', '4825.0879', 'N', '00428.3258', 'W', '1', '03', '3.0', '-52.0', 'M', '52.0', 'M', '', '0000*59']
2022-12-14 14:23:51,057 ; Gps1 ; ['$GPGGA', '142531.466', '4825.0886', 'N', '00428.3213', 'W', '1', '03', '3.0', '-52.0', 'M', '52.0', 'M', '', '0000*57']
2022-12-14 14:23:52,044 ; Gps1 ; ['$GPGGA', '142532.466', '4825.0883', 'N', '00428.3222', 'W', '1', '03', '3.0', '-52.0', 'M', '52.0', 'M', '', '0000*53']
2022-12-14 14:23:53,529 ; Gps1 ; ['$GPGGA', '142533.466', '4825.0880', 'N', '00428.3227', 'W', '1', '03', '3.0', '-52.0', 'M', '52.0', 'M', '', '0000*54']
2022-12-14 14:23:54,499 ; Gps1 ; ['$GPGGA', '142534.466', '4825.0886', 'N', '00428.3180', 'W', '1', '03', '3.0', '-52.0', 'M', '52.0', 'M', '', '0000*5B']
2022-12-14 14:23:55,114 ; Gps1 ; ['$GPGGA', '142535.466', '4825.0886', 'N', '00428.3173', 'W', '1', '03', '3.0', '-52.0', 'M', '52.0', 'M', '', '0000*56']
2022-12-14 14:23:55,783 ; Gps1 ; ['$GPGGA', '142536.466', '4825.0886', 'N', '00428.3173', 'W', '1', '03', '3.0', '-52.0', 'M', '52.0', 'M', '', '0000*55']
2022-12-14 14:23:56,798 ; Gps1 ; ['$GPGGA', '142537.466', '4825.0888', 'N', '00428.3153', 'W', '1', '03', '3.0', '-52.0', 'M', '52.0', 'M', '', '0000*58']
2022-12-14 14:23:58,107 ; Gps1 ; ['$GPGGA', '142538.466', '4825.0891', 'N', '00428.3130', 'W', '1', '03', '3.0', '-52.0', 'M', '52.0', 'M', '', '0000*5A']
2022-12-14 14:23:59,175 ; Gps1 ; ['$GPGGA', '142539.466', '4825.0882', 'N', '00428.3178', 'W', '1', '03', '3.0', '-52.0', 'M', '52.0', 'M', '', '0000*55']
2022-12-14 14:24:00,554 ; Gps1 ; ['$GPGGA', '142540.466', '4825.0882', 'N', '00428.3170', 'W', '1', '03', '3.0', '-52.0', 'M', '52.0', 'M', '', '0000*53']
2022-12-14 14:24:01,960 ; Gps1 ; ['$GPGGA', '142541.466', '4825.0876', 'N', '00428.3202', 'W', '1', '03', '3.0', '-52.0', 'M', '52.0', 'M', '', '0000*5F']
2022-12-14 14:24:02,115 ; Gps1 ; ['$GPGGA', '142542.466', '4825.0869', 'N', '00428.3235', 'W', '1', '03', '3.0', '-52.0', 'M', '52.0', 'M', '', '0000*56']
2022-12-14 14:24:03,725 ; Gps1 ; ['$GPGGA', '142543.466', '4825.0861', 'N', '00428.3273', 'W', '1', '03', '3.0', '-52.0', 'M', '52.0', 'M', '', '0000*5D']
2022-12-14 14:24:03,784 ; Gps1 ; ['$GPGGA', '142544.466', '4825.0871', 'N', '00428.3208', 'W', '1', '03', '3.0', '-52.0', 'M', '52.0', 'M', '', '0000*57']
2022-12-14 14:24:04,792 ; Gps1 ; ['$GPGGA', '142545.466', '4825.0870', 'N', '00428.3204', 'W', '1', '03', '3.0', '-52.0', 'M', '52.0', 'M', '', '0000*5B']
2022-12-14 14:24:05,792 ; Gps1 ; ['$GPGGA', '142546.466', '4825.0870', 'N', '00428.3199', 'W', '1', '03', '3.0', '-52.0', 'M', '52.0', 'M', '', '0000*5F']
2022-12-14 14:24:06,836 ; Gps1 ; ['$GPGGA', '142547.466', '4825.0859', 'N', '00428.3256', 'W', '1', '03', '3.0', '-52.0', 'M', '52.0', 'M', '', '0000*55']
2022-12-14 14:24:08,437 ; Gps1 ; ['$GPGGA', '142548.466', '4825.0865', 'N', '00428.3209', 'W', '1', '03', '3.0', '-52.0', 'M', '52.0', 'M', '', '0000*5F']
2022-12-14 14:24:08,854 ; Gps1 ; ['$GPGGA', '142549.466', '4825.0861', 'N', '00428.3219', 'W', '1', '03', '3.0', '-52.0', 'M', '52.0', 'M', '', '0000*5B']
2022-12-14 14:24:09,854 ; Gps1 ; ['$GPGGA', '142550.466', '4825.0773', 'N', '00428.3104', 'W', '1', '03', '3.0', '-52.0', 'M', '52.0', 'M', '', '0000*50']
2022-12-14 14:24:10,840 ; Gps1 ; ['$GPGGA', '142551.466', '4825.0791', 'N', '00428.3091', 'W', '1', '03', '3.0', '-52.0', 'M', '52.0', 'M', '', '0000*50']
2022-12-14 14:24:11,846 ; Gps1 ; ['$GPGGA', '142552.466', '4825.0774', 'N', '00428.3128', 'W', '1', '03', '3.0', '-52.0', 'M', '52.0', 'M', '', '0000*5B']
2022-12-14 14:24:13,311 ; Gps1 ; ['$GPGGA', '142553.466', '4825.0755', 'N', '00428.3115', 'W', '1', '03', '3.0', '-52.0', 'M', '52.0', 'M', '', '0000*57']
2022-12-14 14:24:13,959 ; Gps1 ; ['$GPGGA', '142554.466', '4825.0747', 'N', '00428.3154', 'W', '1', '03', '3.0', '-52.0', 'M', '52.0', 'M', '', '0000*56']
2022-12-14 14:24:14,868 ; Gps1 ; ['$GPGGA', '142555.466', '4825.0811', 'N', '00428.3174', 'W', '1', '03', '3.0', '-52.0', 'M', '52.0', 'M', '', '0000*59']
2022-12-14 14:24:15,994 ; Gps1 ; ['$GPGGA', '142556.466', '4825.0761', 'N', '00428.3133', 'W', '1', '03', '3.0', '-52.0', 'M', '52.0', 'M', '', '0000*51']
2022-12-14 14:24:16,946 ; Gps1 ; ['$GPGGA', '142557.466', '4825.0790', 'N', '00428.3174', 'W', '1', '03', '3.0', '-52.0', 'M', '52.0', 'M', '', '0000*5D']
2022-12-14 14:24:17,784 ; Gps1 ; ['$GPGGA', '142558.466', '4825.0765', 'N', '00428.3152', 'W', '1', '03', '3.0', '-52.0', 'M', '52.0', 'M', '', '0000*5C']
2022-12-14 14:24:18,878 ; Gps1 ; ['$GPGGA', '142559.466', '4825.0827', 'N', '00428.3184', 'W', '1', '03', '3.0', '-52.0', 'M', '52.0', 'M', '', '0000*5F']
2022-12-14 14:24:20,091 ; Gps1 ; ['$GPGGA', '142600.466', '4825.0799', 'N', '00428.3104', 'W', '1', '03', '3.0', '-52.0', 'M', '52.0', 'M', '', '0000*52']
2022-12-14 14:24:20,960 ; Gps1 ; ['$GPGGA', '142601.466', '4825.0772', 'N', '00428.3072', 'W', '1', '03', '3.0', '-52.0', 'M', '52.0', 'M', '', '0000*56']
2022-12-14 14:24:21,783 ; Gps1 ; ['$GPGGA', '142602.466', '4825.0832', 'N', '00428.3186', 'W', '1', '03', '3.0', '-52.0', 'M', '52.0', 'M', '', '0000*54']
2022-12-14 14:24:22,783 ; Gps1 ; ['$GPGGA', '142603.466', '4825.0831', 'N', '00428.3232', 'W', '1', '03', '3.0', '-52.0', 'M', '52.0', 'M', '', '0000*5A']
