2023-02-07 10:45:04,333 ; Gps1 ; ['$GPGGA', '104503.831', '4811.9394', 'N', '00300.8852', 'W', '1', '04', '4.7', '132.9', 'M', '49.8', 'M', '', '0000*43']
2023-02-07 10:45:06,251 ; Gps1 ; ['$GPGGA', '104504.831', '4811.9395', 'N', '00300.8853', 'W', '1', '04', '4.7', '133.1', 'M', '49.8', 'M', '', '0000*4D']
2023-02-07 10:45:07,672 ; Gps1 ; ['$GPGGA', '104505.831', '4811.9395', 'N', '00300.8855', 'W', '1', '04', '4.7', '133.3', 'M', '49.8', 'M', '', '0000*48']
2023-02-07 10:45:11,114 ; Gps1 ; ['$GPGGA', '104506.831', '4811.9397', 'N', '00300.8855', 'W', '1', '04', '4.7', '133.5', 'M', '49.8', 'M', '', '0000*4F']
2023-02-07 10:45:12,667 ; Gps1 ; ['$GPGGA', '104507.831', '4811.9398', 'N', '00300.8857', 'W', '1', '04', '4.7', '133.7', 'M', '49.8', 'M', '', '0000*41']
2023-02-07 10:45:14,562 ; Gps1 ; ['$GPGGA', '104508.831', '4811.9398', 'N', '00300.8857', 'W', '1', '04', '4.7', '133.8', 'M', '49.8', 'M', '', '0000*41']
2023-02-07 10:45:16,270 ; Gps1 ; ['$GPGGA', '104509.831', '4811.9399', 'N', '00300.8857', 'W', '1', '04', '4.7', '133.9', 'M', '49.8', 'M', '', '0000*40']
2023-02-07 10:45:18,125 ; Gps1 ; ['$GPGGA', '104510.831', '4811.9400', 'N', '00300.8857', 'W', '1', '04', '4.7', '134.0', 'M', '49.8', 'M', '', '0000*41']
2023-02-07 10:45:21,264 ; Gps1 ; ['$GPGGA', '104511.831', '4811.9400', 'N', '00300.8857', 'W', '1', '04', '4.7', '134.1', 'M', '49.8', 'M', '', '0000*41']
2023-02-07 10:45:22,943 ; Gps1 ; ['$GPGGA', '104512.831', '4811.9400', 'N', '00300.8857', 'W', '1', '04', '4.7', '134.1', 'M', '49.8', 'M', '', '0000*42']
2023-02-07 10:45:24,605 ; Gps1 ; ['$GPGGA', '104513.831', '4811.9400', 'N', '00300.8857', 'W', '1', '04', '4.7', '134.2', 'M', '49.8', 'M', '', '0000*40']
2023-02-07 10:45:26,529 ; Gps1 ; ['$GPGGA', '104514.831', '4811.9401', 'N', '00300.8858', 'W', '1', '04', '4.7', '134.4', 'M', '49.8', 'M', '', '0000*4F']
2023-02-07 10:45:28,094 ; Gps1 ; ['$GPGGA', '104515.831', '4811.9401', 'N', '00300.8858', 'W', '1', '04', '4.7', '134.4', 'M', '49.8', 'M', '', '0000*4E']
2023-02-07 10:45:31,301 ; Gps1 ; ['$GPGGA', '104516.831', '4811.9402', 'N', '00300.8858', 'W', '1', '04', '4.7', '134.6', 'M', '49.8', 'M', '', '0000*4C']
2023-02-07 10:45:33,068 ; Gps1 ; ['$GPGGA', '104517.831', '4811.9402', 'N', '00300.8858', 'W', '1', '04', '4.7', '134.6', 'M', '49.8', 'M', '', '0000*4D']
2023-02-07 10:45:34,566 ; Gps1 ; ['$GPGGA', '104518.831', '4811.9401', 'N', '00300.8856', 'W', '1', '04', '4.7', '134.3', 'M', '49.8', 'M', '', '0000*4A']
2023-02-07 10:45:36,005 ; Gps1 ; ['$GPGGA', '104519.831', '4811.9400', 'N', '00300.8855', 'W', '1', '04', '4.7', '134.1', 'M', '49.8', 'M', '', '0000*4B']
2023-02-07 10:45:37,209 ; Gps1 ; ['$GPGGA', '104520.831', '4811.9400', 'N', '00300.8855', 'W', '1', '04', '4.7', '134.0', 'M', '49.8', 'M', '', '0000*40']
2023-02-07 10:45:41,334 ; Gps1 ; ['$GPGGA', '104521.831', '4811.9399', 'N', '00300.8855', 'W', '1', '04', '4.7', '133.9', 'M', '49.8', 'M', '', '0000*48']
2023-02-07 10:45:43,171 ; Gps1 ; ['$GPGGA', '104522.831', '4811.9399', 'N', '00300.8855', 'W', '1', '04', '4.7', '133.9', 'M', '49.8', 'M', '', '0000*4B']
2023-02-07 10:45:44,681 ; Gps1 ; ['$GPGGA', '104523.831', '4811.9399', 'N', '00300.8854', 'W', '1', '04', '4.7', '133.9', 'M', '49.8', 'M', '', '0000*4B']
2023-02-07 10:45:46,512 ; Gps1 ; ['$GPGGA', '104524.831', '4811.9398', 'N', '00300.8852', 'W', '1', '04', '4.7', '133.8', 'M', '49.8', 'M', '', '0000*4A']
2023-02-07 10:45:48,684 ; Gps1 ; ['$GPGGA', '104525.831', '4811.9397', 'N', '00300.8852', 'W', '1', '04', '4.8', '133.7', 'M', '49.8', 'M', '', '0000*44']
2023-02-07 10:45:52,594 ; Gps1 ; ['$GPGGA', '104526.831', '4811.9397', 'N', '00300.8850', 'W', '1', '04', '4.8', '133.6', 'M', '49.8', 'M', '', '0000*44']
2023-02-07 10:45:54,862 ; Gps1 ; ['$GPGGA', '104527.831', '4811.9396', 'N', '00300.8849', 'W', '1', '04', '4.8', '133.4', 'M', '49.8', 'M', '', '0000*4E']
2023-02-07 10:45:57,092 ; Gps1 ; ['$GPGGA', '104528.831', '4811.9396', 'N', '00300.8846', 'W', '1', '04', '4.8', '133.3', 'M', '49.8', 'M', '', '0000*49']
2023-02-07 10:45:59,060 ; Gps1 ; ['$GPGGA', '104529.831', '4811.9395', 'N', '00300.8846', 'W', '1', '04', '4.8', '133.1', 'M', '49.8', 'M', '', '0000*49']
2023-02-07 10:46:01,057 ; Gps1 ; ['$GPGGA', '104530.831', '4811.9394', 'N', '00300.8846', 'W', '1', '04', '4.8', '133.0', 'M', '49.8', 'M', '', '0000*41']
2023-02-07 10:46:05,140 ; Gps1 ; ['$GPGGA', '104531.831', '4811.9395', 'N', '00300.8847', 'W', '1', '04', '4.8', '132.9', 'M', '49.8', 'M', '', '0000*48']
2023-02-07 10:46:07,213 ; Gps1 ; ['$GPGGA', '104532.831', '4811.9394', 'N', '00300.8845', 'W', '1', '04', '4.8', '132.6', 'M', '49.8', 'M', '', '0000*47']
2023-02-07 10:46:09,427 ; Gps1 ; ['$GPGGA', '104533.831', '4811.9393', 'N', '00300.8844', 'W', '1', '04', '4.8', '132.4', 'M', '49.8', 'M', '', '0000*42']
2023-02-07 10:46:11,578 ; Gps1 ; ['$GPGGA', '104534.831', '4811.9393', 'N', '00300.8841', 'W', '1', '04', '4.8', '132.4', 'M', '49.8', 'M', '', '0000*40']
2023-02-07 10:46:14,030 ; Gps1 ; ['$GPGGA', '104535.831', '4811.9393', 'N', '00300.8841', 'W', '1', '04', '4.8', '132.3', 'M', '49.8', 'M', '', '0000*46']
2023-02-07 10:46:18,560 ; Gps1 ; ['$GPGGA', '104536.831', '4811.9393', 'N', '00300.8840', 'W', '1', '04', '4.8', '132.4', 'M', '49.8', 'M', '', '0000*43']
2023-02-07 10:46:20,552 ; Gps1 ; ['$GPGGA', '104537.831', '4811.9397', 'N', '00300.8845', 'W', '1', '04', '4.8', '132.6', 'M', '49.8', 'M', '', '0000*41']
2023-02-07 10:46:22,993 ; Gps1 ; ['$GPGGA', '104538.831', '4811.9398', 'N', '00300.8848', 'W', '1', '04', '4.8', '132.7', 'M', '49.8', 'M', '', '0000*4D']
2023-02-07 10:46:24,789 ; Gps1 ; ['$GPGGA', '104539.831', '4811.9399', 'N', '00300.8849', 'W', '1', '04', '4.8', '132.7', 'M', '49.8', 'M', '', '0000*4C']
2023-02-07 10:46:27,278 ; Gps1 ; ['$GPGGA', '104540.831', '4811.9398', 'N', '00300.8843', 'W', '1', '04', '4.8', '132.7', 'M', '49.8', 'M', '', '0000*49']
2023-02-07 10:46:31,562 ; Gps1 ; ['$GPGGA', '104541.831', '4811.9397', 'N', '00300.8840', 'W', '1', '04', '4.8', '132.7', 'M', '49.8', 'M', '', '0000*44']
2023-02-07 10:46:33,283 ; Gps1 ; ['$GPGGA', '104542.831', '4811.9397', 'N', '00300.8839', 'W', '1', '04', '4.8', '132.6', 'M', '49.8', 'M', '', '0000*48']
2023-02-07 10:46:35,059 ; Gps1 ; ['$GPGGA', '104543.831', '4811.9397', 'N', '00300.8837', 'W', '1', '04', '4.8', '132.5', 'M', '49.8', 'M', '', '0000*44']
2023-02-07 10:46:37,087 ; Gps1 ; ['$GPGGA', '104544.831', '4811.9394', 'N', '00300.8828', 'W', '1', '04', '4.8', '132.3', 'M', '49.8', 'M', '', '0000*48']
2023-02-07 10:46:39,162 ; Gps1 ; ['$GPGGA', '104545.831', '4811.9393', 'N', '00300.8826', 'W', '1', '04', '4.8', '132.3', 'M', '49.8', 'M', '', '0000*40']
2023-02-07 10:46:43,033 ; Gps1 ; ['$GPGGA', '104546.831', '4811.9392', 'N', '00300.8823', 'W', '1', '04', '4.8', '132.0', 'M', '49.8', 'M', '', '0000*44']
2023-02-07 10:46:45,122 ; Gps1 ; ['$GPGGA', '104547.831', '4811.9392', 'N', '00300.8819', 'W', '1', '04', '4.8', '131.7', 'M', '49.8', 'M', '', '0000*48']
2023-02-07 10:46:46,943 ; Gps1 ; ['$GPGGA', '104548.831', '4811.9391', 'N', '00300.8816', 'W', '1', '04', '4.8', '131.5', 'M', '49.8', 'M', '', '0000*49']
2023-02-07 10:46:49,437 ; Gps1 ; ['$GPGGA', '104549.831', '4811.9391', 'N', '00300.8814', 'W', '1', '04', '4.8', '131.4', 'M', '49.8', 'M', '', '0000*4B']
2023-02-07 10:46:51,074 ; Gps1 ; ['$GPGGA', '104550.831', '4811.9391', 'N', '00300.8813', 'W', '1', '04', '4.8', '131.3', 'M', '49.8', 'M', '', '0000*43']
2023-02-07 10:46:55,316 ; Gps1 ; ['$GPGGA', '104551.831', '4811.9392', 'N', '00300.8811', 'W', '1', '04', '4.8', '131.3', 'M', '49.8', 'M', '', '0000*43']
2023-02-07 10:46:57,206 ; Gps1 ; ['$GPGGA', '104552.831', '4811.9393', 'N', '00300.8811', 'W', '1', '04', '4.8', '131.4', 'M', '49.8', 'M', '', '0000*46']
2023-02-07 10:46:59,928 ; Gps1 ; ['$GPGGA', '104553.831', '4811.9394', 'N', '00300.8812', 'W', '1', '04', '4.8', '131.5', 'M', '49.8', 'M', '', '0000*42']
2023-02-07 10:47:02,116 ; Gps1 ; ['$GPGGA', '104554.831', '4811.9396', 'N', '00300.8812', 'W', '1', '04', '4.9', '131.7', 'M', '49.8', 'M', '', '0000*44']
2023-02-07 10:47:04,393 ; Gps1 ; ['$GPGGA', '104555.831', '4811.9396', 'N', '00300.8815', 'W', '1', '04', '4.9', '131.8', 'M', '49.8', 'M', '', '0000*4D']
2023-02-07 10:47:09,357 ; Gps1 ; ['$GPGGA', '104556.831', '4811.9395', 'N', '00300.8817', 'W', '1', '04', '4.9', '131.9', 'M', '49.8', 'M', '', '0000*4E']
2023-02-07 10:47:11,475 ; Gps1 ; ['$GPGGA', '104557.831', '4811.9394', 'N', '00300.8815', 'W', '1', '04', '4.9', '131.7', 'M', '49.8', 'M', '', '0000*42']
2023-02-07 10:47:13,977 ; Gps1 ; ['$GPGGA', '104558.831', '4811.9393', 'N', '00300.8815', 'W', '1', '04', '4.9', '131.5', 'M', '49.8', 'M', '', '0000*48']
2023-02-07 10:47:16,275 ; Gps1 ; ['$GPGGA', '104559.831', '4811.9394', 'N', '00300.8814', 'W', '1', '04', '4.9', '131.3', 'M', '49.8', 'M', '', '0000*49']
2023-02-07 10:47:16,669 ; Gps1 ; ['$GPGGA', '104600.831', '4811.9394', 'N', '00300.8813', 'W', '1', '04', '4.9', '131.2', 'M', '49.8', 'M', '', '0000*40']
2023-02-07 10:47:19,404 ; Gps1 ; ['$GPGGA', '104601.831', '4811.9394', 'N', '00300.8811', 'W', '1', '04', '4.9', '131.1', 'M', '49.8', 'M', '', '0000*40']
2023-02-07 10:47:21,558 ; Gps1 ; ['$GPGGA', '104602.831', '4811.9395', 'N', '00300.8811', 'W', '1', '04', '4.9', '131.0', 'M', '49.8', 'M', '', '0000*43']
2023-02-07 10:47:23,687 ; Gps1 ; ['$GPGGA', '104603.831', '4811.9397', 'N', '00300.8811', 'W', '1', '04', '4.9', '130.9', 'M', '49.8', 'M', '', '0000*48']
2023-02-07 10:47:25,739 ; Gps1 ; ['$GPGGA', '104604.831', '4811.9399', 'N', '00300.8811', 'W', '1', '04', '4.9', '130.9', 'M', '49.8', 'M', '', '0000*41']
2023-02-07 10:47:27,469 ; Gps1 ; ['$GPGGA', '104605.831', '4811.9403', 'N', '00300.8811', 'W', '1', '04', '4.9', '131.0', 'M', '49.8', 'M', '', '0000*4C']
2023-02-07 10:47:31,158 ; Gps1 ; ['$GPGGA', '104606.831', '4811.9404', 'N', '00300.8811', 'W', '1', '04', '4.9', '130.9', 'M', '49.8', 'M', '', '0000*40']
2023-02-07 10:47:33,506 ; Gps1 ; ['$GPGGA', '104607.831', '4811.9406', 'N', '00300.8810', 'W', '1', '04', '4.9', '130.8', 'M', '49.8', 'M', '', '0000*43']
2023-02-07 10:47:35,526 ; Gps1 ; ['$GPGGA', '104608.831', '4811.9407', 'N', '00300.8810', 'W', '1', '04', '4.9', '130.7', 'M', '49.8', 'M', '', '0000*42']
2023-02-07 10:47:37,610 ; Gps1 ; ['$GPGGA', '104609.831', '4811.9408', 'N', '00300.8811', 'W', '1', '04', '4.9', '130.6', 'M', '49.8', 'M', '', '0000*4C']
2023-02-07 10:47:39,448 ; Gps1 ; ['$GPGGA', '104610.831', '4811.9409', 'N', '00300.8810', 'W', '1', '04', '4.9', '130.4', 'M', '49.8', 'M', '', '0000*46']
2023-02-07 10:47:43,223 ; Gps1 ; ['$GPGGA', '104611.831', '4811.9409', 'N', '00300.8811', 'W', '1', '04', '4.9', '130.2', 'M', '49.8', 'M', '', '0000*40']
2023-02-07 10:47:45,127 ; Gps1 ; ['$GPGGA', '104612.831', '4811.9410', 'N', '00300.8812', 'W', '1', '04', '4.9', '130.0', 'M', '49.8', 'M', '', '0000*4A']
2023-02-07 10:47:47,176 ; Gps1 ; ['$GPGGA', '104613.831', '4811.9411', 'N', '00300.8812', 'W', '1', '04', '4.9', '129.8', 'M', '49.8', 'M', '', '0000*4A']
2023-02-07 10:47:49,369 ; Gps1 ; ['$GPGGA', '104614.831', '4811.9411', 'N', '00300.8814', 'W', '1', '04', '4.9', '129.6', 'M', '49.8', 'M', '', '0000*45']
2023-02-07 10:47:51,381 ; Gps1 ; ['$GPGGA', '104615.831', '4811.9412', 'N', '00300.8818', 'W', '1', '04', '4.9', '129.4', 'M', '49.8', 'M', '', '0000*49']
2023-02-07 10:47:55,844 ; Gps1 ; ['$GPGGA', '104616.831', '4811.9411', 'N', '00300.8821', 'W', '1', '04', '4.9', '129.1', 'M', '49.8', 'M', '', '0000*46']
2023-02-07 10:47:57,891 ; Gps1 ; ['$GPGGA', '104617.831', '4811.9411', 'N', '00300.8823', 'W', '1', '04', '4.9', '128.9', 'M', '49.8', 'M', '', '0000*4C']
2023-02-07 10:48:00,074 ; Gps1 ; ['$GPGGA', '104618.831', '4811.9410', 'N', '00300.8823', 'W', '1', '04', '4.9', '128.7', 'M', '49.8', 'M', '', '0000*4C']
2023-02-07 10:48:02,206 ; Gps1 ; ['$GPGGA', '104619.831', '4811.9410', 'N', '00300.8823', 'W', '1', '04', '4.9', '128.5', 'M', '49.8', 'M', '', '0000*4F']
2023-02-07 10:48:04,168 ; Gps1 ; ['$GPGGA', '104620.831', '4811.9409', 'N', '00300.8822', 'W', '1', '04', '4.9', '128.4', 'M', '49.8', 'M', '', '0000*4D']
2023-02-07 10:48:07,664 ; Gps1 ; ['$GPGGA', '104621.831', '4811.9409', 'N', '00300.8823', 'W', '1', '04', '4.9', '128.2', 'M', '49.8', 'M', '', '0000*4B']
2023-02-07 10:48:10,031 ; Gps1 ; ['$GPGGA', '104622.831', '4811.9408', 'N', '00300.8822', 'W', '1', '04', '5.0', '128.1', 'M', '49.8', 'M', '', '0000*43']
2023-02-07 10:48:12,079 ; Gps1 ; ['$GPGGA', '104623.831', '4811.9408', 'N', '00300.8822', 'W', '1', '04', '5.0', '127.9', 'M', '49.8', 'M', '', '0000*45']
2023-02-07 10:48:14,342 ; Gps1 ; ['$GPGGA', '104624.831', '4811.9407', 'N', '00300.8822', 'W', '1', '04', '5.0', '127.8', 'M', '49.8', 'M', '', '0000*4C']
2023-02-07 10:48:16,390 ; Gps1 ; ['$GPGGA', '104625.831', '4811.9407', 'N', '00300.8822', 'W', '1', '04', '5.0', '127.6', 'M', '49.8', 'M', '', '0000*43']
2023-02-07 10:48:20,454 ; Gps1 ; ['$GPGGA', '104626.831', '4811.9406', 'N', '00300.8822', 'W', '1', '04', '5.0', '127.5', 'M', '49.8', 'M', '', '0000*42']
2023-02-07 10:48:22,587 ; Gps1 ; ['$GPGGA', '104627.831', '4811.9406', 'N', '00300.8821', 'W', '1', '04', '5.0', '127.3', 'M', '49.8', 'M', '', '0000*46']
2023-02-07 10:48:24,524 ; Gps1 ; ['$GPGGA', '104628.831', '4811.9405', 'N', '00300.8819', 'W', '1', '04', '5.0', '127.2', 'M', '49.8', 'M', '', '0000*40']
2023-02-07 10:48:26,425 ; Gps1 ; ['$GPGGA', '104629.831', '4811.9405', 'N', '00300.8818', 'W', '1', '04', '5.0', '127.1', 'M', '49.8', 'M', '', '0000*43']
2023-02-07 10:48:28,451 ; Gps1 ; ['$GPGGA', '104630.831', '4811.9404', 'N', '00300.8818', 'W', '1', '04', '5.0', '127.0', 'M', '49.8', 'M', '', '0000*4B']
2023-02-07 10:48:32,889 ; Gps1 ; ['$GPGGA', '104631.831', '4811.9404', 'N', '00300.8818', 'W', '1', '04', '5.0', '126.9', 'M', '49.8', 'M', '', '0000*42']
2023-02-07 10:48:35,282 ; Gps1 ; ['$GPGGA', '104632.831', '4811.9403', 'N', '00300.8819', 'W', '1', '04', '5.0', '126.8', 'M', '49.8', 'M', '', '0000*46']
2023-02-07 10:48:37,330 ; Gps1 ; ['$GPGGA', '104633.831', '4811.9403', 'N', '00300.8819', 'W', '1', '04', '5.0', '126.7', 'M', '49.8', 'M', '', '0000*48']
2023-02-07 10:48:39,252 ; Gps1 ; ['$GPGGA', '104634.831', '4811.9402', 'N', '00300.8819', 'W', '1', '04', '5.0', '126.7', 'M', '49.8', 'M', '', '0000*4E']
2023-02-07 10:48:41,799 ; Gps1 ; ['$GPGGA', '104635.831', '4811.9401', 'N', '00300.8818', 'W', '1', '04', '5.0', '126.6', 'M', '49.8', 'M', '', '0000*4C']
2023-02-07 10:48:46,053 ; Gps1 ; ['$GPGGA', '104636.831', '4811.9401', 'N', '00300.8817', 'W', '1', '04', '5.0', '126.5', 'M', '49.8', 'M', '', '0000*43']
2023-02-07 10:48:48,408 ; Gps1 ; ['$GPGGA', '104637.831', '4811.9400', 'N', '00300.8817', 'W', '1', '04', '5.0', '126.5', 'M', '49.8', 'M', '', '0000*43']
2023-02-07 10:48:50,516 ; Gps1 ; ['$GPGGA', '104638.831', '4811.9400', 'N', '00300.8817', 'W', '1', '04', '5.0', '126.4', 'M', '49.8', 'M', '', '0000*4D']
2023-02-07 10:48:52,428 ; Gps1 ; ['$GPGGA', '104639.831', '4811.9400', 'N', '00300.8818', 'W', '1', '04', '5.0', '126.4', 'M', '49.8', 'M', '', '0000*43']
2023-02-07 10:48:54,387 ; Gps1 ; ['$GPGGA', '104640.831', '4811.9399', 'N', '00300.8818', 'W', '1', '04', '5.0', '126.3', 'M', '49.8', 'M', '', '0000*4D']
2023-02-07 10:48:58,390 ; Gps1 ; ['$GPGGA', '104641.831', '4811.9398', 'N', '00300.8818', 'W', '1', '04', '5.0', '126.2', 'M', '49.8', 'M', '', '0000*4C']
2023-02-07 10:49:00,485 ; Gps1 ; ['$GPGGA', '104642.831', '4811.9398', 'N', '00300.8819', 'W', '1', '04', '5.0', '126.2', 'M', '49.8', 'M', '', '0000*4E']
2023-02-07 10:49:02,439 ; Gps1 ; ['$GPGGA', '104643.831', '4811.9397', 'N', '00300.8819', 'W', '1', '04', '5.0', '126.1', 'M', '49.8', 'M', '', '0000*43']
2023-02-07 10:49:04,456 ; Gps1 ; ['$GPGGA', '104644.831', '4811.9397', 'N', '00300.8819', 'W', '1', '04', '5.0', '126.0', 'M', '49.8', 'M', '', '0000*45']
2023-02-07 10:49:06,329 ; Gps1 ; ['$GPGGA', '104645.831', '4811.9396', 'N', '00300.8818', 'W', '1', '04', '5.0', '126.0', 'M', '49.8', 'M', '', '0000*44']
2023-02-07 10:49:10,174 ; Gps1 ; ['$GPGGA', '104646.831', '4811.9396', 'N', '00300.8819', 'W', '1', '04', '5.0', '125.9', 'M', '49.8', 'M', '', '0000*4C']
2023-02-07 10:49:12,303 ; Gps1 ; ['$GPGGA', '104647.831', '4811.9395', 'N', '00300.8820', 'W', '1', '04', '5.0', '125.8', 'M', '49.8', 'M', '', '0000*45']
2023-02-07 10:49:14,521 ; Gps1 ; ['$GPGGA', '104648.831', '4811.9394', 'N', '00300.8821', 'W', '1', '04', '5.1', '125.8', 'M', '49.8', 'M', '', '0000*4B']
2023-02-07 10:49:16,849 ; Gps1 ; ['$GPGGA', '104649.831', '4811.9394', 'N', '00300.8820', 'W', '1', '04', '5.1', '125.6', 'M', '49.8', 'M', '', '0000*45']
2023-02-07 10:49:19,116 ; Gps1 ; ['$GPGGA', '104650.831', '4811.9394', 'N', '00300.8821', 'W', '1', '04', '5.1', '125.5', 'M', '49.8', 'M', '', '0000*4F']
2023-02-07 10:49:23,345 ; Gps1 ; ['$GPGGA', '104651.831', '4811.9394', 'N', '00300.8821', 'W', '1', '04', '5.1', '125.5', 'M', '49.8', 'M', '', '0000*4E']
2023-02-07 10:49:25,113 ; Gps1 ; ['$GPGGA', '104652.831', '4811.9394', 'N', '00300.8821', 'W', '1', '04', '5.1', '125.4', 'M', '49.8', 'M', '', '0000*4C']
2023-02-07 10:49:27,207 ; Gps1 ; ['$GPGGA', '104653.831', '4811.9395', 'N', '00300.8821', 'W', '1', '04', '5.1', '125.3', 'M', '49.8', 'M', '', '0000*4B']
2023-02-07 10:49:29,234 ; Gps1 ; ['$GPGGA', '104654.831', '4811.9395', 'N', '00300.8820', 'W', '1', '04', '5.1', '125.2', 'M', '49.8', 'M', '', '0000*4C']
2023-02-07 10:49:31,451 ; Gps1 ; ['$GPGGA', '104655.831', '4811.9395', 'N', '00300.8821', 'W', '1', '04', '5.1', '125.1', 'M', '49.8', 'M', '', '0000*4F']
2023-02-07 10:49:35,625 ; Gps1 ; ['$GPGGA', '104656.831', '4811.9395', 'N', '00300.8821', 'W', '1', '04', '5.1', '125.0', 'M', '49.8', 'M', '', '0000*4D']
2023-02-07 10:49:37,521 ; Gps1 ; ['$GPGGA', '104657.831', '4811.9396', 'N', '00300.8822', 'W', '1', '04', '5.1', '124.9', 'M', '49.8', 'M', '', '0000*44']
2023-02-07 10:49:40,072 ; Gps1 ; ['$GPGGA', '104658.831', '4811.9396', 'N', '00300.8822', 'W', '1', '04', '5.1', '124.8', 'M', '49.8', 'M', '', '0000*4A']
2023-02-07 10:49:42,268 ; Gps1 ; ['$GPGGA', '104659.831', '4811.9396', 'N', '00300.8822', 'W', '1', '04', '5.1', '124.7', 'M', '49.8', 'M', '', '0000*44']
2023-02-07 10:49:44,528 ; Gps1 ; ['$GPGGA', '104700.831', '4811.9397', 'N', '00300.8822', 'W', '1', '04', '5.1', '124.6', 'M', '49.8', 'M', '', '0000*49']
2023-02-07 10:49:48,936 ; Gps1 ; ['$GPGGA', '104701.831', '4811.9398', 'N', '00300.8821', 'W', '1', '04', '5.1', '124.6', 'M', '49.8', 'M', '', '0000*44']
2023-02-07 10:49:50,938 ; Gps1 ; ['$GPGGA', '104702.831', '4811.9398', 'N', '00300.8821', 'W', '1', '04', '5.1', '124.5', 'M', '49.8', 'M', '', '0000*44']
2023-02-07 10:49:52,968 ; Gps1 ; ['$GPGGA', '104703.831', '4811.9398', 'N', '00300.8821', 'W', '1', '04', '5.1', '124.4', 'M', '49.8', 'M', '', '0000*44']
2023-02-07 10:49:55,094 ; Gps1 ; ['$GPGGA', '104704.831', '4811.9399', 'N', '00300.8822', 'W', '1', '04', '5.1', '124.4', 'M', '49.8', 'M', '', '0000*41']
2023-02-07 10:49:57,350 ; Gps1 ; ['$GPGGA', '104705.831', '4811.9399', 'N', '00300.8822', 'W', '1', '04', '5.1', '124.3', 'M', '49.8', 'M', '', '0000*47']
2023-02-07 10:50:01,503 ; Gps1 ; ['$GPGGA', '104706.831', '4811.9399', 'N', '00300.8821', 'W', '1', '04', '5.1', '124.3', 'M', '49.8', 'M', '', '0000*47']
2023-02-07 10:50:03,426 ; Gps1 ; ['$GPGGA', '104707.831', '4811.9399', 'N', '00300.8821', 'W', '1', '04', '5.1', '124.2', 'M', '49.8', 'M', '', '0000*47']
2023-02-07 10:50:05,507 ; Gps1 ; ['$GPGGA', '104708.831', '4811.9400', 'N', '00300.8821', 'W', '1', '04', '5.1', '124.1', 'M', '49.8', 'M', '', '0000*4C']
2023-02-07 10:50:07,376 ; Gps1 ; ['$GPGGA', '104709.831', '4811.9400', 'N', '00300.8821', 'W', '1', '04', '5.1', '124.1', 'M', '49.8', 'M', '', '0000*4D']
2023-02-07 10:50:09,636 ; Gps1 ; ['$GPGGA', '104710.831', '4811.9401', 'N', '00300.8821', 'W', '1', '04', '5.1', '124.0', 'M', '49.8', 'M', '', '0000*45']
2023-02-07 10:50:13,595 ; Gps1 ; ['$GPGGA', '104711.831', '4811.9401', 'N', '00300.8820', 'W', '1', '04', '5.1', '123.9', 'M', '49.8', 'M', '', '0000*4B']
2023-02-07 10:50:15,740 ; Gps1 ; ['$GPGGA', '104712.831', '4811.9402', 'N', '00300.8820', 'W', '1', '04', '5.2', '123.9', 'M', '49.8', 'M', '', '0000*48']
2023-02-07 10:50:17,871 ; Gps1 ; ['$GPGGA', '104713.831', '4811.9402', 'N', '00300.8820', 'W', '1', '04', '5.2', '123.8', 'M', '49.8', 'M', '', '0000*48']
2023-02-07 10:50:20,042 ; Gps1 ; ['$GPGGA', '104714.831', '4811.9402', 'N', '00300.8820', 'W', '1', '04', '5.2', '123.7', 'M', '49.8', 'M', '', '0000*40']
2023-02-07 10:50:22,128 ; Gps1 ; ['$GPGGA', '104715.831', '4811.9403', 'N', '00300.8820', 'W', '1', '04', '5.2', '123.7', 'M', '49.8', 'M', '', '0000*40']
2023-02-07 10:50:26,429 ; Gps1 ; ['$GPGGA', '104716.831', '4811.9404', 'N', '00300.8819', 'W', '1', '04', '5.2', '123.7', 'M', '49.8', 'M', '', '0000*4E']
2023-02-07 10:50:28,478 ; Gps1 ; ['$GPGGA', '104717.831', '4811.9405', 'N', '00300.8819', 'W', '1', '04', '5.2', '123.6', 'M', '49.8', 'M', '', '0000*4F']
2023-02-07 10:50:30,299 ; Gps1 ; ['$GPGGA', '104718.831', '4811.9404', 'N', '00300.8819', 'W', '1', '04', '5.2', '123.6', 'M', '49.8', 'M', '', '0000*41']
2023-02-07 10:50:32,706 ; Gps1 ; ['$GPGGA', '104719.831', '4811.9405', 'N', '00300.8819', 'W', '1', '04', '5.2', '123.5', 'M', '49.8', 'M', '', '0000*42']
2023-02-07 10:50:34,713 ; Gps1 ; ['$GPGGA', '104720.831', '4811.9405', 'N', '00300.8820', 'W', '1', '04', '5.2', '123.5', 'M', '49.8', 'M', '', '0000*42']
2023-02-07 10:50:38,473 ; Gps1 ; ['$GPGGA', '104721.831', '4811.9404', 'N', '00300.8821', 'W', '1', '04', '5.2', '123.4', 'M', '49.8', 'M', '', '0000*42']
2023-02-07 10:50:40,427 ; Gps1 ; ['$GPGGA', '104722.831', '4811.9403', 'N', '00300.8822', 'W', '1', '04', '5.2', '123.4', 'M', '49.8', 'M', '', '0000*45']
2023-02-07 10:50:42,843 ; Gps1 ; ['$GPGGA', '104723.831', '4811.9401', 'N', '00300.8823', 'W', '1', '04', '5.2', '123.3', 'M', '49.8', 'M', '', '0000*40']
2023-02-07 10:50:44,767 ; Gps1 ; ['$GPGGA', '104724.831', '4811.9400', 'N', '00300.8826', 'W', '1', '04', '5.2', '123.3', 'M', '49.8', 'M', '', '0000*43']
2023-02-07 10:50:46,639 ; Gps1 ; ['$GPGGA', '104725.831', '4811.9397', 'N', '00300.8828', 'W', '1', '04', '5.2', '123.2', 'M', '49.8', 'M', '', '0000*44']
2023-02-07 10:50:50,631 ; Gps1 ; ['$GPGGA', '104726.831', '4811.9395', 'N', '00300.8831', 'W', '1', '04', '5.2', '123.2', 'M', '49.8', 'M', '', '0000*4D']
2023-02-07 10:50:52,336 ; Gps1 ; ['$GPGGA', '104727.831', '4811.9392', 'N', '00300.8835', 'W', '1', '04', '5.2', '123.2', 'M', '49.8', 'M', '', '0000*4F']
2023-02-07 10:50:54,274 ; Gps1 ; ['$GPGGA', '104728.831', '4811.9389', 'N', '00300.8840', 'W', '1', '04', '5.2', '123.1', 'M', '49.8', 'M', '', '0000*4B']
2023-02-07 10:50:55,958 ; Gps1 ; ['$GPGGA', '104729.831', '4811.9385', 'N', '00300.8846', 'W', '1', '04', '5.2', '123.1', 'M', '49.8', 'M', '', '0000*40']
2023-02-07 10:50:58,060 ; Gps1 ; ['$GPGGA', '104730.831', '4811.9381', 'N', '00300.8854', 'W', '1', '04', '5.2', '123.0', 'M', '49.8', 'M', '', '0000*4E']
2023-02-07 10:51:01,917 ; Gps1 ; ['$GPGGA', '104731.831', '4811.9375', 'N', '00300.8862', 'W', '1', '04', '5.2', '123.0', 'M', '49.8', 'M', '', '0000*41']
2023-02-07 10:51:04,107 ; Gps1 ; ['$GPGGA', '104732.831', '4811.9370', 'N', '00300.8872', 'W', '1', '04', '5.2', '122.9', 'M', '49.8', 'M', '', '0000*4E']
2023-02-07 10:51:06,245 ; Gps1 ; ['$GPGGA', '104733.831', '4811.9364', 'N', '00300.8883', 'W', '1', '04', '5.2', '122.9', 'M', '49.8', 'M', '', '0000*44']
2023-02-07 10:51:08,169 ; Gps1 ; ['$GPGGA', '104734.831', '4811.9359', 'N', '00300.8896', 'W', '1', '04', '5.2', '122.9', 'M', '49.8', 'M', '', '0000*49']
2023-02-07 10:51:09,962 ; Gps1 ; ['$GPGGA', '104735.831', '4811.9354', 'N', '00300.8910', 'W', '1', '04', '5.2', '122.9', 'M', '49.8', 'M', '', '0000*4A']
2023-02-07 10:51:14,319 ; Gps1 ; ['$GPGGA', '104736.831', '4811.9348', 'N', '00300.8924', 'W', '1', '04', '5.3', '122.8', 'M', '49.8', 'M', '', '0000*43']
2023-02-07 10:51:16,381 ; Gps1 ; ['$GPGGA', '104737.831', '4811.9343', 'N', '00300.8939', 'W', '1', '04', '5.3', '122.8', 'M', '49.8', 'M', '', '0000*45']
2023-02-07 10:51:18,500 ; Gps1 ; ['$GPGGA', '104738.831', '4811.9337', 'N', '00300.8955', 'W', '1', '04', '5.3', '122.8', 'M', '49.8', 'M', '', '0000*43']
2023-02-07 10:51:20,449 ; Gps1 ; ['$GPGGA', '104739.831', '4811.9332', 'N', '00300.8971', 'W', '1', '04', '5.3', '122.7', 'M', '49.8', 'M', '', '0000*4E']
2023-02-07 10:51:22,953 ; Gps1 ; ['$GPGGA', '104740.831', '4811.9327', 'N', '00300.8987', 'W', '1', '04', '5.3', '122.7', 'M', '49.8', 'M', '', '0000*4D']
2023-02-07 10:51:26,757 ; Gps1 ; ['$GPGGA', '104741.831', '4811.9322', 'N', '00300.9002', 'W', '1', '04', '5.3', '122.7', 'M', '49.8', 'M', '', '0000*4C']
2023-02-07 10:51:28,912 ; Gps1 ; ['$GPGGA', '104742.831', '4811.9318', 'N', '00300.9017', 'W', '1', '04', '5.3', '122.6', 'M', '49.8', 'M', '', '0000*43']
2023-02-07 10:51:31,282 ; Gps1 ; ['$GPGGA', '104743.831', '4811.9314', 'N', '00300.9031', 'W', '1', '04', '5.3', '122.6', 'M', '49.8', 'M', '', '0000*4A']
2023-02-07 10:51:33,478 ; Gps1 ; ['$GPGGA', '104744.831', '4811.9311', 'N', '00300.9044', 'W', '1', '04', '5.3', '122.6', 'M', '49.8', 'M', '', '0000*4A']
2023-02-07 10:51:35,738 ; Gps1 ; ['$GPGGA', '104745.831', '4811.9308', 'N', '00300.9058', 'W', '1', '04', '5.3', '122.6', 'M', '49.8', 'M', '', '0000*4E']
2023-02-07 10:51:39,838 ; Gps1 ; ['$GPGGA', '104746.831', '4811.9305', 'N', '00300.9072', 'W', '1', '04', '5.3', '122.6', 'M', '49.8', 'M', '', '0000*48']
2023-02-07 10:51:41,742 ; Gps1 ; ['$GPGGA', '104747.831', '4811.9303', 'N', '00300.9085', 'W', '1', '04', '5.3', '122.6', 'M', '49.8', 'M', '', '0000*47']
2023-02-07 10:51:43,899 ; Gps1 ; ['$GPGGA', '104748.831', '4811.9301', 'N', '00300.9098', 'W', '1', '04', '5.3', '122.6', 'M', '49.8', 'M', '', '0000*46']
2023-02-07 10:51:46,166 ; Gps1 ; ['$GPGGA', '104749.831', '4811.9298', 'N', '00300.9110', 'W', '1', '04', '5.3', '122.6', 'M', '49.8', 'M', '', '0000*47']
2023-02-07 10:51:48,318 ; Gps1 ; ['$GPGGA', '104750.831', '4811.9295', 'N', '00300.9122', 'W', '1', '04', '5.3', '122.6', 'M', '49.8', 'M', '', '0000*43']
2023-02-07 10:51:52,459 ; Gps1 ; ['$GPGGA', '104751.831', '4811.9292', 'N', '00300.9134', 'W', '1', '04', '5.3', '122.6', 'M', '49.8', 'M', '', '0000*42']
2023-02-07 10:51:54,747 ; Gps1 ; ['$GPGGA', '104752.831', '4811.9288', 'N', '00300.9144', 'W', '1', '04', '5.3', '122.6', 'M', '49.8', 'M', '', '0000*4D']
2023-02-07 10:51:56,897 ; Gps1 ; ['$GPGGA', '104753.831', '4811.9284', 'N', '00300.9154', 'W', '1', '04', '5.3', '122.5', 'M', '49.8', 'M', '', '0000*42']
2023-02-07 10:51:59,153 ; Gps1 ; ['$GPGGA', '104754.831', '4811.9279', 'N', '00300.9163', 'W', '1', '04', '5.3', '122.5', 'M', '49.8', 'M', '', '0000*43']
2023-02-07 10:52:01,114 ; Gps1 ; ['$GPGGA', '104755.831', '4811.9275', 'N', '00300.9173', 'W', '1', '04', '5.3', '122.5', 'M', '49.8', 'M', '', '0000*4F']
2023-02-07 10:52:05,493 ; Gps1 ; ['$GPGGA', '104756.831', '4811.9271', 'N', '00300.9182', 'W', '1', '04', '5.3', '122.5', 'M', '49.8', 'M', '', '0000*46']
2023-02-07 10:52:07,518 ; Gps1 ; ['$GPGGA', '104757.831', '4811.9267', 'N', '00300.9191', 'W', '1', '04', '5.4', '122.5', 'M', '49.8', 'M', '', '0000*45']
2023-02-07 10:52:09,546 ; Gps1 ; ['$GPGGA', '104758.831', '4811.9262', 'N', '00300.9200', 'W', '1', '04', '5.4', '122.5', 'M', '49.8', 'M', '', '0000*44']
2023-02-07 10:52:11,613 ; Gps1 ; ['$GPGGA', '104759.831', '4811.9256', 'N', '00300.9210', 'W', '1', '04', '5.4', '122.5', 'M', '49.8', 'M', '', '0000*43']
2023-02-07 10:52:13,838 ; Gps1 ; ['$GPGGA', '104800.831', '4811.9250', 'N', '00300.9221', 'W', '1', '04', '5.4', '122.5', 'M', '49.8', 'M', '', '0000*44']
2023-02-07 10:52:18,241 ; Gps1 ; ['$GPGGA', '104801.831', '4811.9243', 'N', '00300.9234', 'W', '1', '04', '5.4', '122.5', 'M', '49.8', 'M', '', '0000*43']
2023-02-07 10:52:20,211 ; Gps1 ; ['$GPGGA', '104802.831', '4811.9235', 'N', '00300.9246', 'W', '1', '04', '5.4', '122.5', 'M', '49.8', 'M', '', '0000*44']
2023-02-07 10:52:22,318 ; Gps1 ; ['$GPGGA', '104803.831', '4811.9227', 'N', '00300.9259', 'W', '1', '04', '5.4', '122.4', 'M', '49.8', 'M', '', '0000*49']
2023-02-07 10:52:24,445 ; Gps1 ; ['$GPGGA', '104804.831', '4811.9217', 'N', '00300.9273', 'W', '1', '04', '5.4', '122.4', 'M', '49.8', 'M', '', '0000*45']
2023-02-07 10:52:26,470 ; Gps1 ; ['$GPGGA', '104805.831', '4811.9208', 'N', '00300.9289', 'W', '1', '04', '5.4', '122.3', 'M', '49.8', 'M', '', '0000*48']
2023-02-07 10:52:30,307 ; Gps1 ; ['$GPGGA', '104806.831', '4811.9199', 'N', '00300.9304', 'W', '1', '04', '5.4', '122.3', 'M', '49.8', 'M', '', '0000*44']
2023-02-07 10:52:32,017 ; Gps1 ; ['$GPGGA', '104807.831', '4811.9190', 'N', '00300.9320', 'W', '1', '04', '5.4', '122.2', 'M', '49.8', 'M', '', '0000*4B']
2023-02-07 10:52:34,671 ; Gps1 ; ['$GPGGA', '104808.831', '4811.9180', 'N', '00300.9337', 'W', '1', '04', '5.4', '122.2', 'M', '49.8', 'M', '', '0000*43']
2023-02-07 10:52:36,843 ; Gps1 ; ['$GPGGA', '104809.831', '4811.9171', 'N', '00300.9354', 'W', '1', '04', '5.4', '122.2', 'M', '49.8', 'M', '', '0000*49']
2023-02-07 10:52:38,927 ; Gps1 ; ['$GPGGA', '104810.831', '4811.9162', 'N', '00300.9371', 'W', '1', '04', '5.4', '122.1', 'M', '49.8', 'M', '', '0000*47']
2023-02-07 10:52:42,995 ; Gps1 ; ['$GPGGA', '104811.831', '4811.9152', 'N', '00300.9388', 'W', '1', '04', '5.4', '122.1', 'M', '49.8', 'M', '', '0000*43']
2023-02-07 10:52:44,879 ; Gps1 ; ['$GPGGA', '104812.831', '4811.9143', 'N', '00300.9406', 'W', '1', '04', '5.4', '122.1', 'M', '49.8', 'M', '', '0000*41']
2023-02-07 10:52:46,809 ; Gps1 ; ['$GPGGA', '104813.831', '4811.9134', 'N', '00300.9423', 'W', '1', '04', '5.4', '122.0', 'M', '49.8', 'M', '', '0000*46']
2023-02-07 10:52:48,918 ; Gps1 ; ['$GPGGA', '104814.831', '4811.9125', 'N', '00300.9441', 'W', '1', '04', '5.4', '122.0', 'M', '49.8', 'M', '', '0000*45']
2023-02-07 10:52:51,201 ; Gps1 ; ['$GPGGA', '104815.831', '4811.9115', 'N', '00300.9458', 'W', '1', '04', '5.4', '122.0', 'M', '49.8', 'M', '', '0000*4F']
2023-02-07 10:52:54,893 ; Gps1 ; ['$GPGGA', '104816.831', '4811.9106', 'N', '00300.9476', 'W', '1', '04', '5.4', '122.0', 'M', '49.8', 'M', '', '0000*42']
2023-02-07 10:52:57,177 ; Gps1 ; ['$GPGGA', '104817.831', '4811.9097', 'N', '00300.9494', 'W', '1', '04', '5.4', '122.0', 'M', '49.8', 'M', '', '0000*46']
2023-02-07 10:52:59,718 ; Gps1 ; ['$GPGGA', '104818.831', '4811.9088', 'N', '00300.9512', 'W', '1', '04', '5.5', '122.0', 'M', '49.8', 'M', '', '0000*49']
2023-02-07 10:53:01,997 ; Gps1 ; ['$GPGGA', '104819.831', '4811.9079', 'N', '00300.9531', 'W', '1', '04', '5.5', '121.9', 'M', '49.8', 'M', '', '0000*4D']
2023-02-07 10:53:04,212 ; Gps1 ; ['$GPGGA', '104820.831', '4811.9070', 'N', '00300.9549', 'W', '1', '04', '5.5', '121.9', 'M', '49.8', 'M', '', '0000*41']
2023-02-07 10:53:07,961 ; Gps1 ; ['$GPGGA', '104821.831', '4811.9061', 'N', '00300.9568', 'W', '1', '04', '5.5', '121.9', 'M', '49.8', 'M', '', '0000*43']
2023-02-07 10:53:10,016 ; Gps1 ; ['$GPGGA', '104822.831', '4811.9053', 'N', '00300.9585', 'W', '1', '04', '5.5', '122.0', 'M', '49.8', 'M', '', '0000*48']
2023-02-07 10:53:11,959 ; Gps1 ; ['$GPGGA', '104823.831', '4811.9044', 'N', '00300.9604', 'W', '1', '04', '5.5', '122.0', 'M', '49.8', 'M', '', '0000*45']
2023-02-07 10:53:13,867 ; Gps1 ; ['$GPGGA', '104824.831', '4811.9035', 'N', '00300.9624', 'W', '1', '04', '5.5', '122.0', 'M', '49.8', 'M', '', '0000*46']
2023-02-07 10:53:16,233 ; Gps1 ; ['$GPGGA', '104825.831', '4811.9027', 'N', '00300.9643', 'W', '1', '04', '5.5', '122.0', 'M', '49.8', 'M', '', '0000*45']
2023-02-07 10:53:20,840 ; Gps1 ; ['$GPGGA', '104826.831', '4811.9018', 'N', '00300.9662', 'W', '1', '04', '5.5', '122.0', 'M', '49.8', 'M', '', '0000*49']
2023-02-07 10:53:22,833 ; Gps1 ; ['$GPGGA', '104827.831', '4811.9010', 'N', '00300.9681', 'W', '1', '04', '5.5', '122.0', 'M', '49.8', 'M', '', '0000*4D']
2023-02-07 10:53:25,115 ; Gps1 ; ['$GPGGA', '104828.831', '4811.9002', 'N', '00300.9700', 'W', '1', '04', '5.5', '122.0', 'M', '49.8', 'M', '', '0000*49']
2023-02-07 10:53:28,023 ; Gps1 ; ['$GPGGA', '104829.831', '4811.8994', 'N', '00300.9720', 'W', '1', '04', '5.5', '121.9', 'M', '49.8', 'M', '', '0000*47']
2023-02-07 10:53:30,209 ; Gps1 ; ['$GPGGA', '104830.831', '4811.8986', 'N', '00300.9738', 'W', '1', '04', '5.5', '121.9', 'M', '49.8', 'M', '', '0000*45']
2023-02-07 10:53:34,573 ; Gps1 ; ['$GPGGA', '104831.831', '4811.8977', 'N', '00300.9757', 'W', '1', '04', '5.5', '121.9', 'M', '49.8', 'M', '', '0000*43']
2023-02-07 10:53:36,905 ; Gps1 ; ['$GPGGA', '104832.831', '4811.8969', 'N', '00300.9777', 'W', '1', '04', '5.5', '121.9', 'M', '49.8', 'M', '', '0000*4D']
2023-02-07 10:53:38,987 ; Gps1 ; ['$GPGGA', '104833.831', '4811.8961', 'N', '00300.9796', 'W', '1', '04', '5.5', '121.9', 'M', '49.8', 'M', '', '0000*4B']
2023-02-07 10:53:40,895 ; Gps1 ; ['$GPGGA', '104834.831', '4811.8953', 'N', '00300.9816', 'W', '1', '04', '5.5', '121.9', 'M', '49.8', 'M', '', '0000*4A']
2023-02-07 10:53:43,151 ; Gps1 ; ['$GPGGA', '104835.831', '4811.8945', 'N', '00300.9837', 'W', '1', '04', '5.5', '121.9', 'M', '49.8', 'M', '', '0000*4F']
2023-02-07 10:53:47,427 ; Gps1 ; ['$GPGGA', '104836.831', '4811.8937', 'N', '00300.9857', 'W', '1', '04', '5.5', '122.0', 'M', '49.8', 'M', '', '0000*45']
2023-02-07 10:53:49,442 ; Gps1 ; ['$GPGGA', '104837.831', '4811.8929', 'N', '00300.9877', 'W', '1', '04', '5.5', '122.0', 'M', '49.8', 'M', '', '0000*49']
2023-02-07 10:53:51,440 ; Gps1 ; ['$GPGGA', '104838.831', '4811.8921', 'N', '00300.9896', 'W', '1', '04', '5.6', '122.0', 'M', '49.8', 'M', '', '0000*42']
2023-02-07 10:53:53,218 ; Gps1 ; ['$GPGGA', '104839.831', '4811.8913', 'N', '00300.9916', 'W', '1', '04', '5.6', '122.0', 'M', '49.8', 'M', '', '0000*4B']
2023-02-07 10:53:55,402 ; Gps1 ; ['$GPGGA', '104840.831', '4811.8906', 'N', '00300.9936', 'W', '1', '04', '5.6', '122.0', 'M', '49.8', 'M', '', '0000*43']
2023-02-07 10:53:59,570 ; Gps1 ; ['$GPGGA', '104841.831', '4811.8899', 'N', '00300.9956', 'W', '1', '04', '5.6', '122.0', 'M', '49.8', 'M', '', '0000*43']
2023-02-07 10:54:01,648 ; Gps1 ; ['$GPGGA', '104842.831', '4811.8892', 'N', '00300.9977', 'W', '1', '04', '5.6', '122.0', 'M', '49.8', 'M', '', '0000*48']
2023-02-07 10:54:03,591 ; Gps1 ; ['$GPGGA', '104843.831', '4811.8885', 'N', '00300.9996', 'W', '1', '04', '5.6', '122.0', 'M', '49.8', 'M', '', '0000*40']
2023-02-07 10:54:06,171 ; Gps1 ; ['$GPGGA', '104844.831', '4811.8878', 'N', '00301.0016', 'W', '1', '04', '5.6', '122.0', 'M', '49.8', 'M', '', '0000*4C']
2023-02-07 10:54:08,439 ; Gps1 ; ['$GPGGA', '104845.831', '4811.8870', 'N', '00301.0035', 'W', '1', '04', '5.6', '122.0', 'M', '49.8', 'M', '', '0000*44']
2023-02-07 10:54:12,200 ; Gps1 ; ['$GPGGA', '104846.831', '4811.8863', 'N', '00301.0055', 'W', '1', '04', '5.6', '122.0', 'M', '49.8', 'M', '', '0000*43']
2023-02-07 10:54:14,390 ; Gps1 ; ['$GPGGA', '104847.831', '4811.8855', 'N', '00301.0074', 'W', '1', '04', '5.6', '121.9', 'M', '49.8', 'M', '', '0000*4E']
2023-02-07 10:54:16,474 ; Gps1 ; ['$GPGGA', '104848.831', '4811.8848', 'N', '00301.0093', 'W', '1', '04', '5.6', '121.9', 'M', '49.8', 'M', '', '0000*44']
2023-02-07 10:54:18,375 ; Gps1 ; ['$GPGGA', '104849.831', '4811.8840', 'N', '00301.0112', 'W', '1', '04', '5.6', '121.9', 'M', '49.8', 'M', '', '0000*45']
2023-02-07 10:54:20,426 ; Gps1 ; ['$GPGGA', '104850.831', '4811.8833', 'N', '00301.0131', 'W', '1', '04', '5.6', '121.9', 'M', '49.8', 'M', '', '0000*48']
2023-02-07 10:54:24,413 ; Gps1 ; ['$GPGGA', '104851.831', '4811.8826', 'N', '00301.0151', 'W', '1', '04', '5.6', '121.9', 'M', '49.8', 'M', '', '0000*4B']
2023-02-07 10:54:26,261 ; Gps1 ; ['$GPGGA', '104852.831', '4811.8820', 'N', '00301.0170', 'W', '1', '04', '5.6', '121.9', 'M', '49.8', 'M', '', '0000*4D']
2023-02-07 10:54:28,887 ; Gps1 ; ['$GPGGA', '104853.831', '4811.8816', 'N', '00301.0189', 'W', '1', '04', '5.6', '121.9', 'M', '49.8', 'M', '', '0000*4F']
2023-02-07 10:54:31,313 ; Gps1 ; ['$GPGGA', '104854.831', '4811.8813', 'N', '00301.0208', 'W', '1', '04', '5.6', '121.9', 'M', '49.8', 'M', '', '0000*47']
2023-02-07 10:54:33,281 ; Gps1 ; ['$GPGGA', '104855.831', '4811.8811', 'N', '00301.0227', 'W', '1', '04', '5.6', '121.9', 'M', '49.8', 'M', '', '0000*49']
2023-02-07 10:54:37,069 ; Gps1 ; ['$GPGGA', '104856.831', '4811.8810', 'N', '00301.0247', 'W', '1', '04', '5.6', '122.0', 'M', '49.8', 'M', '', '0000*47']
2023-02-07 10:54:39,035 ; Gps1 ; ['$GPGGA', '104857.831', '4811.8810', 'N', '00301.0266', 'W', '1', '04', '5.7', '122.0', 'M', '49.8', 'M', '', '0000*44']
2023-02-07 10:54:41,239 ; Gps1 ; ['$GPGGA', '104858.831', '4811.8811', 'N', '00301.0287', 'W', '1', '04', '5.7', '122.0', 'M', '49.8', 'M', '', '0000*45']
2023-02-07 10:54:42,882 ; Gps1 ; ['$GPGGA', '104859.831', '4811.8814', 'N', '00301.0305', 'W', '1', '04', '5.7', '122.0', 'M', '49.8', 'M', '', '0000*4A']
2023-02-07 10:54:44,994 ; Gps1 ; ['$GPGGA', '104900.831', '4811.8818', 'N', '00301.0324', 'W', '1', '04', '5.7', '122.0', 'M', '49.8', 'M', '', '0000*48']
2023-02-07 10:54:48,900 ; Gps1 ; ['$GPGGA', '104901.831', '4811.8823', 'N', '00301.0342', 'W', '1', '04', '5.7', '122.0', 'M', '49.8', 'M', '', '0000*41']
2023-02-07 10:54:50,655 ; Gps1 ; ['$GPGGA', '104902.831', '4811.8828', 'N', '00301.0360', 'W', '1', '04', '5.7', '122.1', 'M', '49.8', 'M', '', '0000*48']
2023-02-07 10:54:52,744 ; Gps1 ; ['$GPGGA', '104903.831', '4811.8833', 'N', '00301.0379', 'W', '1', '04', '5.7', '122.1', 'M', '49.8', 'M', '', '0000*4B']
2023-02-07 10:54:54,554 ; Gps1 ; ['$GPGGA', '104904.831', '4811.8838', 'N', '00301.0396', 'W', '1', '04', '5.7', '122.1', 'M', '49.8', 'M', '', '0000*46']
2023-02-07 10:54:56,688 ; Gps1 ; ['$GPGGA', '104905.831', '4811.8843', 'N', '00301.0413', 'W', '1', '04', '5.7', '122.1', 'M', '49.8', 'M', '', '0000*41']
2023-02-07 10:55:00,586 ; Gps1 ; ['$GPGGA', '104906.830', '4811.8849', 'N', '00301.0428', 'W', '1', '04', '5.7', '122.1', 'M', '49.8', 'M', '', '0000*41']
2023-02-07 10:55:02,729 ; Gps1 ; ['$GPGGA', '104907.830', '4811.8855', 'N', '00301.0441', 'W', '1', '03', '3.3', '122.1', 'M', '49.8', 'M', '', '0000*47']
2023-02-07 10:55:04,704 ; Gps1 ; ['$GPGGA', '104908.830', '4811.8861', 'N', '00301.0455', 'W', '1', '04', '5.7', '122.1', 'M', '49.8', 'M', '', '0000*4F']
2023-02-07 10:55:06,912 ; Gps1 ; ['$GPGGA', '104909.830', '4811.8865', 'N', '00301.0469', 'W', '1', '04', '5.7', '122.1', 'M', '49.8', 'M', '', '0000*45']
2023-02-07 10:55:09,036 ; Gps1 ; ['$GPGGA', '104910.830', '4811.8869', 'N', '00301.0481', 'W', '1', '04', '5.7', '122.1', 'M', '49.8', 'M', '', '0000*47']
2023-02-07 10:55:13,044 ; Gps1 ; ['$GPGGA', '104911.830', '4811.8871', 'N', '00301.0491', 'W', '1', '04', '5.7', '121.8', 'M', '49.8', 'M', '', '0000*44']
2023-02-07 10:55:15,560 ; Gps1 ; ['$GPGGA', '104912.830', '4811.8874', 'N', '00301.0504', 'W', '1', '04', '5.7', '121.8', 'M', '49.8', 'M', '', '0000*4F']
2023-02-07 10:55:17,682 ; Gps1 ; ['$GPGGA', '104913.830', '4811.8878', 'N', '00301.0515', 'W', '1', '04', '5.7', '121.8', 'M', '49.8', 'M', '', '0000*42']
2023-02-07 10:55:19,634 ; Gps1 ; ['$GPGGA', '104914.830', '4811.8881', 'N', '00301.0523', 'W', '1', '04', '5.7', '121.7', 'M', '49.8', 'M', '', '0000*49']
2023-02-07 10:55:22,045 ; Gps1 ; ['$GPGGA', '104915.830', '4811.8884', 'N', '00301.0532', 'W', '1', '04', '5.8', '121.5', 'M', '49.8', 'M', '', '0000*40']
2023-02-07 10:55:26,213 ; Gps1 ; ['$GPGGA', '104916.830', '4811.8887', 'N', '00301.0539', 'W', '1', '04', '5.8', '121.3', 'M', '49.8', 'M', '', '0000*4D']
2023-02-07 10:55:28,512 ; Gps1 ; ['$GPGGA', '104917.830', '4811.8890', 'N', '00301.0545', 'W', '1', '04', '5.8', '121.3', 'M', '49.8', 'M', '', '0000*41']
2023-02-07 10:55:30,679 ; Gps1 ; ['$GPGGA', '104918.830', '4811.8892', 'N', '00301.0552', 'W', '1', '04', '5.8', '121.4', 'M', '49.8', 'M', '', '0000*4D']
2023-02-07 10:55:32,672 ; Gps1 ; ['$GPGGA', '104919.830', '4811.8893', 'N', '00301.0556', 'W', '1', '04', '5.8', '121.5', 'M', '49.8', 'M', '', '0000*48']
2023-02-07 10:55:34,805 ; Gps1 ; ['$GPGGA', '104920.830', '4811.8895', 'N', '00301.0560', 'W', '1', '04', '5.8', '121.6', 'M', '49.8', 'M', '', '0000*42']
2023-02-07 10:55:39,098 ; Gps1 ; ['$GPGGA', '104921.830', '4811.8896', 'N', '00301.0564', 'W', '1', '04', '5.8', '121.7', 'M', '49.8', 'M', '', '0000*45']
2023-02-07 10:55:41,327 ; Gps1 ; ['$GPGGA', '104922.830', '4811.8897', 'N', '00301.0567', 'W', '1', '04', '5.8', '121.8', 'M', '49.8', 'M', '', '0000*4B']
2023-02-07 10:55:43,464 ; Gps1 ; ['$GPGGA', '104923.830', '4811.8898', 'N', '00301.0570', 'W', '1', '04', '5.8', '121.9', 'M', '49.8', 'M', '', '0000*42']
2023-02-07 10:55:45,502 ; Gps1 ; ['$GPGGA', '104924.830', '4811.8899', 'N', '00301.0572', 'W', '1', '04', '5.8', '122.0', 'M', '49.8', 'M', '', '0000*4C']
2023-02-07 10:55:47,568 ; Gps1 ; ['$GPGGA', '104925.830', '4811.8900', 'N', '00301.0574', 'W', '1', '04', '5.8', '122.1', 'M', '49.8', 'M', '', '0000*4B']
2023-02-07 10:55:52,323 ; Gps1 ; ['$GPGGA', '104926.830', '4811.8902', 'N', '00301.0576', 'W', '1', '04', '5.8', '122.2', 'M', '49.8', 'M', '', '0000*4B']
2023-02-07 10:55:54,724 ; Gps1 ; ['$GPGGA', '104927.830', '4811.8904', 'N', '00301.0580', 'W', '1', '04', '5.8', '122.3', 'M', '49.8', 'M', '', '0000*44']
2023-02-07 10:55:56,660 ; Gps1 ; ['$GPGGA', '104928.830', '4811.8907', 'N', '00301.0581', 'W', '1', '04', '5.8', '122.4', 'M', '49.8', 'M', '', '0000*4E']
2023-02-07 10:55:58,907 ; Gps1 ; ['$GPGGA', '104929.830', '4811.8910', 'N', '00301.0582', 'W', '1', '04', '5.8', '122.5', 'M', '49.8', 'M', '', '0000*4B']
2023-02-07 10:56:00,966 ; Gps1 ; ['$GPGGA', '104930.830', '4811.8913', 'N', '00301.0582', 'W', '1', '04', '5.8', '122.5', 'M', '49.8', 'M', '', '0000*40']
2023-02-07 10:56:05,004 ; Gps1 ; ['$GPGGA', '104931.830', '4811.8916', 'N', '00301.0583', 'W', '1', '04', '5.8', '122.6', 'M', '49.8', 'M', '', '0000*46']
2023-02-07 10:56:06,881 ; Gps1 ; ['$GPGGA', '104932.830', '4811.8919', 'N', '00301.0584', 'W', '1', '04', '5.9', '122.6', 'M', '49.8', 'M', '', '0000*4C']
2023-02-07 10:56:08,638 ; Gps1 ; ['$GPGGA', '104933.830', '4811.8922', 'N', '00301.0587', 'W', '1', '04', '5.9', '122.7', 'M', '49.8', 'M', '', '0000*47']
2023-02-07 10:56:10,619 ; Gps1 ; ['$GPGGA', '104934.830', '4811.8925', 'N', '00301.0590', 'W', '1', '04', '5.9', '122.8', 'M', '49.8', 'M', '', '0000*4E']
2023-02-07 10:56:12,839 ; Gps1 ; ['$GPGGA', '104935.830', '4811.8929', 'N', '00301.0595', 'W', '1', '04', '5.9', '122.9', 'M', '49.8', 'M', '', '0000*47']
2023-02-07 10:56:16,788 ; Gps1 ; ['$GPGGA', '104936.830', '4811.8933', 'N', '00301.0599', 'W', '1', '04', '5.9', '122.9', 'M', '49.8', 'M', '', '0000*43']
2023-02-07 10:56:18,685 ; Gps1 ; ['$GPGGA', '104937.830', '4811.8936', 'N', '00301.0604', 'W', '1', '04', '5.9', '122.9', 'M', '49.8', 'M', '', '0000*40']
2023-02-07 10:56:20,687 ; Gps1 ; ['$GPGGA', '104938.830', '4811.8939', 'N', '00301.0607', 'W', '1', '04', '5.9', '123.0', 'M', '49.8', 'M', '', '0000*4B']
2023-02-07 10:56:22,990 ; Gps1 ; ['$GPGGA', '104939.830', '4811.8943', 'N', '00301.0611', 'W', '1', '04', '5.9', '123.0', 'M', '49.8', 'M', '', '0000*40']
2023-02-07 10:56:25,187 ; Gps1 ; ['$GPGGA', '104940.830', '4811.8946', 'N', '00301.0614', 'W', '1', '04', '5.9', '123.0', 'M', '49.8', 'M', '', '0000*4E']
2023-02-07 10:56:29,426 ; Gps1 ; ['$GPGGA', '104941.830', '4811.8948', 'N', '00301.0617', 'W', '1', '04', '5.9', '123.0', 'M', '49.8', 'M', '', '0000*42']
2023-02-07 10:56:31,299 ; Gps1 ; ['$GPGGA', '104942.830', '4811.8949', 'N', '00301.0620', 'W', '1', '04', '5.9', '123.0', 'M', '49.8', 'M', '', '0000*44']
2023-02-07 10:56:33,631 ; Gps1 ; ['$GPGGA', '104943.830', '4811.8951', 'N', '00301.0622', 'W', '1', '04', '5.9', '123.0', 'M', '49.8', 'M', '', '0000*4E']
2023-02-07 10:56:35,868 ; Gps1 ; ['$GPGGA', '104944.830', '4811.8952', 'N', '00301.0624', 'W', '1', '04', '5.9', '123.1', 'M', '49.8', 'M', '', '0000*4D']
2023-02-07 10:56:37,985 ; Gps1 ; ['$GPGGA', '104945.830', '4811.8954', 'N', '00301.0626', 'W', '1', '04', '5.9', '123.1', 'M', '49.8', 'M', '', '0000*48']
2023-02-07 10:56:42,096 ; Gps1 ; ['$GPGGA', '104946.830', '4811.8955', 'N', '00301.0627', 'W', '1', '04', '5.9', '123.1', 'M', '49.8', 'M', '', '0000*4B']
2023-02-07 10:56:44,055 ; Gps1 ; ['$GPGGA', '104947.830', '4811.8955', 'N', '00301.0629', 'W', '1', '04', '5.9', '123.1', 'M', '49.8', 'M', '', '0000*44']
2023-02-07 10:56:45,789 ; Gps1 ; ['$GPGGA', '104948.830', '4811.8956', 'N', '00301.0630', 'W', '1', '04', '6.0', '123.1', 'M', '49.8', 'M', '', '0000*4A']
2023-02-07 10:56:48,224 ; Gps1 ; ['$GPGGA', '104949.830', '4811.8956', 'N', '00301.0630', 'W', '1', '04', '6.0', '123.1', 'M', '49.8', 'M', '', '0000*4B']
2023-02-07 10:56:50,231 ; Gps1 ; ['$GPGGA', '104950.830', '4811.8958', 'N', '00301.0633', 'W', '1', '04', '6.0', '123.1', 'M', '49.8', 'M', '', '0000*4E']
2023-02-07 10:56:55,083 ; Gps1 ; ['$GPGGA', '104951.830', '4811.8959', 'N', '00301.0635', 'W', '1', '04', '6.0', '123.1', 'M', '49.8', 'M', '', '0000*48']
2023-02-07 10:56:57,132 ; Gps1 ; ['$GPGGA', '104952.830', '4811.8959', 'N', '00301.0634', 'W', '1', '04', '6.0', '123.2', 'M', '49.8', 'M', '', '0000*49']
2023-02-07 10:56:59,449 ; Gps1 ; ['$GPGGA', '104953.830', '4811.8958', 'N', '00301.0634', 'W', '1', '04', '6.0', '123.2', 'M', '49.8', 'M', '', '0000*49']
2023-02-07 10:57:01,789 ; Gps1 ; ['$GPGGA', '104954.830', '4811.8957', 'N', '00301.0632', 'W', '1', '04', '6.0', '123.2', 'M', '49.8', 'M', '', '0000*47']
2023-02-07 10:57:03,782 ; Gps1 ; ['$GPGGA', '104955.830', '4811.8957', 'N', '00301.0633', 'W', '1', '04', '6.0', '123.2', 'M', '49.8', 'M', '', '0000*47']
2023-02-07 10:57:08,318 ; Gps1 ; ['$GPGGA', '104956.830', '4811.8956', 'N', '00301.0633', 'W', '1', '04', '6.0', '123.3', 'M', '49.8', 'M', '', '0000*44']
2023-02-07 10:57:10,446 ; Gps1 ; ['$GPGGA', '104957.830', '4811.8955', 'N', '00301.0633', 'W', '1', '04', '6.0', '123.3', 'M', '49.8', 'M', '', '0000*46']
2023-02-07 10:57:12,735 ; Gps1 ; ['$GPGGA', '104958.830', '4811.8955', 'N', '00301.0633', 'W', '1', '03', '4.7', '123.3', 'M', '49.8', 'M', '', '0000*4B']
2023-02-07 10:57:15,153 ; Gps1 ; ['$GPGGA', '104959.830', '4811.8954', 'N', '00301.0633', 'W', '1', '03', '4.7', '123.2', 'M', '49.8', 'M', '', '0000*4A']
2023-02-07 10:57:16,931 ; Gps1 ; ['$GPGGA', '105000.830', '4811.8955', 'N', '00301.0635', 'W', '1', '04', '6.0', '123.3', 'M', '49.8', 'M', '', '0000*4A']
2023-02-07 10:57:20,496 ; Gps1 ; ['$GPGGA', '105001.830', '4811.8955', 'N', '00301.0636', 'W', '1', '04', '6.0', '123.3', 'M', '49.8', 'M', '', '0000*48']
2023-02-07 10:57:22,297 ; Gps1 ; ['$GPGGA', '105002.830', '4811.8953', 'N', '00301.0635', 'W', '1', '04', '6.0', '123.4', 'M', '49.8', 'M', '', '0000*49']
2023-02-07 10:57:24,393 ; Gps1 ; ['$GPGGA', '105003.830', '4811.8953', 'N', '00301.0635', 'W', '1', '03', '4.7', '123.3', 'M', '49.8', 'M', '', '0000*4D']
2023-02-07 10:57:26,416 ; Gps1 ; ['$GPGGA', '105004.830', '4811.8951', 'N', '00301.0634', 'W', '1', '04', '6.1', '123.4', 'M', '49.8', 'M', '', '0000*4D']
2023-02-07 10:57:28,353 ; Gps1 ; ['$GPGGA', '105005.830', '4811.8951', 'N', '00301.0634', 'W', '1', '04', '6.1', '123.4', 'M', '49.8', 'M', '', '0000*4C']
2023-02-07 10:57:32,570 ; Gps1 ; ['$GPGGA', '105006.830', '4811.8951', 'N', '00301.0635', 'W', '1', '04', '6.1', '123.5', 'M', '49.8', 'M', '', '0000*4F']
2023-02-07 10:57:34,477 ; Gps1 ; ['$GPGGA', '105007.830', '4811.8955', 'N', '00301.0641', 'W', '1', '04', '6.1', '123.5', 'M', '49.8', 'M', '', '0000*49']
2023-02-07 10:57:36,526 ; Gps1 ; ['$GPGGA', '105008.830', '4811.8957', 'N', '00301.0646', 'W', '1', '04', '6.1', '123.5', 'M', '49.8', 'M', '', '0000*43']
2023-02-07 10:57:38,710 ; Gps1 ; ['$GPGGA', '105009.830', '4811.8958', 'N', '00301.0649', 'W', '1', '04', '6.1', '123.6', 'M', '49.8', 'M', '', '0000*41']
2023-02-07 10:57:40,913 ; Gps1 ; ['$GPGGA', '105010.830', '4811.8959', 'N', '00301.0651', 'W', '1', '04', '6.1', '123.6', 'M', '49.8', 'M', '', '0000*41']
2023-02-07 10:57:45,296 ; Gps1 ; ['$GPGGA', '105011.830', '4811.8959', 'N', '00301.0654', 'W', '1', '04', '6.1', '123.7', 'M', '49.8', 'M', '', '0000*44']
2023-02-07 10:57:47,215 ; Gps1 ; ['$GPGGA', '105012.830', '4811.8959', 'N', '00301.0658', 'W', '1', '04', '6.1', '123.8', 'M', '49.8', 'M', '', '0000*44']
2023-02-07 10:57:49,679 ; Gps1 ; ['$GPGGA', '105013.830', '4811.8959', 'N', '00301.0661', 'W', '1', '04', '6.1', '123.8', 'M', '49.8', 'M', '', '0000*4F']
2023-02-07 10:57:51,725 ; Gps1 ; ['$GPGGA', '105014.830', '4811.8958', 'N', '00301.0664', 'W', '1', '04', '6.1', '123.9', 'M', '49.8', 'M', '', '0000*4D']
2023-02-07 10:57:54,496 ; Gps1 ; ['$GPGGA', '105015.830', '4811.8956', 'N', '00301.0666', 'W', '1', '04', '6.1', '124.0', 'M', '49.8', 'M', '', '0000*4E']
2023-02-07 10:57:58,383 ; Gps1 ; ['$GPGGA', '105016.830', '4811.8954', 'N', '00301.0669', 'W', '1', '04', '6.1', '124.0', 'M', '49.8', 'M', '', '0000*40']
2023-02-07 10:58:00,263 ; Gps1 ; ['$GPGGA', '105017.830', '4811.8954', 'N', '00301.0673', 'W', '1', '04', '6.1', '124.1', 'M', '49.8', 'M', '', '0000*4B']
2023-02-07 10:58:02,532 ; Gps1 ; ['$GPGGA', '105018.830', '4811.8955', 'N', '00301.0677', 'W', '1', '04', '6.2', '124.1', 'M', '49.8', 'M', '', '0000*42']
2023-02-07 10:58:04,840 ; Gps1 ; ['$GPGGA', '105019.830', '4811.8954', 'N', '00301.0679', 'W', '1', '04', '6.2', '124.2', 'M', '49.8', 'M', '', '0000*4F']
2023-02-07 10:58:06,888 ; Gps1 ; ['$GPGGA', '105020.830', '4811.8954', 'N', '00301.0684', 'W', '1', '04', '6.2', '124.2', 'M', '49.8', 'M', '', '0000*47']
2023-02-07 10:58:10,446 ; Gps1 ; ['$GPGGA', '105021.830', '4811.8955', 'N', '00301.0689', 'W', '1', '04', '6.2', '124.3', 'M', '49.8', 'M', '', '0000*4B']
2023-02-07 10:58:12,710 ; Gps1 ; ['$GPGGA', '105022.830', '4811.8955', 'N', '00301.0693', 'W', '1', '04', '6.2', '124.4', 'M', '49.8', 'M', '', '0000*44']
2023-02-07 10:58:14,698 ; Gps1 ; ['$GPGGA', '105023.830', '4811.8955', 'N', '00301.0696', 'W', '1', '04', '6.2', '124.4', 'M', '49.8', 'M', '', '0000*40']
2023-02-07 10:58:16,650 ; Gps1 ; ['$GPGGA', '105024.830', '4811.8952', 'N', '00301.0697', 'W', '1', '04', '6.2', '124.5', 'M', '49.8', 'M', '', '0000*40']
2023-02-07 10:58:18,736 ; Gps1 ; ['$GPGGA', '105025.830', '4811.8951', 'N', '00301.0700', 'W', '1', '04', '6.2', '124.6', 'M', '49.8', 'M', '', '0000*4E']
2023-02-07 10:58:22,764 ; Gps1 ; ['$GPGGA', '105026.830', '4811.8951', 'N', '00301.0704', 'W', '1', '04', '6.2', '124.6', 'M', '49.8', 'M', '', '0000*49']
2023-02-07 10:58:24,839 ; Gps1 ; ['$GPGGA', '105027.830', '4811.8949', 'N', '00301.0706', 'W', '1', '04', '6.2', '124.7', 'M', '49.8', 'M', '', '0000*42']
2023-02-07 10:58:26,907 ; Gps1 ; ['$GPGGA', '105028.830', '4811.8949', 'N', '00301.0710', 'W', '1', '04', '6.2', '124.8', 'M', '49.8', 'M', '', '0000*45']
2023-02-07 10:58:29,107 ; Gps1 ; ['$GPGGA', '105029.830', '4811.8948', 'N', '00301.0711', 'W', '1', '04', '6.2', '124.9', 'M', '49.8', 'M', '', '0000*45']
2023-02-07 10:58:30,970 ; Gps1 ; ['$GPGGA', '105030.830', '4811.8948', 'N', '00301.0714', 'W', '1', '04', '6.2', '124.9', 'M', '49.8', 'M', '', '0000*48']
2023-02-07 10:58:35,799 ; Gps1 ; ['$GPGGA', '105031.830', '4811.8949', 'N', '00301.0717', 'W', '1', '04', '6.2', '124.9', 'M', '49.8', 'M', '', '0000*4B']
2023-02-07 10:58:37,945 ; Gps1 ; ['$GPGGA', '105032.830', '4811.8951', 'N', '00301.0721', 'W', '1', '04', '6.2', '124.9', 'M', '49.8', 'M', '', '0000*44']
2023-02-07 10:58:40,311 ; Gps1 ; ['$GPGGA', '105033.830', '4811.8952', 'N', '00301.0724', 'W', '1', '04', '6.3', '125.0', 'M', '49.8', 'M', '', '0000*4A']
2023-02-07 10:58:42,768 ; Gps1 ; ['$GPGGA', '105034.830', '4811.8952', 'N', '00301.0726', 'W', '1', '04', '6.3', '124.9', 'M', '49.8', 'M', '', '0000*47']
2023-02-07 10:58:44,767 ; Gps1 ; ['$GPGGA', '105035.830', '4811.8952', 'N', '00301.0727', 'W', '1', '04', '6.3', '124.9', 'M', '49.8', 'M', '', '0000*47']
2023-02-07 10:58:49,003 ; Gps1 ; ['$GPGGA', '105036.830', '4811.8952', 'N', '00301.0728', 'W', '1', '03', '4.8', '124.7', 'M', '49.8', 'M', '', '0000*4B']
2023-02-07 10:58:50,737 ; Gps1 ; ['$GPGGA', '105037.830', '4811.8951', 'N', '00301.0729', 'W', '1', '03', '4.8', '124.6', 'M', '49.8', 'M', '', '0000*49']
2023-02-07 10:58:52,821 ; Gps1 ; ['$GPGGA', '105038.830', '4811.8951', 'N', '00301.0730', 'W', '1', '03', '4.8', '124.4', 'M', '49.8', 'M', '', '0000*4C']
2023-02-07 10:58:54,992 ; Gps1 ; ['$GPGGA', '105039.830', '4811.8951', 'N', '00301.0731', 'W', '1', '03', '4.8', '124.3', 'M', '49.8', 'M', '', '0000*4B']
2023-02-07 10:58:57,029 ; Gps1 ; ['$GPGGA', '105040.830', '4811.8951', 'N', '00301.0733', 'W', '1', '03', '4.8', '124.1', 'M', '49.8', 'M', '', '0000*45']
2023-02-07 10:59:01,382 ; Gps1 ; ['$GPGGA', '105041.830', '4811.8949', 'N', '00301.0733', 'W', '1', '03', '4.8', '124.0', 'M', '49.8', 'M', '', '0000*4C']
2023-02-07 10:59:03,579 ; Gps1 ; ['$GPGGA', '105042.830', '4811.8948', 'N', '00301.0732', 'W', '1', '03', '4.8', '123.9', 'M', '49.8', 'M', '', '0000*41']
2023-02-07 10:59:05,847 ; Gps1 ; ['$GPGGA', '105043.830', '4811.8948', 'N', '00301.0733', 'W', '1', '03', '4.8', '123.8', 'M', '49.8', 'M', '', '0000*40']
2023-02-07 10:59:07,677 ; Gps1 ; ['$GPGGA', '105044.830', '4811.8950', 'N', '00301.0736', 'W', '1', '03', '4.8', '123.7', 'M', '49.8', 'M', '', '0000*44']
2023-02-07 10:59:09,814 ; Gps1 ; ['$GPGGA', '105045.830', '4811.8951', 'N', '00301.0737', 'W', '1', '03', '4.8', '123.7', 'M', '49.8', 'M', '', '0000*45']
2023-02-07 10:59:14,379 ; Gps1 ; ['$GPGGA', '105046.830', '4811.8954', 'N', '00301.0741', 'W', '1', '03', '4.8', '123.6', 'M', '49.8', 'M', '', '0000*43']
2023-02-07 10:59:16,609 ; Gps1 ; ['$GPGGA', '105047.830', '4811.8955', 'N', '00301.0742', 'W', '1', '03', '4.8', '123.6', 'M', '49.8', 'M', '', '0000*40']
2023-02-07 10:59:18,600 ; Gps1 ; ['$GPGGA', '105048.830', '4811.8958', 'N', '00301.0746', 'W', '1', '03', '4.8', '123.5', 'M', '49.8', 'M', '', '0000*45']
2023-02-07 10:59:20,467 ; Gps1 ; ['$GPGGA', '105049.830', '4811.8961', 'N', '00301.0748', 'W', '1', '03', '4.8', '123.5', 'M', '49.8', 'M', '', '0000*40']
2023-02-07 10:59:22,645 ; Gps1 ; ['$GPGGA', '105050.830', '4811.8961', 'N', '00301.0749', 'W', '1', '04', '6.4', '123.6', 'M', '49.8', 'M', '', '0000*43']
2023-02-07 10:59:26,745 ; Gps1 ; ['$GPGGA', '105051.830', '4811.8962', 'N', '00301.0750', 'W', '1', '04', '6.4', '123.7', 'M', '49.8', 'M', '', '0000*48']
2023-02-07 10:59:28,713 ; Gps1 ; ['$GPGGA', '105052.830', '4811.8964', 'N', '00301.0753', 'W', '1', '04', '2.9', '123.7', 'M', '49.8', 'M', '', '0000*47']
2023-02-07 10:59:30,793 ; Gps1 ; ['$GPGGA', '105053.830', '4811.8966', 'N', '00301.0756', 'W', '1', '04', '2.9', '123.8', 'M', '49.8', 'M', '', '0000*4E']
2023-02-07 10:59:32,920 ; Gps1 ; ['$GPGGA', '105054.830', '4811.8967', 'N', '00301.0757', 'W', '1', '04', '2.9', '123.8', 'M', '49.8', 'M', '', '0000*49']
2023-02-07 10:59:35,077 ; Gps1 ; ['$GPGGA', '105055.830', '4811.8966', 'N', '00301.0758', 'W', '1', '04', '2.9', '123.8', 'M', '49.8', 'M', '', '0000*46']
2023-02-07 10:59:39,137 ; Gps1 ; ['$GPGGA', '105056.830', '4811.8966', 'N', '00301.0758', 'W', '1', '04', '2.9', '123.9', 'M', '49.8', 'M', '', '0000*44']
2023-02-07 10:59:41,445 ; Gps1 ; ['$GPGGA', '105057.830', '4811.8967', 'N', '00301.0760', 'W', '1', '03', '4.8', '123.8', 'M', '49.8', 'M', '', '0000*4E']
2023-02-07 10:59:43,125 ; Gps1 ; ['$GPGGA', '105058.830', '4811.8969', 'N', '00301.0763', 'W', '1', '03', '4.8', '123.8', 'M', '49.8', 'M', '', '0000*4C']
2023-02-07 10:59:45,361 ; Gps1 ; ['$GPGGA', '105059.830', '4811.8972', 'N', '00301.0766', 'W', '1', '04', '2.9', '123.7', 'M', '49.8', 'M', '', '0000*4D']
2023-02-07 10:59:47,591 ; Gps1 ; ['$GPGGA', '105100.830', '4811.8974', 'N', '00301.0769', 'W', '1', '04', '2.9', '123.7', 'M', '49.8', 'M', '', '0000*49']
2023-02-07 10:59:51,966 ; Gps1 ; ['$GPGGA', '105101.830', '4811.8970', 'N', '00301.0768', 'W', '1', '04', '2.9', '123.9', 'M', '49.8', 'M', '', '0000*43']
2023-02-07 10:59:54,372 ; Gps1 ; ['$GPGGA', '105102.830', '4811.8973', 'N', '00301.0772', 'W', '1', '04', '2.9', '123.8', 'M', '49.8', 'M', '', '0000*49']
2023-02-07 10:59:56,498 ; Gps1 ; ['$GPGGA', '105103.830', '4811.8974', 'N', '00301.0774', 'W', '1', '04', '2.9', '123.7', 'M', '49.8', 'M', '', '0000*46']
2023-02-07 10:59:58,192 ; Gps1 ; ['$GPGGA', '105104.830', '4811.8974', 'N', '00301.0775', 'W', '1', '04', '2.9', '123.7', 'M', '49.8', 'M', '', '0000*40']
2023-02-07 11:00:00,228 ; Gps1 ; ['$GPGGA', '105105.830', '4811.8976', 'N', '00301.0778', 'W', '1', '04', '2.9', '123.6', 'M', '49.8', 'M', '', '0000*4F']
2023-02-07 11:00:05,091 ; Gps1 ; ['$GPGGA', '105106.830', '4811.8975', 'N', '00301.0779', 'W', '1', '04', '2.9', '123.7', 'M', '49.8', 'M', '', '0000*4F']
2023-02-07 11:00:07,028 ; Gps1 ; ['$GPGGA', '105107.830', '4811.8974', 'N', '00301.0779', 'W', '1', '04', '2.9', '123.7', 'M', '49.8', 'M', '', '0000*4F']
2023-02-07 11:00:08,969 ; Gps1 ; ['$GPGGA', '105108.830', '4811.8971', 'N', '00301.0779', 'W', '1', '04', '2.9', '123.8', 'M', '49.8', 'M', '', '0000*4A']
2023-02-07 11:00:11,158 ; Gps1 ; ['$GPGGA', '105109.830', '4811.8970', 'N', '00301.0781', 'W', '1', '04', '2.9', '123.9', 'M', '49.8', 'M', '', '0000*4C']
2023-02-07 11:00:13,594 ; Gps1 ; ['$GPGGA', '105110.830', '4811.8970', 'N', '00301.0782', 'W', '1', '04', '2.9', '124.0', 'M', '49.8', 'M', '', '0000*49']
2023-02-07 11:00:17,968 ; Gps1 ; ['$GPGGA', '105111.830', '4811.8970', 'N', '00301.0783', 'W', '1', '04', '2.9', '124.0', 'M', '49.8', 'M', '', '0000*49']
2023-02-07 11:00:19,885 ; Gps1 ; ['$GPGGA', '105112.830', '4811.8969', 'N', '00301.0783', 'W', '1', '04', '2.9', '124.0', 'M', '49.8', 'M', '', '0000*42']
2023-02-07 11:00:22,078 ; Gps1 ; ['$GPGGA', '105113.830', '4811.8967', 'N', '00301.0783', 'W', '1', '04', '2.9', '124.1', 'M', '49.8', 'M', '', '0000*4C']
2023-02-07 11:00:24,224 ; Gps1 ; ['$GPGGA', '105114.830', '4811.8966', 'N', '00301.0782', 'W', '1', '04', '2.9', '124.2', 'M', '49.8', 'M', '', '0000*48']
2023-02-07 11:00:26,121 ; Gps1 ; ['$GPGGA', '105115.830', '4811.8965', 'N', '00301.0783', 'W', '1', '04', '2.9', '124.2', 'M', '49.8', 'M', '', '0000*4B']
2023-02-07 11:00:30,461 ; Gps1 ; ['$GPGGA', '105116.830', '4811.8964', 'N', '00301.0784', 'W', '1', '04', '2.9', '124.2', 'M', '49.8', 'M', '', '0000*4E']
2023-02-07 11:00:32,434 ; Gps1 ; ['$GPGGA', '105117.830', '4811.8964', 'N', '00301.0786', 'W', '1', '04', '2.9', '124.2', 'M', '49.8', 'M', '', '0000*4D']
2023-02-07 11:00:34,597 ; Gps1 ; ['$GPGGA', '105118.830', '4811.8966', 'N', '00301.0789', 'W', '1', '04', '2.9', '124.1', 'M', '49.8', 'M', '', '0000*4C']
2023-02-07 11:00:36,931 ; Gps1 ; ['$GPGGA', '105119.830', '4811.8969', 'N', '00301.0793', 'W', '1', '04', '2.9', '124.0', 'M', '49.8', 'M', '', '0000*48']
2023-02-07 11:00:39,442 ; Gps1 ; ['$GPGGA', '105120.830', '4811.8969', 'N', '00301.0794', 'W', '1', '04', '2.9', '123.9', 'M', '49.8', 'M', '', '0000*4B']
2023-02-07 11:00:43,514 ; Gps1 ; ['$GPGGA', '105121.830', '4811.8971', 'N', '00301.0798', 'W', '1', '04', '2.9', '123.9', 'M', '49.8', 'M', '', '0000*4F']
2023-02-07 11:00:46,090 ; Gps1 ; ['$GPGGA', '105122.830', '4811.8973', 'N', '00301.0802', 'W', '1', '04', '2.9', '123.9', 'M', '49.8', 'M', '', '0000*42']
2023-02-07 11:00:48,127 ; Gps1 ; ['$GPGGA', '105123.830', '4811.8975', 'N', '00301.0805', 'W', '1', '04', '2.9', '123.8', 'M', '49.8', 'M', '', '0000*43']
2023-02-07 11:00:50,272 ; Gps1 ; ['$GPGGA', '105124.830', '4811.8975', 'N', '00301.0808', 'W', '1', '04', '2.9', '123.8', 'M', '49.8', 'M', '', '0000*49']
2023-02-07 11:00:52,639 ; Gps1 ; ['$GPGGA', '105125.830', '4811.8976', 'N', '00301.0812', 'W', '1', '04', '2.9', '123.8', 'M', '49.8', 'M', '', '0000*40']
2023-02-07 11:00:56,522 ; Gps1 ; ['$GPGGA', '105126.830', '4811.8977', 'N', '00301.0816', 'W', '1', '04', '2.9', '123.8', 'M', '49.8', 'M', '', '0000*46']
2023-02-07 11:00:58,705 ; Gps1 ; ['$GPGGA', '105127.830', '4811.8974', 'N', '00301.0815', 'W', '1', '04', '2.9', '123.8', 'M', '49.8', 'M', '', '0000*47']
2023-02-07 11:01:00,852 ; Gps1 ; ['$GPGGA', '105128.830', '4811.8973', 'N', '00301.0818', 'W', '1', '04', '2.9', '123.8', 'M', '49.8', 'M', '', '0000*42']
2023-02-07 11:01:02,870 ; Gps1 ; ['$GPGGA', '105129.830', '4811.8971', 'N', '00301.0818', 'W', '1', '04', '2.9', '123.8', 'M', '49.8', 'M', '', '0000*41']
2023-02-07 11:01:04,730 ; Gps1 ; ['$GPGGA', '105130.830', '4811.8971', 'N', '00301.0820', 'W', '1', '04', '2.9', '123.8', 'M', '49.8', 'M', '', '0000*42']
2023-02-07 11:01:09,199 ; Gps1 ; ['$GPGGA', '105131.830', '4811.8970', 'N', '00301.0820', 'W', '1', '04', '2.9', '123.9', 'M', '49.8', 'M', '', '0000*43']
2023-02-07 11:01:11,355 ; Gps1 ; ['$GPGGA', '105132.830', '4811.8971', 'N', '00301.0822', 'W', '1', '04', '2.9', '123.8', 'M', '49.8', 'M', '', '0000*42']
2023-02-07 11:01:13,559 ; Gps1 ; ['$GPGGA', '105133.830', '4811.8971', 'N', '00301.0826', 'W', '1', '04', '2.9', '123.8', 'M', '49.8', 'M', '', '0000*47']
2023-02-07 11:01:15,578 ; Gps1 ; ['$GPGGA', '105134.830', '4811.8972', 'N', '00301.0829', 'W', '1', '04', '2.9', '123.8', 'M', '49.8', 'M', '', '0000*4C']
2023-02-07 11:01:17,735 ; Gps1 ; ['$GPGGA', '105135.830', '4811.8973', 'N', '00301.0832', 'W', '1', '04', '2.9', '123.8', 'M', '49.8', 'M', '', '0000*46']
2023-02-07 11:01:21,958 ; Gps1 ; ['$GPGGA', '105136.830', '4811.8974', 'N', '00301.0835', 'W', '1', '04', '2.9', '123.8', 'M', '49.8', 'M', '', '0000*45']
2023-02-07 11:01:23,915 ; Gps1 ; ['$GPGGA', '105137.830', '4811.8975', 'N', '00301.0837', 'W', '1', '04', '2.9', '123.7', 'M', '49.8', 'M', '', '0000*48']
2023-02-07 11:01:25,940 ; Gps1 ; ['$GPGGA', '105138.830', '4811.8974', 'N', '00301.0838', 'W', '1', '04', '2.9', '123.7', 'M', '49.8', 'M', '', '0000*49']
2023-02-07 11:01:28,060 ; Gps1 ; ['$GPGGA', '105139.830', '4811.8974', 'N', '00301.0838', 'W', '1', '04', '2.9', '123.7', 'M', '49.8', 'M', '', '0000*48']
2023-02-07 11:01:30,148 ; Gps1 ; ['$GPGGA', '105140.830', '4811.8973', 'N', '00301.0839', 'W', '1', '04', '2.9', '123.7', 'M', '49.8', 'M', '', '0000*40']
2023-02-07 11:01:34,100 ; Gps1 ; ['$GPGGA', '105141.830', '4811.8973', 'N', '00301.0840', 'W', '1', '04', '2.9', '123.7', 'M', '49.8', 'M', '', '0000*4F']
2023-02-07 11:01:36,522 ; Gps1 ; ['$GPGGA', '105142.830', '4811.8973', 'N', '00301.0841', 'W', '1', '04', '2.9', '123.7', 'M', '49.8', 'M', '', '0000*4D']
2023-02-07 11:01:38,660 ; Gps1 ; ['$GPGGA', '105143.830', '4811.8972', 'N', '00301.0842', 'W', '1', '04', '2.9', '123.7', 'M', '49.8', 'M', '', '0000*4E']
2023-02-07 11:01:40,782 ; Gps1 ; ['$GPGGA', '105144.830', '4811.8970', 'N', '00301.0843', 'W', '1', '04', '2.9', '123.7', 'M', '49.8', 'M', '', '0000*4A']
2023-02-07 11:01:42,378 ; Gps1 ; ['$GPGGA', '105145.830', '4811.8969', 'N', '00301.0844', 'W', '1', '04', '2.9', '123.7', 'M', '49.8', 'M', '', '0000*44']
2023-02-07 11:01:47,231 ; Gps1 ; ['$GPGGA', '105146.830', '4811.8968', 'N', '00301.0847', 'W', '1', '04', '2.9', '123.7', 'M', '49.8', 'M', '', '0000*45']
2023-02-07 11:01:49,281 ; Gps1 ; ['$GPGGA', '105147.830', '4811.8968', 'N', '00301.0851', 'W', '1', '04', '2.9', '123.7', 'M', '49.8', 'M', '', '0000*43']
2023-02-07 11:01:51,326 ; Gps1 ; ['$GPGGA', '105148.830', '4811.8969', 'N', '00301.0854', 'W', '1', '04', '2.9', '123.7', 'M', '49.8', 'M', '', '0000*48']
2023-02-07 11:01:53,356 ; Gps1 ; ['$GPGGA', '105149.830', '4811.8968', 'N', '00301.0855', 'W', '1', '04', '2.9', '123.8', 'M', '49.8', 'M', '', '0000*46']
2023-02-07 11:01:55,087 ; Gps1 ; ['$GPGGA', '105150.830', '4811.8970', 'N', '00301.0858', 'W', '1', '04', '2.9', '123.6', 'M', '49.8', 'M', '', '0000*44']
2023-02-07 11:01:59,421 ; Gps1 ; ['$GPGGA', '105151.830', '4811.8972', 'N', '00301.0858', 'W', '1', '04', '2.9', '123.5', 'M', '49.8', 'M', '', '0000*44']
2023-02-07 11:02:01,748 ; Gps1 ; ['$GPGGA', '105152.830', '4811.8971', 'N', '00301.0859', 'W', '1', '04', '2.9', '123.6', 'M', '49.8', 'M', '', '0000*46']
2023-02-07 11:02:03,710 ; Gps1 ; ['$GPGGA', '105153.830', '4811.8971', 'N', '00301.0861', 'W', '1', '04', '2.9', '123.5', 'M', '49.8', 'M', '', '0000*4F']
2023-02-07 11:02:05,498 ; Gps1 ; ['$GPGGA', '105154.830', '4811.8970', 'N', '00301.0862', 'W', '1', '04', '2.9', '123.6', 'M', '49.8', 'M', '', '0000*49']
2023-02-07 11:02:07,582 ; Gps1 ; ['$GPGGA', '105155.830', '4811.8969', 'N', '00301.0864', 'W', '1', '04', '2.9', '123.6', 'M', '49.8', 'M', '', '0000*46']
2023-02-07 11:02:11,954 ; Gps1 ; ['$GPGGA', '105156.830', '4811.8968', 'N', '00301.0866', 'W', '1', '04', '2.9', '123.7', 'M', '49.8', 'M', '', '0000*47']
2023-02-07 11:02:13,965 ; Gps1 ; ['$GPGGA', '105157.830', '4811.8967', 'N', '00301.0867', 'W', '1', '04', '2.9', '123.7', 'M', '49.8', 'M', '', '0000*48']
2023-02-07 11:02:15,948 ; Gps1 ; ['$GPGGA', '105158.830', '4811.8966', 'N', '00301.0870', 'W', '1', '04', '2.9', '123.8', 'M', '49.8', 'M', '', '0000*4F']
2023-02-07 11:02:18,135 ; Gps1 ; ['$GPGGA', '105159.830', '4811.8965', 'N', '00301.0871', 'W', '1', '04', '2.9', '123.8', 'M', '49.8', 'M', '', '0000*4C']
2023-02-07 11:02:20,326 ; Gps1 ; ['$GPGGA', '105200.830', '4811.8964', 'N', '00301.0873', 'W', '1', '04', '2.9', '123.9', 'M', '49.8', 'M', '', '0000*41']
2023-02-07 11:02:24,267 ; Gps1 ; ['$GPGGA', '105201.830', '4811.8964', 'N', '00301.0874', 'W', '1', '04', '2.9', '123.9', 'M', '49.8', 'M', '', '0000*47']
2023-02-07 11:02:26,221 ; Gps1 ; ['$GPGGA', '105202.830', '4811.8964', 'N', '00301.0876', 'W', '1', '04', '2.9', '124.0', 'M', '49.8', 'M', '', '0000*48']
2023-02-07 11:02:28,187 ; Gps1 ; ['$GPGGA', '105203.830', '4811.8962', 'N', '00301.0877', 'W', '1', '04', '2.9', '124.0', 'M', '49.8', 'M', '', '0000*4E']
2023-02-07 11:02:30,546 ; Gps1 ; ['$GPGGA', '105204.830', '4811.8962', 'N', '00301.0880', 'W', '1', '04', '2.9', '124.1', 'M', '49.8', 'M', '', '0000*40']
2023-02-07 11:02:32,305 ; Gps1 ; ['$GPGGA', '105205.830', '4811.8961', 'N', '00301.0881', 'W', '1', '04', '2.9', '124.0', 'M', '49.8', 'M', '', '0000*42']
2023-02-07 11:02:36,064 ; Gps1 ; ['$GPGGA', '105206.830', '4811.8961', 'N', '00301.0884', 'W', '1', '04', '2.9', '124.0', 'M', '49.8', 'M', '', '0000*44']
2023-02-07 11:02:38,145 ; Gps1 ; ['$GPGGA', '105207.830', '4811.8963', 'N', '00301.0888', 'W', '1', '04', '2.9', '123.9', 'M', '49.8', 'M', '', '0000*45']
2023-02-07 11:02:40,318 ; Gps1 ; ['$GPGGA', '105208.830', '4811.8964', 'N', '00301.0892', 'W', '1', '04', '2.9', '123.9', 'M', '49.8', 'M', '', '0000*46']
2023-02-07 11:02:41,935 ; Gps1 ; ['$GPGGA', '105209.830', '4811.8965', 'N', '00301.0898', 'W', '1', '04', '2.9', '124.1', 'M', '49.8', 'M', '', '0000*43']
2023-02-07 11:02:44,029 ; Gps1 ; ['$GPGGA', '105210.830', '4811.8965', 'N', '00301.0903', 'W', '1', '04', '2.9', '124.3', 'M', '49.8', 'M', '', '0000*4A']
2023-02-07 11:02:48,165 ; Gps1 ; ['$GPGGA', '105211.830', '4811.8967', 'N', '00301.0909', 'W', '1', '04', '2.9', '124.3', 'M', '49.8', 'M', '', '0000*43']
2023-02-07 11:02:50,326 ; Gps1 ; ['$GPGGA', '105212.830', '4811.8967', 'N', '00301.0913', 'W', '1', '04', '2.9', '124.4', 'M', '49.8', 'M', '', '0000*4C']
2023-02-07 11:02:52,244 ; Gps1 ; ['$GPGGA', '105213.830', '4811.8969', 'N', '00301.0917', 'W', '1', '04', '2.9', '124.4', 'M', '49.8', 'M', '', '0000*47']
2023-02-07 11:02:54,729 ; Gps1 ; ['$GPGGA', '105214.830', '4811.8969', 'N', '00301.0921', 'W', '1', '04', '2.9', '124.4', 'M', '49.8', 'M', '', '0000*45']
2023-02-07 11:02:56,746 ; Gps1 ; ['$GPGGA', '105215.830', '4811.8970', 'N', '00301.0924', 'W', '1', '04', '2.9', '124.4', 'M', '49.8', 'M', '', '0000*49']
2023-02-07 11:03:00,953 ; Gps1 ; ['$GPGGA', '105216.830', '4811.8972', 'N', '00301.0929', 'W', '1', '04', '2.9', '124.4', 'M', '49.8', 'M', '', '0000*45']
2023-02-07 11:03:03,040 ; Gps1 ; ['$GPGGA', '105217.830', '4811.8975', 'N', '00301.0933', 'W', '1', '04', '2.9', '124.4', 'M', '49.8', 'M', '', '0000*48']
2023-02-07 11:03:05,293 ; Gps1 ; ['$GPGGA', '105218.830', '4811.8980', 'N', '00301.0938', 'W', '1', '04', '2.9', '124.4', 'M', '49.8', 'M', '', '0000*46']
2023-02-07 11:03:07,187 ; Gps1 ; ['$GPGGA', '105219.830', '4811.8980', 'N', '00301.0939', 'W', '1', '04', '2.9', '124.4', 'M', '49.8', 'M', '', '0000*46']
2023-02-07 11:03:09,532 ; Gps1 ; ['$GPGGA', '105220.830', '4811.8979', 'N', '00301.0940', 'W', '1', '04', '2.9', '124.4', 'M', '49.8', 'M', '', '0000*44']
2023-02-07 11:03:13,939 ; Gps1 ; ['$GPGGA', '105221.830', '4811.8982', 'N', '00301.0943', 'W', '1', '04', '2.9', '124.3', 'M', '49.8', 'M', '', '0000*45']
2023-02-07 11:03:15,997 ; Gps1 ; ['$GPGGA', '105222.830', '4811.8981', 'N', '00301.0944', 'W', '1', '04', '2.9', '124.2', 'M', '49.8', 'M', '', '0000*43']
2023-02-07 11:03:17,732 ; Gps1 ; ['$GPGGA', '105223.830', '4811.8982', 'N', '00301.0947', 'W', '1', '04', '2.9', '124.1', 'M', '49.8', 'M', '', '0000*41']
2023-02-07 11:03:19,762 ; Gps1 ; ['$GPGGA', '105224.830', '4811.8983', 'N', '00301.0949', 'W', '1', '04', '2.9', '124.0', 'M', '49.8', 'M', '', '0000*48']
2023-02-07 11:03:22,022 ; Gps1 ; ['$GPGGA', '105225.830', '4811.8986', 'N', '00301.0952', 'W', '1', '04', '2.9', '123.9', 'M', '49.8', 'M', '', '0000*48']
2023-02-07 11:03:26,214 ; Gps1 ; ['$GPGGA', '105226.830', '4811.8985', 'N', '00301.0954', 'W', '1', '04', '2.9', '123.8', 'M', '49.8', 'M', '', '0000*4F']
2023-02-07 11:03:28,340 ; Gps1 ; ['$GPGGA', '105227.830', '4811.8988', 'N', '00301.0958', 'W', '1', '04', '2.9', '123.7', 'M', '49.8', 'M', '', '0000*40']
2023-02-07 11:03:30,615 ; Gps1 ; ['$GPGGA', '105228.830', '4811.8989', 'N', '00301.0960', 'W', '1', '04', '2.9', '123.6', 'M', '49.8', 'M', '', '0000*44']
2023-02-07 11:03:32,639 ; Gps1 ; ['$GPGGA', '105229.830', '4811.8991', 'N', '00301.0963', 'W', '1', '04', '2.9', '123.5', 'M', '49.8', 'M', '', '0000*4C']
2023-02-07 11:03:34,955 ; Gps1 ; ['$GPGGA', '105230.830', '4811.8989', 'N', '00301.0962', 'W', '1', '04', '2.9', '123.3', 'M', '49.8', 'M', '', '0000*4A']
2023-02-07 11:03:39,198 ; Gps1 ; ['$GPGGA', '105231.830', '4811.8986', 'N', '00301.0961', 'W', '1', '04', '2.9', '123.2', 'M', '49.8', 'M', '', '0000*46']
2023-02-07 11:03:41,508 ; Gps1 ; ['$GPGGA', '105232.830', '4811.8982', 'N', '00301.0959', 'W', '1', '04', '2.9', '123.0', 'M', '49.8', 'M', '', '0000*48']
2023-02-07 11:03:43,689 ; Gps1 ; ['$GPGGA', '105233.830', '4811.8981', 'N', '00301.0958', 'W', '1', '04', '2.9', '123.0', 'M', '49.8', 'M', '', '0000*4B']
2023-02-07 11:03:45,707 ; Gps1 ; ['$GPGGA', '105234.830', '4811.8980', 'N', '00301.0957', 'W', '1', '04', '2.9', '123.0', 'M', '49.8', 'M', '', '0000*42']
2023-02-07 11:03:47,508 ; Gps1 ; ['$GPGGA', '105235.830', '4811.8977', 'N', '00301.0955', 'W', '1', '04', '2.9', '123.2', 'M', '49.8', 'M', '', '0000*4B']
2023-02-07 11:03:51,549 ; Gps1 ; ['$GPGGA', '105236.830', '4811.8977', 'N', '00301.0955', 'W', '1', '04', '2.9', '123.2', 'M', '49.8', 'M', '', '0000*48']
2023-02-07 11:03:53,632 ; Gps1 ; ['$GPGGA', '105237.830', '4811.8973', 'N', '00301.0952', 'W', '1', '04', '2.9', '123.1', 'M', '49.8', 'M', '', '0000*49']
2023-02-07 11:03:55,376 ; Gps1 ; ['$GPGGA', '105238.830', '4811.8969', 'N', '00301.0949', 'W', '1', '04', '2.9', '123.0', 'M', '49.8', 'M', '', '0000*46']
2023-02-07 11:03:57,624 ; Gps1 ; ['$GPGGA', '105239.830', '4811.8965', 'N', '00301.0946', 'W', '1', '04', '2.9', '122.9', 'M', '49.8', 'M', '', '0000*4C']
2023-02-07 11:03:59,632 ; Gps1 ; ['$GPGGA', '105240.830', '4811.8959', 'N', '00301.0941', 'W', '1', '04', '2.9', '122.9', 'M', '49.8', 'M', '', '0000*4A']
2023-02-07 11:04:04,183 ; Gps1 ; ['$GPGGA', '105241.830', '4811.8956', 'N', '00301.0937', 'W', '1', '04', '2.9', '122.8', 'M', '49.8', 'M', '', '0000*44']
2023-02-07 11:04:06,105 ; Gps1 ; ['$GPGGA', '105242.830', '4811.8953', 'N', '00301.0933', 'W', '1', '04', '2.9', '122.7', 'M', '49.8', 'M', '', '0000*49']
2023-02-07 11:04:07,978 ; Gps1 ; ['$GPGGA', '105243.830', '4811.8948', 'N', '00301.0928', 'W', '1', '04', '2.9', '122.7', 'M', '49.8', 'M', '', '0000*48']
2023-02-07 11:04:09,923 ; Gps1 ; ['$GPGGA', '105244.830', '4811.8947', 'N', '00301.0928', 'W', '1', '03', '5.0', '122.5', 'M', '49.8', 'M', '', '0000*4B']
2023-02-07 11:04:12,054 ; Gps1 ; ['$GPGGA', '105245.830', '4811.8946', 'N', '00301.0927', 'W', '1', '03', '5.0', '122.4', 'M', '49.8', 'M', '', '0000*45']
2023-02-07 11:04:16,087 ; Gps1 ; ['$GPGGA', '105246.830', '4811.8945', 'N', '00301.0928', 'W', '1', '03', '5.0', '122.3', 'M', '49.8', 'M', '', '0000*4D']
2023-02-07 11:04:18,034 ; Gps1 ; ['$GPGGA', '105247.830', '4811.8943', 'N', '00301.0929', 'W', '1', '03', '5.0', '122.2', 'M', '49.8', 'M', '', '0000*4A']
2023-02-07 11:04:19,730 ; Gps1 ; ['$GPGGA', '105248.830', '4811.8941', 'N', '00301.0934', 'W', '1', '03', '5.0', '122.1', 'M', '49.8', 'M', '', '0000*48']
2023-02-07 11:04:22,195 ; Gps1 ; ['$GPGGA', '105249.830', '4811.8941', 'N', '00301.0942', 'W', '1', '03', '5.0', '122.0', 'M', '49.8', 'M', '', '0000*49']
2023-02-07 11:04:23,886 ; Gps1 ; ['$GPGGA', '105250.830', '4811.8941', 'N', '00301.0947', 'W', '1', '03', '5.0', '121.9', 'M', '49.8', 'M', '', '0000*4E']
2023-02-07 11:04:27,954 ; Gps1 ; ['$GPGGA', '105251.830', '4811.8939', 'N', '00301.0951', 'W', '1', '03', '5.0', '121.8', 'M', '49.8', 'M', '', '0000*46']
2023-02-07 11:04:30,009 ; Gps1 ; ['$GPGGA', '105252.830', '4811.8937', 'N', '00301.0954', 'W', '1', '03', '5.0', '121.7', 'M', '49.8', 'M', '', '0000*41']
2023-02-07 11:04:32,215 ; Gps1 ; ['$GPGGA', '105253.830', '4811.8938', 'N', '00301.0958', 'W', '1', '03', '5.0', '121.6', 'M', '49.8', 'M', '', '0000*42']
2023-02-07 11:04:34,675 ; Gps1 ; ['$GPGGA', '105254.830', '4811.8936', 'N', '00301.0959', 'W', '1', '03', '5.0', '121.5', 'M', '49.8', 'M', '', '0000*49']
2023-02-07 11:04:36,924 ; Gps1 ; ['$GPGGA', '105255.830', '4811.8938', 'N', '00301.0963', 'W', '1', '03', '5.0', '121.4', 'M', '49.8', 'M', '', '0000*4E']
2023-02-07 11:04:41,217 ; Gps1 ; ['$GPGGA', '105256.830', '4811.8936', 'N', '00301.0964', 'W', '1', '03', '5.0', '121.4', 'M', '49.8', 'M', '', '0000*44']
2023-02-07 11:04:43,239 ; Gps1 ; ['$GPGGA', '105257.830', '4811.8937', 'N', '00301.0967', 'W', '1', '03', '5.0', '121.3', 'M', '49.8', 'M', '', '0000*40']
2023-02-07 11:04:45,275 ; Gps1 ; ['$GPGGA', '105258.830', '4811.8934', 'N', '00301.0967', 'W', '1', '03', '5.0', '121.2', 'M', '49.8', 'M', '', '0000*4D']
2023-02-07 11:04:47,360 ; Gps1 ; ['$GPGGA', '105259.830', '4811.8936', 'N', '00301.0971', 'W', '1', '03', '5.0', '121.1', 'M', '49.8', 'M', '', '0000*4A']
2023-02-07 11:04:49,331 ; Gps1 ; ['$GPGGA', '105300.830', '4811.8937', 'N', '00301.0975', 'W', '1', '03', '5.0', '121.0', 'M', '49.8', 'M', '', '0000*43']
2023-02-07 11:04:54,135 ; Gps1 ; ['$GPGGA', '105301.830', '4811.8939', 'N', '00301.0981', 'W', '1', '03', '5.0', '121.0', 'M', '49.8', 'M', '', '0000*47']
2023-02-07 11:04:56,455 ; Gps1 ; ['$GPGGA', '105302.830', '4811.8941', 'N', '00301.0985', 'W', '1', '03', '5.0', '120.9', 'M', '49.8', 'M', '', '0000*47']
2023-02-07 11:04:58,483 ; Gps1 ; ['$GPGGA', '105303.830', '4811.8943', 'N', '00301.0991', 'W', '1', '03', '5.0', '120.8', 'M', '49.8', 'M', '', '0000*40']
2023-02-07 11:05:00,882 ; Gps1 ; ['$GPGGA', '105304.830', '4811.8944', 'N', '00301.0996', 'W', '1', '03', '5.0', '120.7', 'M', '49.8', 'M', '', '0000*48']
2023-02-07 11:05:03,474 ; Gps1 ; ['$GPGGA', '105305.830', '4811.8944', 'N', '00301.1000', 'W', '1', '03', '5.0', '120.6', 'M', '49.8', 'M', '', '0000*4F']
2023-02-07 11:05:07,362 ; Gps1 ; ['$GPGGA', '105306.830', '4811.8943', 'N', '00301.1002', 'W', '1', '03', '5.0', '120.6', 'M', '49.8', 'M', '', '0000*49']
2023-02-07 11:05:09,252 ; Gps1 ; ['$GPGGA', '105307.830', '4811.8939', 'N', '00301.1002', 'W', '1', '03', '5.0', '120.5', 'M', '49.8', 'M', '', '0000*46']
2023-02-07 11:05:11,191 ; Gps1 ; ['$GPGGA', '105308.830', '4811.8937', 'N', '00301.1002', 'W', '1', '03', '5.0', '120.4', 'M', '49.8', 'M', '', '0000*46']
2023-02-07 11:05:13,415 ; Gps1 ; ['$GPGGA', '105309.830', '4811.8941', 'N', '00301.1007', 'W', '1', '03', '5.0', '120.3', 'M', '49.8', 'M', '', '0000*44']
2023-02-07 11:05:15,685 ; Gps1 ; ['$GPGGA', '105310.830', '4811.8947', 'N', '00301.1014', 'W', '1', '03', '5.0', '120.3', 'M', '49.8', 'M', '', '0000*48']
2023-02-07 11:05:19,975 ; Gps1 ; ['$GPGGA', '105311.830', '4811.8949', 'N', '00301.1017', 'W', '1', '03', '5.0', '120.2', 'M', '49.8', 'M', '', '0000*45']
2023-02-07 11:05:21,544 ; Gps1 ; ['$GPGGA', '105312.830', '4811.8953', 'N', '00301.1022', 'W', '1', '03', '5.0', '120.1', 'M', '49.8', 'M', '', '0000*48']
2023-02-07 11:05:23,737 ; Gps1 ; ['$GPGGA', '105313.830', '4811.8952', 'N', '00301.1023', 'W', '1', '03', '5.0', '120.1', 'M', '49.8', 'M', '', '0000*49']
2023-02-07 11:05:25,652 ; Gps1 ; ['$GPGGA', '105314.830', '4811.8950', 'N', '00301.1023', 'W', '1', '03', '5.0', '120.0', 'M', '49.8', 'M', '', '0000*4D']
2023-02-07 11:05:27,635 ; Gps1 ; ['$GPGGA', '105315.830', '4811.8947', 'N', '00301.1023', 'W', '1', '03', '5.0', '119.9', 'M', '49.8', 'M', '', '0000*49']
2023-02-07 11:05:32,308 ; Gps1 ; ['$GPGGA', '105316.830', '4811.8947', 'N', '00301.1024', 'W', '1', '03', '5.0', '119.8', 'M', '49.8', 'M', '', '0000*4C']
2023-02-07 11:05:34,372 ; Gps1 ; ['$GPGGA', '105317.830', '4811.8947', 'N', '00301.1024', 'W', '1', '03', '5.0', '119.7', 'M', '49.8', 'M', '', '0000*42']
2023-02-07 11:05:36,705 ; Gps1 ; ['$GPGGA', '105318.830', '4811.8946', 'N', '00301.1024', 'W', '1', '03', '5.0', '119.7', 'M', '49.8', 'M', '', '0000*4C']
2023-02-07 11:05:38,896 ; Gps1 ; ['$GPGGA', '105319.830', '4811.8946', 'N', '00301.1025', 'W', '1', '03', '5.0', '119.6', 'M', '49.8', 'M', '', '0000*4D']
2023-02-07 11:05:40,698 ; Gps1 ; ['$GPGGA', '105320.830', '4811.8947', 'N', '00301.1026', 'W', '1', '03', '5.1', '119.5', 'M', '49.8', 'M', '', '0000*47']
2023-02-07 11:05:45,065 ; Gps1 ; ['$GPGGA', '105321.830', '4811.8947', 'N', '00301.1027', 'W', '1', '04', '2.9', '119.4', 'M', '49.8', 'M', '', '0000*4E']
2023-02-07 11:05:46,957 ; Gps1 ; ['$GPGGA', '105322.830', '4811.8945', 'N', '00301.1026', 'W', '1', '04', '2.9', '119.4', 'M', '49.8', 'M', '', '0000*4E']
2023-02-07 11:05:49,049 ; Gps1 ; ['$GPGGA', '105323.830', '4811.8943', 'N', '00301.1026', 'W', '1', '04', '2.9', '119.4', 'M', '49.8', 'M', '', '0000*49']
2023-02-07 11:05:51,200 ; Gps1 ; ['$GPGGA', '105324.830', '4811.8945', 'N', '00301.1027', 'W', '1', '04', '2.9', '119.3', 'M', '49.8', 'M', '', '0000*4E']
2023-02-07 11:05:53,538 ; Gps1 ; ['$GPGGA', '105325.830', '4811.8947', 'N', '00301.1029', 'W', '1', '04', '2.9', '119.2', 'M', '49.8', 'M', '', '0000*42']
2023-02-07 11:05:57,913 ; Gps1 ; ['$GPGGA', '105326.830', '4811.8943', 'N', '00301.1026', 'W', '1', '04', '2.9', '119.3', 'M', '49.8', 'M', '', '0000*4B']
2023-02-07 11:06:00,013 ; Gps1 ; ['$GPGGA', '105327.830', '4811.8942', 'N', '00301.1025', 'W', '1', '04', '2.9', '119.3', 'M', '49.8', 'M', '', '0000*48']
2023-02-07 11:06:02,196 ; Gps1 ; ['$GPGGA', '105328.830', '4811.8942', 'N', '00301.1026', 'W', '1', '04', '2.9', '119.3', 'M', '49.8', 'M', '', '0000*44']
2023-02-07 11:06:04,535 ; Gps1 ; ['$GPGGA', '105329.830', '4811.8941', 'N', '00301.1026', 'W', '1', '04', '2.9', '119.3', 'M', '49.8', 'M', '', '0000*46']
2023-02-07 11:06:06,360 ; Gps1 ; ['$GPGGA', '105330.830', '4811.8940', 'N', '00301.1026', 'W', '1', '04', '2.9', '119.4', 'M', '49.8', 'M', '', '0000*48']
2023-02-07 11:06:10,013 ; Gps1 ; ['$GPGGA', '105331.830', '4811.8938', 'N', '00301.1026', 'W', '1', '04', '2.9', '119.5', 'M', '49.8', 'M', '', '0000*47']
2023-02-07 11:06:11,939 ; Gps1 ; ['$GPGGA', '105332.830', '4811.8938', 'N', '00301.1026', 'W', '1', '04', '2.9', '119.5', 'M', '49.8', 'M', '', '0000*44']
2023-02-07 11:06:13,769 ; Gps1 ; ['$GPGGA', '105333.830', '4811.8937', 'N', '00301.1025', 'W', '1', '04', '2.9', '119.5', 'M', '49.8', 'M', '', '0000*49']
2023-02-07 11:06:16,196 ; Gps1 ; ['$GPGGA', '105334.830', '4811.8937', 'N', '00301.1025', 'W', '1', '04', '2.9', '119.6', 'M', '49.8', 'M', '', '0000*4D']
2023-02-07 11:06:18,285 ; Gps1 ; ['$GPGGA', '105335.830', '4811.8937', 'N', '00301.1028', 'W', '1', '04', '2.9', '119.6', 'M', '49.8', 'M', '', '0000*41']
2023-02-07 11:06:22,512 ; Gps1 ; ['$GPGGA', '105336.830', '4811.8937', 'N', '00301.1030', 'W', '1', '04', '2.9', '119.6', 'M', '49.8', 'M', '', '0000*4B']
2023-02-07 11:06:24,698 ; Gps1 ; ['$GPGGA', '105337.830', '4811.8938', 'N', '00301.1032', 'W', '1', '04', '2.9', '119.6', 'M', '49.8', 'M', '', '0000*47']
2023-02-07 11:06:27,083 ; Gps1 ; ['$GPGGA', '105338.830', '4811.8938', 'N', '00301.1033', 'W', '1', '04', '2.9', '119.6', 'M', '49.8', 'M', '', '0000*49']
2023-02-07 11:06:29,211 ; Gps1 ; ['$GPGGA', '105339.830', '4811.8937', 'N', '00301.1033', 'W', '1', '04', '2.9', '119.6', 'M', '49.8', 'M', '', '0000*47']
2023-02-07 11:06:31,262 ; Gps1 ; ['$GPGGA', '105340.830', '4811.8937', 'N', '00301.1034', 'W', '1', '04', '2.9', '119.6', 'M', '49.8', 'M', '', '0000*4E']
2023-02-07 11:06:35,758 ; Gps1 ; ['$GPGGA', '105341.830', '4811.8937', 'N', '00301.1035', 'W', '1', '04', '2.9', '119.6', 'M', '49.8', 'M', '', '0000*4E']
2023-02-07 11:06:38,051 ; Gps1 ; ['$GPGGA', '105342.830', '4811.8936', 'N', '00301.1036', 'W', '1', '04', '2.9', '119.6', 'M', '49.8', 'M', '', '0000*4F']
2023-02-07 11:06:40,292 ; Gps1 ; ['$GPGGA', '105343.830', '4811.8935', 'N', '00301.1036', 'W', '1', '04', '2.9', '119.6', 'M', '49.8', 'M', '', '0000*4D']
2023-02-07 11:06:42,273 ; Gps1 ; ['$GPGGA', '105344.830', '4811.8934', 'N', '00301.1036', 'W', '1', '04', '2.9', '119.7', 'M', '49.8', 'M', '', '0000*4A']
2023-02-07 11:06:44,277 ; Gps1 ; ['$GPGGA', '105345.830', '4811.8933', 'N', '00301.1037', 'W', '1', '04', '2.9', '119.7', 'M', '49.8', 'M', '', '0000*4D']
2023-02-07 11:06:48,247 ; Gps1 ; ['$GPGGA', '105346.830', '4811.8933', 'N', '00301.1039', 'W', '1', '04', '2.9', '119.7', 'M', '49.8', 'M', '', '0000*40']
2023-02-07 11:06:50,222 ; Gps1 ; ['$GPGGA', '105347.830', '4811.8933', 'N', '00301.1041', 'W', '1', '04', '2.9', '119.7', 'M', '49.8', 'M', '', '0000*4E']
2023-02-07 11:06:52,124 ; Gps1 ; ['$GPGGA', '105348.830', '4811.8932', 'N', '00301.1042', 'W', '1', '04', '2.9', '119.8', 'M', '49.8', 'M', '', '0000*4C']
2023-02-07 11:06:54,330 ; Gps1 ; ['$GPGGA', '105349.830', '4811.8932', 'N', '00301.1043', 'W', '1', '04', '2.9', '119.8', 'M', '49.8', 'M', '', '0000*4C']
2023-02-07 11:06:56,554 ; Gps1 ; ['$GPGGA', '105350.830', '4811.8932', 'N', '00301.1043', 'W', '1', '04', '2.9', '119.8', 'M', '49.8', 'M', '', '0000*44']